2021-05-06T05:40:45.361375153Z E: [pulseaudio] client-conf-x11.c: xcb_connection_has_error() returned true
2021-05-06T05:40:45.478767846Z 2021/05/06 05:40:45 [INIT] [Listening on :7070]
2021-05-06T05:40:45.490587816Z xcb_connection_has_error() returned true
2021-05-06T05:40:45.493488833Z 21
2021-05-06T05:40:45.498862165Z Waiting X server...
2021-05-06T05:40:45.572866001Z Logging to: /dev/null
2021-05-06T05:40:45.613944944Z Waiting X server...
2021-05-06T05:40:45.728483420Z Waiting X server...
2021-05-06T05:40:45.836589458Z Starting ChromeDriver 88.0.4324.27 (6347fe8bf1e48bd0c54d07dc55ca011cf40861c9-refs/branch-heads/4324@{#450}) on port 4444
2021-05-06T05:40:45.836603558Z All remote connections are allowed. Use an allowlist instead!
2021-05-06T05:40:45.836607558Z Please see https://chromedriver.chromium.org/security-considerations for suggestions on keeping ChromeDriver safe.
2021-05-06T05:40:45.837731865Z ChromeDriver was started successfully.
2021-05-06T05:40:45.840876483Z 
2021-05-06T05:40:45.840887383Z  --- x11vnc loop: 1 ---
2021-05-06T05:40:45.840891183Z 
2021-05-06T05:40:45.866927337Z [1620279645.867][INFO]: [f028ab2244fd0ce536949f7dcff1f7dd] COMMAND InitSession {
2021-05-06T05:40:45.866955037Z    "capabilities": {
2021-05-06T05:40:45.866958937Z       "firstMatch": [ {
2021-05-06T05:40:45.866962537Z          "browserName": "chrome",
2021-05-06T05:40:45.866965737Z          "goog:chromeOptions": {
2021-05-06T05:40:45.866985437Z             "args": [  ],
2021-05-06T05:40:45.866989137Z             "extensions": [  ],
2021-05-06T05:40:45.866992237Z             "prefs": {
2021-05-06T05:40:45.866995737Z                "download.default_directory": "/home/selenium/Downloads",
2021-05-06T05:40:45.866999237Z                "download.prompt_for_download": false,
2021-05-06T05:40:45.867002537Z                "profile.default_content_settings.popups": 0
2021-05-06T05:40:45.867005637Z             }
2021-05-06T05:40:45.867008638Z          }
2021-05-06T05:40:45.867011638Z       } ]
2021-05-06T05:40:45.867014438Z    },
2021-05-06T05:40:45.867017438Z    "desiredCapabilities": {
2021-05-06T05:40:45.867045638Z       "browserName": "chrome",
2021-05-06T05:40:45.867048938Z       "enableLog": true,
2021-05-06T05:40:45.867057038Z       "enableVNC": true,
2021-05-06T05:40:45.867060138Z       "enableVideo": true,
2021-05-06T05:40:45.867063238Z       "goog:chromeOptions": {
2021-05-06T05:40:45.867066238Z          "args": [  ],
2021-05-06T05:40:45.867069338Z          "extensions": [  ],
2021-05-06T05:40:45.867072538Z          "prefs": {
2021-05-06T05:40:45.867084338Z             "download.default_directory": "/home/selenium/Downloads",
2021-05-06T05:40:45.867087938Z             "download.prompt_for_download": false,
2021-05-06T05:40:45.867090938Z             "profile.default_content_settings.popups": 0
2021-05-06T05:40:45.867093738Z          }
2021-05-06T05:40:45.867096338Z       },
2021-05-06T05:40:45.867099038Z       "videoName": "lJ7hGDeYSI.mp4"
2021-05-06T05:40:45.867101938Z    }
2021-05-06T05:40:45.867104538Z }
2021-05-06T05:40:45.867300039Z [1620279645.867][INFO]: Populating Preferences file: {
2021-05-06T05:40:45.867306839Z    "alternate_error_pages": {
2021-05-06T05:40:45.867309639Z       "enabled": false
2021-05-06T05:40:45.867312339Z    },
2021-05-06T05:40:45.867314739Z    "autofill": {
2021-05-06T05:40:45.867317339Z       "enabled": false
2021-05-06T05:40:45.867320139Z    },
2021-05-06T05:40:45.867322639Z    "browser": {
2021-05-06T05:40:45.867325139Z       "check_default_browser": false
2021-05-06T05:40:45.867327839Z    },
2021-05-06T05:40:45.867330239Z    "distribution": {
2021-05-06T05:40:45.867332839Z       "import_bookmarks": false,
2021-05-06T05:40:45.867335439Z       "import_history": false,
2021-05-06T05:40:45.867338039Z       "import_search_engine": false,
2021-05-06T05:40:45.867340639Z       "make_chrome_default_for_user": false,
2021-05-06T05:40:45.867343239Z       "skip_first_run_ui": true
2021-05-06T05:40:45.867345839Z    },
2021-05-06T05:40:45.867348340Z    "dns_prefetching": {
2021-05-06T05:40:45.867351140Z       "enabled": false
2021-05-06T05:40:45.867353740Z    },
2021-05-06T05:40:45.867356240Z    "download": {
2021-05-06T05:40:45.867358740Z       "default_directory": "/home/selenium/Downloads",
2021-05-06T05:40:45.867361440Z       "prompt_for_download": false
2021-05-06T05:40:45.867385340Z    },
2021-05-06T05:40:45.867387940Z    "profile": {
2021-05-06T05:40:45.867390540Z       "content_settings": {
2021-05-06T05:40:45.867393140Z          "pattern_pairs": {
2021-05-06T05:40:45.867414040Z             "https://*,*": {
2021-05-06T05:40:45.867416740Z                "media-stream": {
2021-05-06T05:40:45.867419640Z                   "audio": "Default",
2021-05-06T05:40:45.867422640Z                   "video": "Default"
2021-05-06T05:40:45.867425440Z                }
2021-05-06T05:40:45.867428140Z             }
2021-05-06T05:40:45.867430740Z          }
2021-05-06T05:40:45.867438640Z       },
2021-05-06T05:40:45.867441440Z       "default_content_setting_values": {
2021-05-06T05:40:45.867444140Z          "geolocation": 1
2021-05-06T05:40:45.867446940Z       },
2021-05-06T05:40:45.867449540Z       "default_content_settings": {
2021-05-06T05:40:45.867452240Z          "geolocation": 1,
2021-05-06T05:40:45.867454940Z          "mouselock": 1,
2021-05-06T05:40:45.867457640Z          "notifications": 1,
2021-05-06T05:40:45.867460240Z          "popups": 0,
2021-05-06T05:40:45.867462940Z          "ppapi-broker": 1
2021-05-06T05:40:45.867465640Z       },
2021-05-06T05:40:45.867468140Z       "password_manager_enabled": false
2021-05-06T05:40:45.867470940Z    },
2021-05-06T05:40:45.867473640Z    "safebrowsing": {
2021-05-06T05:40:45.867476340Z       "enabled": false
2021-05-06T05:40:45.867479140Z    },
2021-05-06T05:40:45.867481740Z    "search": {
2021-05-06T05:40:45.867484440Z       "suggest_enabled": false
2021-05-06T05:40:45.867487140Z    },
2021-05-06T05:40:45.867489940Z    "translate": {
2021-05-06T05:40:45.867492740Z       "enabled": false
2021-05-06T05:40:45.867495540Z    }
2021-05-06T05:40:45.867498140Z }
2021-05-06T05:40:45.867532341Z [1620279645.867][INFO]: Populating Local State file: {
2021-05-06T05:40:45.867537141Z    "background_mode": {
2021-05-06T05:40:45.867539941Z       "enabled": false
2021-05-06T05:40:45.867542541Z    },
2021-05-06T05:40:45.867545241Z    "ssl": {
2021-05-06T05:40:45.867547841Z       "rev_checking": {
2021-05-06T05:40:45.867550541Z          "enabled": false
2021-05-06T05:40:45.867553341Z       }
2021-05-06T05:40:45.867556041Z    }
2021-05-06T05:40:45.867558541Z }
2021-05-06T05:40:45.867588141Z [1620279645.868][INFO]: Launching chrome: /usr/bin/google-chrome --disable-background-networking --disable-client-side-phishing-detection --disable-default-apps --disable-hang-monitor --disable-popup-blocking --disable-prompt-on-repost --disable-sync --enable-automation --enable-blink-features=ShadowDOMV0 --enable-logging --log-level=0 --no-first-run --no-service-autorun --password-store=basic --remote-debugging-port=0 --test-type=webdriver --use-mock-keychain --user-data-dir=/tmp/.com.google.Chrome.oDC3Sa data:,
2021-05-06T05:40:46.109058866Z [81:109:0506/054046.108846:ERROR:bus.cc(393)] Failed to connect to the bus: Failed to connect to socket /var/run/dbus/system_bus_socket: No such file or directory
2021-05-06T05:40:46.152865825Z [81:117:0506/054046.152735:ERROR:bus.cc(393)] Failed to connect to the bus: Address does not contain a colon
2021-05-06T05:40:46.153018426Z [81:117:0506/054046.152955:ERROR:bus.cc(393)] Failed to connect to the bus: Address does not contain a colon
2021-05-06T05:40:46.168450917Z [81:117:0506/054046.168387:ERROR:bus.cc(393)] Failed to connect to the bus: Address does not contain a colon
2021-05-06T05:40:46.168604418Z [81:117:0506/054046.168539:ERROR:bus.cc(393)] Failed to connect to the bus: Address does not contain a colon
2021-05-06T05:40:46.169503223Z 
2021-05-06T05:40:46.169513323Z DevTools listening on ws://127.0.0.1:45449/devtools/browser/a46f7127-0252-40ab-a8c5-ec2e05a23e42
2021-05-06T05:40:46.219379617Z [1620279646.219][DEBUG]: DevTools HTTP Request: http://localhost:45449/json/version
2021-05-06T05:40:46.242559554Z [1620279646.242][DEBUG]: DevTools HTTP Response: {
2021-05-06T05:40:46.242575754Z    "Browser": "Chrome/88.0.4324.96",
2021-05-06T05:40:46.242579654Z    "Protocol-Version": "1.3",
2021-05-06T05:40:46.242582854Z    "User-Agent": "Mozilla/5.0 (X11; Linux x86_64) AppleWebKit/537.36 (KHTML, like Gecko) Chrome/88.0.4324.96 Safari/537.36",
2021-05-06T05:40:46.242586154Z    "V8-Version": "8.8.278.14",
2021-05-06T05:40:46.242590654Z    "WebKit-Version": "537.36 (@68dba2d8a0b149a1d3afac56fa74648032bcf46b)",
2021-05-06T05:40:46.242593654Z    "webSocketDebuggerUrl": "ws://localhost:45449/devtools/browser/a46f7127-0252-40ab-a8c5-ec2e05a23e42"
2021-05-06T05:40:46.242596954Z }
2021-05-06T05:40:46.242599554Z 
2021-05-06T05:40:46.242764155Z [1620279646.243][DEBUG]: DevTools HTTP Request: http://localhost:45449/json/list
2021-05-06T05:40:46.249181793Z [1620279646.249][DEBUG]: DevTools HTTP Response: [ {
2021-05-06T05:40:46.249211393Z    "description": "",
2021-05-06T05:40:46.249215193Z    "devtoolsFrontendUrl": "/devtools/inspector.html?ws=localhost:45449/devtools/page/1E28D40ECD6BEA613FCB674A712A3FE9",
2021-05-06T05:40:46.249218593Z    "id": "1E28D40ECD6BEA613FCB674A712A3FE9",
2021-05-06T05:40:46.249221593Z    "title": "",
2021-05-06T05:40:46.249224393Z    "type": "page",
2021-05-06T05:40:46.249227293Z    "url": "data:,",
2021-05-06T05:40:46.249230193Z    "webSocketDebuggerUrl": "ws://localhost:45449/devtools/page/1E28D40ECD6BEA613FCB674A712A3FE9"
2021-05-06T05:40:46.249233294Z } ]
2021-05-06T05:40:46.249235994Z 
2021-05-06T05:40:46.249440795Z [1620279646.249][DEBUG]: DevTools HTTP Request: http://localhost:45449/json/list
2021-05-06T05:40:46.255774132Z [1620279646.256][DEBUG]: DevTools HTTP Response: [ {
2021-05-06T05:40:46.255785632Z    "description": "",
2021-05-06T05:40:46.255789232Z    "devtoolsFrontendUrl": "/devtools/inspector.html?ws=localhost:45449/devtools/page/1E28D40ECD6BEA613FCB674A712A3FE9",
2021-05-06T05:40:46.255792632Z    "id": "1E28D40ECD6BEA613FCB674A712A3FE9",
2021-05-06T05:40:46.255795932Z    "title": "",
2021-05-06T05:40:46.255798732Z    "type": "page",
2021-05-06T05:40:46.255801432Z    "url": "data:,",
2021-05-06T05:40:46.255811832Z    "webSocketDebuggerUrl": "ws://localhost:45449/devtools/page/1E28D40ECD6BEA613FCB674A712A3FE9"
2021-05-06T05:40:46.255815232Z } ]
2021-05-06T05:40:46.255817732Z 
2021-05-06T05:40:46.256266135Z [1620279646.256][INFO]: resolved localhost to ["127.0.0.1","172.17.0.3","::1"]
2021-05-06T05:40:46.262391171Z [1620279646.262][DEBUG]: DevTools WebSocket Command: Page.addScriptToEvaluateOnNewDocument (id=1) 1E28D40ECD6BEA613FCB674A712A3FE9 {
2021-05-06T05:40:46.262401871Z    "source": "(function () {window.cdc_adoQpoasnfa76pfcZLmcfl_Array = window.Array;window.cdc_adoQpoasnfa76pfcZLmcfl_Promise = window.Promise;window.cdc_adoQpoasnfa76pfcZLmcfl_Symbol = window.Symbol;}) ();"
2021-05-06T05:40:46.262405571Z }
2021-05-06T05:40:46.262567372Z [1620279646.263][DEBUG]: DevTools WebSocket Command: Runtime.evaluate (id=2) 1E28D40ECD6BEA613FCB674A712A3FE9 {
2021-05-06T05:40:46.262575672Z    "expression": "(function () {window.cdc_adoQpoasnfa76pfcZLmcfl_Array = window.Array;window.cdc_adoQpoasnfa76pfcZLmcfl_Promise = window.Promise;window.cdc_adoQpoasnfa76pfcZLmcfl_Symbol = window.Symbol;}) ();"
2021-05-06T05:40:46.262578872Z }
2021-05-06T05:40:46.262750973Z [1620279646.263][DEBUG]: DevTools WebSocket Command: Log.enable (id=3) 1E28D40ECD6BEA613FCB674A712A3FE9 {
2021-05-06T05:40:46.262759073Z 
2021-05-06T05:40:46.262761573Z }
2021-05-06T05:40:46.262919074Z [1620279646.263][DEBUG]: DevTools WebSocket Command: DOM.getDocument (id=4) 1E28D40ECD6BEA613FCB674A712A3FE9 {
2021-05-06T05:40:46.262926974Z 
2021-05-06T05:40:46.262929474Z }
2021-05-06T05:40:46.263086475Z [1620279646.263][DEBUG]: DevTools WebSocket Command: Target.setAutoAttach (id=5) 1E28D40ECD6BEA613FCB674A712A3FE9 {
2021-05-06T05:40:46.263094375Z    "autoAttach": true,
2021-05-06T05:40:46.263097075Z    "flatten": true,
2021-05-06T05:40:46.263099675Z    "waitForDebuggerOnStart": false
2021-05-06T05:40:46.263102275Z }
2021-05-06T05:40:46.263250976Z [1620279646.263][DEBUG]: DevTools WebSocket Command: Page.enable (id=6) 1E28D40ECD6BEA613FCB674A712A3FE9 {
2021-05-06T05:40:46.263258776Z 
2021-05-06T05:40:46.263261276Z }
2021-05-06T05:40:46.263412977Z [1620279646.263][DEBUG]: DevTools WebSocket Command: Page.enable (id=7) 1E28D40ECD6BEA613FCB674A712A3FE9 {
2021-05-06T05:40:46.263420877Z 
2021-05-06T05:40:46.263423377Z }
2021-05-06T05:40:46.266994498Z [81:142:0506/054046.266917:ERROR:bus.cc(393)] Failed to connect to the bus: Failed to connect to socket /var/run/dbus/system_bus_socket: No such file or directory
2021-05-06T05:40:46.267060599Z [81:142:0506/054046.266971:ERROR:bus.cc(393)] Failed to connect to the bus: Failed to connect to socket /var/run/dbus/system_bus_socket: No such file or directory
2021-05-06T05:40:46.270682320Z [81:142:0506/054046.270608:ERROR:bus.cc(393)] Failed to connect to the bus: Failed to connect to socket /var/run/dbus/system_bus_socket: No such file or directory
2021-05-06T05:40:46.270751421Z [81:142:0506/054046.270694:ERROR:bus.cc(393)] Failed to connect to the bus: Failed to connect to socket /var/run/dbus/system_bus_socket: No such file or directory
2021-05-06T05:40:46.270758721Z [81:142:0506/054046.270722:ERROR:bus.cc(393)] Failed to connect to the bus: Failed to connect to socket /var/run/dbus/system_bus_socket: No such file or directory
2021-05-06T05:40:46.326370449Z [1620279646.326][DEBUG]: DevTools WebSocket Response: Page.addScriptToEvaluateOnNewDocument (id=1) 1E28D40ECD6BEA613FCB674A712A3FE9 {
2021-05-06T05:40:46.326428249Z    "identifier": "1"
2021-05-06T05:40:46.326432549Z }
2021-05-06T05:40:46.326504950Z [1620279646.326][DEBUG]: DevTools WebSocket Response: Runtime.evaluate (id=2) 1E28D40ECD6BEA613FCB674A712A3FE9 {
2021-05-06T05:40:46.326511150Z    "result": {
2021-05-06T05:40:46.326514350Z       "type": "undefined"
2021-05-06T05:40:46.326517750Z    }
2021-05-06T05:40:46.326551450Z }
2021-05-06T05:40:46.326936552Z [1620279646.327][DEBUG]: DevTools WebSocket Response: Log.enable (id=3) 1E28D40ECD6BEA613FCB674A712A3FE9 {
2021-05-06T05:40:46.326963852Z 
2021-05-06T05:40:46.326966952Z }
2021-05-06T05:40:46.327211154Z [1620279646.327][DEBUG]: DevTools WebSocket Response: DOM.getDocument (id=4) 1E28D40ECD6BEA613FCB674A712A3FE9 {
2021-05-06T05:40:46.327219954Z    "root": {
2021-05-06T05:40:46.327223454Z       "backendNodeId": 2,
2021-05-06T05:40:46.327226654Z       "baseURL": "data:,",
2021-05-06T05:40:46.327230354Z       "childNodeCount": 0,
2021-05-06T05:40:46.327233554Z       "children": [  ],
2021-05-06T05:40:46.327236854Z       "documentURL": "data:,",
2021-05-06T05:40:46.327240054Z       "localName": "",
2021-05-06T05:40:46.327243454Z       "nodeId": 1,
2021-05-06T05:40:46.327246454Z       "nodeName": "#document",
2021-05-06T05:40:46.327249654Z       "nodeType": 9,
2021-05-06T05:40:46.327252754Z       "nodeValue": "",
2021-05-06T05:40:46.327255954Z       "xmlVersion": ""
2021-05-06T05:40:46.327259154Z    }
2021-05-06T05:40:46.327262154Z }
2021-05-06T05:40:46.327529156Z [1620279646.327][DEBUG]: DevTools WebSocket Response: Target.setAutoAttach (id=5) 1E28D40ECD6BEA613FCB674A712A3FE9 {
2021-05-06T05:40:46.327538356Z 
2021-05-06T05:40:46.327541756Z }
2021-05-06T05:40:46.327676357Z [1620279646.328][DEBUG]: DevTools WebSocket Response: Page.enable (id=6) 1E28D40ECD6BEA613FCB674A712A3FE9 {
2021-05-06T05:40:46.327684457Z 
2021-05-06T05:40:46.327687557Z }
2021-05-06T05:40:46.328039059Z [1620279646.328][DEBUG]: DevTools WebSocket Response: Page.enable (id=7) 1E28D40ECD6BEA613FCB674A712A3FE9 {
2021-05-06T05:40:46.328047959Z 
2021-05-06T05:40:46.328059359Z }
2021-05-06T05:40:46.328096859Z [1620279646.328][DEBUG]: DevTools WebSocket Command: Runtime.enable (id=8) 1E28D40ECD6BEA613FCB674A712A3FE9 {
2021-05-06T05:40:46.328102259Z 
2021-05-06T05:40:46.328105059Z }
2021-05-06T05:40:46.341738540Z  --- x11vnc loop: waiting for: 165
2021-05-06T05:40:46.341751240Z 
2021-05-06T05:40:46.343896952Z [119:119:0506/054046.343779:ERROR:sandbox_linux.cc(374)] InitializeSandbox() called with multiple threads in process gpu-process.
2021-05-06T05:40:46.356496827Z [1620279646.356][DEBUG]: DevTools WebSocket Event: DOM.childNodeInserted 1E28D40ECD6BEA613FCB674A712A3FE9 {
2021-05-06T05:40:46.356508127Z    "node": {
2021-05-06T05:40:46.356511227Z       "attributes": [  ],
2021-05-06T05:40:46.356513927Z       "backendNodeId": 3,
2021-05-06T05:40:46.356516427Z       "childNodeCount": 0,
2021-05-06T05:40:46.356518927Z       "frameId": "1E28D40ECD6BEA613FCB674A712A3FE9",
2021-05-06T05:40:46.356521627Z       "localName": "html",
2021-05-06T05:40:46.356524127Z       "nodeId": 2,
2021-05-06T05:40:46.356526427Z       "nodeName": "HTML",
2021-05-06T05:40:46.356528927Z       "nodeType": 1,
2021-05-06T05:40:46.356531227Z       "nodeValue": ""
2021-05-06T05:40:46.356533627Z    },
2021-05-06T05:40:46.356536027Z    "parentNodeId": 1,
2021-05-06T05:40:46.356538427Z    "previousNodeId": 0
2021-05-06T05:40:46.356540827Z }
2021-05-06T05:40:46.356618327Z [1620279646.357][DEBUG]: DevTools WebSocket Event: DOM.childNodeCountUpdated 1E28D40ECD6BEA613FCB674A712A3FE9 {
2021-05-06T05:40:46.356637327Z    "childNodeCount": 1,
2021-05-06T05:40:46.356639927Z    "nodeId": 2
2021-05-06T05:40:46.356642327Z }
2021-05-06T05:40:46.356731428Z [1620279646.357][DEBUG]: DevTools WebSocket Event: DOM.childNodeCountUpdated 1E28D40ECD6BEA613FCB674A712A3FE9 {
2021-05-06T05:40:46.356742928Z    "childNodeCount": 2,
2021-05-06T05:40:46.356746328Z    "nodeId": 2
2021-05-06T05:40:46.356748928Z }
2021-05-06T05:40:46.356775428Z [1620279646.357][DEBUG]: DevTools WebSocket Event: Page.loadEventFired 1E28D40ECD6BEA613FCB674A712A3FE9 {
2021-05-06T05:40:46.356779528Z    "timestamp": 170.548354
2021-05-06T05:40:46.356782028Z }
2021-05-06T05:40:46.356800228Z [1620279646.357][DEBUG]: DevTools WebSocket Command: Runtime.evaluate (id=9) 1E28D40ECD6BEA613FCB674A712A3FE9 {
2021-05-06T05:40:46.356803828Z    "awaitPromise": false,
2021-05-06T05:40:46.356806428Z    "expression": "document.readyState",
2021-05-06T05:40:46.356809028Z    "returnByValue": true
2021-05-06T05:40:46.356811328Z }
2021-05-06T05:40:46.356935329Z [1620279646.357][DEBUG]: DevTools WebSocket Event: Page.frameStoppedLoading 1E28D40ECD6BEA613FCB674A712A3FE9 {
2021-05-06T05:40:46.356952529Z    "frameId": "1E28D40ECD6BEA613FCB674A712A3FE9"
2021-05-06T05:40:46.356955829Z }
2021-05-06T05:40:46.357114130Z [1620279646.357][DEBUG]: DevTools WebSocket Event: DOM.documentUpdated 1E28D40ECD6BEA613FCB674A712A3FE9 {
2021-05-06T05:40:46.357122030Z 
2021-05-06T05:40:46.357124430Z }
2021-05-06T05:40:46.357217831Z [1620279646.357][DEBUG]: DevTools WebSocket Command: DOM.getDocument (id=10) 1E28D40ECD6BEA613FCB674A712A3FE9 {
2021-05-06T05:40:46.357225331Z 
2021-05-06T05:40:46.357227731Z }
2021-05-06T05:40:46.357423632Z [1620279646.357][DEBUG]: DevTools WebSocket Event: Page.domContentEventFired 1E28D40ECD6BEA613FCB674A712A3FE9 {
2021-05-06T05:40:46.357432332Z    "timestamp": 170.548614
2021-05-06T05:40:46.357434932Z }
2021-05-06T05:40:46.357623733Z [1620279646.358][DEBUG]: DevTools WebSocket Event: Runtime.executionContextCreated 1E28D40ECD6BEA613FCB674A712A3FE9 {
2021-05-06T05:40:46.357631933Z    "context": {
2021-05-06T05:40:46.357634533Z       "auxData": {
2021-05-06T05:40:46.357637033Z          "frameId": "1E28D40ECD6BEA613FCB674A712A3FE9",
2021-05-06T05:40:46.357639633Z          "isDefault": true,
2021-05-06T05:40:46.357642133Z          "type": "default"
2021-05-06T05:40:46.357644533Z       },
2021-05-06T05:40:46.357646933Z       "id": 1,
2021-05-06T05:40:46.357649333Z       "name": "",
2021-05-06T05:40:46.357651833Z       "origin": "://"
2021-05-06T05:40:46.357654333Z    }
2021-05-06T05:40:46.357656733Z }
2021-05-06T05:40:46.357801434Z [1620279646.358][DEBUG]: DevTools WebSocket Response: Runtime.enable (id=8) 1E28D40ECD6BEA613FCB674A712A3FE9 {
2021-05-06T05:40:46.357809334Z 
2021-05-06T05:40:46.357811734Z }
2021-05-06T05:40:46.357958535Z [1620279646.358][DEBUG]: DevTools WebSocket Response: Runtime.evaluate (id=9) 1E28D40ECD6BEA613FCB674A712A3FE9 {
2021-05-06T05:40:46.357966735Z    "result": {
2021-05-06T05:40:46.357969335Z       "type": "string",
2021-05-06T05:40:46.357971935Z       "value": "complete"
2021-05-06T05:40:46.357974435Z    }
2021-05-06T05:40:46.357976835Z }
2021-05-06T05:40:46.358054636Z [1620279646.358][DEBUG]: DevTools WebSocket Command: Page.enable (id=11) 1E28D40ECD6BEA613FCB674A712A3FE9 {
2021-05-06T05:40:46.358071936Z 
2021-05-06T05:40:46.358074336Z }
2021-05-06T05:40:46.358278937Z [1620279646.358][DEBUG]: DevTools WebSocket Response: DOM.getDocument (id=10) 1E28D40ECD6BEA613FCB674A712A3FE9 {
2021-05-06T05:40:46.358286937Z    "root": {
2021-05-06T05:40:46.358289537Z       "backendNodeId": 2,
2021-05-06T05:40:46.358298137Z       "baseURL": "data:,",
2021-05-06T05:40:46.358300837Z       "childNodeCount": 1,
2021-05-06T05:40:46.358303237Z       "children": [ {
2021-05-06T05:40:46.358305637Z          "attributes": [  ],
2021-05-06T05:40:46.358308137Z          "backendNodeId": 3,
2021-05-06T05:40:46.358310437Z          "childNodeCount": 2,
2021-05-06T05:40:46.358312837Z          "children": [ {
2021-05-06T05:40:46.358315237Z             "attributes": [  ],
2021-05-06T05:40:46.358317537Z             "backendNodeId": 4,
2021-05-06T05:40:46.358319937Z             "childNodeCount": 0,
2021-05-06T05:40:46.358322437Z             "localName": "head",
2021-05-06T05:40:46.358324837Z             "nodeId": 5,
2021-05-06T05:40:46.358327237Z             "nodeName": "HEAD",
2021-05-06T05:40:46.358329737Z             "nodeType": 1,
2021-05-06T05:40:46.358332137Z             "nodeValue": "",
2021-05-06T05:40:46.358334437Z             "parentId": 4
2021-05-06T05:40:46.358336837Z          }, {
2021-05-06T05:40:46.358339137Z             "attributes": [  ],
2021-05-06T05:40:46.358341638Z             "backendNodeId": 5,
2021-05-06T05:40:46.358343938Z             "childNodeCount": 0,
2021-05-06T05:40:46.358346338Z             "localName": "body",
2021-05-06T05:40:46.358348738Z             "nodeId": 6,
2021-05-06T05:40:46.358351538Z             "nodeName": "BODY",
2021-05-06T05:40:46.358353838Z             "nodeType": 1,
2021-05-06T05:40:46.358356238Z             "nodeValue": "",
2021-05-06T05:40:46.358358938Z             "parentId": 4
2021-05-06T05:40:46.358361438Z          } ],
2021-05-06T05:40:46.358363738Z          "frameId": "1E28D40ECD6BEA613FCB674A712A3FE9",
2021-05-06T05:40:46.358366338Z          "localName": "html",
2021-05-06T05:40:46.358368838Z          "nodeId": 4,
2021-05-06T05:40:46.358371138Z          "nodeName": "HTML",
2021-05-06T05:40:46.358373538Z          "nodeType": 1,
2021-05-06T05:40:46.358375938Z          "nodeValue": "",
2021-05-06T05:40:46.358378238Z          "parentId": 3
2021-05-06T05:40:46.358380638Z       } ],
2021-05-06T05:40:46.358382938Z       "documentURL": "data:,",
2021-05-06T05:40:46.358385438Z       "localName": "",
2021-05-06T05:40:46.358387838Z       "nodeId": 3,
2021-05-06T05:40:46.358390238Z       "nodeName": "#document",
2021-05-06T05:40:46.358392638Z       "nodeType": 9,
2021-05-06T05:40:46.358395038Z       "nodeValue": "",
2021-05-06T05:40:46.358399738Z       "xmlVersion": ""
2021-05-06T05:40:46.358402138Z    }
2021-05-06T05:40:46.358404438Z }
2021-05-06T05:40:46.358535339Z [1620279646.358][DEBUG]: DevTools WebSocket Response: Page.enable (id=11) 1E28D40ECD6BEA613FCB674A712A3FE9 {
2021-05-06T05:40:46.358545539Z 
2021-05-06T05:40:46.358548339Z }
2021-05-06T05:40:46.358572439Z [1620279646.359][DEBUG]: DevTools WebSocket Command: Runtime.enable (id=12) 1E28D40ECD6BEA613FCB674A712A3FE9 {
2021-05-06T05:40:46.358576639Z 
2021-05-06T05:40:46.358578939Z }
2021-05-06T05:40:46.358948341Z [1620279646.359][DEBUG]: DevTools WebSocket Response: Runtime.enable (id=12) 1E28D40ECD6BEA613FCB674A712A3FE9 {
2021-05-06T05:40:46.358958041Z 
2021-05-06T05:40:46.358960641Z }
2021-05-06T05:40:46.359347843Z [1620279646.359][DEBUG]: DevTools WebSocket Command: Runtime.evaluate (id=13) 1E28D40ECD6BEA613FCB674A712A3FE9 {
2021-05-06T05:40:46.359355543Z    "awaitPromise": true,
2021-05-06T05:40:46.359358244Z    "expression": "(function() { // Copyright (c) 2012 The Chromium Authors. All rights reserved.\n// Use of this source code is governed by a BSD-style license that can be\n// found in the LICENSE file.\n\n/**\n * Enum f...",
2021-05-06T05:40:46.359361544Z    "returnByValue": true
2021-05-06T05:40:46.359364044Z }
2021-05-06T05:40:46.370518409Z [1620279646.370][DEBUG]: DevTools WebSocket Response: Runtime.evaluate (id=13) 1E28D40ECD6BEA613FCB674A712A3FE9 {
2021-05-06T05:40:46.370530709Z    "result": {
2021-05-06T05:40:46.370533809Z       "type": "object",
2021-05-06T05:40:46.370536509Z       "value": {
2021-05-06T05:40:46.370539410Z          "status": 0,
2021-05-06T05:40:46.370541910Z          "value": 1
2021-05-06T05:40:46.370544410Z       }
2021-05-06T05:40:46.370546710Z    }
2021-05-06T05:40:46.370549010Z }
2021-05-06T05:40:46.370696010Z [1620279646.371][INFO]: [f028ab2244fd0ce536949f7dcff1f7dd] RESPONSE InitSession {
2021-05-06T05:40:46.370703710Z    "capabilities": {
2021-05-06T05:40:46.370706210Z       "acceptInsecureCerts": false,
2021-05-06T05:40:46.370708711Z       "browserName": "chrome",
2021-05-06T05:40:46.370711311Z       "browserVersion": "88.0.4324.96",
2021-05-06T05:40:46.370713811Z       "chrome": {
2021-05-06T05:40:46.370716311Z          "chromedriverVersion": "88.0.4324.27 (6347fe8bf1e48bd0c54d07dc55ca011cf40861c9-refs/branch-heads/4324@{#450})",
2021-05-06T05:40:46.370719211Z          "userDataDir": "/tmp/.com.google.Chrome.oDC3Sa"
2021-05-06T05:40:46.370721911Z       },
2021-05-06T05:40:46.370724211Z       "goog:chromeOptions": {
2021-05-06T05:40:46.370726711Z          "debuggerAddress": "localhost:45449"
2021-05-06T05:40:46.370736611Z       },
2021-05-06T05:40:46.370739211Z       "networkConnectionEnabled": false,
2021-05-06T05:40:46.370741811Z       "pageLoadStrategy": "normal",
2021-05-06T05:40:46.370744311Z       "platformName": "linux",
2021-05-06T05:40:46.370746711Z       "proxy": {
2021-05-06T05:40:46.370749111Z 
2021-05-06T05:40:46.370751411Z       },
2021-05-06T05:40:46.370753711Z       "setWindowRect": true,
2021-05-06T05:40:46.370756111Z       "strictFileInteractability": false,
2021-05-06T05:40:46.370758511Z       "timeouts": {
2021-05-06T05:40:46.370760811Z          "implicit": 0,
2021-05-06T05:40:46.370763311Z          "pageLoad": 300000,
2021-05-06T05:40:46.370765711Z          "script": 30000
2021-05-06T05:40:46.370768111Z       },
2021-05-06T05:40:46.370770411Z       "unhandledPromptBehavior": "dismiss and notify",
2021-05-06T05:40:46.370773111Z       "webauthn:extension:largeBlob": true,
2021-05-06T05:40:46.370775611Z       "webauthn:virtualAuthenticators": true
2021-05-06T05:40:46.370778011Z    },
2021-05-06T05:40:46.370780411Z    "sessionId": "f028ab2244fd0ce536949f7dcff1f7dd"
2021-05-06T05:40:46.370782911Z }
2021-05-06T05:40:46.539301706Z PORT=5900
2021-05-06T05:40:46.677689822Z [1620279646.677][INFO]: [f028ab2244fd0ce536949f7dcff1f7dd] COMMAND SetTimeouts {
2021-05-06T05:40:46.677714623Z    "implicit": 30000
2021-05-06T05:40:46.677717823Z }
2021-05-06T05:40:46.677720223Z [1620279646.677][INFO]: [f028ab2244fd0ce536949f7dcff1f7dd] RESPONSE SetTimeouts
2021-05-06T05:40:46.732948249Z [1620279646.729][INFO]: [f028ab2244fd0ce536949f7dcff1f7dd] COMMAND Navigate {
2021-05-06T05:40:46.732997049Z    "url": "https://www.selenium.dev/downloads/"
2021-05-06T05:40:46.733000549Z }
2021-05-06T05:40:46.733021349Z [1620279646.730][INFO]: Waiting for pending navigations...
2021-05-06T05:40:46.733024549Z [1620279646.730][DEBUG]: DevTools WebSocket Command: Runtime.evaluate (id=14) 1E28D40ECD6BEA613FCB674A712A3FE9 {
2021-05-06T05:40:46.733027649Z    "expression": "1"
2021-05-06T05:40:46.733030349Z }
2021-05-06T05:40:46.733033049Z [1620279646.730][DEBUG]: DevTools WebSocket Response: Runtime.evaluate (id=14) 1E28D40ECD6BEA613FCB674A712A3FE9 {
2021-05-06T05:40:46.733035849Z    "result": {
2021-05-06T05:40:46.733038449Z       "description": "1",
2021-05-06T05:40:46.733041249Z       "type": "number",
2021-05-06T05:40:46.733044149Z       "value": 1
2021-05-06T05:40:46.733046649Z    }
2021-05-06T05:40:46.733049149Z }
2021-05-06T05:40:46.733063149Z [1620279646.730][INFO]: Done waiting for pending navigations. Status: ok
2021-05-06T05:40:46.733066249Z [1620279646.730][DEBUG]: DevTools WebSocket Command: Page.navigate (id=15) 1E28D40ECD6BEA613FCB674A712A3FE9 {
2021-05-06T05:40:46.733068849Z    "url": "https://www.selenium.dev/downloads/"
2021-05-06T05:40:46.733071549Z }
2021-05-06T05:40:47.224853052Z [1620279647.225][DEBUG]: DevTools WebSocket Response: Page.navigate (id=15) 1E28D40ECD6BEA613FCB674A712A3FE9 {
2021-05-06T05:40:47.224874752Z    "frameId": "1E28D40ECD6BEA613FCB674A712A3FE9",
2021-05-06T05:40:47.224879352Z    "loaderId": "1444060CEE21970E1D0BE06C9216FD24"
2021-05-06T05:40:47.224883152Z }
2021-05-06T05:40:47.224998753Z [1620279647.225][DEBUG]: DevTools WebSocket Command: Runtime.evaluate (id=16) 1E28D40ECD6BEA613FCB674A712A3FE9 {
2021-05-06T05:40:47.225022453Z    "expression": "document.URL"
2021-05-06T05:40:47.225042953Z }
2021-05-06T05:40:47.225246554Z [1620279647.225][DEBUG]: DevTools WebSocket Event: Runtime.executionContextsCleared 1E28D40ECD6BEA613FCB674A712A3FE9 {
2021-05-06T05:40:47.225255054Z 
2021-05-06T05:40:47.225257754Z }
2021-05-06T05:40:47.232277696Z [1620279647.232][DEBUG]: DevTools WebSocket Event: Page.frameStartedLoading 1E28D40ECD6BEA613FCB674A712A3FE9 {
2021-05-06T05:40:47.232289696Z    "frameId": "1E28D40ECD6BEA613FCB674A712A3FE9"
2021-05-06T05:40:47.232293596Z }
2021-05-06T05:40:47.251539804Z [1620279647.251][DEBUG]: DevTools WebSocket Event: Runtime.executionContextsCleared 1E28D40ECD6BEA613FCB674A712A3FE9 {
2021-05-06T05:40:47.251556204Z 
2021-05-06T05:40:47.251560404Z }
2021-05-06T05:40:47.251614404Z [1620279647.252][DEBUG]: DevTools WebSocket Event: Page.frameNavigated 1E28D40ECD6BEA613FCB674A712A3FE9 {
2021-05-06T05:40:47.251620704Z    "frame": {
2021-05-06T05:40:47.251624304Z       "adFrameType": "none",
2021-05-06T05:40:47.251628304Z       "crossOriginIsolatedContextType": "NotIsolated",
2021-05-06T05:40:47.251632004Z       "domainAndRegistry": "selenium.dev",
2021-05-06T05:40:47.251635604Z       "gatedAPIFeatures": [ "SharedArrayBuffers", "SharedArrayBuffersTransferAllowed" ],
2021-05-06T05:40:47.251639304Z       "id": "1E28D40ECD6BEA613FCB674A712A3FE9",
2021-05-06T05:40:47.251642604Z       "loaderId": "1444060CEE21970E1D0BE06C9216FD24",
2021-05-06T05:40:47.251659204Z       "mimeType": "text/html",
2021-05-06T05:40:47.251662804Z       "secureContextType": "Secure",
2021-05-06T05:40:47.251666205Z       "securityOrigin": "https://www.selenium.dev",
2021-05-06T05:40:47.251669705Z       "url": "https://www.selenium.dev/downloads/"
2021-05-06T05:40:47.251673405Z    }
2021-05-06T05:40:47.251676505Z }
2021-05-06T05:40:47.251688705Z [1620279647.252][DEBUG]: DevTools WebSocket Event: DOM.documentUpdated 1E28D40ECD6BEA613FCB674A712A3FE9 {
2021-05-06T05:40:47.251692505Z 
2021-05-06T05:40:47.251695605Z }
2021-05-06T05:40:47.251698805Z [1620279647.252][DEBUG]: DevTools WebSocket Command: DOM.getDocument (id=17) 1E28D40ECD6BEA613FCB674A712A3FE9 {
2021-05-06T05:40:47.251702205Z 
2021-05-06T05:40:47.251705305Z }
2021-05-06T05:40:47.251744305Z [1620279647.252][DEBUG]: DevTools WebSocket Event: Runtime.executionContextCreated 1E28D40ECD6BEA613FCB674A712A3FE9 {
2021-05-06T05:40:47.251750005Z    "context": {
2021-05-06T05:40:47.251753405Z       "auxData": {
2021-05-06T05:40:47.251756705Z          "frameId": "1E28D40ECD6BEA613FCB674A712A3FE9",
2021-05-06T05:40:47.251760105Z          "isDefault": true,
2021-05-06T05:40:47.251763405Z          "type": "default"
2021-05-06T05:40:47.251766805Z       },
2021-05-06T05:40:47.251770005Z       "id": 1,
2021-05-06T05:40:47.251773205Z       "name": "",
2021-05-06T05:40:47.251776505Z       "origin": "https://www.selenium.dev"
2021-05-06T05:40:47.251780005Z    }
2021-05-06T05:40:47.251783105Z }
2021-05-06T05:40:47.277031443Z [1620279647.277][DEBUG]: DevTools WebSocket Response: Runtime.evaluate (id=16) 1E28D40ECD6BEA613FCB674A712A3FE9 {
2021-05-06T05:40:47.277046043Z    "result": {
2021-05-06T05:40:47.277049443Z       "type": "string",
2021-05-06T05:40:47.277052543Z       "value": "https://www.selenium.dev/downloads/"
2021-05-06T05:40:47.277055543Z    }
2021-05-06T05:40:47.277058143Z }
2021-05-06T05:40:47.277073143Z [1620279647.277][INFO]: Waiting for pending navigations...
2021-05-06T05:40:47.277130543Z [1620279647.277][DEBUG]: DevTools WebSocket Command: Runtime.evaluate (id=18) 1E28D40ECD6BEA613FCB674A712A3FE9 {
2021-05-06T05:40:47.277142043Z    "expression": "1"
2021-05-06T05:40:47.277145843Z }
2021-05-06T05:40:47.277568546Z [1620279647.278][DEBUG]: DevTools WebSocket Response: DOM.getDocument (id=17) 1E28D40ECD6BEA613FCB674A712A3FE9 {
2021-05-06T05:40:47.277578346Z    "root": {
2021-05-06T05:40:47.277581146Z       "backendNodeId": 1,
2021-05-06T05:40:47.277583946Z       "baseURL": "https://www.selenium.dev/downloads/",
2021-05-06T05:40:47.277586846Z       "childNodeCount": 0,
2021-05-06T05:40:47.277591646Z       "children": [  ],
2021-05-06T05:40:47.277594246Z       "documentURL": "https://www.selenium.dev/downloads/",
2021-05-06T05:40:47.277596946Z       "localName": "",
2021-05-06T05:40:47.277599346Z       "nodeId": 1,
2021-05-06T05:40:47.277601946Z       "nodeName": "#document",
2021-05-06T05:40:47.277629246Z       "nodeType": 9,
2021-05-06T05:40:47.277633246Z       "nodeValue": "",
2021-05-06T05:40:47.277636146Z       "xmlVersion": ""
2021-05-06T05:40:47.277638646Z    }
2021-05-06T05:40:47.277641046Z }
2021-05-06T05:40:47.281119965Z [1620279647.281][DEBUG]: DevTools WebSocket Event: DOM.childNodeInserted 1E28D40ECD6BEA613FCB674A712A3FE9 {
2021-05-06T05:40:47.281130465Z    "node": {
2021-05-06T05:40:47.281133765Z       "backendNodeId": 2,
2021-05-06T05:40:47.281136565Z       "localName": "",
2021-05-06T05:40:47.281139265Z       "nodeId": 2,
2021-05-06T05:40:47.281141865Z       "nodeName": "html",
2021-05-06T05:40:47.281144565Z       "nodeType": 10,
2021-05-06T05:40:47.281147165Z       "nodeValue": "",
2021-05-06T05:40:47.281165065Z       "publicId": "",
2021-05-06T05:40:47.281167665Z       "systemId": ""
2021-05-06T05:40:47.281170165Z    },
2021-05-06T05:40:47.281172665Z    "parentNodeId": 1,
2021-05-06T05:40:47.281175265Z    "previousNodeId": 0
2021-05-06T05:40:47.281177865Z }
2021-05-06T05:40:47.281423666Z [1620279647.281][DEBUG]: DevTools WebSocket Event: DOM.childNodeInserted 1E28D40ECD6BEA613FCB674A712A3FE9 {
2021-05-06T05:40:47.281433367Z    "node": {
2021-05-06T05:40:47.281436167Z       "attributes": [  ],
2021-05-06T05:40:47.281438767Z       "backendNodeId": 3,
2021-05-06T05:40:47.281441467Z       "childNodeCount": 0,
2021-05-06T05:40:47.281444067Z       "frameId": "1E28D40ECD6BEA613FCB674A712A3FE9",
2021-05-06T05:40:47.281446867Z       "localName": "html",
2021-05-06T05:40:47.281449467Z       "nodeId": 3,
2021-05-06T05:40:47.281452067Z       "nodeName": "HTML",
2021-05-06T05:40:47.281454567Z       "nodeType": 1,
2021-05-06T05:40:47.281457167Z       "nodeValue": ""
2021-05-06T05:40:47.281459767Z    },
2021-05-06T05:40:47.281462167Z    "parentNodeId": 1,
2021-05-06T05:40:47.281464867Z    "previousNodeId": 2
2021-05-06T05:40:47.281467467Z }
2021-05-06T05:40:47.281666668Z [1620279647.282][DEBUG]: DevTools WebSocket Event: DOM.childNodeCountUpdated 1E28D40ECD6BEA613FCB674A712A3FE9 {
2021-05-06T05:40:47.281674768Z    "childNodeCount": 1,
2021-05-06T05:40:47.281677368Z    "nodeId": 3
2021-05-06T05:40:47.281679968Z }
2021-05-06T05:40:47.281852469Z [1620279647.282][DEBUG]: DevTools WebSocket Event: DOM.childNodeCountUpdated 1E28D40ECD6BEA613FCB674A712A3FE9 {
2021-05-06T05:40:47.281860669Z    "childNodeCount": 2,
2021-05-06T05:40:47.281863269Z    "nodeId": 3
2021-05-06T05:40:47.281872069Z }
2021-05-06T05:40:47.282726674Z [1620279647.283][DEBUG]: DevTools WebSocket Response: Runtime.evaluate (id=18) 1E28D40ECD6BEA613FCB674A712A3FE9 {
2021-05-06T05:40:47.282736574Z    "result": {
2021-05-06T05:40:47.282739774Z       "description": "1",
2021-05-06T05:40:47.282742574Z       "type": "number",
2021-05-06T05:40:47.282745374Z       "value": 1
2021-05-06T05:40:47.282747974Z    }
2021-05-06T05:40:47.282750474Z }
2021-05-06T05:40:47.413180884Z [1620279647.413][DEBUG]: DevTools WebSocket Event: DOM.documentUpdated 1E28D40ECD6BEA613FCB674A712A3FE9 {
2021-05-06T05:40:47.413218484Z 
2021-05-06T05:40:47.413222884Z }
2021-05-06T05:40:47.413353885Z [1620279647.413][DEBUG]: DevTools WebSocket Command: DOM.getDocument (id=19) 1E28D40ECD6BEA613FCB674A712A3FE9 {
2021-05-06T05:40:47.413364285Z 
2021-05-06T05:40:47.413367685Z }
2021-05-06T05:40:47.413640886Z [1620279647.414][DEBUG]: DevTools WebSocket Event: Page.domContentEventFired 1E28D40ECD6BEA613FCB674A712A3FE9 {
2021-05-06T05:40:47.413651786Z    "timestamp": 171.605509
2021-05-06T05:40:47.413655786Z }
2021-05-06T05:40:47.413836087Z [1620279647.414][DEBUG]: DevTools WebSocket Command: Runtime.evaluate (id=20) 1E28D40ECD6BEA613FCB674A712A3FE9 {
2021-05-06T05:40:47.413845987Z    "expression": "1"
2021-05-06T05:40:47.413849787Z }
2021-05-06T05:40:47.414433891Z [1620279647.414][DEBUG]: DevTools WebSocket Response: DOM.getDocument (id=19) 1E28D40ECD6BEA613FCB674A712A3FE9 {
2021-05-06T05:40:47.414444991Z    "root": {
2021-05-06T05:40:47.414448791Z       "backendNodeId": 1,
2021-05-06T05:40:47.414452391Z       "baseURL": "https://www.selenium.dev/downloads/",
2021-05-06T05:40:47.414456291Z       "childNodeCount": 2,
2021-05-06T05:40:47.414459691Z       "children": [ {
2021-05-06T05:40:47.414463391Z          "backendNodeId": 2,
2021-05-06T05:40:47.414466891Z          "localName": "",
2021-05-06T05:40:47.414470491Z          "nodeId": 5,
2021-05-06T05:40:47.414474591Z          "nodeName": "html",
2021-05-06T05:40:47.414478191Z          "nodeType": 10,
2021-05-06T05:40:47.414481791Z          "nodeValue": "",
2021-05-06T05:40:47.414498191Z          "parentId": 4,
2021-05-06T05:40:47.414500691Z          "publicId": "",
2021-05-06T05:40:47.414502991Z          "systemId": ""
2021-05-06T05:40:47.414505391Z       }, {
2021-05-06T05:40:47.414507691Z          "attributes": [  ],
2021-05-06T05:40:47.414510091Z          "backendNodeId": 3,
2021-05-06T05:40:47.414512491Z          "childNodeCount": 2,
2021-05-06T05:40:47.414523391Z          "children": [ {
2021-05-06T05:40:47.414526191Z             "attributes": [  ],
2021-05-06T05:40:47.414528691Z             "backendNodeId": 13,
2021-05-06T05:40:47.414532791Z             "childNodeCount": 4,
2021-05-06T05:40:47.414535291Z             "localName": "head",
2021-05-06T05:40:47.414537791Z             "nodeId": 7,
2021-05-06T05:40:47.414540291Z             "nodeName": "HEAD",
2021-05-06T05:40:47.414542691Z             "nodeType": 1,
2021-05-06T05:40:47.414545091Z             "nodeValue": "",
2021-05-06T05:40:47.414547491Z             "parentId": 6
2021-05-06T05:40:47.414549891Z          }, {
2021-05-06T05:40:47.414552191Z             "attributes": [  ],
2021-05-06T05:40:47.414554691Z             "backendNodeId": 14,
2021-05-06T05:40:47.414557191Z             "childNodeCount": 32,
2021-05-06T05:40:47.414559591Z             "localName": "body",
2021-05-06T05:40:47.414561991Z             "nodeId": 8,
2021-05-06T05:40:47.414564391Z             "nodeName": "BODY",
2021-05-06T05:40:47.414566791Z             "nodeType": 1,
2021-05-06T05:40:47.414569091Z             "nodeValue": "",
2021-05-06T05:40:47.414571491Z             "parentId": 6
2021-05-06T05:40:47.414573891Z          } ],
2021-05-06T05:40:47.414576191Z          "frameId": "1E28D40ECD6BEA613FCB674A712A3FE9",
2021-05-06T05:40:47.414578691Z          "localName": "html",
2021-05-06T05:40:47.414581091Z          "nodeId": 6,
2021-05-06T05:40:47.414583391Z          "nodeName": "HTML",
2021-05-06T05:40:47.414585791Z          "nodeType": 1,
2021-05-06T05:40:47.414588091Z          "nodeValue": "",
2021-05-06T05:40:47.414590491Z          "parentId": 4
2021-05-06T05:40:47.414592891Z       } ],
2021-05-06T05:40:47.414595191Z       "documentURL": "https://www.selenium.dev/downloads/",
2021-05-06T05:40:47.414615091Z       "localName": "",
2021-05-06T05:40:47.414617492Z       "nodeId": 4,
2021-05-06T05:40:47.414619992Z       "nodeName": "#document",
2021-05-06T05:40:47.414622492Z       "nodeType": 9,
2021-05-06T05:40:47.414624892Z       "nodeValue": "",
2021-05-06T05:40:47.414627492Z       "xmlVersion": ""
2021-05-06T05:40:47.414629992Z    }
2021-05-06T05:40:47.414632292Z }
2021-05-06T05:40:47.414799392Z [1620279647.415][DEBUG]: DevTools WebSocket Response: Runtime.evaluate (id=20) 1E28D40ECD6BEA613FCB674A712A3FE9 {
2021-05-06T05:40:47.414807793Z    "result": {
2021-05-06T05:40:47.414810393Z       "description": "1",
2021-05-06T05:40:47.414818293Z       "type": "number",
2021-05-06T05:40:47.414820993Z       "value": 1
2021-05-06T05:40:47.414823593Z    }
2021-05-06T05:40:47.414826193Z }
2021-05-06T05:40:47.497275941Z [1620279647.497][DEBUG]: DevTools WebSocket Event: Page.frameResized 1E28D40ECD6BEA613FCB674A712A3FE9 {
2021-05-06T05:40:47.497315042Z 
2021-05-06T05:40:47.497319742Z }
2021-05-06T05:40:47.497598343Z [1620279647.497][DEBUG]: DevTools WebSocket Command: Runtime.evaluate (id=21) 1E28D40ECD6BEA613FCB674A712A3FE9 {
2021-05-06T05:40:47.497609043Z    "expression": "1"
2021-05-06T05:40:47.497612543Z }
2021-05-06T05:40:47.499095251Z [1620279647.499][DEBUG]: DevTools WebSocket Response: Runtime.evaluate (id=21) 1E28D40ECD6BEA613FCB674A712A3FE9 {
2021-05-06T05:40:47.499113551Z    "result": {
2021-05-06T05:40:47.499117651Z       "description": "1",
2021-05-06T05:40:47.499121451Z       "type": "number",
2021-05-06T05:40:47.499125152Z       "value": 1
2021-05-06T05:40:47.499128752Z    }
2021-05-06T05:40:47.499132052Z }
2021-05-06T05:40:47.505411886Z [1620279647.505][DEBUG]: DevTools WebSocket Event: DOM.childNodeCountUpdated 1E28D40ECD6BEA613FCB674A712A3FE9 {
2021-05-06T05:40:47.505440386Z    "childNodeCount": 5,
2021-05-06T05:40:47.505444086Z    "nodeId": 7
2021-05-06T05:40:47.505447286Z }
2021-05-06T05:40:47.505545686Z [1620279647.505][DEBUG]: DevTools WebSocket Event: DOM.childNodeCountUpdated 1E28D40ECD6BEA613FCB674A712A3FE9 {
2021-05-06T05:40:47.505553887Z    "childNodeCount": 6,
2021-05-06T05:40:47.505557887Z    "nodeId": 7
2021-05-06T05:40:47.505560687Z }
2021-05-06T05:40:47.505650487Z [1620279647.506][DEBUG]: DevTools WebSocket Event: DOM.childNodeCountUpdated 1E28D40ECD6BEA613FCB674A712A3FE9 {
2021-05-06T05:40:47.505665687Z    "childNodeCount": 7,
2021-05-06T05:40:47.505668987Z    "nodeId": 7
2021-05-06T05:40:47.505671687Z }
2021-05-06T05:40:47.505735287Z [1620279647.506][DEBUG]: DevTools WebSocket Command: Runtime.evaluate (id=22) 1E28D40ECD6BEA613FCB674A712A3FE9 {
2021-05-06T05:40:47.505742288Z    "expression": "1"
2021-05-06T05:40:47.505745088Z }
2021-05-06T05:40:47.508229701Z [1620279647.508][DEBUG]: DevTools WebSocket Response: Runtime.evaluate (id=22) 1E28D40ECD6BEA613FCB674A712A3FE9 {
2021-05-06T05:40:47.508241401Z    "result": {
2021-05-06T05:40:47.508245301Z       "description": "1",
2021-05-06T05:40:47.508248901Z       "type": "number",
2021-05-06T05:40:47.508252401Z       "value": 1
2021-05-06T05:40:47.508255501Z    }
2021-05-06T05:40:47.508258601Z }
2021-05-06T05:40:47.638170708Z [1620279647.638][DEBUG]: DevTools WebSocket Event: DOM.childNodeCountUpdated 1E28D40ECD6BEA613FCB674A712A3FE9 {
2021-05-06T05:40:47.638205509Z    "childNodeCount": 8,
2021-05-06T05:40:47.638233509Z    "nodeId": 7
2021-05-06T05:40:47.638236509Z }
2021-05-06T05:40:47.638392310Z [1620279647.638][DEBUG]: DevTools WebSocket Command: Runtime.evaluate (id=23) 1E28D40ECD6BEA613FCB674A712A3FE9 {
2021-05-06T05:40:47.638400310Z    "expression": "1"
2021-05-06T05:40:47.638403410Z }
2021-05-06T05:40:47.638735111Z [1620279647.639][DEBUG]: DevTools WebSocket Event: DOM.childNodeCountUpdated 1E28D40ECD6BEA613FCB674A712A3FE9 {
2021-05-06T05:40:47.638743411Z    "childNodeCount": 9,
2021-05-06T05:40:47.638746112Z    "nodeId": 7
2021-05-06T05:40:47.638912512Z }
2021-05-06T05:40:47.639050313Z [1620279647.639][DEBUG]: DevTools WebSocket Event: DOM.childNodeCountUpdated 1E28D40ECD6BEA613FCB674A712A3FE9 {
2021-05-06T05:40:47.639060513Z    "childNodeCount": 10,
2021-05-06T05:40:47.639064013Z    "nodeId": 7
2021-05-06T05:40:47.639068013Z }
2021-05-06T05:40:47.639192214Z [1620279647.639][DEBUG]: DevTools WebSocket Event: DOM.childNodeCountUpdated 1E28D40ECD6BEA613FCB674A712A3FE9 {
2021-05-06T05:40:47.639217514Z    "childNodeCount": 33,
2021-05-06T05:40:47.639220714Z    "nodeId": 8
2021-05-06T05:40:47.639239714Z }
2021-05-06T05:40:47.657799815Z [1620279647.658][DEBUG]: DevTools WebSocket Response: Runtime.evaluate (id=23) 1E28D40ECD6BEA613FCB674A712A3FE9 {
2021-05-06T05:40:47.657813815Z    "result": {
2021-05-06T05:40:47.657817215Z       "description": "1",
2021-05-06T05:40:47.657820215Z       "type": "number",
2021-05-06T05:40:47.657823015Z       "value": 1
2021-05-06T05:40:47.657825615Z    }
2021-05-06T05:40:47.657828215Z }
2021-05-06T05:40:47.685142364Z [1620279647.685][DEBUG]: DevTools WebSocket Event: Page.loadEventFired 1E28D40ECD6BEA613FCB674A712A3FE9 {
2021-05-06T05:40:47.685159864Z    "timestamp": 171.875375
2021-05-06T05:40:47.685164064Z }
2021-05-06T05:40:47.685287165Z [1620279647.685][DEBUG]: DevTools WebSocket Command: Runtime.evaluate (id=24) 1E28D40ECD6BEA613FCB674A712A3FE9 {
2021-05-06T05:40:47.685296365Z    "awaitPromise": false,
2021-05-06T05:40:47.685316465Z    "expression": "document.readyState",
2021-05-06T05:40:47.685320365Z    "returnByValue": true
2021-05-06T05:40:47.685323665Z }
2021-05-06T05:40:47.685603867Z [1620279647.686][DEBUG]: DevTools WebSocket Event: Page.frameStoppedLoading 1E28D40ECD6BEA613FCB674A712A3FE9 {
2021-05-06T05:40:47.685613967Z    "frameId": "1E28D40ECD6BEA613FCB674A712A3FE9"
2021-05-06T05:40:47.685617767Z }
2021-05-06T05:40:47.686008869Z [1620279647.686][DEBUG]: DevTools WebSocket Response: Runtime.evaluate (id=24) 1E28D40ECD6BEA613FCB674A712A3FE9 {
2021-05-06T05:40:47.686019369Z    "result": {
2021-05-06T05:40:47.686023069Z       "type": "string",
2021-05-06T05:40:47.686026469Z       "value": "complete"
2021-05-06T05:40:47.686029869Z    }
2021-05-06T05:40:47.686033069Z }
2021-05-06T05:40:47.686139869Z [1620279647.686][DEBUG]: DevTools WebSocket Command: Runtime.evaluate (id=25) 1E28D40ECD6BEA613FCB674A712A3FE9 {
2021-05-06T05:40:47.686148470Z    "expression": "1"
2021-05-06T05:40:47.686152170Z }
2021-05-06T05:40:47.687878979Z [1620279647.688][DEBUG]: DevTools WebSocket Response: Runtime.evaluate (id=25) 1E28D40ECD6BEA613FCB674A712A3FE9 {
2021-05-06T05:40:47.687890479Z    "result": {
2021-05-06T05:40:47.687893779Z       "description": "1",
2021-05-06T05:40:47.687914979Z       "type": "number",
2021-05-06T05:40:47.687917879Z       "value": 1
2021-05-06T05:40:47.687920679Z    }
2021-05-06T05:40:47.687923379Z }
2021-05-06T05:40:47.687999380Z [1620279647.688][INFO]: Done waiting for pending navigations. Status: ok
2021-05-06T05:40:47.688088480Z [1620279647.688][INFO]: [f028ab2244fd0ce536949f7dcff1f7dd] RESPONSE Navigate
2021-05-06T05:40:47.708025589Z [1620279647.705][INFO]: [f028ab2244fd0ce536949f7dcff1f7dd] COMMAND Screenshot {
2021-05-06T05:40:47.708081489Z 
2021-05-06T05:40:47.708085089Z }
2021-05-06T05:40:47.708088389Z [1620279647.705][INFO]: Waiting for pending navigations...
2021-05-06T05:40:47.708091489Z [1620279647.705][DEBUG]: DevTools WebSocket Command: Runtime.evaluate (id=26) 1E28D40ECD6BEA613FCB674A712A3FE9 {
2021-05-06T05:40:47.708094689Z    "expression": "1"
2021-05-06T05:40:47.708097689Z }
2021-05-06T05:40:47.708100589Z [1620279647.705][DEBUG]: DevTools WebSocket Response: Runtime.evaluate (id=26) 1E28D40ECD6BEA613FCB674A712A3FE9 {
2021-05-06T05:40:47.708103589Z    "result": {
2021-05-06T05:40:47.708106389Z       "description": "1",
2021-05-06T05:40:47.708109489Z       "type": "number",
2021-05-06T05:40:47.708112389Z       "value": 1
2021-05-06T05:40:47.708115289Z    }
2021-05-06T05:40:47.708117889Z }
2021-05-06T05:40:47.708120689Z [1620279647.705][INFO]: Done waiting for pending navigations. Status: ok
2021-05-06T05:40:47.708123589Z [1620279647.705][DEBUG]: DevTools HTTP Request: http://localhost:45449/json/activate/1E28D40ECD6BEA613FCB674A712A3FE9
2021-05-06T05:40:47.708126489Z [1620279647.707][DEBUG]: DevTools HTTP Response: Target activated
2021-05-06T05:40:47.708129289Z [1620279647.707][DEBUG]: DevTools WebSocket Command: Page.captureScreenshot (id=27) 1E28D40ECD6BEA613FCB674A712A3FE9 {
2021-05-06T05:40:47.708140789Z 
2021-05-06T05:40:47.708143789Z }
2021-05-06T05:40:48.084738539Z [1620279648.085][DEBUG]: DevTools WebSocket Response: Page.captureScreenshot (id=27) 1E28D40ECD6BEA613FCB674A712A3FE9 {
2021-05-06T05:40:48.084764439Z    "data": "iVBORw0KGgoAAAANSUhEUgAAA6kAAAOjCAYAAABZRELVAAAAAXNSR0IArs4c6QAAIABJREFUeJzs3Xd0XPWd///Xnd6kUS+WrGZb7r1hg8H0lgApEBKSzabtbsou37Dlm81udpN8N9/dJGez55tfsptdSGGTQBJCaEsxNhiDARtsI/cqy3JXsbpGmnp/f8geJM2ou..."
2021-05-06T05:40:48.084768439Z }
2021-05-06T05:40:48.085118441Z [1620279648.085][INFO]: Waiting for pending navigations...
2021-05-06T05:40:48.085127541Z [1620279648.085][DEBUG]: DevTools WebSocket Command: Runtime.evaluate (id=28) 1E28D40ECD6BEA613FCB674A712A3FE9 {
2021-05-06T05:40:48.085130841Z    "expression": "1"
2021-05-06T05:40:48.085133541Z }
2021-05-06T05:40:48.085828445Z [1620279648.086][DEBUG]: DevTools WebSocket Response: Runtime.evaluate (id=28) 1E28D40ECD6BEA613FCB674A712A3FE9 {
2021-05-06T05:40:48.085855245Z    "result": {
2021-05-06T05:40:48.085875945Z       "description": "1",
2021-05-06T05:40:48.085878845Z       "type": "number",
2021-05-06T05:40:48.085881645Z       "value": 1
2021-05-06T05:40:48.085884045Z    }
2021-05-06T05:40:48.085886745Z }
2021-05-06T05:40:48.085962046Z [1620279648.086][INFO]: Done waiting for pending navigations. Status: ok
2021-05-06T05:40:48.086110447Z [1620279648.086][INFO]: [f028ab2244fd0ce536949f7dcff1f7dd] RESPONSE Screenshot "iVBORw0KGgoAAAANSUhEUgAAA6kAAAOjCAYAAABZRELVAAAAAXNSR0IArs4c6QAAIABJREFUeJzs3Xd0XPWd///Xnd6kUS+WrGZb7r1hg8H0lgApEBKSzabtbsou37Dlm81udpN8N9/dJGez55tfsptdSGGTQBJCaEsxNhiDARtsI/cqy3JXsbpGmnp/f8geJM2ou..."
2021-05-06T05:40:48.140365042Z [1620279648.135][INFO]: [f028ab2244fd0ce536949f7dcff1f7dd] COMMAND FindElement {
2021-05-06T05:40:48.140394142Z    "using": "css selector",
2021-05-06T05:40:48.140398442Z    "value": "a[href*=\"IEDriverServer_Win32_3\"]"
2021-05-06T05:40:48.140401542Z }
2021-05-06T05:40:48.140403942Z [1620279648.135][INFO]: Waiting for pending navigations...
2021-05-06T05:40:48.140406842Z [1620279648.136][DEBUG]: DevTools WebSocket Command: Runtime.evaluate (id=29) 1E28D40ECD6BEA613FCB674A712A3FE9 {
2021-05-06T05:40:48.140409742Z    "expression": "1"
2021-05-06T05:40:48.140412342Z }
2021-05-06T05:40:48.140414842Z [1620279648.136][DEBUG]: DevTools WebSocket Response: Runtime.evaluate (id=29) 1E28D40ECD6BEA613FCB674A712A3FE9 {
2021-05-06T05:40:48.140417542Z    "result": {
2021-05-06T05:40:48.140420042Z       "description": "1",
2021-05-06T05:40:48.140422542Z       "type": "number",
2021-05-06T05:40:48.140425242Z       "value": 1
2021-05-06T05:40:48.140427642Z    }
2021-05-06T05:40:48.140430042Z }
2021-05-06T05:40:48.140432442Z [1620279648.136][INFO]: Done waiting for pending navigations. Status: ok
2021-05-06T05:40:48.140443442Z [1620279648.138][DEBUG]: DevTools WebSocket Command: Runtime.evaluate (id=30) 1E28D40ECD6BEA613FCB674A712A3FE9 {
2021-05-06T05:40:48.140446342Z    "awaitPromise": true,
2021-05-06T05:40:48.140448942Z    "expression": "(function() { // Copyright (c) 2012 The Chromium Authors. All rights reserved.\n// Use of this source code is governed by a BSD-style license that can be\n// found in the LICENSE file.\n\n/**\n * Enum f...",
2021-05-06T05:40:48.140452242Z    "returnByValue": true
2021-05-06T05:40:48.140454742Z }
2021-05-06T05:40:48.145432370Z [1620279648.145][DEBUG]: DevTools WebSocket Response: Runtime.evaluate (id=30) 1E28D40ECD6BEA613FCB674A712A3FE9 {
2021-05-06T05:40:48.145444970Z    "result": {
2021-05-06T05:40:48.145448470Z       "type": "object",
2021-05-06T05:40:48.145451670Z       "value": {
2021-05-06T05:40:48.145457070Z          "status": 0,
2021-05-06T05:40:48.145459870Z          "value": {
2021-05-06T05:40:48.145462670Z             "element-6066-11e4-a52e-4f735466cecf": "024d4b5b-9479-4987-93a3-4ed12a642fd6"
2021-05-06T05:40:48.145465670Z          }
2021-05-06T05:40:48.145468470Z       }
2021-05-06T05:40:48.145471070Z    }
2021-05-06T05:40:48.145482770Z }
2021-05-06T05:40:48.145623271Z [1620279648.146][INFO]: Waiting for pending navigations...
2021-05-06T05:40:48.145760071Z [1620279648.146][DEBUG]: DevTools WebSocket Command: Runtime.evaluate (id=31) 1E28D40ECD6BEA613FCB674A712A3FE9 {
2021-05-06T05:40:48.145766871Z    "expression": "1"
2021-05-06T05:40:48.145769671Z }
2021-05-06T05:40:48.146245674Z [1620279648.146][DEBUG]: DevTools WebSocket Response: Runtime.evaluate (id=31) 1E28D40ECD6BEA613FCB674A712A3FE9 {
2021-05-06T05:40:48.146254374Z    "result": {
2021-05-06T05:40:48.146257074Z       "description": "1",
2021-05-06T05:40:48.146259674Z       "type": "number",
2021-05-06T05:40:48.146262374Z       "value": 1
2021-05-06T05:40:48.146264974Z    }
2021-05-06T05:40:48.146267374Z }
2021-05-06T05:40:48.146363975Z [1620279648.146][INFO]: Done waiting for pending navigations. Status: ok
2021-05-06T05:40:48.146426775Z [1620279648.146][INFO]: [f028ab2244fd0ce536949f7dcff1f7dd] RESPONSE FindElement {
2021-05-06T05:40:48.146433275Z    "element-6066-11e4-a52e-4f735466cecf": "024d4b5b-9479-4987-93a3-4ed12a642fd6"
2021-05-06T05:40:48.146436175Z }
2021-05-06T05:40:48.168729096Z [1620279648.168][INFO]: [f028ab2244fd0ce536949f7dcff1f7dd] COMMAND ClickElement {
2021-05-06T05:40:48.168745996Z    "id": "024d4b5b-9479-4987-93a3-4ed12a642fd6"
2021-05-06T05:40:48.168750396Z }
2021-05-06T05:40:48.168754097Z [1620279648.168][INFO]: Waiting for pending navigations...
2021-05-06T05:40:48.168777997Z [1620279648.168][DEBUG]: DevTools WebSocket Command: Runtime.evaluate (id=32) 1E28D40ECD6BEA613FCB674A712A3FE9 {
2021-05-06T05:40:48.168782697Z    "expression": "1"
2021-05-06T05:40:48.168786097Z }
2021-05-06T05:40:48.173273021Z [1620279648.169][DEBUG]: DevTools WebSocket Response: Runtime.evaluate (id=32) 1E28D40ECD6BEA613FCB674A712A3FE9 {
2021-05-06T05:40:48.173285021Z    "result": {
2021-05-06T05:40:48.173288821Z       "description": "1",
2021-05-06T05:40:48.173292421Z       "type": "number",
2021-05-06T05:40:48.173329321Z       "value": 1
2021-05-06T05:40:48.173335921Z    }
2021-05-06T05:40:48.173339321Z }
2021-05-06T05:40:48.173342721Z [1620279648.169][INFO]: Done waiting for pending navigations. Status: ok
2021-05-06T05:40:48.173346322Z [1620279648.170][DEBUG]: DevTools WebSocket Command: Runtime.evaluate (id=33) 1E28D40ECD6BEA613FCB674A712A3FE9 {
2021-05-06T05:40:48.173349822Z    "awaitPromise": true,
2021-05-06T05:40:48.173353322Z    "expression": "(function() { // Copyright (c) 2012 The Chromium Authors. All rights reserved.\n// Use of this source code is governed by a BSD-style license that can be\n// found in the LICENSE file.\n\n/**\n * Enum f...",
2021-05-06T05:40:48.173357622Z    "returnByValue": true
2021-05-06T05:40:48.173361122Z }
2021-05-06T05:40:48.173364322Z [1620279648.172][DEBUG]: DevTools WebSocket Response: Runtime.evaluate (id=33) 1E28D40ECD6BEA613FCB674A712A3FE9 {
2021-05-06T05:40:48.173367822Z    "result": {
2021-05-06T05:40:48.173371122Z       "type": "object",
2021-05-06T05:40:48.173374622Z       "value": {
2021-05-06T05:40:48.173386322Z          "status": 0,
2021-05-06T05:40:48.173389722Z          "value": "a"
2021-05-06T05:40:48.173393122Z       }
2021-05-06T05:40:48.173396522Z    }
2021-05-06T05:40:48.173399722Z }
2021-05-06T05:40:48.173402922Z [1620279648.173][DEBUG]: DevTools WebSocket Command: Runtime.evaluate (id=34) 1E28D40ECD6BEA613FCB674A712A3FE9 {
2021-05-06T05:40:48.173406422Z    "awaitPromise": true,
2021-05-06T05:40:48.173410022Z    "expression": "(function() { // Copyright (c) 2012 The Chromium Authors. All rights reserved.\n// Use of this source code is governed by a BSD-style license that can be\n// found in the LICENSE file.\n\n/**\n * Enum f...",
2021-05-06T05:40:48.173414222Z    "returnByValue": true
2021-05-06T05:40:48.173417522Z }
2021-05-06T05:40:48.174512828Z [1620279648.174][DEBUG]: DevTools WebSocket Response: Runtime.evaluate (id=34) 1E28D40ECD6BEA613FCB674A712A3FE9 {
2021-05-06T05:40:48.174527228Z    "result": {
2021-05-06T05:40:48.174531328Z       "type": "object",
2021-05-06T05:40:48.174534828Z       "value": {
2021-05-06T05:40:48.174538128Z          "status": 0,
2021-05-06T05:40:48.174550328Z          "value": "a"
2021-05-06T05:40:48.174554128Z       }
2021-05-06T05:40:48.174557128Z    }
2021-05-06T05:40:48.174560228Z }
2021-05-06T05:40:48.176242437Z [1620279648.176][DEBUG]: DevTools WebSocket Command: Runtime.evaluate (id=35) 1E28D40ECD6BEA613FCB674A712A3FE9 {
2021-05-06T05:40:48.176252637Z    "awaitPromise": true,
2021-05-06T05:40:48.176255737Z    "expression": "(function() { // Copyright (c) 2012 The Chromium Authors. All rights reserved.\n// Use of this source code is governed by a BSD-style license that can be\n// found in the LICENSE file.\n\n/**\n * Enum f...",
2021-05-06T05:40:48.176258937Z    "returnByValue": true
2021-05-06T05:40:48.176269437Z }
2021-05-06T05:40:48.181927968Z [1620279648.182][DEBUG]: DevTools WebSocket Response: Runtime.evaluate (id=35) 1E28D40ECD6BEA613FCB674A712A3FE9 {
2021-05-06T05:40:48.181939068Z    "result": {
2021-05-06T05:40:48.181942168Z       "type": "object",
2021-05-06T05:40:48.181944868Z       "value": {
2021-05-06T05:40:48.181947368Z          "status": 0,
2021-05-06T05:40:48.181949868Z          "value": true
2021-05-06T05:40:48.181952268Z       }
2021-05-06T05:40:48.181954568Z    }
2021-05-06T05:40:48.181956968Z }
2021-05-06T05:40:48.182542772Z [1620279648.182][DEBUG]: DevTools WebSocket Command: Runtime.evaluate (id=36) 1E28D40ECD6BEA613FCB674A712A3FE9 {
2021-05-06T05:40:48.182551472Z    "awaitPromise": true,
2021-05-06T05:40:48.182554372Z    "expression": "(function() { // Copyright (c) 2012 The Chromium Authors. All rights reserved.\n// Use of this source code is governed by a BSD-style license that can be\n// found in the LICENSE file.\n\n/**\n * Enum f...",
2021-05-06T05:40:48.182557872Z    "returnByValue": true
2021-05-06T05:40:48.182560472Z }
2021-05-06T05:40:48.185213486Z [1620279648.185][DEBUG]: DevTools WebSocket Response: Runtime.evaluate (id=36) 1E28D40ECD6BEA613FCB674A712A3FE9 {
2021-05-06T05:40:48.185223586Z    "result": {
2021-05-06T05:40:48.185226586Z       "type": "object",
2021-05-06T05:40:48.185229086Z       "value": {
2021-05-06T05:40:48.185231486Z          "status": 0,
2021-05-06T05:40:48.185233986Z          "value": {
2021-05-06T05:40:48.185236386Z             "height": 17,
2021-05-06T05:40:48.185238786Z             "left": 0,
2021-05-06T05:40:48.185241086Z             "top": 0,
2021-05-06T05:40:48.185243586Z             "width": 127.390625
2021-05-06T05:40:48.185245986Z          }
2021-05-06T05:40:48.185248386Z       }
2021-05-06T05:40:48.185250686Z    }
2021-05-06T05:40:48.185252986Z }
2021-05-06T05:40:48.186591894Z [1620279648.187][DEBUG]: DevTools WebSocket Command: Runtime.evaluate (id=37) 1E28D40ECD6BEA613FCB674A712A3FE9 {
2021-05-06T05:40:48.186602094Z    "awaitPromise": true,
2021-05-06T05:40:48.186605194Z    "expression": "(function() { // Copyright (c) 2012 The Chromium Authors. All rights reserved.\n// Use of this source code is governed by a BSD-style license that can be\n// found in the LICENSE file.\n\n/**\n * Enum f...",
2021-05-06T05:40:48.186608594Z    "returnByValue": true
2021-05-06T05:40:48.186611294Z }
2021-05-06T05:40:48.192572726Z [1620279648.191][DEBUG]: DevTools WebSocket Response: Runtime.evaluate (id=37) 1E28D40ECD6BEA613FCB674A712A3FE9 {
2021-05-06T05:40:48.192586026Z    "result": {
2021-05-06T05:40:48.192590126Z       "type": "object",
2021-05-06T05:40:48.192593526Z       "value": {
2021-05-06T05:40:48.192596826Z          "status": 0,
2021-05-06T05:40:48.192600026Z          "value": {
2021-05-06T05:40:48.192613826Z             "ceil": {
2021-05-06T05:40:48.192617126Z 
2021-05-06T05:40:48.192620226Z             },
2021-05-06T05:40:48.192623326Z             "clone": {
2021-05-06T05:40:48.192626626Z 
2021-05-06T05:40:48.192629726Z             },
2021-05-06T05:40:48.192632826Z             "floor": {
2021-05-06T05:40:48.192636027Z 
2021-05-06T05:40:48.192639127Z             },
2021-05-06T05:40:48.192642227Z             "round": {
2021-05-06T05:40:48.192645427Z 
2021-05-06T05:40:48.192648427Z             },
2021-05-06T05:40:48.192651827Z             "scale": {
2021-05-06T05:40:48.192655027Z 
2021-05-06T05:40:48.192658027Z             },
2021-05-06T05:40:48.192661127Z             "translate": {
2021-05-06T05:40:48.192664427Z 
2021-05-06T05:40:48.192667427Z             },
2021-05-06T05:40:48.192670527Z             "x": 481.5,
2021-05-06T05:40:48.192673727Z             "y": 787.03125
2021-05-06T05:40:48.192677127Z          }
2021-05-06T05:40:48.192680227Z       }
2021-05-06T05:40:48.192683327Z    }
2021-05-06T05:40:48.192686427Z }
2021-05-06T05:40:48.192689727Z [1620279648.192][DEBUG]: DevTools WebSocket Command: Runtime.evaluate (id=38) 1E28D40ECD6BEA613FCB674A712A3FE9 {
2021-05-06T05:40:48.192693127Z    "awaitPromise": true,
2021-05-06T05:40:48.192696427Z    "expression": "(function() { // Copyright (c) 2012 The Chromium Authors. All rights reserved.\n// Use of this source code is governed by a BSD-style license that can be\n// found in the LICENSE file.\n\n/**\n * Enum f...",
2021-05-06T05:40:48.192700627Z    "returnByValue": true
2021-05-06T05:40:48.192710727Z }
2021-05-06T05:40:48.197946155Z [1620279648.198][DEBUG]: DevTools WebSocket Response: Runtime.evaluate (id=38) 1E28D40ECD6BEA613FCB674A712A3FE9 {
2021-05-06T05:40:48.197956755Z    "result": {
2021-05-06T05:40:48.197959655Z       "type": "object",
2021-05-06T05:40:48.197962256Z       "value": {
2021-05-06T05:40:48.197964556Z          "status": 0,
2021-05-06T05:40:48.197966856Z          "value": {
2021-05-06T05:40:48.197969156Z             "clickable": true
2021-05-06T05:40:48.197971556Z          }
2021-05-06T05:40:48.197973756Z       }
2021-05-06T05:40:48.197975956Z    }
2021-05-06T05:40:48.197978056Z }
2021-05-06T05:40:48.198104156Z [1620279648.198][DEBUG]: DevTools WebSocket Command: Input.dispatchMouseEvent (id=39) 1E28D40ECD6BEA613FCB674A712A3FE9 {
2021-05-06T05:40:48.198111456Z    "button": "none",
2021-05-06T05:40:48.198113956Z    "buttons": 0,
2021-05-06T05:40:48.198116656Z    "clickCount": 0,
2021-05-06T05:40:48.198118956Z    "force": 0.0,
2021-05-06T05:40:48.198121356Z    "modifiers": 0,
2021-05-06T05:40:48.198123556Z    "pointerType": "mouse",
2021-05-06T05:40:48.198125956Z    "tangentialPressure": 0.0,
2021-05-06T05:40:48.198128356Z    "tiltX": 0,
2021-05-06T05:40:48.198130656Z    "tiltY": 0,
2021-05-06T05:40:48.198132856Z    "twist": 0,
2021-05-06T05:40:48.198135156Z    "type": "mouseMoved",
2021-05-06T05:40:48.198137456Z    "x": 544,
2021-05-06T05:40:48.198139756Z    "y": 795
2021-05-06T05:40:48.198155957Z }
2021-05-06T05:40:48.198519659Z [1620279648.198][DEBUG]: DevTools WebSocket Command: Input.dispatchMouseEvent (id=40) 1E28D40ECD6BEA613FCB674A712A3FE9 {
2021-05-06T05:40:48.198528259Z    "button": "left",
2021-05-06T05:40:48.198530959Z    "buttons": 0,
2021-05-06T05:40:48.198533359Z    "clickCount": 1,
2021-05-06T05:40:48.198535759Z    "force": 0.0,
2021-05-06T05:40:48.198538059Z    "modifiers": 0,
2021-05-06T05:40:48.198557159Z    "pointerType": "mouse",
2021-05-06T05:40:48.198559559Z    "tangentialPressure": 0.0,
2021-05-06T05:40:48.198561959Z    "tiltX": 0,
2021-05-06T05:40:48.198564159Z    "tiltY": 0,
2021-05-06T05:40:48.198566459Z    "twist": 0,
2021-05-06T05:40:48.198568659Z    "type": "mousePressed",
2021-05-06T05:40:48.198571059Z    "x": 544,
2021-05-06T05:40:48.198573359Z    "y": 795
2021-05-06T05:40:48.198582359Z }
2021-05-06T05:40:48.198857660Z [1620279648.199][DEBUG]: DevTools WebSocket Command: Input.dispatchMouseEvent (id=41) 1E28D40ECD6BEA613FCB674A712A3FE9 {
2021-05-06T05:40:48.198872160Z    "button": "left",
2021-05-06T05:40:48.198875360Z    "buttons": 1,
2021-05-06T05:40:48.198877660Z    "clickCount": 1,
2021-05-06T05:40:48.198879961Z    "force": 0.0,
2021-05-06T05:40:48.198882161Z    "modifiers": 0,
2021-05-06T05:40:48.198884461Z    "pointerType": "mouse",
2021-05-06T05:40:48.198886761Z    "tangentialPressure": 0.0,
2021-05-06T05:40:48.198889061Z    "tiltX": 0,
2021-05-06T05:40:48.198891261Z    "tiltY": 0,
2021-05-06T05:40:48.198893561Z    "twist": 0,
2021-05-06T05:40:48.198895761Z    "type": "mouseReleased",
2021-05-06T05:40:48.198898161Z    "x": 544,
2021-05-06T05:40:48.198900461Z    "y": 795
2021-05-06T05:40:48.198902661Z }
2021-05-06T05:40:48.203848288Z [1620279648.204][DEBUG]: DevTools WebSocket Event: Page.frameScheduledNavigation 1E28D40ECD6BEA613FCB674A712A3FE9 {
2021-05-06T05:40:48.203859288Z    "delay": 0,
2021-05-06T05:40:48.203862488Z    "frameId": "1E28D40ECD6BEA613FCB674A712A3FE9",
2021-05-06T05:40:48.203865188Z    "reason": "anchorClick",
2021-05-06T05:40:48.203867788Z    "url": "https://selenium-release.storage.googleapis.com/3.150/IEDriverServer_Win32_3.150.1.zip"
2021-05-06T05:40:48.203870488Z }
2021-05-06T05:40:48.204344790Z [1620279648.204][DEBUG]: DevTools WebSocket Event: Page.frameRequestedNavigation 1E28D40ECD6BEA613FCB674A712A3FE9 {
2021-05-06T05:40:48.204354590Z    "disposition": "currentTab",
2021-05-06T05:40:48.204357590Z    "frameId": "1E28D40ECD6BEA613FCB674A712A3FE9",
2021-05-06T05:40:48.204360190Z    "reason": "anchorClick",
2021-05-06T05:40:48.204362790Z    "url": "https://selenium-release.storage.googleapis.com/3.150/IEDriverServer_Win32_3.150.1.zip"
2021-05-06T05:40:48.204365390Z }
2021-05-06T05:40:48.205235595Z [1620279648.205][DEBUG]: DevTools WebSocket Event: Page.frameStartedLoading 1E28D40ECD6BEA613FCB674A712A3FE9 {
2021-05-06T05:40:48.205244995Z    "frameId": "1E28D40ECD6BEA613FCB674A712A3FE9"
2021-05-06T05:40:48.205247895Z }
2021-05-06T05:40:48.205598997Z [1620279648.206][DEBUG]: DevTools WebSocket Response: Input.dispatchMouseEvent (id=39) 1E28D40ECD6BEA613FCB674A712A3FE9 {
2021-05-06T05:40:48.205607997Z 
2021-05-06T05:40:48.205610397Z }
2021-05-06T05:40:48.205673097Z [1620279648.206][DEBUG]: DevTools WebSocket Response: Input.dispatchMouseEvent (id=40) 1E28D40ECD6BEA613FCB674A712A3FE9 {
2021-05-06T05:40:48.205679498Z 
2021-05-06T05:40:48.205681798Z }
2021-05-06T05:40:48.212089432Z [1620279648.212][DEBUG]: DevTools WebSocket Event: Page.frameClearedScheduledNavigation 1E28D40ECD6BEA613FCB674A712A3FE9 {
2021-05-06T05:40:48.212106332Z    "frameId": "1E28D40ECD6BEA613FCB674A712A3FE9"
2021-05-06T05:40:48.212109933Z }
2021-05-06T05:40:48.216800358Z [1620279648.217][DEBUG]: DevTools WebSocket Response: Input.dispatchMouseEvent (id=41) 1E28D40ECD6BEA613FCB674A712A3FE9 {
2021-05-06T05:40:48.216818358Z 
2021-05-06T05:40:48.216821658Z }
2021-05-06T05:40:48.216847758Z [1620279648.217][INFO]: Waiting for pending navigations...
2021-05-06T05:40:48.216943859Z [1620279648.217][DEBUG]: DevTools WebSocket Command: Runtime.evaluate (id=42) 1E28D40ECD6BEA613FCB674A712A3FE9 {
2021-05-06T05:40:48.216950159Z    "expression": "1"
2021-05-06T05:40:48.216953059Z }
2021-05-06T05:40:48.298925505Z [1620279648.299][DEBUG]: DevTools WebSocket Response: Runtime.evaluate (id=42) 1E28D40ECD6BEA613FCB674A712A3FE9 {
2021-05-06T05:40:48.298953605Z    "result": {
2021-05-06T05:40:48.298956805Z       "description": "1",
2021-05-06T05:40:48.298959605Z       "type": "number",
2021-05-06T05:40:48.298962305Z       "value": 1
2021-05-06T05:40:48.298964905Z    }
2021-05-06T05:40:48.298968705Z }
2021-05-06T05:40:48.299161606Z [1620279648.299][DEBUG]: DevTools WebSocket Event: Page.frameStoppedLoading 1E28D40ECD6BEA613FCB674A712A3FE9 {
2021-05-06T05:40:48.299170206Z    "frameId": "1E28D40ECD6BEA613FCB674A712A3FE9"
2021-05-06T05:40:48.299173106Z }
2021-05-06T05:40:48.299306407Z [1620279648.299][DEBUG]: DevTools WebSocket Command: Runtime.evaluate (id=43) 1E28D40ECD6BEA613FCB674A712A3FE9 {
2021-05-06T05:40:48.299314307Z    "expression": "1"
2021-05-06T05:40:48.299317107Z }
2021-05-06T05:40:48.313130682Z [1620279648.313][DEBUG]: DevTools WebSocket Response: Runtime.evaluate (id=43) 1E28D40ECD6BEA613FCB674A712A3FE9 {
2021-05-06T05:40:48.313146782Z    "result": {
2021-05-06T05:40:48.313151083Z       "description": "1",
2021-05-06T05:40:48.313154883Z       "type": "number",
2021-05-06T05:40:48.313158883Z       "value": 1
2021-05-06T05:40:48.313162383Z    }
2021-05-06T05:40:48.313165683Z }
2021-05-06T05:40:48.313285983Z [1620279648.313][INFO]: Done waiting for pending navigations. Status: ok
2021-05-06T05:40:48.313388884Z [1620279648.313][INFO]: [f028ab2244fd0ce536949f7dcff1f7dd] RESPONSE ClickElement
2021-05-06T05:40:53.378512555Z [1620279653.373][INFO]: [f028ab2244fd0ce536949f7dcff1f7dd] COMMAND Quit {
2021-05-06T05:40:53.378529255Z 
2021-05-06T05:40:53.378532255Z }
2021-05-06T05:40:53.423261099Z [1620279653.423][INFO]: [f028ab2244fd0ce536949f7dcff1f7dd] RESPONSE Quit
2021-05-06T05:40:53.423430799Z [1620279653.423][DEBUG]: Log type 'driver' lost 0 entries on destruction
2021-05-06T05:40:53.423616100Z [1620279653.424][DEBUG]: Log type 'browser' lost 0 entries on destruction
