2021-05-06T04:43:31.975444762Z E: [pulseaudio] client-conf-x11.c: xcb_connection_has_error() returned true
2021-05-06T04:43:32.134462445Z 21
2021-05-06T04:43:32.134555845Z 2021/05/06 04:43:32 [INIT] [Listening on :7070]
2021-05-06T04:43:32.134564545Z xcb_connection_has_error() returned true
2021-05-06T04:43:32.163401305Z Waiting X server...
2021-05-06T04:43:32.249135081Z Logging to: /dev/null
2021-05-06T04:43:32.306148997Z Waiting X server...
2021-05-06T04:43:32.413530693Z Waiting X server...
2021-05-06T04:43:32.544089118Z Starting ChromeDriver 88.0.4324.27 (6347fe8bf1e48bd0c54d07dc55ca011cf40861c9-refs/branch-heads/4324@{#450}) on port 4444
2021-05-06T04:43:32.544106918Z All remote connections are allowed. Use an allowlist instead!
2021-05-06T04:43:32.544111118Z Please see https://chromedriver.chromium.org/security-considerations for suggestions on keeping ChromeDriver safe.
2021-05-06T04:43:32.546487031Z 
2021-05-06T04:43:32.546499731Z  --- x11vnc loop: 1 ---
2021-05-06T04:43:32.546504031Z 
2021-05-06T04:43:32.547551337Z ChromeDriver was started successfully.
2021-05-06T04:43:32.563316825Z [1620276212.563][INFO]: [9285a7db138103d81793187c1cc5952b] COMMAND InitSession {
2021-05-06T04:43:32.563339025Z    "capabilities": {
2021-05-06T04:43:32.563343925Z       "firstMatch": [ {
2021-05-06T04:43:32.563347825Z          "browserName": "chrome",
2021-05-06T04:43:32.563351425Z          "goog:chromeOptions": {
2021-05-06T04:43:32.563355125Z             "args": [  ],
2021-05-06T04:43:32.563358825Z             "extensions": [  ],
2021-05-06T04:43:32.563364125Z             "prefs": {
2021-05-06T04:43:32.563367625Z                "download.default_directory": "/home/selenium/Downloads",
2021-05-06T04:43:32.563371425Z                "download.prompt_for_download": false,
2021-05-06T04:43:32.563375025Z                "profile.default_content_settings.popups": 0
2021-05-06T04:43:32.563378525Z             }
2021-05-06T04:43:32.563381925Z          }
2021-05-06T04:43:32.563385125Z       } ]
2021-05-06T04:43:32.563388525Z    },
2021-05-06T04:43:32.563391825Z    "desiredCapabilities": {
2021-05-06T04:43:32.563395225Z       "browserName": "chrome",
2021-05-06T04:43:32.563398725Z       "enableLog": true,
2021-05-06T04:43:32.563402125Z       "enableVNC": true,
2021-05-06T04:43:32.563405425Z       "enableVideo": true,
2021-05-06T04:43:32.563408725Z       "goog:chromeOptions": {
2021-05-06T04:43:32.563412125Z          "args": [  ],
2021-05-06T04:43:32.563415425Z          "extensions": [  ],
2021-05-06T04:43:32.563418725Z          "prefs": {
2021-05-06T04:43:32.563432425Z             "download.default_directory": "/home/selenium/Downloads",
2021-05-06T04:43:32.563436025Z             "download.prompt_for_download": false,
2021-05-06T04:43:32.563439225Z             "profile.default_content_settings.popups": 0
2021-05-06T04:43:32.563442325Z          }
2021-05-06T04:43:32.563445225Z       },
2021-05-06T04:43:32.563448225Z       "videoName": "8FIQUb0nMv.mp4"
2021-05-06T04:43:32.563451425Z    }
2021-05-06T04:43:32.563454426Z }
2021-05-06T04:43:32.563927828Z [1620276212.564][INFO]: Populating Preferences file: {
2021-05-06T04:43:32.563939228Z    "alternate_error_pages": {
2021-05-06T04:43:32.563943228Z       "enabled": false
2021-05-06T04:43:32.563946628Z    },
2021-05-06T04:43:32.563950028Z    "autofill": {
2021-05-06T04:43:32.563953128Z       "enabled": false
2021-05-06T04:43:32.563956228Z    },
2021-05-06T04:43:32.563959228Z    "browser": {
2021-05-06T04:43:32.563962228Z       "check_default_browser": false
2021-05-06T04:43:32.563965528Z    },
2021-05-06T04:43:32.563968428Z    "distribution": {
2021-05-06T04:43:32.563971528Z       "import_bookmarks": false,
2021-05-06T04:43:32.563974728Z       "import_history": false,
2021-05-06T04:43:32.563977828Z       "import_search_engine": false,
2021-05-06T04:43:32.563980928Z       "make_chrome_default_for_user": false,
2021-05-06T04:43:32.563984128Z       "skip_first_run_ui": true
2021-05-06T04:43:32.563987228Z    },
2021-05-06T04:43:32.563990128Z    "dns_prefetching": {
2021-05-06T04:43:32.563993129Z       "enabled": false
2021-05-06T04:43:32.563996129Z    },
2021-05-06T04:43:32.563999029Z    "download": {
2021-05-06T04:43:32.564002129Z       "default_directory": "/home/selenium/Downloads",
2021-05-06T04:43:32.564005329Z       "prompt_for_download": false
2021-05-06T04:43:32.564008429Z    },
2021-05-06T04:43:32.564011329Z    "profile": {
2021-05-06T04:43:32.564014329Z       "content_settings": {
2021-05-06T04:43:32.564017429Z          "pattern_pairs": {
2021-05-06T04:43:32.564020429Z             "https://*,*": {
2021-05-06T04:43:32.564023529Z                "media-stream": {
2021-05-06T04:43:32.564026629Z                   "audio": "Default",
2021-05-06T04:43:32.564029829Z                   "video": "Default"
2021-05-06T04:43:32.564033029Z                }
2021-05-06T04:43:32.564036029Z             }
2021-05-06T04:43:32.564038929Z          }
2021-05-06T04:43:32.564049829Z       },
2021-05-06T04:43:32.564053329Z       "default_content_setting_values": {
2021-05-06T04:43:32.564056329Z          "geolocation": 1
2021-05-06T04:43:32.564059429Z       },
2021-05-06T04:43:32.564062529Z       "default_content_settings": {
2021-05-06T04:43:32.564065629Z          "geolocation": 1,
2021-05-06T04:43:32.564068729Z          "mouselock": 1,
2021-05-06T04:43:32.564071729Z          "notifications": 1,
2021-05-06T04:43:32.564074829Z          "popups": 0,
2021-05-06T04:43:32.564077829Z          "ppapi-broker": 1
2021-05-06T04:43:32.564080929Z       },
2021-05-06T04:43:32.564083829Z       "password_manager_enabled": false
2021-05-06T04:43:32.564086929Z    },
2021-05-06T04:43:32.564089829Z    "safebrowsing": {
2021-05-06T04:43:32.564092829Z       "enabled": false
2021-05-06T04:43:32.564095829Z    },
2021-05-06T04:43:32.564098629Z    "search": {
2021-05-06T04:43:32.564101629Z       "suggest_enabled": false
2021-05-06T04:43:32.564104629Z    },
2021-05-06T04:43:32.564107429Z    "translate": {
2021-05-06T04:43:32.564110529Z       "enabled": false
2021-05-06T04:43:32.564113529Z    }
2021-05-06T04:43:32.564116529Z }
2021-05-06T04:43:32.564251030Z [1620276212.564][INFO]: Populating Local State file: {
2021-05-06T04:43:32.564258430Z    "background_mode": {
2021-05-06T04:43:32.564261630Z       "enabled": false
2021-05-06T04:43:32.564264630Z    },
2021-05-06T04:43:32.564267530Z    "ssl": {
2021-05-06T04:43:32.564270530Z       "rev_checking": {
2021-05-06T04:43:32.564273630Z          "enabled": false
2021-05-06T04:43:32.564276730Z       }
2021-05-06T04:43:32.564279930Z    }
2021-05-06T04:43:32.564282830Z }
2021-05-06T04:43:32.564679932Z [1620276212.565][INFO]: Launching chrome: /usr/bin/google-chrome --disable-background-networking --disable-client-side-phishing-detection --disable-default-apps --disable-hang-monitor --disable-popup-blocking --disable-prompt-on-repost --disable-sync --enable-automation --enable-blink-features=ShadowDOMV0 --enable-logging --log-level=0 --no-first-run --no-service-autorun --password-store=basic --remote-debugging-port=0 --test-type=webdriver --use-mock-keychain --user-data-dir=/tmp/.com.google.Chrome.sx71Xg data:,
2021-05-06T04:43:32.868730720Z [80:108:0506/044332.868510:ERROR:bus.cc(393)] Failed to connect to the bus: Failed to connect to socket /var/run/dbus/system_bus_socket: No such file or directory
2021-05-06T04:43:32.908547341Z [80:117:0506/044332.908413:ERROR:bus.cc(393)] Failed to connect to the bus: Address does not contain a colon
2021-05-06T04:43:32.908612041Z [80:117:0506/044332.908487:ERROR:bus.cc(393)] Failed to connect to the bus: Address does not contain a colon
2021-05-06T04:43:32.950783075Z 
2021-05-06T04:43:32.950803575Z DevTools listening on ws://127.0.0.1:42611/devtools/browser/9697bf6b-dd85-406d-950e-8411fd44ef3b
2021-05-06T04:43:32.953254989Z [80:117:0506/044332.953169:ERROR:bus.cc(393)] Failed to connect to the bus: Address does not contain a colon
2021-05-06T04:43:32.953306589Z [80:117:0506/044332.953265:ERROR:bus.cc(393)] Failed to connect to the bus: Address does not contain a colon
2021-05-06T04:43:32.971742992Z [1620276212.972][DEBUG]: DevTools HTTP Request: http://localhost:42611/json/version
2021-05-06T04:43:33.038723955Z [1620276213.039][DEBUG]: DevTools HTTP Response: {
2021-05-06T04:43:33.038746155Z    "Browser": "Chrome/88.0.4324.96",
2021-05-06T04:43:33.038750355Z    "Protocol-Version": "1.3",
2021-05-06T04:43:33.038753755Z    "User-Agent": "Mozilla/5.0 (X11; Linux x86_64) AppleWebKit/537.36 (KHTML, like Gecko) Chrome/88.0.4324.96 Safari/537.36",
2021-05-06T04:43:33.038757355Z    "V8-Version": "8.8.278.14",
2021-05-06T04:43:33.038760555Z    "WebKit-Version": "537.36 (@68dba2d8a0b149a1d3afac56fa74648032bcf46b)",
2021-05-06T04:43:33.038763855Z    "webSocketDebuggerUrl": "ws://localhost:42611/devtools/browser/9697bf6b-dd85-406d-950e-8411fd44ef3b"
2021-05-06T04:43:33.038767155Z }
2021-05-06T04:43:33.038769955Z 
2021-05-06T04:43:33.038958456Z [1620276213.039][DEBUG]: DevTools HTTP Request: http://localhost:42611/json/list
2021-05-06T04:43:33.046729195Z  --- x11vnc loop: waiting for: 162
2021-05-06T04:43:33.046741495Z 
2021-05-06T04:43:33.057393349Z [1620276213.057][DEBUG]: DevTools HTTP Response: [ {
2021-05-06T04:43:33.057408749Z    "description": "",
2021-05-06T04:43:33.057412949Z    "devtoolsFrontendUrl": "/devtools/inspector.html?ws=localhost:42611/devtools/page/43412BEBC787781EF89AF2DB6CBDF3BA",
2021-05-06T04:43:33.057417049Z    "id": "43412BEBC787781EF89AF2DB6CBDF3BA",
2021-05-06T04:43:33.057420549Z    "title": "",
2021-05-06T04:43:33.057423849Z    "type": "page",
2021-05-06T04:43:33.057427149Z    "url": "data:,",
2021-05-06T04:43:33.057430449Z    "webSocketDebuggerUrl": "ws://localhost:42611/devtools/page/43412BEBC787781EF89AF2DB6CBDF3BA"
2021-05-06T04:43:33.057433849Z } ]
2021-05-06T04:43:33.057436749Z 
2021-05-06T04:43:33.057733451Z [1620276213.058][DEBUG]: DevTools HTTP Request: http://localhost:42611/json/list
2021-05-06T04:43:33.067436400Z [1620276213.067][DEBUG]: DevTools HTTP Response: [ {
2021-05-06T04:43:33.067450700Z    "description": "",
2021-05-06T04:43:33.067455100Z    "devtoolsFrontendUrl": "/devtools/inspector.html?ws=localhost:42611/devtools/page/43412BEBC787781EF89AF2DB6CBDF3BA",
2021-05-06T04:43:33.067459100Z    "id": "43412BEBC787781EF89AF2DB6CBDF3BA",
2021-05-06T04:43:33.067462500Z    "title": "",
2021-05-06T04:43:33.067475000Z    "type": "page",
2021-05-06T04:43:33.067479100Z    "url": "data:,",
2021-05-06T04:43:33.067482500Z    "webSocketDebuggerUrl": "ws://localhost:42611/devtools/page/43412BEBC787781EF89AF2DB6CBDF3BA"
2021-05-06T04:43:33.067486000Z } ]
2021-05-06T04:43:33.067488900Z 
2021-05-06T04:43:33.068170003Z [1620276213.068][INFO]: resolved localhost to ["127.0.0.1","172.17.0.3","::1"]
2021-05-06T04:43:33.079208759Z [1620276213.075][DEBUG]: DevTools WebSocket Command: Page.addScriptToEvaluateOnNewDocument (id=1) 43412BEBC787781EF89AF2DB6CBDF3BA {
2021-05-06T04:43:33.079259359Z    "source": "(function () {window.cdc_adoQpoasnfa76pfcZLmcfl_Array = window.Array;window.cdc_adoQpoasnfa76pfcZLmcfl_Promise = window.Promise;window.cdc_adoQpoasnfa76pfcZLmcfl_Symbol = window.Symbol;}) ();"
2021-05-06T04:43:33.079264960Z }
2021-05-06T04:43:33.084301785Z [1620276213.084][DEBUG]: DevTools WebSocket Command: Runtime.evaluate (id=2) 43412BEBC787781EF89AF2DB6CBDF3BA {
2021-05-06T04:43:33.084317185Z    "expression": "(function () {window.cdc_adoQpoasnfa76pfcZLmcfl_Array = window.Array;window.cdc_adoQpoasnfa76pfcZLmcfl_Promise = window.Promise;window.cdc_adoQpoasnfa76pfcZLmcfl_Symbol = window.Symbol;}) ();"
2021-05-06T04:43:33.084321885Z }
2021-05-06T04:43:33.084495186Z [1620276213.084][DEBUG]: DevTools WebSocket Command: Log.enable (id=3) 43412BEBC787781EF89AF2DB6CBDF3BA {
2021-05-06T04:43:33.084504786Z 
2021-05-06T04:43:33.084507986Z }
2021-05-06T04:43:33.084657787Z [1620276213.085][DEBUG]: DevTools WebSocket Command: DOM.getDocument (id=4) 43412BEBC787781EF89AF2DB6CBDF3BA {
2021-05-06T04:43:33.084666687Z 
2021-05-06T04:43:33.084669887Z }
2021-05-06T04:43:33.084828988Z [1620276213.085][DEBUG]: DevTools WebSocket Command: Target.setAutoAttach (id=5) 43412BEBC787781EF89AF2DB6CBDF3BA {
2021-05-06T04:43:33.084837988Z    "autoAttach": true,
2021-05-06T04:43:33.084841488Z    "flatten": true,
2021-05-06T04:43:33.084844688Z    "waitForDebuggerOnStart": false
2021-05-06T04:43:33.084847988Z }
2021-05-06T04:43:33.084999589Z [1620276213.085][DEBUG]: DevTools WebSocket Command: Page.enable (id=6) 43412BEBC787781EF89AF2DB6CBDF3BA {
2021-05-06T04:43:33.085008389Z 
2021-05-06T04:43:33.085011689Z }
2021-05-06T04:43:33.085196190Z [1620276213.085][DEBUG]: DevTools WebSocket Command: Page.enable (id=7) 43412BEBC787781EF89AF2DB6CBDF3BA {
2021-05-06T04:43:33.085206990Z 
2021-05-06T04:43:33.085210190Z }
2021-05-06T04:43:33.093677732Z [80:163:0506/044333.088726:ERROR:bus.cc(393)] Failed to connect to the bus: Failed to connect to socket /var/run/dbus/system_bus_socket: No such file or directory
2021-05-06T04:43:33.093692632Z [80:163:0506/044333.088789:ERROR:bus.cc(393)] Failed to connect to the bus: Failed to connect to socket /var/run/dbus/system_bus_socket: No such file or directory
2021-05-06T04:43:33.093705633Z [80:163:0506/044333.088846:ERROR:bus.cc(393)] Failed to connect to the bus: Failed to connect to socket /var/run/dbus/system_bus_socket: No such file or directory
2021-05-06T04:43:33.093718633Z [80:163:0506/044333.088891:ERROR:bus.cc(393)] Failed to connect to the bus: Failed to connect to socket /var/run/dbus/system_bus_socket: No such file or directory
2021-05-06T04:43:33.093722533Z [80:163:0506/044333.088924:ERROR:bus.cc(393)] Failed to connect to the bus: Failed to connect to socket /var/run/dbus/system_bus_socket: No such file or directory
2021-05-06T04:43:33.126875500Z [118:118:0506/044333.126619:ERROR:sandbox_linux.cc(374)] InitializeSandbox() called with multiple threads in process gpu-process.
2021-05-06T04:43:33.147841106Z [1620276213.148][DEBUG]: DevTools WebSocket Response: Page.addScriptToEvaluateOnNewDocument (id=1) 43412BEBC787781EF89AF2DB6CBDF3BA {
2021-05-06T04:43:33.147869006Z    "identifier": "1"
2021-05-06T04:43:33.147874206Z }
2021-05-06T04:43:33.147982007Z [1620276213.148][DEBUG]: DevTools WebSocket Response: Runtime.evaluate (id=2) 43412BEBC787781EF89AF2DB6CBDF3BA {
2021-05-06T04:43:33.147990607Z    "result": {
2021-05-06T04:43:33.147993907Z       "type": "undefined"
2021-05-06T04:43:33.147997207Z    }
2021-05-06T04:43:33.148000107Z }
2021-05-06T04:43:33.148113308Z [1620276213.148][DEBUG]: DevTools WebSocket Response: Log.enable (id=3) 43412BEBC787781EF89AF2DB6CBDF3BA {
2021-05-06T04:43:33.148121108Z 
2021-05-06T04:43:33.148124008Z }
2021-05-06T04:43:33.148277208Z [1620276213.148][DEBUG]: DevTools WebSocket Response: DOM.getDocument (id=4) 43412BEBC787781EF89AF2DB6CBDF3BA {
2021-05-06T04:43:33.148285608Z    "root": {
2021-05-06T04:43:33.148288908Z       "backendNodeId": 2,
2021-05-06T04:43:33.148292108Z       "baseURL": "data:,",
2021-05-06T04:43:33.148295308Z       "childNodeCount": 0,
2021-05-06T04:43:33.148298308Z       "children": [  ],
2021-05-06T04:43:33.148301509Z       "documentURL": "data:,",
2021-05-06T04:43:33.148304609Z       "localName": "",
2021-05-06T04:43:33.148307809Z       "nodeId": 1,
2021-05-06T04:43:33.148310809Z       "nodeName": "#document",
2021-05-06T04:43:33.148313809Z       "nodeType": 9,
2021-05-06T04:43:33.148316909Z       "nodeValue": "",
2021-05-06T04:43:33.148319909Z       "xmlVersion": ""
2021-05-06T04:43:33.148323009Z    }
2021-05-06T04:43:33.148334509Z }
2021-05-06T04:43:33.148412509Z [1620276213.148][DEBUG]: DevTools WebSocket Response: Target.setAutoAttach (id=5) 43412BEBC787781EF89AF2DB6CBDF3BA {
2021-05-06T04:43:33.148446609Z 
2021-05-06T04:43:33.148449709Z }
2021-05-06T04:43:33.148564810Z [1620276213.149][DEBUG]: DevTools WebSocket Response: Page.enable (id=6) 43412BEBC787781EF89AF2DB6CBDF3BA {
2021-05-06T04:43:33.148581010Z 
2021-05-06T04:43:33.148584310Z }
2021-05-06T04:43:33.148681310Z [1620276213.149][DEBUG]: DevTools WebSocket Response: Page.enable (id=7) 43412BEBC787781EF89AF2DB6CBDF3BA {
2021-05-06T04:43:33.148688910Z 
2021-05-06T04:43:33.148691710Z }
2021-05-06T04:43:33.148800811Z [1620276213.149][DEBUG]: DevTools WebSocket Command: Runtime.enable (id=8) 43412BEBC787781EF89AF2DB6CBDF3BA {
2021-05-06T04:43:33.148808511Z 
2021-05-06T04:43:33.148811411Z }
2021-05-06T04:43:33.152406329Z [1620276213.152][DEBUG]: DevTools WebSocket Event: DOM.childNodeInserted 43412BEBC787781EF89AF2DB6CBDF3BA {
2021-05-06T04:43:33.152418029Z    "node": {
2021-05-06T04:43:33.152421629Z       "attributes": [  ],
2021-05-06T04:43:33.152424529Z       "backendNodeId": 3,
2021-05-06T04:43:33.152427429Z       "childNodeCount": 0,
2021-05-06T04:43:33.152430729Z       "frameId": "43412BEBC787781EF89AF2DB6CBDF3BA",
2021-05-06T04:43:33.152433729Z       "localName": "html",
2021-05-06T04:43:33.152436529Z       "nodeId": 2,
2021-05-06T04:43:33.152439429Z       "nodeName": "HTML",
2021-05-06T04:43:33.152442229Z       "nodeType": 1,
2021-05-06T04:43:33.152444929Z       "nodeValue": ""
2021-05-06T04:43:33.152447729Z    },
2021-05-06T04:43:33.152459730Z    "parentNodeId": 1,
2021-05-06T04:43:33.152463130Z    "previousNodeId": 0
2021-05-06T04:43:33.152466030Z }
2021-05-06T04:43:33.152562230Z [1620276213.153][DEBUG]: DevTools WebSocket Event: DOM.childNodeCountUpdated 43412BEBC787781EF89AF2DB6CBDF3BA {
2021-05-06T04:43:33.152593130Z    "childNodeCount": 1,
2021-05-06T04:43:33.152596230Z    "nodeId": 2
2021-05-06T04:43:33.152599130Z }
2021-05-06T04:43:33.152687431Z [1620276213.153][DEBUG]: DevTools WebSocket Event: DOM.childNodeCountUpdated 43412BEBC787781EF89AF2DB6CBDF3BA {
2021-05-06T04:43:33.152694931Z    "childNodeCount": 2,
2021-05-06T04:43:33.152697831Z    "nodeId": 2
2021-05-06T04:43:33.152700831Z }
2021-05-06T04:43:33.152836131Z [1620276213.153][DEBUG]: DevTools WebSocket Event: Page.loadEventFired 43412BEBC787781EF89AF2DB6CBDF3BA {
2021-05-06T04:43:33.152844031Z    "timestamp": 156.175626
2021-05-06T04:43:33.152847531Z }
2021-05-06T04:43:33.152976632Z [1620276213.153][DEBUG]: DevTools WebSocket Command: Runtime.evaluate (id=9) 43412BEBC787781EF89AF2DB6CBDF3BA {
2021-05-06T04:43:33.152984632Z    "awaitPromise": false,
2021-05-06T04:43:33.152988032Z    "expression": "document.readyState",
2021-05-06T04:43:33.152991232Z    "returnByValue": true
2021-05-06T04:43:33.152994432Z }
2021-05-06T04:43:33.153172433Z [1620276213.153][DEBUG]: DevTools WebSocket Event: Page.frameStoppedLoading 43412BEBC787781EF89AF2DB6CBDF3BA {
2021-05-06T04:43:33.153189733Z    "frameId": "43412BEBC787781EF89AF2DB6CBDF3BA"
2021-05-06T04:43:33.153193933Z }
2021-05-06T04:43:33.153554635Z [1620276213.154][DEBUG]: DevTools WebSocket Event: DOM.documentUpdated 43412BEBC787781EF89AF2DB6CBDF3BA {
2021-05-06T04:43:33.153564435Z 
2021-05-06T04:43:33.153567635Z }
2021-05-06T04:43:33.153666936Z [1620276213.154][DEBUG]: DevTools WebSocket Command: DOM.getDocument (id=10) 43412BEBC787781EF89AF2DB6CBDF3BA {
2021-05-06T04:43:33.153674536Z 
2021-05-06T04:43:33.153677636Z }
2021-05-06T04:43:33.153942837Z [1620276213.154][DEBUG]: DevTools WebSocket Event: Page.domContentEventFired 43412BEBC787781EF89AF2DB6CBDF3BA {
2021-05-06T04:43:33.153952637Z    "timestamp": 156.17792
2021-05-06T04:43:33.153956137Z }
2021-05-06T04:43:33.154253539Z [1620276213.154][DEBUG]: DevTools WebSocket Event: Page.frameResized 43412BEBC787781EF89AF2DB6CBDF3BA {
2021-05-06T04:43:33.154263139Z 
2021-05-06T04:43:33.154266239Z }
2021-05-06T04:43:33.154504840Z [1620276213.154][DEBUG]: DevTools WebSocket Event: Runtime.executionContextCreated 43412BEBC787781EF89AF2DB6CBDF3BA {
2021-05-06T04:43:33.154530840Z    "context": {
2021-05-06T04:43:33.154534140Z       "auxData": {
2021-05-06T04:43:33.154537140Z          "frameId": "43412BEBC787781EF89AF2DB6CBDF3BA",
2021-05-06T04:43:33.154574140Z          "isDefault": true,
2021-05-06T04:43:33.154578140Z          "type": "default"
2021-05-06T04:43:33.154581340Z       },
2021-05-06T04:43:33.154584140Z       "id": 1,
2021-05-06T04:43:33.154587040Z       "name": "",
2021-05-06T04:43:33.154590040Z       "origin": "://"
2021-05-06T04:43:33.154593140Z    }
2021-05-06T04:43:33.154595840Z }
2021-05-06T04:43:33.154872442Z [1620276213.155][DEBUG]: DevTools WebSocket Response: Runtime.enable (id=8) 43412BEBC787781EF89AF2DB6CBDF3BA {
2021-05-06T04:43:33.154882042Z 
2021-05-06T04:43:33.154884942Z }
2021-05-06T04:43:33.155739946Z [1620276213.156][DEBUG]: DevTools WebSocket Response: Runtime.evaluate (id=9) 43412BEBC787781EF89AF2DB6CBDF3BA {
2021-05-06T04:43:33.155749746Z    "result": {
2021-05-06T04:43:33.155752846Z       "type": "string",
2021-05-06T04:43:33.155755846Z       "value": "complete"
2021-05-06T04:43:33.155758846Z    }
2021-05-06T04:43:33.155761646Z }
2021-05-06T04:43:33.155865347Z [1620276213.156][DEBUG]: DevTools WebSocket Command: Page.enable (id=11) 43412BEBC787781EF89AF2DB6CBDF3BA {
2021-05-06T04:43:33.155873147Z 
2021-05-06T04:43:33.155876047Z }
2021-05-06T04:43:33.156457650Z [1620276213.156][DEBUG]: DevTools WebSocket Response: DOM.getDocument (id=10) 43412BEBC787781EF89AF2DB6CBDF3BA {
2021-05-06T04:43:33.156468250Z    "root": {
2021-05-06T04:43:33.156471750Z       "backendNodeId": 2,
2021-05-06T04:43:33.156474850Z       "baseURL": "data:,",
2021-05-06T04:43:33.156477950Z       "childNodeCount": 1,
2021-05-06T04:43:33.156480950Z       "children": [ {
2021-05-06T04:43:33.156483950Z          "attributes": [  ],
2021-05-06T04:43:33.156486950Z          "backendNodeId": 3,
2021-05-06T04:43:33.156489850Z          "childNodeCount": 2,
2021-05-06T04:43:33.156493150Z          "children": [ {
2021-05-06T04:43:33.156496150Z             "attributes": [  ],
2021-05-06T04:43:33.156524450Z             "backendNodeId": 4,
2021-05-06T04:43:33.156528550Z             "childNodeCount": 0,
2021-05-06T04:43:33.156531450Z             "localName": "head",
2021-05-06T04:43:33.156534550Z             "nodeId": 5,
2021-05-06T04:43:33.156537350Z             "nodeName": "HEAD",
2021-05-06T04:43:33.156540350Z             "nodeType": 1,
2021-05-06T04:43:33.156559650Z             "nodeValue": "",
2021-05-06T04:43:33.156562450Z             "parentId": 4
2021-05-06T04:43:33.156565150Z          }, {
2021-05-06T04:43:33.156567950Z             "attributes": [  ],
2021-05-06T04:43:33.156570650Z             "backendNodeId": 5,
2021-05-06T04:43:33.156573450Z             "childNodeCount": 0,
2021-05-06T04:43:33.156576150Z             "localName": "body",
2021-05-06T04:43:33.156579050Z             "nodeId": 6,
2021-05-06T04:43:33.156581750Z             "nodeName": "BODY",
2021-05-06T04:43:33.156584550Z             "nodeType": 1,
2021-05-06T04:43:33.156587250Z             "nodeValue": "",
2021-05-06T04:43:33.156590050Z             "parentId": 4
2021-05-06T04:43:33.156592750Z          } ],
2021-05-06T04:43:33.156595450Z          "frameId": "43412BEBC787781EF89AF2DB6CBDF3BA",
2021-05-06T04:43:33.156598450Z          "localName": "html",
2021-05-06T04:43:33.156601350Z          "nodeId": 4,
2021-05-06T04:43:33.156604050Z          "nodeName": "HTML",
2021-05-06T04:43:33.156606750Z          "nodeType": 1,
2021-05-06T04:43:33.156609451Z          "nodeValue": "",
2021-05-06T04:43:33.156612351Z          "parentId": 3
2021-05-06T04:43:33.156615051Z       } ],
2021-05-06T04:43:33.156617751Z       "documentURL": "data:,",
2021-05-06T04:43:33.156620651Z       "localName": "",
2021-05-06T04:43:33.156623451Z       "nodeId": 3,
2021-05-06T04:43:33.156633251Z       "nodeName": "#document",
2021-05-06T04:43:33.156636551Z       "nodeType": 9,
2021-05-06T04:43:33.156639251Z       "nodeValue": "",
2021-05-06T04:43:33.156642151Z       "xmlVersion": ""
2021-05-06T04:43:33.156644951Z    }
2021-05-06T04:43:33.156647551Z }
2021-05-06T04:43:33.157050553Z [1620276213.157][DEBUG]: DevTools WebSocket Response: Page.enable (id=11) 43412BEBC787781EF89AF2DB6CBDF3BA {
2021-05-06T04:43:33.157059953Z 
2021-05-06T04:43:33.157062753Z }
2021-05-06T04:43:33.157188453Z [1620276213.157][DEBUG]: DevTools WebSocket Command: Runtime.enable (id=12) 43412BEBC787781EF89AF2DB6CBDF3BA {
2021-05-06T04:43:33.157196453Z 
2021-05-06T04:43:33.157199253Z }
2021-05-06T04:43:33.157674456Z [1620276213.158][DEBUG]: DevTools WebSocket Response: Runtime.enable (id=12) 43412BEBC787781EF89AF2DB6CBDF3BA {
2021-05-06T04:43:33.157701556Z 
2021-05-06T04:43:33.157737356Z }
2021-05-06T04:43:33.158304259Z [1620276213.158][DEBUG]: DevTools WebSocket Command: Runtime.evaluate (id=13) 43412BEBC787781EF89AF2DB6CBDF3BA {
2021-05-06T04:43:33.158313759Z    "awaitPromise": true,
2021-05-06T04:43:33.158317359Z    "expression": "(function() { // Copyright (c) 2012 The Chromium Authors. All rights reserved.\n// Use of this source code is governed by a BSD-style license that can be\n// found in the LICENSE file.\n\n/**\n * Enum f...",
2021-05-06T04:43:33.158321459Z    "returnByValue": true
2021-05-06T04:43:33.158324559Z }
2021-05-06T04:43:33.160253069Z [1620276213.160][DEBUG]: DevTools WebSocket Response: Runtime.evaluate (id=13) 43412BEBC787781EF89AF2DB6CBDF3BA {
2021-05-06T04:43:33.160265469Z    "result": {
2021-05-06T04:43:33.160268969Z       "type": "object",
2021-05-06T04:43:33.160272169Z       "value": {
2021-05-06T04:43:33.160275169Z          "status": 0,
2021-05-06T04:43:33.160278069Z          "value": 1
2021-05-06T04:43:33.160280969Z       }
2021-05-06T04:43:33.160283769Z    }
2021-05-06T04:43:33.160286569Z }
2021-05-06T04:43:33.160428670Z [1620276213.160][INFO]: [9285a7db138103d81793187c1cc5952b] RESPONSE InitSession {
2021-05-06T04:43:33.160437270Z    "capabilities": {
2021-05-06T04:43:33.160440370Z       "acceptInsecureCerts": false,
2021-05-06T04:43:33.160443470Z       "browserName": "chrome",
2021-05-06T04:43:33.160446470Z       "browserVersion": "88.0.4324.96",
2021-05-06T04:43:33.160449470Z       "chrome": {
2021-05-06T04:43:33.160452470Z          "chromedriverVersion": "88.0.4324.27 (6347fe8bf1e48bd0c54d07dc55ca011cf40861c9-refs/branch-heads/4324@{#450})",
2021-05-06T04:43:33.160455770Z          "userDataDir": "/tmp/.com.google.Chrome.sx71Xg"
2021-05-06T04:43:33.160466270Z       },
2021-05-06T04:43:33.160469370Z       "goog:chromeOptions": {
2021-05-06T04:43:33.160472270Z          "debuggerAddress": "localhost:42611"
2021-05-06T04:43:33.160475270Z       },
2021-05-06T04:43:33.160494970Z       "networkConnectionEnabled": false,
2021-05-06T04:43:33.160498070Z       "pageLoadStrategy": "normal",
2021-05-06T04:43:33.160501070Z       "platformName": "linux",
2021-05-06T04:43:33.160503970Z       "proxy": {
2021-05-06T04:43:33.160506770Z 
2021-05-06T04:43:33.160509570Z       },
2021-05-06T04:43:33.160512370Z       "setWindowRect": true,
2021-05-06T04:43:33.160515270Z       "strictFileInteractability": false,
2021-05-06T04:43:33.160518170Z       "timeouts": {
2021-05-06T04:43:33.160521070Z          "implicit": 0,
2021-05-06T04:43:33.160523970Z          "pageLoad": 300000,
2021-05-06T04:43:33.160526870Z          "script": 30000
2021-05-06T04:43:33.160529770Z       },
2021-05-06T04:43:33.160532670Z       "unhandledPromptBehavior": "dismiss and notify",
2021-05-06T04:43:33.160535770Z       "webauthn:extension:largeBlob": true,
2021-05-06T04:43:33.160538670Z       "webauthn:virtualAuthenticators": true
2021-05-06T04:43:33.160541670Z    },
2021-05-06T04:43:33.160544470Z    "sessionId": "9285a7db138103d81793187c1cc5952b"
2021-05-06T04:43:33.160547570Z }
2021-05-06T04:43:33.234564045Z PORT=5900
2021-05-06T04:43:33.471541043Z [1620276213.471][INFO]: [9285a7db138103d81793187c1cc5952b] COMMAND SetTimeouts {
2021-05-06T04:43:33.471563443Z    "implicit": 30000
2021-05-06T04:43:33.471567343Z }
2021-05-06T04:43:33.471570643Z [1620276213.471][INFO]: [9285a7db138103d81793187c1cc5952b] RESPONSE SetTimeouts
2021-05-06T04:43:33.499739385Z [1620276213.499][INFO]: [9285a7db138103d81793187c1cc5952b] COMMAND Navigate {
2021-05-06T04:43:33.499769485Z    "url": "https://www.selenium.dev/downloads/"
2021-05-06T04:43:33.499774185Z }
2021-05-06T04:43:33.499777385Z [1620276213.499][INFO]: Waiting for pending navigations...
2021-05-06T04:43:33.499780885Z [1620276213.499][DEBUG]: DevTools WebSocket Command: Runtime.evaluate (id=14) 43412BEBC787781EF89AF2DB6CBDF3BA {
2021-05-06T04:43:33.499784385Z    "expression": "1"
2021-05-06T04:43:33.499788185Z }
2021-05-06T04:43:33.509346934Z [1620276213.507][DEBUG]: DevTools WebSocket Response: Runtime.evaluate (id=14) 43412BEBC787781EF89AF2DB6CBDF3BA {
2021-05-06T04:43:33.509363234Z    "result": {
2021-05-06T04:43:33.509369934Z       "description": "1",
2021-05-06T04:43:33.509374034Z       "type": "number",
2021-05-06T04:43:33.509401234Z       "value": 1
2021-05-06T04:43:33.509405634Z    }
2021-05-06T04:43:33.509408834Z }
2021-05-06T04:43:33.509411934Z [1620276213.507][INFO]: Done waiting for pending navigations. Status: ok
2021-05-06T04:43:33.509415234Z [1620276213.507][DEBUG]: DevTools WebSocket Command: Page.navigate (id=15) 43412BEBC787781EF89AF2DB6CBDF3BA {
2021-05-06T04:43:33.509418534Z    "url": "https://www.selenium.dev/downloads/"
2021-05-06T04:43:33.509421934Z }
2021-05-06T04:43:33.805251830Z [1620276213.805][DEBUG]: DevTools WebSocket Response: Page.navigate (id=15) 43412BEBC787781EF89AF2DB6CBDF3BA {
2021-05-06T04:43:33.805282730Z    "frameId": "43412BEBC787781EF89AF2DB6CBDF3BA",
2021-05-06T04:43:33.805288530Z    "loaderId": "A5F912E093BE579F4095E08035EF62BD"
2021-05-06T04:43:33.805292530Z }
2021-05-06T04:43:33.805444730Z [1620276213.805][DEBUG]: DevTools WebSocket Command: Runtime.evaluate (id=16) 43412BEBC787781EF89AF2DB6CBDF3BA {
2021-05-06T04:43:33.805459431Z    "expression": "document.URL"
2021-05-06T04:43:33.805463831Z }
2021-05-06T04:43:33.810942858Z [1620276213.811][DEBUG]: DevTools WebSocket Event: Runtime.executionContextsCleared 43412BEBC787781EF89AF2DB6CBDF3BA {
2021-05-06T04:43:33.810956958Z 
2021-05-06T04:43:33.810960558Z }
2021-05-06T04:43:33.815062479Z [1620276213.815][DEBUG]: DevTools WebSocket Event: Page.frameStartedLoading 43412BEBC787781EF89AF2DB6CBDF3BA {
2021-05-06T04:43:33.815074479Z    "frameId": "43412BEBC787781EF89AF2DB6CBDF3BA"
2021-05-06T04:43:33.815078379Z }
2021-05-06T04:43:33.851713764Z [1620276213.852][DEBUG]: DevTools WebSocket Event: Runtime.executionContextsCleared 43412BEBC787781EF89AF2DB6CBDF3BA {
2021-05-06T04:43:33.851742665Z 
2021-05-06T04:43:33.851747165Z }
2021-05-06T04:43:33.851905065Z [1620276213.852][DEBUG]: DevTools WebSocket Event: Page.frameNavigated 43412BEBC787781EF89AF2DB6CBDF3BA {
2021-05-06T04:43:33.851913965Z    "frame": {
2021-05-06T04:43:33.851917365Z       "adFrameType": "none",
2021-05-06T04:43:33.851920765Z       "crossOriginIsolatedContextType": "NotIsolated",
2021-05-06T04:43:33.851924165Z       "domainAndRegistry": "selenium.dev",
2021-05-06T04:43:33.851927565Z       "gatedAPIFeatures": [ "SharedArrayBuffers", "SharedArrayBuffersTransferAllowed" ],
2021-05-06T04:43:33.851931565Z       "id": "43412BEBC787781EF89AF2DB6CBDF3BA",
2021-05-06T04:43:33.851934865Z       "loaderId": "A5F912E093BE579F4095E08035EF62BD",
2021-05-06T04:43:33.851938166Z       "mimeType": "text/html",
2021-05-06T04:43:33.851941366Z       "secureContextType": "Secure",
2021-05-06T04:43:33.851944566Z       "securityOrigin": "https://www.selenium.dev",
2021-05-06T04:43:33.851947666Z       "url": "https://www.selenium.dev/downloads/"
2021-05-06T04:43:33.851967866Z    }
2021-05-06T04:43:33.851971666Z }
2021-05-06T04:43:33.852064666Z [1620276213.852][DEBUG]: DevTools WebSocket Event: DOM.documentUpdated 43412BEBC787781EF89AF2DB6CBDF3BA {
2021-05-06T04:43:33.852072766Z 
2021-05-06T04:43:33.852075866Z }
2021-05-06T04:43:33.852161667Z [1620276213.852][DEBUG]: DevTools WebSocket Command: DOM.getDocument (id=17) 43412BEBC787781EF89AF2DB6CBDF3BA {
2021-05-06T04:43:33.852169067Z 
2021-05-06T04:43:33.852172567Z }
2021-05-06T04:43:33.852396968Z [1620276213.852][DEBUG]: DevTools WebSocket Event: Runtime.executionContextCreated 43412BEBC787781EF89AF2DB6CBDF3BA {
2021-05-06T04:43:33.852406568Z    "context": {
2021-05-06T04:43:33.852409768Z       "auxData": {
2021-05-06T04:43:33.852412868Z          "frameId": "43412BEBC787781EF89AF2DB6CBDF3BA",
2021-05-06T04:43:33.852416068Z          "isDefault": true,
2021-05-06T04:43:33.852419168Z          "type": "default"
2021-05-06T04:43:33.852422368Z       },
2021-05-06T04:43:33.852425268Z       "id": 1,
2021-05-06T04:43:33.852428368Z       "name": "",
2021-05-06T04:43:33.852441868Z       "origin": "https://www.selenium.dev"
2021-05-06T04:43:33.852445868Z    }
2021-05-06T04:43:33.852448768Z }
2021-05-06T04:43:33.858116597Z [1620276213.858][DEBUG]: DevTools WebSocket Response: Runtime.evaluate (id=16) 43412BEBC787781EF89AF2DB6CBDF3BA {
2021-05-06T04:43:33.858130897Z    "result": {
2021-05-06T04:43:33.858146997Z       "type": "string",
2021-05-06T04:43:33.858150997Z       "value": "https://www.selenium.dev/downloads/"
2021-05-06T04:43:33.858154797Z    }
2021-05-06T04:43:33.858158197Z }
2021-05-06T04:43:33.858309098Z [1620276213.858][INFO]: Waiting for pending navigations...
2021-05-06T04:43:33.858432098Z [1620276213.858][DEBUG]: DevTools WebSocket Command: Runtime.evaluate (id=18) 43412BEBC787781EF89AF2DB6CBDF3BA {
2021-05-06T04:43:33.858440998Z    "expression": "1"
2021-05-06T04:43:33.858444698Z }
2021-05-06T04:43:33.888817852Z [1620276213.889][DEBUG]: DevTools WebSocket Response: DOM.getDocument (id=17) 43412BEBC787781EF89AF2DB6CBDF3BA {
2021-05-06T04:43:33.888836052Z    "root": {
2021-05-06T04:43:33.888839952Z       "backendNodeId": 1,
2021-05-06T04:43:33.888843352Z       "baseURL": "https://www.selenium.dev/downloads/",
2021-05-06T04:43:33.888847052Z       "childNodeCount": 2,
2021-05-06T04:43:33.888850152Z       "children": [ {
2021-05-06T04:43:33.888871852Z          "backendNodeId": 8,
2021-05-06T04:43:33.888874852Z          "localName": "",
2021-05-06T04:43:33.888886452Z          "nodeId": 2,
2021-05-06T04:43:33.888889652Z          "nodeName": "html",
2021-05-06T04:43:33.888892652Z          "nodeType": 10,
2021-05-06T04:43:33.888895452Z          "nodeValue": "",
2021-05-06T04:43:33.888898252Z          "parentId": 1,
2021-05-06T04:43:33.888900952Z          "publicId": "",
2021-05-06T04:43:33.888904152Z          "systemId": ""
2021-05-06T04:43:33.888906952Z       }, {
2021-05-06T04:43:33.888909652Z          "attributes": [  ],
2021-05-06T04:43:33.888912552Z          "backendNodeId": 9,
2021-05-06T04:43:33.888915352Z          "childNodeCount": 2,
2021-05-06T04:43:33.888918252Z          "children": [ {
2021-05-06T04:43:33.888921052Z             "attributes": [  ],
2021-05-06T04:43:33.888923852Z             "backendNodeId": 10,
2021-05-06T04:43:33.888926752Z             "childNodeCount": 4,
2021-05-06T04:43:33.888929553Z             "localName": "head",
2021-05-06T04:43:33.888932453Z             "nodeId": 4,
2021-05-06T04:43:33.888935353Z             "nodeName": "HEAD",
2021-05-06T04:43:33.888938253Z             "nodeType": 1,
2021-05-06T04:43:33.888941053Z             "nodeValue": "",
2021-05-06T04:43:33.888943953Z             "parentId": 3
2021-05-06T04:43:33.888946753Z          }, {
2021-05-06T04:43:33.888949453Z             "attributes": [  ],
2021-05-06T04:43:33.888952353Z             "backendNodeId": 11,
2021-05-06T04:43:33.888955253Z             "childNodeCount": 1,
2021-05-06T04:43:33.888958053Z             "localName": "body",
2021-05-06T04:43:33.888960853Z             "nodeId": 5,
2021-05-06T04:43:33.888963553Z             "nodeName": "BODY",
2021-05-06T04:43:33.888966453Z             "nodeType": 1,
2021-05-06T04:43:33.888969153Z             "nodeValue": "",
2021-05-06T04:43:33.888971953Z             "parentId": 3
2021-05-06T04:43:33.888974753Z          } ],
2021-05-06T04:43:33.888977553Z          "frameId": "43412BEBC787781EF89AF2DB6CBDF3BA",
2021-05-06T04:43:33.888980453Z          "localName": "html",
2021-05-06T04:43:33.888983253Z          "nodeId": 3,
2021-05-06T04:43:33.888986053Z          "nodeName": "HTML",
2021-05-06T04:43:33.888988853Z          "nodeType": 1,
2021-05-06T04:43:33.888991553Z          "nodeValue": "",
2021-05-06T04:43:33.888994353Z          "parentId": 1
2021-05-06T04:43:33.888997153Z       } ],
2021-05-06T04:43:33.888999853Z       "documentURL": "https://www.selenium.dev/downloads/",
2021-05-06T04:43:33.889005753Z       "localName": "",
2021-05-06T04:43:33.889008553Z       "nodeId": 1,
2021-05-06T04:43:33.889011353Z       "nodeName": "#document",
2021-05-06T04:43:33.889014253Z       "nodeType": 9,
2021-05-06T04:43:33.889016953Z       "nodeValue": "",
2021-05-06T04:43:33.889019853Z       "xmlVersion": ""
2021-05-06T04:43:33.889022753Z    }
2021-05-06T04:43:33.889025353Z }
2021-05-06T04:43:33.891146464Z [1620276213.891][DEBUG]: DevTools WebSocket Event: DOM.childNodeCountUpdated 43412BEBC787781EF89AF2DB6CBDF3BA {
2021-05-06T04:43:33.891159964Z    "childNodeCount": 2,
2021-05-06T04:43:33.891163964Z    "nodeId": 5
2021-05-06T04:43:33.891167464Z }
2021-05-06T04:43:33.891428965Z [1620276213.891][DEBUG]: DevTools WebSocket Event: DOM.childNodeCountUpdated 43412BEBC787781EF89AF2DB6CBDF3BA {
2021-05-06T04:43:33.891462265Z    "childNodeCount": 3,
2021-05-06T04:43:33.891465465Z    "nodeId": 5
2021-05-06T04:43:33.891468265Z }
2021-05-06T04:43:33.891896368Z [1620276213.892][DEBUG]: DevTools WebSocket Response: Runtime.evaluate (id=18) 43412BEBC787781EF89AF2DB6CBDF3BA {
2021-05-06T04:43:33.891905868Z    "result": {
2021-05-06T04:43:33.891908968Z       "description": "1",
2021-05-06T04:43:33.891912068Z       "type": "number",
2021-05-06T04:43:33.891915168Z       "value": 1
2021-05-06T04:43:33.891918168Z    }
2021-05-06T04:43:33.891921068Z }
2021-05-06T04:43:33.897321395Z [1620276213.897][DEBUG]: DevTools WebSocket Event: DOM.childNodeCountUpdated 43412BEBC787781EF89AF2DB6CBDF3BA {
2021-05-06T04:43:33.897339795Z    "childNodeCount": 4,
2021-05-06T04:43:33.897343595Z    "nodeId": 5
2021-05-06T04:43:33.897346695Z }
2021-05-06T04:43:33.897472496Z [1620276213.897][DEBUG]: DevTools WebSocket Command: Runtime.evaluate (id=19) 43412BEBC787781EF89AF2DB6CBDF3BA {
2021-05-06T04:43:33.897480796Z    "expression": "1"
2021-05-06T04:43:33.897484096Z }
2021-05-06T04:43:33.900443111Z [1620276213.900][DEBUG]: DevTools WebSocket Response: Runtime.evaluate (id=19) 43412BEBC787781EF89AF2DB6CBDF3BA {
2021-05-06T04:43:33.900455711Z    "result": {
2021-05-06T04:43:33.900459511Z       "description": "1",
2021-05-06T04:43:33.900464611Z       "type": "number",
2021-05-06T04:43:33.900467911Z       "value": 1
2021-05-06T04:43:33.900471011Z    }
2021-05-06T04:43:33.900474011Z }
2021-05-06T04:43:33.966925447Z [1620276213.967][DEBUG]: DevTools WebSocket Event: DOM.childNodeCountUpdated 43412BEBC787781EF89AF2DB6CBDF3BA {
2021-05-06T04:43:33.966945847Z    "childNodeCount": 5,
2021-05-06T04:43:33.966959547Z    "nodeId": 5
2021-05-06T04:43:33.966963147Z }
2021-05-06T04:43:33.967082448Z [1620276213.967][DEBUG]: DevTools WebSocket Command: Runtime.evaluate (id=20) 43412BEBC787781EF89AF2DB6CBDF3BA {
2021-05-06T04:43:33.967090448Z    "expression": "1"
2021-05-06T04:43:33.967093748Z }
2021-05-06T04:43:33.968990657Z [1620276213.969][DEBUG]: DevTools WebSocket Event: DOM.childNodeCountUpdated 43412BEBC787781EF89AF2DB6CBDF3BA {
2021-05-06T04:43:33.969002057Z    "childNodeCount": 6,
2021-05-06T04:43:33.969022057Z    "nodeId": 5
2021-05-06T04:43:33.969025257Z }
2021-05-06T04:43:33.970049763Z [1620276213.970][DEBUG]: DevTools WebSocket Event: DOM.childNodeCountUpdated 43412BEBC787781EF89AF2DB6CBDF3BA {
2021-05-06T04:43:33.970084863Z    "childNodeCount": 7,
2021-05-06T04:43:33.970088463Z    "nodeId": 5
2021-05-06T04:43:33.970091563Z }
2021-05-06T04:43:33.970174163Z [1620276213.970][DEBUG]: DevTools WebSocket Event: DOM.childNodeCountUpdated 43412BEBC787781EF89AF2DB6CBDF3BA {
2021-05-06T04:43:33.970181363Z    "childNodeCount": 8,
2021-05-06T04:43:33.970184463Z    "nodeId": 5
2021-05-06T04:43:33.970187363Z }
2021-05-06T04:43:33.970254864Z [1620276213.970][DEBUG]: DevTools WebSocket Event: DOM.childNodeCountUpdated 43412BEBC787781EF89AF2DB6CBDF3BA {
2021-05-06T04:43:33.970261564Z    "childNodeCount": 9,
2021-05-06T04:43:33.970264564Z    "nodeId": 5
2021-05-06T04:43:33.970267364Z }
2021-05-06T04:43:33.970329864Z [1620276213.970][DEBUG]: DevTools WebSocket Event: DOM.childNodeCountUpdated 43412BEBC787781EF89AF2DB6CBDF3BA {
2021-05-06T04:43:33.970354364Z    "childNodeCount": 10,
2021-05-06T04:43:33.970357464Z    "nodeId": 5
2021-05-06T04:43:33.970376564Z }
2021-05-06T04:43:33.970620965Z [1620276213.971][DEBUG]: DevTools WebSocket Event: DOM.childNodeCountUpdated 43412BEBC787781EF89AF2DB6CBDF3BA {
2021-05-06T04:43:33.970630366Z    "childNodeCount": 11,
2021-05-06T04:43:33.970633566Z    "nodeId": 5
2021-05-06T04:43:33.970636666Z }
2021-05-06T04:43:33.970812466Z [1620276213.971][DEBUG]: DevTools WebSocket Event: DOM.childNodeCountUpdated 43412BEBC787781EF89AF2DB6CBDF3BA {
2021-05-06T04:43:33.970823467Z    "childNodeCount": 12,
2021-05-06T04:43:33.970826567Z    "nodeId": 5
2021-05-06T04:43:33.970829367Z }
2021-05-06T04:43:33.971220169Z [1620276213.971][DEBUG]: DevTools WebSocket Event: DOM.childNodeCountUpdated 43412BEBC787781EF89AF2DB6CBDF3BA {
2021-05-06T04:43:33.971229969Z    "childNodeCount": 13,
2021-05-06T04:43:33.971233269Z    "nodeId": 5
2021-05-06T04:43:33.971236369Z }
2021-05-06T04:43:33.971330569Z [1620276213.971][DEBUG]: DevTools WebSocket Event: DOM.childNodeCountUpdated 43412BEBC787781EF89AF2DB6CBDF3BA {
2021-05-06T04:43:33.971346069Z    "childNodeCount": 14,
2021-05-06T04:43:33.971349769Z    "nodeId": 5
2021-05-06T04:43:33.971352769Z }
2021-05-06T04:43:33.971507270Z [1620276213.971][DEBUG]: DevTools WebSocket Event: DOM.childNodeCountUpdated 43412BEBC787781EF89AF2DB6CBDF3BA {
2021-05-06T04:43:33.971516470Z    "childNodeCount": 15,
2021-05-06T04:43:33.971519870Z    "nodeId": 5
2021-05-06T04:43:33.971522870Z }
2021-05-06T04:43:33.971594170Z [1620276213.972][DEBUG]: DevTools WebSocket Event: DOM.childNodeCountUpdated 43412BEBC787781EF89AF2DB6CBDF3BA {
2021-05-06T04:43:33.971601370Z    "childNodeCount": 16,
2021-05-06T04:43:33.971604570Z    "nodeId": 5
2021-05-06T04:43:33.971607570Z }
2021-05-06T04:43:33.971676371Z [1620276213.972][DEBUG]: DevTools WebSocket Event: DOM.childNodeCountUpdated 43412BEBC787781EF89AF2DB6CBDF3BA {
2021-05-06T04:43:33.971683471Z    "childNodeCount": 17,
2021-05-06T04:43:33.971686571Z    "nodeId": 5
2021-05-06T04:43:33.971689971Z }
2021-05-06T04:43:33.971774471Z [1620276213.972][DEBUG]: DevTools WebSocket Event: DOM.childNodeCountUpdated 43412BEBC787781EF89AF2DB6CBDF3BA {
2021-05-06T04:43:33.971781971Z    "childNodeCount": 18,
2021-05-06T04:43:33.971785171Z    "nodeId": 5
2021-05-06T04:43:33.971788671Z }
2021-05-06T04:43:33.972226974Z [1620276213.972][DEBUG]: DevTools WebSocket Event: DOM.childNodeCountUpdated 43412BEBC787781EF89AF2DB6CBDF3BA {
2021-05-06T04:43:33.972236574Z    "childNodeCount": 19,
2021-05-06T04:43:33.972239874Z    "nodeId": 5
2021-05-06T04:43:33.972242874Z }
2021-05-06T04:43:33.972316374Z [1620276213.972][DEBUG]: DevTools WebSocket Event: DOM.childNodeCountUpdated 43412BEBC787781EF89AF2DB6CBDF3BA {
2021-05-06T04:43:33.972323574Z    "childNodeCount": 20,
2021-05-06T04:43:33.972326774Z    "nodeId": 5
2021-05-06T04:43:33.972329774Z }
2021-05-06T04:43:33.972396274Z [1620276213.972][DEBUG]: DevTools WebSocket Event: DOM.childNodeCountUpdated 43412BEBC787781EF89AF2DB6CBDF3BA {
2021-05-06T04:43:33.972403474Z    "childNodeCount": 21,
2021-05-06T04:43:33.972406575Z    "nodeId": 5
2021-05-06T04:43:33.972409575Z }
2021-05-06T04:43:33.972476975Z [1620276213.972][DEBUG]: DevTools WebSocket Event: DOM.childNodeCountUpdated 43412BEBC787781EF89AF2DB6CBDF3BA {
2021-05-06T04:43:33.972483975Z    "childNodeCount": 22,
2021-05-06T04:43:33.972487075Z    "nodeId": 5
2021-05-06T04:43:33.972489875Z }
2021-05-06T04:43:33.972613976Z [1620276213.973][DEBUG]: DevTools WebSocket Event: DOM.childNodeCountUpdated 43412BEBC787781EF89AF2DB6CBDF3BA {
2021-05-06T04:43:33.972621976Z    "childNodeCount": 23,
2021-05-06T04:43:33.972631676Z    "nodeId": 5
2021-05-06T04:43:33.972635076Z }
2021-05-06T04:43:33.972913777Z [1620276213.973][DEBUG]: DevTools WebSocket Event: DOM.childNodeCountUpdated 43412BEBC787781EF89AF2DB6CBDF3BA {
2021-05-06T04:43:33.972923477Z    "childNodeCount": 24,
2021-05-06T04:43:33.972926777Z    "nodeId": 5
2021-05-06T04:43:33.972929877Z }
2021-05-06T04:43:33.973242179Z [1620276213.973][DEBUG]: DevTools WebSocket Event: DOM.childNodeCountUpdated 43412BEBC787781EF89AF2DB6CBDF3BA {
2021-05-06T04:43:33.973252179Z    "childNodeCount": 25,
2021-05-06T04:43:33.973255479Z    "nodeId": 5
2021-05-06T04:43:33.973258479Z }
2021-05-06T04:43:33.973670581Z [1620276213.974][DEBUG]: DevTools WebSocket Event: DOM.childNodeCountUpdated 43412BEBC787781EF89AF2DB6CBDF3BA {
2021-05-06T04:43:33.973680381Z    "childNodeCount": 26,
2021-05-06T04:43:33.973683681Z    "nodeId": 5
2021-05-06T04:43:33.973686881Z }
2021-05-06T04:43:33.973762581Z [1620276213.974][DEBUG]: DevTools WebSocket Event: DOM.childNodeCountUpdated 43412BEBC787781EF89AF2DB6CBDF3BA {
2021-05-06T04:43:33.973769981Z    "childNodeCount": 27,
2021-05-06T04:43:33.973773281Z    "nodeId": 5
2021-05-06T04:43:33.973776381Z }
2021-05-06T04:43:33.973845682Z [1620276213.974][DEBUG]: DevTools WebSocket Event: DOM.childNodeCountUpdated 43412BEBC787781EF89AF2DB6CBDF3BA {
2021-05-06T04:43:33.973852682Z    "childNodeCount": 28,
2021-05-06T04:43:33.973855882Z    "nodeId": 5
2021-05-06T04:43:33.973858882Z }
2021-05-06T04:43:33.974133583Z [1620276213.974][DEBUG]: DevTools WebSocket Event: DOM.childNodeCountUpdated 43412BEBC787781EF89AF2DB6CBDF3BA {
2021-05-06T04:43:33.974142983Z    "childNodeCount": 29,
2021-05-06T04:43:33.974146083Z    "nodeId": 5
2021-05-06T04:43:33.974149083Z }
2021-05-06T04:43:33.975074988Z [1620276213.975][DEBUG]: DevTools WebSocket Response: Runtime.evaluate (id=20) 43412BEBC787781EF89AF2DB6CBDF3BA {
2021-05-06T04:43:33.975086388Z    "result": {
2021-05-06T04:43:33.975089788Z       "description": "1",
2021-05-06T04:43:33.975093088Z       "type": "number",
2021-05-06T04:43:33.975096388Z       "value": 1
2021-05-06T04:43:33.975099488Z    }
2021-05-06T04:43:33.975102488Z }
2021-05-06T04:43:33.977748202Z [1620276213.978][DEBUG]: DevTools WebSocket Event: DOM.childNodeCountUpdated 43412BEBC787781EF89AF2DB6CBDF3BA {
2021-05-06T04:43:33.977760302Z    "childNodeCount": 30,
2021-05-06T04:43:33.977764202Z    "nodeId": 5
2021-05-06T04:43:33.977767502Z }
2021-05-06T04:43:33.977855502Z [1620276213.978][DEBUG]: DevTools WebSocket Command: Runtime.evaluate (id=21) 43412BEBC787781EF89AF2DB6CBDF3BA {
2021-05-06T04:43:33.977871502Z    "expression": "1"
2021-05-06T04:43:33.977875302Z }
2021-05-06T04:43:33.983617931Z [1620276213.984][DEBUG]: DevTools WebSocket Event: DOM.childNodeCountUpdated 43412BEBC787781EF89AF2DB6CBDF3BA {
2021-05-06T04:43:33.983632031Z    "childNodeCount": 31,
2021-05-06T04:43:33.983636031Z    "nodeId": 5
2021-05-06T04:43:33.983655531Z }
2021-05-06T04:43:34.011058270Z [1620276214.011][DEBUG]: DevTools WebSocket Event: DOM.childNodeCountUpdated 43412BEBC787781EF89AF2DB6CBDF3BA {
2021-05-06T04:43:34.011076570Z    "childNodeCount": 32,
2021-05-06T04:43:34.011080270Z    "nodeId": 5
2021-05-06T04:43:34.011083170Z }
2021-05-06T04:43:34.011164270Z [1620276214.011][DEBUG]: DevTools WebSocket Event: DOM.documentUpdated 43412BEBC787781EF89AF2DB6CBDF3BA {
2021-05-06T04:43:34.011171570Z 
2021-05-06T04:43:34.011174470Z }
2021-05-06T04:43:34.011228171Z [1620276214.011][DEBUG]: DevTools WebSocket Command: DOM.getDocument (id=22) 43412BEBC787781EF89AF2DB6CBDF3BA {
2021-05-06T04:43:34.011234371Z 
2021-05-06T04:43:34.011237071Z }
2021-05-06T04:43:34.011499372Z [1620276214.011][DEBUG]: DevTools WebSocket Event: Page.domContentEventFired 43412BEBC787781EF89AF2DB6CBDF3BA {
2021-05-06T04:43:34.011509072Z    "timestamp": 157.036087
2021-05-06T04:43:34.011512572Z }
2021-05-06T04:43:34.011600773Z [1620276214.012][DEBUG]: DevTools WebSocket Response: Runtime.evaluate (id=21) 43412BEBC787781EF89AF2DB6CBDF3BA {
2021-05-06T04:43:34.011608473Z    "result": {
2021-05-06T04:43:34.011611873Z       "description": "1",
2021-05-06T04:43:34.011615273Z       "type": "number",
2021-05-06T04:43:34.011618773Z       "value": 1
2021-05-06T04:43:34.011621973Z    }
2021-05-06T04:43:34.011625173Z }
2021-05-06T04:43:34.124449343Z [1620276214.124][DEBUG]: DevTools WebSocket Event: Page.frameResized 43412BEBC787781EF89AF2DB6CBDF3BA {
2021-05-06T04:43:34.124477243Z 
2021-05-06T04:43:34.124481543Z }
2021-05-06T04:43:34.124652544Z [1620276214.125][DEBUG]: DevTools WebSocket Command: Runtime.evaluate (id=23) 43412BEBC787781EF89AF2DB6CBDF3BA {
2021-05-06T04:43:34.124663344Z    "expression": "1"
2021-05-06T04:43:34.124667344Z }
2021-05-06T04:43:34.135780000Z [1620276214.136][DEBUG]: DevTools WebSocket Response: DOM.getDocument (id=22) 43412BEBC787781EF89AF2DB6CBDF3BA {
2021-05-06T04:43:34.135796800Z    "root": {
2021-05-06T04:43:34.135801900Z       "backendNodeId": 1,
2021-05-06T04:43:34.135805701Z       "baseURL": "https://www.selenium.dev/downloads/",
2021-05-06T04:43:34.135809701Z       "childNodeCount": 2,
2021-05-06T04:43:34.135813301Z       "children": [ {
2021-05-06T04:43:34.135828701Z          "backendNodeId": 8,
2021-05-06T04:43:34.135832701Z          "localName": "",
2021-05-06T04:43:34.135836301Z          "nodeId": 7,
2021-05-06T04:43:34.135839701Z          "nodeName": "html",
2021-05-06T04:43:34.135843201Z          "nodeType": 10,
2021-05-06T04:43:34.135846601Z          "nodeValue": "",
2021-05-06T04:43:34.135850201Z          "parentId": 6,
2021-05-06T04:43:34.135853501Z          "publicId": "",
2021-05-06T04:43:34.135856801Z          "systemId": ""
2021-05-06T04:43:34.135860201Z       }, {
2021-05-06T04:43:34.135863501Z          "attributes": [  ],
2021-05-06T04:43:34.135866901Z          "backendNodeId": 9,
2021-05-06T04:43:34.135870201Z          "childNodeCount": 2,
2021-05-06T04:43:34.135873501Z          "children": [ {
2021-05-06T04:43:34.135876801Z             "attributes": [  ],
2021-05-06T04:43:34.135880101Z             "backendNodeId": 10,
2021-05-06T04:43:34.135883401Z             "childNodeCount": 4,
2021-05-06T04:43:34.135888601Z             "localName": "head",
2021-05-06T04:43:34.135892001Z             "nodeId": 9,
2021-05-06T04:43:34.135895301Z             "nodeName": "HEAD",
2021-05-06T04:43:34.135898801Z             "nodeType": 1,
2021-05-06T04:43:34.135902101Z             "nodeValue": "",
2021-05-06T04:43:34.135905401Z             "parentId": 8
2021-05-06T04:43:34.135908801Z          }, {
2021-05-06T04:43:34.135912001Z             "attributes": [  ],
2021-05-06T04:43:34.135915401Z             "backendNodeId": 11,
2021-05-06T04:43:34.135918801Z             "childNodeCount": 32,
2021-05-06T04:43:34.135922201Z             "localName": "body",
2021-05-06T04:43:34.135925601Z             "nodeId": 10,
2021-05-06T04:43:34.135928901Z             "nodeName": "BODY",
2021-05-06T04:43:34.135932301Z             "nodeType": 1,
2021-05-06T04:43:34.135935501Z             "nodeValue": "",
2021-05-06T04:43:34.135938801Z             "parentId": 8
2021-05-06T04:43:34.135942101Z          } ],
2021-05-06T04:43:34.135945401Z          "frameId": "43412BEBC787781EF89AF2DB6CBDF3BA",
2021-05-06T04:43:34.135949001Z          "localName": "html",
2021-05-06T04:43:34.135952301Z          "nodeId": 8,
2021-05-06T04:43:34.135955601Z          "nodeName": "HTML",
2021-05-06T04:43:34.135958801Z          "nodeType": 1,
2021-05-06T04:43:34.135962101Z          "nodeValue": "",
2021-05-06T04:43:34.135965401Z          "parentId": 6
2021-05-06T04:43:34.135972201Z       } ],
2021-05-06T04:43:34.135987601Z       "documentURL": "https://www.selenium.dev/downloads/",
2021-05-06T04:43:34.135991001Z       "localName": "",
2021-05-06T04:43:34.135994301Z       "nodeId": 6,
2021-05-06T04:43:34.135997601Z       "nodeName": "#document",
2021-05-06T04:43:34.136001001Z       "nodeType": 9,
2021-05-06T04:43:34.136004302Z       "nodeValue": "",
2021-05-06T04:43:34.136007602Z       "xmlVersion": ""
2021-05-06T04:43:34.136011102Z    }
2021-05-06T04:43:34.136014302Z }
2021-05-06T04:43:34.136935606Z [1620276214.137][DEBUG]: DevTools WebSocket Response: Runtime.evaluate (id=23) 43412BEBC787781EF89AF2DB6CBDF3BA {
2021-05-06T04:43:34.136947206Z    "result": {
2021-05-06T04:43:34.136950706Z       "description": "1",
2021-05-06T04:43:34.136954206Z       "type": "number",
2021-05-06T04:43:34.136957606Z       "value": 1
2021-05-06T04:43:34.136961106Z    }
2021-05-06T04:43:34.136964306Z }
2021-05-06T04:43:34.148264563Z [1620276214.148][DEBUG]: DevTools WebSocket Event: DOM.childNodeCountUpdated 43412BEBC787781EF89AF2DB6CBDF3BA {
2021-05-06T04:43:34.148291564Z    "childNodeCount": 5,
2021-05-06T04:43:34.148295864Z    "nodeId": 9
2021-05-06T04:43:34.148299464Z }
2021-05-06T04:43:34.148401864Z [1620276214.148][DEBUG]: DevTools WebSocket Command: Runtime.evaluate (id=24) 43412BEBC787781EF89AF2DB6CBDF3BA {
2021-05-06T04:43:34.148419764Z    "expression": "1"
2021-05-06T04:43:34.148423564Z }
2021-05-06T04:43:34.149102968Z [1620276214.149][DEBUG]: DevTools WebSocket Event: DOM.childNodeCountUpdated 43412BEBC787781EF89AF2DB6CBDF3BA {
2021-05-06T04:43:34.149112068Z    "childNodeCount": 6,
2021-05-06T04:43:34.149115368Z    "nodeId": 9
2021-05-06T04:43:34.149118368Z }
2021-05-06T04:43:34.149189768Z [1620276214.149][DEBUG]: DevTools WebSocket Event: DOM.childNodeCountUpdated 43412BEBC787781EF89AF2DB6CBDF3BA {
2021-05-06T04:43:34.149197068Z    "childNodeCount": 7,
2021-05-06T04:43:34.149200068Z    "nodeId": 9
2021-05-06T04:43:34.149202768Z }
2021-05-06T04:43:34.155449900Z [1620276214.155][DEBUG]: DevTools WebSocket Response: Runtime.evaluate (id=24) 43412BEBC787781EF89AF2DB6CBDF3BA {
2021-05-06T04:43:34.155463100Z    "result": {
2021-05-06T04:43:34.155466600Z       "description": "1",
2021-05-06T04:43:34.155469900Z       "type": "number",
2021-05-06T04:43:34.155473200Z       "value": 1
2021-05-06T04:43:34.155476700Z    }
2021-05-06T04:43:34.155479600Z }
2021-05-06T04:43:34.298198821Z [1620276214.298][DEBUG]: DevTools WebSocket Event: DOM.childNodeCountUpdated 43412BEBC787781EF89AF2DB6CBDF3BA {
2021-05-06T04:43:34.298230422Z    "childNodeCount": 8,
2021-05-06T04:43:34.298234922Z    "nodeId": 9
2021-05-06T04:43:34.298238222Z }
2021-05-06T04:43:34.298241322Z [1620276214.298][DEBUG]: DevTools WebSocket Event: DOM.childNodeCountUpdated 43412BEBC787781EF89AF2DB6CBDF3BA {
2021-05-06T04:43:34.298244822Z    "childNodeCount": 9,
2021-05-06T04:43:34.298248022Z    "nodeId": 9
2021-05-06T04:43:34.298251122Z }
2021-05-06T04:43:34.298269422Z [1620276214.298][DEBUG]: DevTools WebSocket Event: DOM.childNodeCountUpdated 43412BEBC787781EF89AF2DB6CBDF3BA {
2021-05-06T04:43:34.298274022Z    "childNodeCount": 10,
2021-05-06T04:43:34.298277222Z    "nodeId": 9
2021-05-06T04:43:34.298280222Z }
2021-05-06T04:43:34.298283522Z [1620276214.298][DEBUG]: DevTools WebSocket Event: DOM.childNodeCountUpdated 43412BEBC787781EF89AF2DB6CBDF3BA {
2021-05-06T04:43:34.298286722Z    "childNodeCount": 33,
2021-05-06T04:43:34.298289822Z    "nodeId": 10
2021-05-06T04:43:34.298292922Z }
2021-05-06T04:43:34.298295922Z [1620276214.298][DEBUG]: DevTools WebSocket Command: Runtime.evaluate (id=25) 43412BEBC787781EF89AF2DB6CBDF3BA {
2021-05-06T04:43:34.298299422Z    "expression": "1"
2021-05-06T04:43:34.298302622Z }
2021-05-06T04:43:34.315198307Z [1620276214.315][DEBUG]: DevTools WebSocket Response: Runtime.evaluate (id=25) 43412BEBC787781EF89AF2DB6CBDF3BA {
2021-05-06T04:43:34.315213207Z    "result": {
2021-05-06T04:43:34.315216907Z       "description": "1",
2021-05-06T04:43:34.315220407Z       "type": "number",
2021-05-06T04:43:34.315223807Z       "value": 1
2021-05-06T04:43:34.315227008Z    }
2021-05-06T04:43:34.315229908Z }
2021-05-06T04:43:34.326327464Z [1620276214.326][DEBUG]: DevTools WebSocket Event: Page.loadEventFired 43412BEBC787781EF89AF2DB6CBDF3BA {
2021-05-06T04:43:34.326342464Z    "timestamp": 157.352183
2021-05-06T04:43:34.326346564Z }
2021-05-06T04:43:34.326497864Z [1620276214.326][DEBUG]: DevTools WebSocket Command: Runtime.evaluate (id=26) 43412BEBC787781EF89AF2DB6CBDF3BA {
2021-05-06T04:43:34.326506565Z    "awaitPromise": false,
2021-05-06T04:43:34.326509965Z    "expression": "document.readyState",
2021-05-06T04:43:34.326513365Z    "returnByValue": true
2021-05-06T04:43:34.326516465Z }
2021-05-06T04:43:34.326719566Z [1620276214.327][DEBUG]: DevTools WebSocket Event: Page.frameStoppedLoading 43412BEBC787781EF89AF2DB6CBDF3BA {
2021-05-06T04:43:34.326730466Z    "frameId": "43412BEBC787781EF89AF2DB6CBDF3BA"
2021-05-06T04:43:34.326734066Z }
2021-05-06T04:43:34.327161168Z [1620276214.327][DEBUG]: DevTools WebSocket Response: Runtime.evaluate (id=26) 43412BEBC787781EF89AF2DB6CBDF3BA {
2021-05-06T04:43:34.327180868Z    "result": {
2021-05-06T04:43:34.327184668Z       "type": "string",
2021-05-06T04:43:34.327187868Z       "value": "complete"
2021-05-06T04:43:34.327190968Z    }
2021-05-06T04:43:34.327193868Z }
2021-05-06T04:43:34.327287168Z [1620276214.327][DEBUG]: DevTools WebSocket Command: Runtime.evaluate (id=27) 43412BEBC787781EF89AF2DB6CBDF3BA {
2021-05-06T04:43:34.327295469Z    "expression": "1"
2021-05-06T04:43:34.327298869Z }
2021-05-06T04:43:34.328973077Z [1620276214.329][DEBUG]: DevTools WebSocket Response: Runtime.evaluate (id=27) 43412BEBC787781EF89AF2DB6CBDF3BA {
2021-05-06T04:43:34.329001677Z    "result": {
2021-05-06T04:43:34.329005677Z       "description": "1",
2021-05-06T04:43:34.329009077Z       "type": "number",
2021-05-06T04:43:34.329012377Z       "value": 1
2021-05-06T04:43:34.329015377Z    }
2021-05-06T04:43:34.329018477Z }
2021-05-06T04:43:34.329021277Z [1620276214.329][INFO]: Done waiting for pending navigations. Status: ok
2021-05-06T04:43:34.329024877Z [1620276214.329][INFO]: [9285a7db138103d81793187c1cc5952b] RESPONSE Navigate
2021-05-06T04:43:34.362809948Z [1620276214.359][INFO]: [9285a7db138103d81793187c1cc5952b] COMMAND Screenshot {
2021-05-06T04:43:34.363003849Z 
2021-05-06T04:43:34.363011249Z }
2021-05-06T04:43:34.363014549Z [1620276214.359][INFO]: Waiting for pending navigations...
2021-05-06T04:43:34.363017849Z [1620276214.359][DEBUG]: DevTools WebSocket Command: Runtime.evaluate (id=28) 43412BEBC787781EF89AF2DB6CBDF3BA {
2021-05-06T04:43:34.363021049Z    "expression": "1"
2021-05-06T04:43:34.363024249Z }
2021-05-06T04:43:34.415464814Z [1620276214.415][DEBUG]: DevTools WebSocket Response: Runtime.evaluate (id=28) 43412BEBC787781EF89AF2DB6CBDF3BA {
2021-05-06T04:43:34.415484514Z    "result": {
2021-05-06T04:43:34.415488214Z       "description": "1",
2021-05-06T04:43:34.415491414Z       "type": "number",
2021-05-06T04:43:34.415494614Z       "value": 1
2021-05-06T04:43:34.415497614Z    }
2021-05-06T04:43:34.415500414Z }
2021-05-06T04:43:34.415503214Z [1620276214.415][INFO]: Done waiting for pending navigations. Status: ok
2021-05-06T04:43:34.415506214Z [1620276214.415][DEBUG]: DevTools HTTP Request: http://localhost:42611/json/activate/43412BEBC787781EF89AF2DB6CBDF3BA
2021-05-06T04:43:34.445128064Z [1620276214.445][DEBUG]: DevTools HTTP Response: Target activated
2021-05-06T04:43:34.445156664Z [1620276214.445][DEBUG]: DevTools WebSocket Command: Page.captureScreenshot (id=29) 43412BEBC787781EF89AF2DB6CBDF3BA {
2021-05-06T04:43:34.445161264Z 
2021-05-06T04:43:34.445176764Z }
2021-05-06T04:43:34.744072975Z [1620276214.744][DEBUG]: DevTools WebSocket Response: Page.captureScreenshot (id=29) 43412BEBC787781EF89AF2DB6CBDF3BA {
2021-05-06T04:43:34.744099276Z    "data": "iVBORw0KGgoAAAANSUhEUgAAA6kAAAOjCAYAAABZRELVAAAAAXNSR0IArs4c6QAAIABJREFUeJzs3Xd0XPWd///Xnd6kUS+WrGZb7r1hg8H0lgApEBKSzabtbsou37Dlm81udpN8N9/dJGez55tfsptdSGGTQBJCaEsxNhiDARtsI/cqy3JXsbpGmnp/f8geJM2ou..."
2021-05-06T04:43:34.744103776Z }
2021-05-06T04:43:34.744302677Z [1620276214.744][INFO]: Waiting for pending navigations...
2021-05-06T04:43:34.744347277Z [1620276214.744][DEBUG]: DevTools WebSocket Command: Runtime.evaluate (id=30) 43412BEBC787781EF89AF2DB6CBDF3BA {
2021-05-06T04:43:34.744352577Z    "expression": "1"
2021-05-06T04:43:34.744355977Z }
2021-05-06T04:43:34.745002180Z [1620276214.745][DEBUG]: DevTools WebSocket Response: Runtime.evaluate (id=30) 43412BEBC787781EF89AF2DB6CBDF3BA {
2021-05-06T04:43:34.745016780Z    "result": {
2021-05-06T04:43:34.745020980Z       "description": "1",
2021-05-06T04:43:34.745034180Z       "type": "number",
2021-05-06T04:43:34.745037780Z       "value": 1
2021-05-06T04:43:34.745040880Z    }
2021-05-06T04:43:34.745043980Z }
2021-05-06T04:43:34.745047080Z [1620276214.745][INFO]: Done waiting for pending navigations. Status: ok
2021-05-06T04:43:34.745143981Z [1620276214.745][INFO]: [9285a7db138103d81793187c1cc5952b] RESPONSE Screenshot "iVBORw0KGgoAAAANSUhEUgAAA6kAAAOjCAYAAABZRELVAAAAAXNSR0IArs4c6QAAIABJREFUeJzs3Xd0XPWd///Xnd6kUS+WrGZb7r1hg8H0lgApEBKSzabtbsou37Dlm81udpN8N9/dJGez55tfsptdSGGTQBJCaEsxNhiDARtsI/cqy3JXsbpGmnp/f8geJM2ou..."
2021-05-06T04:43:34.807487696Z [1620276214.807][INFO]: [9285a7db138103d81793187c1cc5952b] COMMAND FindElement {
2021-05-06T04:43:34.807516896Z    "using": "css selector",
2021-05-06T04:43:34.807521396Z    "value": "a[href*=\"IEDriverServer_Win32_3\"]"
2021-05-06T04:43:34.807525296Z }
2021-05-06T04:43:34.807528496Z [1620276214.807][INFO]: Waiting for pending navigations...
2021-05-06T04:43:34.807531896Z [1620276214.807][DEBUG]: DevTools WebSocket Command: Runtime.evaluate (id=31) 43412BEBC787781EF89AF2DB6CBDF3BA {
2021-05-06T04:43:34.807535296Z    "expression": "1"
2021-05-06T04:43:34.807538596Z }
2021-05-06T04:43:34.811140114Z [1620276214.808][DEBUG]: DevTools WebSocket Response: Runtime.evaluate (id=31) 43412BEBC787781EF89AF2DB6CBDF3BA {
2021-05-06T04:43:34.811154915Z    "result": {
2021-05-06T04:43:34.811158715Z       "description": "1",
2021-05-06T04:43:34.811172015Z       "type": "number",
2021-05-06T04:43:34.811175715Z       "value": 1
2021-05-06T04:43:34.811178815Z    }
2021-05-06T04:43:34.811181915Z }
2021-05-06T04:43:34.811185015Z [1620276214.808][INFO]: Done waiting for pending navigations. Status: ok
2021-05-06T04:43:34.811199315Z [1620276214.811][DEBUG]: DevTools WebSocket Command: Runtime.evaluate (id=32) 43412BEBC787781EF89AF2DB6CBDF3BA {
2021-05-06T04:43:34.811202815Z    "awaitPromise": true,
2021-05-06T04:43:34.811206115Z    "expression": "(function() { // Copyright (c) 2012 The Chromium Authors. All rights reserved.\n// Use of this source code is governed by a BSD-style license that can be\n// found in the LICENSE file.\n\n/**\n * Enum f...",
2021-05-06T04:43:34.811210215Z    "returnByValue": true
2021-05-06T04:43:34.811213415Z }
2021-05-06T04:43:34.820108160Z [1620276214.820][DEBUG]: DevTools WebSocket Response: Runtime.evaluate (id=32) 43412BEBC787781EF89AF2DB6CBDF3BA {
2021-05-06T04:43:34.820138560Z    "result": {
2021-05-06T04:43:34.820142860Z       "type": "object",
2021-05-06T04:43:34.820146260Z       "value": {
2021-05-06T04:43:34.820149560Z          "status": 0,
2021-05-06T04:43:34.820152760Z          "value": {
2021-05-06T04:43:34.820156060Z             "element-6066-11e4-a52e-4f735466cecf": "ecc2a2fc-5cc7-444d-916c-edb4a4f36bdf"
2021-05-06T04:43:34.820196560Z          }
2021-05-06T04:43:34.820206260Z       }
2021-05-06T04:43:34.820209460Z    }
2021-05-06T04:43:34.820212460Z }
2021-05-06T04:43:34.820401161Z [1620276214.820][INFO]: Waiting for pending navigations...
2021-05-06T04:43:34.820410761Z [1620276214.820][DEBUG]: DevTools WebSocket Command: Runtime.evaluate (id=33) 43412BEBC787781EF89AF2DB6CBDF3BA {
2021-05-06T04:43:34.820414361Z    "expression": "1"
2021-05-06T04:43:34.820417561Z }
2021-05-06T04:43:34.820832163Z [1620276214.821][DEBUG]: DevTools WebSocket Response: Runtime.evaluate (id=33) 43412BEBC787781EF89AF2DB6CBDF3BA {
2021-05-06T04:43:34.820849864Z    "result": {
2021-05-06T04:43:34.820853964Z       "description": "1",
2021-05-06T04:43:34.820857064Z       "type": "number",
2021-05-06T04:43:34.820860464Z       "value": 1
2021-05-06T04:43:34.820863464Z    }
2021-05-06T04:43:34.820866264Z }
2021-05-06T04:43:34.820869364Z [1620276214.821][INFO]: Done waiting for pending navigations. Status: ok
2021-05-06T04:43:34.820872964Z [1620276214.821][INFO]: [9285a7db138103d81793187c1cc5952b] RESPONSE FindElement {
2021-05-06T04:43:34.820875964Z    "element-6066-11e4-a52e-4f735466cecf": "ecc2a2fc-5cc7-444d-916c-edb4a4f36bdf"
2021-05-06T04:43:34.820879364Z }
2021-05-06T04:43:34.831185916Z [1620276214.831][INFO]: [9285a7db138103d81793187c1cc5952b] COMMAND ClickElement {
2021-05-06T04:43:34.831381417Z    "id": "ecc2a2fc-5cc7-444d-916c-edb4a4f36bdf"
2021-05-06T04:43:34.831392117Z }
2021-05-06T04:43:34.831395617Z [1620276214.831][INFO]: Waiting for pending navigations...
2021-05-06T04:43:34.831398917Z [1620276214.831][DEBUG]: DevTools WebSocket Command: Runtime.evaluate (id=34) 43412BEBC787781EF89AF2DB6CBDF3BA {
2021-05-06T04:43:34.831413817Z    "expression": "1"
2021-05-06T04:43:34.831417417Z }
2021-05-06T04:43:34.834288331Z [1620276214.834][DEBUG]: DevTools WebSocket Response: Runtime.evaluate (id=34) 43412BEBC787781EF89AF2DB6CBDF3BA {
2021-05-06T04:43:34.834301132Z    "result": {
2021-05-06T04:43:34.834304832Z       "description": "1",
2021-05-06T04:43:34.834308332Z       "type": "number",
2021-05-06T04:43:34.834311832Z       "value": 1
2021-05-06T04:43:34.834314932Z    }
2021-05-06T04:43:34.834318032Z }
2021-05-06T04:43:34.834321132Z [1620276214.834][INFO]: Done waiting for pending navigations. Status: ok
2021-05-06T04:43:34.834710234Z [1620276214.835][DEBUG]: DevTools WebSocket Command: Runtime.evaluate (id=35) 43412BEBC787781EF89AF2DB6CBDF3BA {
2021-05-06T04:43:34.834719734Z    "awaitPromise": true,
2021-05-06T04:43:34.834723234Z    "expression": "(function() { // Copyright (c) 2012 The Chromium Authors. All rights reserved.\n// Use of this source code is governed by a BSD-style license that can be\n// found in the LICENSE file.\n\n/**\n * Enum f...",
2021-05-06T04:43:34.834727334Z    "returnByValue": true
2021-05-06T04:43:34.834730534Z }
2021-05-06T04:43:34.837202646Z [1620276214.837][DEBUG]: DevTools WebSocket Response: Runtime.evaluate (id=35) 43412BEBC787781EF89AF2DB6CBDF3BA {
2021-05-06T04:43:34.837214346Z    "result": {
2021-05-06T04:43:34.837217946Z       "type": "object",
2021-05-06T04:43:34.837221146Z       "value": {
2021-05-06T04:43:34.837224146Z          "status": 0,
2021-05-06T04:43:34.837227046Z          "value": "a"
2021-05-06T04:43:34.837230046Z       }
2021-05-06T04:43:34.837242746Z    }
2021-05-06T04:43:34.837246446Z }
2021-05-06T04:43:34.837576348Z [1620276214.838][DEBUG]: DevTools WebSocket Command: Runtime.evaluate (id=36) 43412BEBC787781EF89AF2DB6CBDF3BA {
2021-05-06T04:43:34.837585248Z    "awaitPromise": true,
2021-05-06T04:43:34.837588848Z    "expression": "(function() { // Copyright (c) 2012 The Chromium Authors. All rights reserved.\n// Use of this source code is governed by a BSD-style license that can be\n// found in the LICENSE file.\n\n/**\n * Enum f...",
2021-05-06T04:43:34.837592948Z    "returnByValue": true
2021-05-06T04:43:34.837596148Z }
2021-05-06T04:43:34.842187271Z [1620276214.842][DEBUG]: DevTools WebSocket Response: Runtime.evaluate (id=36) 43412BEBC787781EF89AF2DB6CBDF3BA {
2021-05-06T04:43:34.842200971Z    "result": {
2021-05-06T04:43:34.842205071Z       "type": "object",
2021-05-06T04:43:34.842219272Z       "value": {
2021-05-06T04:43:34.842223372Z          "status": 0,
2021-05-06T04:43:34.842240872Z          "value": "a"
2021-05-06T04:43:34.842244572Z       }
2021-05-06T04:43:34.842248172Z    }
2021-05-06T04:43:34.842251272Z }
2021-05-06T04:43:34.844080981Z [1620276214.844][DEBUG]: DevTools WebSocket Command: Runtime.evaluate (id=37) 43412BEBC787781EF89AF2DB6CBDF3BA {
2021-05-06T04:43:34.844093381Z    "awaitPromise": true,
2021-05-06T04:43:34.844097281Z    "expression": "(function() { // Copyright (c) 2012 The Chromium Authors. All rights reserved.\n// Use of this source code is governed by a BSD-style license that can be\n// found in the LICENSE file.\n\n/**\n * Enum f...",
2021-05-06T04:43:34.844101281Z    "returnByValue": true
2021-05-06T04:43:34.844113581Z }
2021-05-06T04:43:34.859897561Z [1620276214.860][DEBUG]: DevTools WebSocket Response: Runtime.evaluate (id=37) 43412BEBC787781EF89AF2DB6CBDF3BA {
2021-05-06T04:43:34.859925661Z    "result": {
2021-05-06T04:43:34.859930161Z       "type": "object",
2021-05-06T04:43:34.859933561Z       "value": {
2021-05-06T04:43:34.859936961Z          "status": 0,
2021-05-06T04:43:34.859940161Z          "value": true
2021-05-06T04:43:34.859943461Z       }
2021-05-06T04:43:34.859946461Z    }
2021-05-06T04:43:34.859949461Z }
2021-05-06T04:43:34.860463564Z [1620276214.860][DEBUG]: DevTools WebSocket Command: Runtime.evaluate (id=38) 43412BEBC787781EF89AF2DB6CBDF3BA {
2021-05-06T04:43:34.860471964Z    "awaitPromise": true,
2021-05-06T04:43:34.860475664Z    "expression": "(function() { // Copyright (c) 2012 The Chromium Authors. All rights reserved.\n// Use of this source code is governed by a BSD-style license that can be\n// found in the LICENSE file.\n\n/**\n * Enum f...",
2021-05-06T04:43:34.860479964Z    "returnByValue": true
2021-05-06T04:43:34.860483064Z }
2021-05-06T04:43:34.867930502Z [1620276214.868][DEBUG]: DevTools WebSocket Response: Runtime.evaluate (id=38) 43412BEBC787781EF89AF2DB6CBDF3BA {
2021-05-06T04:43:34.867945702Z    "result": {
2021-05-06T04:43:34.867960002Z       "type": "object",
2021-05-06T04:43:34.867964402Z       "value": {
2021-05-06T04:43:34.867967502Z          "status": 0,
2021-05-06T04:43:34.867970702Z          "value": {
2021-05-06T04:43:34.867973702Z             "height": 17,
2021-05-06T04:43:34.867979002Z             "left": 0,
2021-05-06T04:43:34.867982202Z             "top": 0,
2021-05-06T04:43:34.867985202Z             "width": 127.390625
2021-05-06T04:43:34.867988602Z          }
2021-05-06T04:43:34.867991502Z       }
2021-05-06T04:43:34.867994502Z    }
2021-05-06T04:43:34.867997402Z }
2021-05-06T04:43:34.869399409Z [1620276214.869][DEBUG]: DevTools WebSocket Command: Runtime.evaluate (id=39) 43412BEBC787781EF89AF2DB6CBDF3BA {
2021-05-06T04:43:34.869423109Z    "awaitPromise": true,
2021-05-06T04:43:34.869427709Z    "expression": "(function() { // Copyright (c) 2012 The Chromium Authors. All rights reserved.\n// Use of this source code is governed by a BSD-style license that can be\n// found in the LICENSE file.\n\n/**\n * Enum f...",
2021-05-06T04:43:34.869432009Z    "returnByValue": true
2021-05-06T04:43:34.869445909Z }
2021-05-06T04:43:34.874950737Z [1620276214.875][DEBUG]: DevTools WebSocket Response: Runtime.evaluate (id=39) 43412BEBC787781EF89AF2DB6CBDF3BA {
2021-05-06T04:43:34.874963737Z    "result": {
2021-05-06T04:43:34.874967537Z       "type": "object",
2021-05-06T04:43:34.874970937Z       "value": {
2021-05-06T04:43:34.874984337Z          "status": 0,
2021-05-06T04:43:34.874987737Z          "value": {
2021-05-06T04:43:34.874990937Z             "ceil": {
2021-05-06T04:43:34.874993937Z 
2021-05-06T04:43:34.874996937Z             },
2021-05-06T04:43:34.875000037Z             "clone": {
2021-05-06T04:43:34.875003137Z 
2021-05-06T04:43:34.875006037Z             },
2021-05-06T04:43:34.875009137Z             "floor": {
2021-05-06T04:43:34.875012237Z 
2021-05-06T04:43:34.875015337Z             },
2021-05-06T04:43:34.875018437Z             "round": {
2021-05-06T04:43:34.875021337Z 
2021-05-06T04:43:34.875024237Z             },
2021-05-06T04:43:34.875027337Z             "scale": {
2021-05-06T04:43:34.875030337Z 
2021-05-06T04:43:34.875033237Z             },
2021-05-06T04:43:34.875036137Z             "translate": {
2021-05-06T04:43:34.875039237Z 
2021-05-06T04:43:34.875042137Z             },
2021-05-06T04:43:34.875045037Z             "x": 481.5,
2021-05-06T04:43:34.875051038Z             "y": 787.03125
2021-05-06T04:43:34.875054338Z          }
2021-05-06T04:43:34.875057338Z       }
2021-05-06T04:43:34.875060338Z    }
2021-05-06T04:43:34.875079838Z }
2021-05-06T04:43:34.876413144Z [1620276214.876][DEBUG]: DevTools WebSocket Command: Runtime.evaluate (id=40) 43412BEBC787781EF89AF2DB6CBDF3BA {
2021-05-06T04:43:34.876423044Z    "awaitPromise": true,
2021-05-06T04:43:34.876426644Z    "expression": "(function() { // Copyright (c) 2012 The Chromium Authors. All rights reserved.\n// Use of this source code is governed by a BSD-style license that can be\n// found in the LICENSE file.\n\n/**\n * Enum f...",
2021-05-06T04:43:34.876430944Z    "returnByValue": true
2021-05-06T04:43:34.876434145Z }
2021-05-06T04:43:34.881892972Z [1620276214.882][DEBUG]: DevTools WebSocket Response: Runtime.evaluate (id=40) 43412BEBC787781EF89AF2DB6CBDF3BA {
2021-05-06T04:43:34.881905972Z    "result": {
2021-05-06T04:43:34.881909772Z       "type": "object",
2021-05-06T04:43:34.881923072Z       "value": {
2021-05-06T04:43:34.881927172Z          "status": 0,
2021-05-06T04:43:34.881930472Z          "value": {
2021-05-06T04:43:34.881933572Z             "clickable": true
2021-05-06T04:43:34.881936772Z          }
2021-05-06T04:43:34.881939972Z       }
2021-05-06T04:43:34.881942972Z    }
2021-05-06T04:43:34.881946072Z }
2021-05-06T04:43:34.882006973Z [1620276214.882][DEBUG]: DevTools WebSocket Command: Input.dispatchMouseEvent (id=41) 43412BEBC787781EF89AF2DB6CBDF3BA {
2021-05-06T04:43:34.882013273Z    "button": "none",
2021-05-06T04:43:34.882016673Z    "buttons": 0,
2021-05-06T04:43:34.882019773Z    "clickCount": 0,
2021-05-06T04:43:34.882022973Z    "force": 0.0,
2021-05-06T04:43:34.882026073Z    "modifiers": 0,
2021-05-06T04:43:34.882029173Z    "pointerType": "mouse",
2021-05-06T04:43:34.882032873Z    "tangentialPressure": 0.0,
2021-05-06T04:43:34.882035973Z    "tiltX": 0,
2021-05-06T04:43:34.882039073Z    "tiltY": 0,
2021-05-06T04:43:34.882042073Z    "twist": 0,
2021-05-06T04:43:34.882045073Z    "type": "mouseMoved",
2021-05-06T04:43:34.882048273Z    "x": 544,
2021-05-06T04:43:34.882061573Z    "y": 795
2021-05-06T04:43:34.882064873Z }
2021-05-06T04:43:34.884282084Z [1620276214.883][DEBUG]: DevTools WebSocket Command: Input.dispatchMouseEvent (id=42) 43412BEBC787781EF89AF2DB6CBDF3BA {
2021-05-06T04:43:34.884294584Z    "button": "left",
2021-05-06T04:43:34.884298484Z    "buttons": 0,
2021-05-06T04:43:34.884301684Z    "clickCount": 1,
2021-05-06T04:43:34.884315784Z    "force": 0.0,
2021-05-06T04:43:34.884319284Z    "modifiers": 0,
2021-05-06T04:43:34.884322484Z    "pointerType": "mouse",
2021-05-06T04:43:34.884325684Z    "tangentialPressure": 0.0,
2021-05-06T04:43:34.884328984Z    "tiltX": 0,
2021-05-06T04:43:34.884332084Z    "tiltY": 0,
2021-05-06T04:43:34.884335084Z    "twist": 0,
2021-05-06T04:43:34.884338184Z    "type": "mousePressed",
2021-05-06T04:43:34.884341384Z    "x": 544,
2021-05-06T04:43:34.884344484Z    "y": 795
2021-05-06T04:43:34.884347485Z }
2021-05-06T04:43:34.884350485Z [1620276214.883][DEBUG]: DevTools WebSocket Command: Input.dispatchMouseEvent (id=43) 43412BEBC787781EF89AF2DB6CBDF3BA {
2021-05-06T04:43:34.884361785Z    "button": "left",
2021-05-06T04:43:34.884365285Z    "buttons": 1,
2021-05-06T04:43:34.884368385Z    "clickCount": 1,
2021-05-06T04:43:34.884371385Z    "force": 0.0,
2021-05-06T04:43:34.884374585Z    "modifiers": 0,
2021-05-06T04:43:34.884377585Z    "pointerType": "mouse",
2021-05-06T04:43:34.884380885Z    "tangentialPressure": 0.0,
2021-05-06T04:43:34.884383985Z    "tiltX": 0,
2021-05-06T04:43:34.884387085Z    "tiltY": 0,
2021-05-06T04:43:34.884392385Z    "twist": 0,
2021-05-06T04:43:34.884395685Z    "type": "mouseReleased",
2021-05-06T04:43:34.884399185Z    "x": 544,
2021-05-06T04:43:34.884402485Z    "y": 795
2021-05-06T04:43:34.884405585Z }
2021-05-06T04:43:34.891143019Z [1620276214.891][DEBUG]: DevTools WebSocket Response: Input.dispatchMouseEvent (id=41) 43412BEBC787781EF89AF2DB6CBDF3BA {
2021-05-06T04:43:34.891158919Z 
2021-05-06T04:43:34.891162619Z }
2021-05-06T04:43:34.894021233Z [1620276214.894][DEBUG]: DevTools WebSocket Response: Input.dispatchMouseEvent (id=42) 43412BEBC787781EF89AF2DB6CBDF3BA {
2021-05-06T04:43:34.894042534Z 
2021-05-06T04:43:34.894047034Z }
2021-05-06T04:43:34.894288535Z [1620276214.894][DEBUG]: DevTools WebSocket Event: Page.frameScheduledNavigation 43412BEBC787781EF89AF2DB6CBDF3BA {
2021-05-06T04:43:34.894300635Z    "delay": 0,
2021-05-06T04:43:34.894304235Z    "frameId": "43412BEBC787781EF89AF2DB6CBDF3BA",
2021-05-06T04:43:34.894307535Z    "reason": "anchorClick",
2021-05-06T04:43:34.894310835Z    "url": "https://selenium-release.storage.googleapis.com/3.150/IEDriverServer_Win32_3.150.1.zip"
2021-05-06T04:43:34.894314235Z }
2021-05-06T04:43:34.894483836Z [1620276214.894][DEBUG]: DevTools WebSocket Event: Page.frameRequestedNavigation 43412BEBC787781EF89AF2DB6CBDF3BA {
2021-05-06T04:43:34.894493936Z    "disposition": "currentTab",
2021-05-06T04:43:34.894497636Z    "frameId": "43412BEBC787781EF89AF2DB6CBDF3BA",
2021-05-06T04:43:34.894501036Z    "reason": "anchorClick",
2021-05-06T04:43:34.894504236Z    "url": "https://selenium-release.storage.googleapis.com/3.150/IEDriverServer_Win32_3.150.1.zip"
2021-05-06T04:43:34.894507536Z }
2021-05-06T04:43:34.894841938Z [1620276214.895][DEBUG]: DevTools WebSocket Event: Page.frameStartedLoading 43412BEBC787781EF89AF2DB6CBDF3BA {
2021-05-06T04:43:34.894862338Z    "frameId": "43412BEBC787781EF89AF2DB6CBDF3BA"
2021-05-06T04:43:34.894868438Z }
2021-05-06T04:43:34.900288865Z [1620276214.900][DEBUG]: DevTools WebSocket Event: Page.frameClearedScheduledNavigation 43412BEBC787781EF89AF2DB6CBDF3BA {
2021-05-06T04:43:34.900320165Z    "frameId": "43412BEBC787781EF89AF2DB6CBDF3BA"
2021-05-06T04:43:34.900335365Z }
2021-05-06T04:43:34.900577067Z [1620276214.901][DEBUG]: DevTools WebSocket Response: Input.dispatchMouseEvent (id=43) 43412BEBC787781EF89AF2DB6CBDF3BA {
2021-05-06T04:43:34.900587667Z 
2021-05-06T04:43:34.900601867Z }
2021-05-06T04:43:34.900667967Z [1620276214.901][INFO]: Waiting for pending navigations...
2021-05-06T04:43:34.900807568Z [1620276214.901][DEBUG]: DevTools WebSocket Command: Runtime.evaluate (id=44) 43412BEBC787781EF89AF2DB6CBDF3BA {
2021-05-06T04:43:34.900815568Z    "expression": "1"
2021-05-06T04:43:34.900819168Z }
2021-05-06T04:43:34.963092783Z [1620276214.962][DEBUG]: DevTools WebSocket Response: Runtime.evaluate (id=44) 43412BEBC787781EF89AF2DB6CBDF3BA {
2021-05-06T04:43:34.963115783Z    "result": {
2021-05-06T04:43:34.963120283Z       "description": "1",
2021-05-06T04:43:34.963124083Z       "type": "number",
2021-05-06T04:43:34.963127983Z       "value": 1
2021-05-06T04:43:34.963131483Z    }
2021-05-06T04:43:34.963135383Z }
2021-05-06T04:43:34.963369584Z [1620276214.963][DEBUG]: DevTools WebSocket Event: Page.frameStoppedLoading 43412BEBC787781EF89AF2DB6CBDF3BA {
2021-05-06T04:43:34.963380284Z    "frameId": "43412BEBC787781EF89AF2DB6CBDF3BA"
2021-05-06T04:43:34.963384384Z }
2021-05-06T04:43:34.963489785Z [1620276214.963][DEBUG]: DevTools WebSocket Command: Runtime.evaluate (id=45) 43412BEBC787781EF89AF2DB6CBDF3BA {
2021-05-06T04:43:34.964038387Z    "expression": "1"
2021-05-06T04:43:34.964048587Z }
2021-05-06T04:43:34.972523430Z [1620276214.972][DEBUG]: DevTools WebSocket Response: Runtime.evaluate (id=45) 43412BEBC787781EF89AF2DB6CBDF3BA {
2021-05-06T04:43:34.972537530Z    "result": {
2021-05-06T04:43:34.972541830Z       "description": "1",
2021-05-06T04:43:34.972545630Z       "type": "number",
2021-05-06T04:43:34.972549430Z       "value": 1
2021-05-06T04:43:34.972552930Z    }
2021-05-06T04:43:34.972556530Z }
2021-05-06T04:43:34.972655631Z [1620276214.973][INFO]: Done waiting for pending navigations. Status: ok
2021-05-06T04:43:34.972729331Z [1620276214.973][INFO]: [9285a7db138103d81793187c1cc5952b] RESPONSE ClickElement
2021-05-06T04:43:39.151355555Z [80:117:0506/044339.150868:ERROR:bus.cc(393)] Failed to connect to the bus: Address does not contain a colon
2021-05-06T04:43:39.151377855Z [80:117:0506/044339.150922:ERROR:bus.cc(393)] Failed to connect to the bus: Address does not contain a colon
2021-05-06T04:43:40.039687146Z [1620276220.034][INFO]: [9285a7db138103d81793187c1cc5952b] COMMAND Quit {
2021-05-06T04:43:40.039706646Z 
2021-05-06T04:43:40.039711046Z }
2021-05-06T04:43:40.092134211Z [1620276220.087][INFO]: [9285a7db138103d81793187c1cc5952b] RESPONSE Quit
2021-05-06T04:43:40.092182911Z [1620276220.087][DEBUG]: Log type 'driver' lost 0 entries on destruction
2021-05-06T04:43:40.092187011Z [1620276220.087][DEBUG]: Log type 'browser' lost 0 entries on destruction
