2021-05-06T04:43:52.843388725Z E: [pulseaudio] client-conf-x11.c: xcb_connection_has_error() returned true
2021-05-06T04:43:52.957996917Z xcb_connection_has_error() returned true
2021-05-06T04:43:52.971199885Z 21
2021-05-06T04:43:52.983468348Z 2021/05/06 04:43:52 [INIT] [Listening on :7070]
2021-05-06T04:43:52.993649601Z Waiting X server...
2021-05-06T04:43:53.091393305Z Logging to: /dev/null
2021-05-06T04:43:53.100236851Z Waiting X server...
2021-05-06T04:43:53.205396493Z Waiting X server...
2021-05-06T04:43:53.319892184Z 
2021-05-06T04:43:53.319919784Z  --- x11vnc loop: 1 ---
2021-05-06T04:43:53.319923784Z 
2021-05-06T04:43:53.322729199Z Starting ChromeDriver 88.0.4324.27 (6347fe8bf1e48bd0c54d07dc55ca011cf40861c9-refs/branch-heads/4324@{#450}) on port 4444
2021-05-06T04:43:53.322743399Z All remote connections are allowed. Use an allowlist instead!
2021-05-06T04:43:53.322747799Z Please see https://chromedriver.chromium.org/security-considerations for suggestions on keeping ChromeDriver safe.
2021-05-06T04:43:53.324166706Z ChromeDriver was started successfully.
2021-05-06T04:43:53.334263758Z [1620276233.334][INFO]: [83ba5a963480cb03bd36e3fbb29061aa] COMMAND InitSession {
2021-05-06T04:43:53.334276158Z    "capabilities": {
2021-05-06T04:43:53.334280158Z       "firstMatch": [ {
2021-05-06T04:43:53.334283958Z          "browserName": "chrome",
2021-05-06T04:43:53.334287658Z          "goog:chromeOptions": {
2021-05-06T04:43:53.334291558Z             "args": [  ],
2021-05-06T04:43:53.334295258Z             "extensions": [  ],
2021-05-06T04:43:53.334298658Z             "prefs": {
2021-05-06T04:43:53.334302158Z                "download.default_directory": "/home/selenium/Downloads",
2021-05-06T04:43:53.334305958Z                "download.prompt_for_download": true,
2021-05-06T04:43:53.334309558Z                "profile.default_content_settings.popups": 0
2021-05-06T04:43:53.334313158Z             }
2021-05-06T04:43:53.334316558Z          }
2021-05-06T04:43:53.334320058Z       } ]
2021-05-06T04:43:53.334323358Z    },
2021-05-06T04:43:53.334326758Z    "desiredCapabilities": {
2021-05-06T04:43:53.334330258Z       "browserName": "chrome",
2021-05-06T04:43:53.334333958Z       "enableLog": true,
2021-05-06T04:43:53.334337358Z       "enableVNC": true,
2021-05-06T04:43:53.334340858Z       "enableVideo": true,
2021-05-06T04:43:53.334344258Z       "goog:chromeOptions": {
2021-05-06T04:43:53.334347858Z          "args": [  ],
2021-05-06T04:43:53.334351358Z          "extensions": [  ],
2021-05-06T04:43:53.334354859Z          "prefs": {
2021-05-06T04:43:53.334371659Z             "download.default_directory": "/home/selenium/Downloads",
2021-05-06T04:43:53.334375459Z             "download.prompt_for_download": true,
2021-05-06T04:43:53.334378659Z             "profile.default_content_settings.popups": 0
2021-05-06T04:43:53.334381759Z          }
2021-05-06T04:43:53.334384759Z       },
2021-05-06T04:43:53.334387859Z       "videoName": "vdad89ejym.mp4"
2021-05-06T04:43:53.334391059Z    }
2021-05-06T04:43:53.334394159Z }
2021-05-06T04:43:53.335067362Z [1620276233.335][INFO]: Populating Preferences file: {
2021-05-06T04:43:53.335078962Z    "alternate_error_pages": {
2021-05-06T04:43:53.335082362Z       "enabled": false
2021-05-06T04:43:53.335085462Z    },
2021-05-06T04:43:53.335088862Z    "autofill": {
2021-05-06T04:43:53.335092062Z       "enabled": false
2021-05-06T04:43:53.335095162Z    },
2021-05-06T04:43:53.335098162Z    "browser": {
2021-05-06T04:43:53.335101162Z       "check_default_browser": false
2021-05-06T04:43:53.335104362Z    },
2021-05-06T04:43:53.335126962Z    "distribution": {
2021-05-06T04:43:53.335130763Z       "import_bookmarks": false,
2021-05-06T04:43:53.335133963Z       "import_history": false,
2021-05-06T04:43:53.335137063Z       "import_search_engine": false,
2021-05-06T04:43:53.335140163Z       "make_chrome_default_for_user": false,
2021-05-06T04:43:53.335143463Z       "skip_first_run_ui": true
2021-05-06T04:43:53.335146563Z    },
2021-05-06T04:43:53.335149563Z    "dns_prefetching": {
2021-05-06T04:43:53.335152663Z       "enabled": false
2021-05-06T04:43:53.335155863Z    },
2021-05-06T04:43:53.335158763Z    "download": {
2021-05-06T04:43:53.335161963Z       "default_directory": "/home/selenium/Downloads",
2021-05-06T04:43:53.335165163Z       "prompt_for_download": true
2021-05-06T04:43:53.335168563Z    },
2021-05-06T04:43:53.335171463Z    "profile": {
2021-05-06T04:43:53.335174563Z       "content_settings": {
2021-05-06T04:43:53.335177563Z          "pattern_pairs": {
2021-05-06T04:43:53.335180663Z             "https://*,*": {
2021-05-06T04:43:53.335183763Z                "media-stream": {
2021-05-06T04:43:53.335186963Z                   "audio": "Default",
2021-05-06T04:43:53.335190263Z                   "video": "Default"
2021-05-06T04:43:53.335198263Z                }
2021-05-06T04:43:53.335201463Z             }
2021-05-06T04:43:53.335204463Z          }
2021-05-06T04:43:53.335214963Z       },
2021-05-06T04:43:53.335218363Z       "default_content_setting_values": {
2021-05-06T04:43:53.335221663Z          "geolocation": 1
2021-05-06T04:43:53.335224763Z       },
2021-05-06T04:43:53.335227763Z       "default_content_settings": {
2021-05-06T04:43:53.335230863Z          "geolocation": 1,
2021-05-06T04:43:53.335250663Z          "mouselock": 1,
2021-05-06T04:43:53.335253663Z          "notifications": 1,
2021-05-06T04:43:53.335256663Z          "popups": 0,
2021-05-06T04:43:53.335259663Z          "ppapi-broker": 1
2021-05-06T04:43:53.335262563Z       },
2021-05-06T04:43:53.335265363Z       "password_manager_enabled": false
2021-05-06T04:43:53.335268463Z    },
2021-05-06T04:43:53.335271363Z    "safebrowsing": {
2021-05-06T04:43:53.335274263Z       "enabled": false
2021-05-06T04:43:53.335277163Z    },
2021-05-06T04:43:53.335279963Z    "search": {
2021-05-06T04:43:53.335282963Z       "suggest_enabled": false
2021-05-06T04:43:53.335285863Z    },
2021-05-06T04:43:53.335288663Z    "translate": {
2021-05-06T04:43:53.335291663Z       "enabled": false
2021-05-06T04:43:53.335294663Z    }
2021-05-06T04:43:53.335314963Z }
2021-05-06T04:43:53.335478664Z [1620276233.335][INFO]: Populating Local State file: {
2021-05-06T04:43:53.335487364Z    "background_mode": {
2021-05-06T04:43:53.335490564Z       "enabled": false
2021-05-06T04:43:53.335493664Z    },
2021-05-06T04:43:53.335496564Z    "ssl": {
2021-05-06T04:43:53.335499664Z       "rev_checking": {
2021-05-06T04:43:53.335502664Z          "enabled": false
2021-05-06T04:43:53.335506064Z       }
2021-05-06T04:43:53.335508964Z    }
2021-05-06T04:43:53.335511964Z }
2021-05-06T04:43:53.335757566Z [1620276233.336][INFO]: Launching chrome: /usr/bin/google-chrome --disable-background-networking --disable-client-side-phishing-detection --disable-default-apps --disable-hang-monitor --disable-popup-blocking --disable-prompt-on-repost --disable-sync --enable-automation --enable-blink-features=ShadowDOMV0 --enable-logging --log-level=0 --no-first-run --no-service-autorun --password-store=basic --remote-debugging-port=0 --test-type=webdriver --use-mock-keychain --user-data-dir=/tmp/.com.google.Chrome.LoIICQ data:,
2021-05-06T04:43:53.648085077Z [78:107:0506/044353.647892:ERROR:bus.cc(393)] Failed to connect to the bus: Failed to connect to socket /var/run/dbus/system_bus_socket: No such file or directory
2021-05-06T04:43:53.685311369Z [78:116:0506/044353.685150:ERROR:bus.cc(393)] Failed to connect to the bus: Address does not contain a colon
2021-05-06T04:43:53.685343969Z [78:116:0506/044353.685197:ERROR:bus.cc(393)] Failed to connect to the bus: Address does not contain a colon
2021-05-06T04:43:53.701440352Z 
2021-05-06T04:43:53.701457253Z DevTools listening on ws://127.0.0.1:34219/devtools/browser/0ec7c00b-4f1e-43f2-bfa1-b01bd9f0030d
2021-05-06T04:43:53.726120980Z [78:116:0506/044353.725952:ERROR:bus.cc(393)] Failed to connect to the bus: Address does not contain a colon
2021-05-06T04:43:53.726147480Z [78:116:0506/044353.725994:ERROR:bus.cc(393)] Failed to connect to the bus: Address does not contain a colon
2021-05-06T04:43:53.746321884Z [1620276233.746][DEBUG]: DevTools HTTP Request: http://localhost:34219/json/version
2021-05-06T04:43:53.778995553Z [1620276233.779][DEBUG]: DevTools HTTP Response: {
2021-05-06T04:43:53.779017253Z    "Browser": "Chrome/88.0.4324.96",
2021-05-06T04:43:53.779021653Z    "Protocol-Version": "1.3",
2021-05-06T04:43:53.779025253Z    "User-Agent": "Mozilla/5.0 (X11; Linux x86_64) AppleWebKit/537.36 (KHTML, like Gecko) Chrome/88.0.4324.96 Safari/537.36",
2021-05-06T04:43:53.779029153Z    "V8-Version": "8.8.278.14",
2021-05-06T04:43:53.779032653Z    "WebKit-Version": "537.36 (@68dba2d8a0b149a1d3afac56fa74648032bcf46b)",
2021-05-06T04:43:53.779036053Z    "webSocketDebuggerUrl": "ws://localhost:34219/devtools/browser/0ec7c00b-4f1e-43f2-bfa1-b01bd9f0030d"
2021-05-06T04:43:53.779039553Z }
2021-05-06T04:43:53.779042553Z 
2021-05-06T04:43:53.779233854Z [1620276233.779][DEBUG]: DevTools HTTP Request: http://localhost:34219/json/list
2021-05-06T04:43:53.821030470Z  --- x11vnc loop: waiting for: 160
2021-05-06T04:43:53.821052770Z 
2021-05-06T04:43:53.826027195Z [1620276233.826][DEBUG]: DevTools HTTP Response: [ {
2021-05-06T04:43:53.826041395Z    "description": "",
2021-05-06T04:43:53.826045295Z    "devtoolsFrontendUrl": "/devtools/inspector.html?ws=localhost:34219/devtools/page/09A1EC37252C834DE48AB90DBD2F7AC7",
2021-05-06T04:43:53.826048995Z    "id": "09A1EC37252C834DE48AB90DBD2F7AC7",
2021-05-06T04:43:53.826052295Z    "title": "",
2021-05-06T04:43:53.826055495Z    "type": "page",
2021-05-06T04:43:53.826058595Z    "url": "data:,",
2021-05-06T04:43:53.826061795Z    "webSocketDebuggerUrl": "ws://localhost:34219/devtools/page/09A1EC37252C834DE48AB90DBD2F7AC7"
2021-05-06T04:43:53.826065096Z } ]
2021-05-06T04:43:53.826067996Z 
2021-05-06T04:43:53.826209296Z [1620276233.826][DEBUG]: DevTools HTTP Request: http://localhost:34219/json/list
2021-05-06T04:43:53.834083337Z [78:161:0506/044353.833986:ERROR:bus.cc(393)] Failed to connect to the bus: Failed to connect to socket /var/run/dbus/system_bus_socket: No such file or directory
2021-05-06T04:43:53.834869641Z [78:161:0506/044353.834334:ERROR:bus.cc(393)] Failed to connect to the bus: Failed to connect to socket /var/run/dbus/system_bus_socket: No such file or directory
2021-05-06T04:43:53.834881541Z [78:161:0506/044353.834448:ERROR:bus.cc(393)] Failed to connect to the bus: Failed to connect to socket /var/run/dbus/system_bus_socket: No such file or directory
2021-05-06T04:43:53.835066842Z [78:161:0506/044353.834973:ERROR:bus.cc(393)] Failed to connect to the bus: Failed to connect to socket /var/run/dbus/system_bus_socket: No such file or directory
2021-05-06T04:43:53.835269443Z [78:161:0506/044353.835152:ERROR:bus.cc(393)] Failed to connect to the bus: Failed to connect to socket /var/run/dbus/system_bus_socket: No such file or directory
2021-05-06T04:43:53.836723450Z [1620276233.837][DEBUG]: DevTools HTTP Response: [ {
2021-05-06T04:43:53.836734851Z    "description": "",
2021-05-06T04:43:53.836738951Z    "devtoolsFrontendUrl": "/devtools/inspector.html?ws=localhost:34219/devtools/page/09A1EC37252C834DE48AB90DBD2F7AC7",
2021-05-06T04:43:53.836742651Z    "id": "09A1EC37252C834DE48AB90DBD2F7AC7",
2021-05-06T04:43:53.836745851Z    "title": "",
2021-05-06T04:43:53.836749151Z    "type": "page",
2021-05-06T04:43:53.836752251Z    "url": "data:,",
2021-05-06T04:43:53.836755551Z    "webSocketDebuggerUrl": "ws://localhost:34219/devtools/page/09A1EC37252C834DE48AB90DBD2F7AC7"
2021-05-06T04:43:53.836758951Z } ]
2021-05-06T04:43:53.836771451Z 
2021-05-06T04:43:53.837185153Z [1620276233.837][INFO]: resolved localhost to ["127.0.0.1","172.17.0.3","::1"]
2021-05-06T04:43:53.840486470Z [1620276233.840][DEBUG]: DevTools WebSocket Command: Page.addScriptToEvaluateOnNewDocument (id=1) 09A1EC37252C834DE48AB90DBD2F7AC7 {
2021-05-06T04:43:53.840499370Z    "source": "(function () {window.cdc_adoQpoasnfa76pfcZLmcfl_Array = window.Array;window.cdc_adoQpoasnfa76pfcZLmcfl_Promise = window.Promise;window.cdc_adoQpoasnfa76pfcZLmcfl_Symbol = window.Symbol;}) ();"
2021-05-06T04:43:53.840503870Z }
2021-05-06T04:43:53.840587170Z [1620276233.841][DEBUG]: DevTools WebSocket Command: Runtime.evaluate (id=2) 09A1EC37252C834DE48AB90DBD2F7AC7 {
2021-05-06T04:43:53.840610771Z    "expression": "(function () {window.cdc_adoQpoasnfa76pfcZLmcfl_Array = window.Array;window.cdc_adoQpoasnfa76pfcZLmcfl_Promise = window.Promise;window.cdc_adoQpoasnfa76pfcZLmcfl_Symbol = window.Symbol;}) ();"
2021-05-06T04:43:53.840872572Z }
2021-05-06T04:43:53.840905172Z [1620276233.841][DEBUG]: DevTools WebSocket Command: Log.enable (id=3) 09A1EC37252C834DE48AB90DBD2F7AC7 {
2021-05-06T04:43:53.840909872Z 
2021-05-06T04:43:53.840912872Z }
2021-05-06T04:43:53.841051473Z [1620276233.841][DEBUG]: DevTools WebSocket Command: DOM.getDocument (id=4) 09A1EC37252C834DE48AB90DBD2F7AC7 {
2021-05-06T04:43:53.841069073Z 
2021-05-06T04:43:53.841072273Z }
2021-05-06T04:43:53.841248574Z [1620276233.841][DEBUG]: DevTools WebSocket Command: Target.setAutoAttach (id=5) 09A1EC37252C834DE48AB90DBD2F7AC7 {
2021-05-06T04:43:53.841258774Z    "autoAttach": true,
2021-05-06T04:43:53.841262174Z    "flatten": true,
2021-05-06T04:43:53.841265374Z    "waitForDebuggerOnStart": false
2021-05-06T04:43:53.841277074Z }
2021-05-06T04:43:53.841431175Z [1620276233.841][DEBUG]: DevTools WebSocket Command: Page.enable (id=6) 09A1EC37252C834DE48AB90DBD2F7AC7 {
2021-05-06T04:43:53.841440875Z 
2021-05-06T04:43:53.841444075Z }
2021-05-06T04:43:53.841594876Z [1620276233.842][DEBUG]: DevTools WebSocket Command: Page.enable (id=7) 09A1EC37252C834DE48AB90DBD2F7AC7 {
2021-05-06T04:43:53.841603676Z 
2021-05-06T04:43:53.841606676Z }
2021-05-06T04:43:53.908397720Z PORT=5900
2021-05-06T04:43:53.925682209Z [117:117:0506/044353.925481:ERROR:sandbox_linux.cc(374)] InitializeSandbox() called with multiple threads in process gpu-process.
2021-05-06T04:43:53.942582697Z [1620276233.942][DEBUG]: DevTools WebSocket Response: Page.addScriptToEvaluateOnNewDocument (id=1) 09A1EC37252C834DE48AB90DBD2F7AC7 {
2021-05-06T04:43:53.942598697Z    "identifier": "1"
2021-05-06T04:43:53.942603297Z }
2021-05-06T04:43:53.942679597Z [1620276233.943][DEBUG]: DevTools WebSocket Response: Runtime.evaluate (id=2) 09A1EC37252C834DE48AB90DBD2F7AC7 {
2021-05-06T04:43:53.942717397Z    "result": {
2021-05-06T04:43:53.942722397Z       "type": "undefined"
2021-05-06T04:43:53.942726197Z    }
2021-05-06T04:43:53.942729397Z }
2021-05-06T04:43:53.942830198Z [1620276233.943][DEBUG]: DevTools WebSocket Response: Log.enable (id=3) 09A1EC37252C834DE48AB90DBD2F7AC7 {
2021-05-06T04:43:53.942840698Z 
2021-05-06T04:43:53.942843998Z }
2021-05-06T04:43:53.943171600Z [1620276233.943][DEBUG]: DevTools WebSocket Response: DOM.getDocument (id=4) 09A1EC37252C834DE48AB90DBD2F7AC7 {
2021-05-06T04:43:53.943183000Z    "root": {
2021-05-06T04:43:53.943186600Z       "backendNodeId": 2,
2021-05-06T04:43:53.943190000Z       "baseURL": "data:,",
2021-05-06T04:43:53.943193400Z       "childNodeCount": 0,
2021-05-06T04:43:53.943197000Z       "children": [  ],
2021-05-06T04:43:53.943200200Z       "documentURL": "data:,",
2021-05-06T04:43:53.943214000Z       "localName": "",
2021-05-06T04:43:53.943217300Z       "nodeId": 1,
2021-05-06T04:43:53.943220500Z       "nodeName": "#document",
2021-05-06T04:43:53.943223900Z       "nodeType": 9,
2021-05-06T04:43:53.943227100Z       "nodeValue": "",
2021-05-06T04:43:53.943230300Z       "xmlVersion": ""
2021-05-06T04:43:53.943233500Z    }
2021-05-06T04:43:53.943236700Z }
2021-05-06T04:43:53.943243500Z [1620276233.943][DEBUG]: DevTools WebSocket Response: Target.setAutoAttach (id=5) 09A1EC37252C834DE48AB90DBD2F7AC7 {
2021-05-06T04:43:53.943246900Z 
2021-05-06T04:43:53.943249900Z }
2021-05-06T04:43:53.943288500Z [1620276233.943][DEBUG]: DevTools WebSocket Response: Page.enable (id=6) 09A1EC37252C834DE48AB90DBD2F7AC7 {
2021-05-06T04:43:53.943308400Z 
2021-05-06T04:43:53.943312000Z }
2021-05-06T04:43:53.943407601Z [1620276233.943][DEBUG]: DevTools WebSocket Response: Page.enable (id=7) 09A1EC37252C834DE48AB90DBD2F7AC7 {
2021-05-06T04:43:53.943433501Z 
2021-05-06T04:43:53.943459401Z }
2021-05-06T04:43:53.943523502Z [1620276233.943][DEBUG]: DevTools WebSocket Command: Runtime.enable (id=8) 09A1EC37252C834DE48AB90DBD2F7AC7 {
2021-05-06T04:43:53.943548102Z 
2021-05-06T04:43:53.943551102Z }
2021-05-06T04:43:53.958112877Z [1620276233.958][DEBUG]: DevTools WebSocket Event: DOM.childNodeInserted 09A1EC37252C834DE48AB90DBD2F7AC7 {
2021-05-06T04:43:53.958152977Z    "node": {
2021-05-06T04:43:53.958156777Z       "attributes": [  ],
2021-05-06T04:43:53.958178477Z       "backendNodeId": 3,
2021-05-06T04:43:53.958181677Z       "childNodeCount": 0,
2021-05-06T04:43:53.958185177Z       "frameId": "09A1EC37252C834DE48AB90DBD2F7AC7",
2021-05-06T04:43:53.958188777Z       "localName": "html",
2021-05-06T04:43:53.958191877Z       "nodeId": 2,
2021-05-06T04:43:53.958194977Z       "nodeName": "HTML",
2021-05-06T04:43:53.958198077Z       "nodeType": 1,
2021-05-06T04:43:53.958201277Z       "nodeValue": ""
2021-05-06T04:43:53.958204377Z    },
2021-05-06T04:43:53.958207377Z    "parentNodeId": 1,
2021-05-06T04:43:53.958210577Z    "previousNodeId": 0
2021-05-06T04:43:53.958213777Z }
2021-05-06T04:43:53.967057823Z [1620276233.967][DEBUG]: DevTools WebSocket Event: DOM.childNodeCountUpdated 09A1EC37252C834DE48AB90DBD2F7AC7 {
2021-05-06T04:43:53.967073523Z    "childNodeCount": 1,
2021-05-06T04:43:53.967090123Z    "nodeId": 2
2021-05-06T04:43:53.967095323Z }
2021-05-06T04:43:53.967098623Z [1620276233.967][DEBUG]: DevTools WebSocket Event: DOM.childNodeCountUpdated 09A1EC37252C834DE48AB90DBD2F7AC7 {
2021-05-06T04:43:53.967102223Z    "childNodeCount": 2,
2021-05-06T04:43:53.967151923Z    "nodeId": 2
2021-05-06T04:43:53.967187724Z }
2021-05-06T04:43:53.967193524Z [1620276233.967][DEBUG]: DevTools WebSocket Event: Page.loadEventFired 09A1EC37252C834DE48AB90DBD2F7AC7 {
2021-05-06T04:43:53.967197024Z    "timestamp": 176.981878
2021-05-06T04:43:53.967200824Z }
2021-05-06T04:43:53.967204024Z [1620276233.967][DEBUG]: DevTools WebSocket Command: Runtime.evaluate (id=9) 09A1EC37252C834DE48AB90DBD2F7AC7 {
2021-05-06T04:43:53.967207324Z    "awaitPromise": false,
2021-05-06T04:43:53.967210724Z    "expression": "document.readyState",
2021-05-06T04:43:53.967214124Z    "returnByValue": true
2021-05-06T04:43:53.967217324Z }
2021-05-06T04:43:53.967422625Z [1620276233.967][DEBUG]: DevTools WebSocket Event: Page.frameStoppedLoading 09A1EC37252C834DE48AB90DBD2F7AC7 {
2021-05-06T04:43:53.967430025Z    "frameId": "09A1EC37252C834DE48AB90DBD2F7AC7"
2021-05-06T04:43:53.967433525Z }
2021-05-06T04:43:53.967436525Z [1620276233.967][DEBUG]: DevTools WebSocket Event: DOM.documentUpdated 09A1EC37252C834DE48AB90DBD2F7AC7 {
2021-05-06T04:43:53.967439725Z 
2021-05-06T04:43:53.967442625Z }
2021-05-06T04:43:53.967459025Z [1620276233.967][DEBUG]: DevTools WebSocket Command: DOM.getDocument (id=10) 09A1EC37252C834DE48AB90DBD2F7AC7 {
2021-05-06T04:43:53.967463025Z 
2021-05-06T04:43:53.967481125Z }
2021-05-06T04:43:53.967679826Z [1620276233.968][DEBUG]: DevTools WebSocket Event: Page.domContentEventFired 09A1EC37252C834DE48AB90DBD2F7AC7 {
2021-05-06T04:43:53.967686326Z    "timestamp": 176.98267
2021-05-06T04:43:53.967689326Z }
2021-05-06T04:43:53.967743726Z [1620276233.968][DEBUG]: DevTools WebSocket Event: Runtime.executionContextCreated 09A1EC37252C834DE48AB90DBD2F7AC7 {
2021-05-06T04:43:53.967749127Z    "context": {
2021-05-06T04:43:53.967752127Z       "auxData": {
2021-05-06T04:43:53.967755127Z          "frameId": "09A1EC37252C834DE48AB90DBD2F7AC7",
2021-05-06T04:43:53.967758327Z          "isDefault": true,
2021-05-06T04:43:53.967761427Z          "type": "default"
2021-05-06T04:43:53.967764527Z       },
2021-05-06T04:43:53.967767427Z       "id": 1,
2021-05-06T04:43:53.967770427Z       "name": "",
2021-05-06T04:43:53.967773427Z       "origin": "://"
2021-05-06T04:43:53.967776627Z    }
2021-05-06T04:43:53.967779527Z }
2021-05-06T04:43:53.967815227Z [1620276233.968][DEBUG]: DevTools WebSocket Response: Runtime.enable (id=8) 09A1EC37252C834DE48AB90DBD2F7AC7 {
2021-05-06T04:43:53.967820227Z 
2021-05-06T04:43:53.967823127Z }
2021-05-06T04:43:53.971627347Z [1620276233.972][DEBUG]: DevTools WebSocket Response: Runtime.evaluate (id=9) 09A1EC37252C834DE48AB90DBD2F7AC7 {
2021-05-06T04:43:53.971640247Z    "result": {
2021-05-06T04:43:53.971644247Z       "type": "string",
2021-05-06T04:43:53.971647847Z       "value": "complete"
2021-05-06T04:43:53.971651347Z    }
2021-05-06T04:43:53.971654647Z }
2021-05-06T04:43:53.971657947Z [1620276233.972][DEBUG]: DevTools WebSocket Command: Page.enable (id=11) 09A1EC37252C834DE48AB90DBD2F7AC7 {
2021-05-06T04:43:53.971661447Z 
2021-05-06T04:43:53.971664647Z }
2021-05-06T04:43:53.972050249Z [1620276233.972][DEBUG]: DevTools WebSocket Response: DOM.getDocument (id=10) 09A1EC37252C834DE48AB90DBD2F7AC7 {
2021-05-06T04:43:53.972060549Z    "root": {
2021-05-06T04:43:53.972072249Z       "backendNodeId": 2,
2021-05-06T04:43:53.972076249Z       "baseURL": "data:,",
2021-05-06T04:43:53.972079749Z       "childNodeCount": 1,
2021-05-06T04:43:53.972083149Z       "children": [ {
2021-05-06T04:43:53.972086649Z          "attributes": [  ],
2021-05-06T04:43:53.972089949Z          "backendNodeId": 3,
2021-05-06T04:43:53.972102749Z          "childNodeCount": 2,
2021-05-06T04:43:53.972106349Z          "children": [ {
2021-05-06T04:43:53.972109849Z             "attributes": [  ],
2021-05-06T04:43:53.972113249Z             "backendNodeId": 4,
2021-05-06T04:43:53.972116649Z             "childNodeCount": 0,
2021-05-06T04:43:53.972119949Z             "localName": "head",
2021-05-06T04:43:53.972123649Z             "nodeId": 5,
2021-05-06T04:43:53.972127049Z             "nodeName": "HEAD",
2021-05-06T04:43:53.972130449Z             "nodeType": 1,
2021-05-06T04:43:53.972133849Z             "nodeValue": "",
2021-05-06T04:43:53.972137749Z             "parentId": 4
2021-05-06T04:43:53.972141149Z          }, {
2021-05-06T04:43:53.972144449Z             "attributes": [  ],
2021-05-06T04:43:53.972147749Z             "backendNodeId": 5,
2021-05-06T04:43:53.972151249Z             "childNodeCount": 0,
2021-05-06T04:43:53.972154549Z             "localName": "body",
2021-05-06T04:43:53.972157849Z             "nodeId": 6,
2021-05-06T04:43:53.972161349Z             "nodeName": "BODY",
2021-05-06T04:43:53.972164649Z             "nodeType": 1,
2021-05-06T04:43:53.972167949Z             "nodeValue": "",
2021-05-06T04:43:53.972171349Z             "parentId": 4
2021-05-06T04:43:53.972174749Z          } ],
2021-05-06T04:43:53.972178049Z          "frameId": "09A1EC37252C834DE48AB90DBD2F7AC7",
2021-05-06T04:43:53.972181549Z          "localName": "html",
2021-05-06T04:43:53.972184949Z          "nodeId": 4,
2021-05-06T04:43:53.972188249Z          "nodeName": "HTML",
2021-05-06T04:43:53.972191649Z          "nodeType": 1,
2021-05-06T04:43:53.972194949Z          "nodeValue": "",
2021-05-06T04:43:53.972198349Z          "parentId": 3
2021-05-06T04:43:53.972201650Z       } ],
2021-05-06T04:43:53.972204950Z       "documentURL": "data:,",
2021-05-06T04:43:53.972208350Z       "localName": "",
2021-05-06T04:43:53.972211750Z       "nodeId": 3,
2021-05-06T04:43:53.972215050Z       "nodeName": "#document",
2021-05-06T04:43:53.972218450Z       "nodeType": 9,
2021-05-06T04:43:53.972224950Z       "nodeValue": "",
2021-05-06T04:43:53.972228550Z       "xmlVersion": ""
2021-05-06T04:43:53.972231950Z    }
2021-05-06T04:43:53.972235150Z }
2021-05-06T04:43:53.972557851Z [1620276233.972][DEBUG]: DevTools WebSocket Response: Page.enable (id=11) 09A1EC37252C834DE48AB90DBD2F7AC7 {
2021-05-06T04:43:53.972569151Z 
2021-05-06T04:43:53.972572651Z }
2021-05-06T04:43:53.972575951Z [1620276233.973][DEBUG]: DevTools WebSocket Command: Runtime.enable (id=12) 09A1EC37252C834DE48AB90DBD2F7AC7 {
2021-05-06T04:43:53.972579451Z 
2021-05-06T04:43:53.972582651Z }
2021-05-06T04:43:53.973572157Z [1620276233.973][DEBUG]: DevTools WebSocket Response: Runtime.enable (id=12) 09A1EC37252C834DE48AB90DBD2F7AC7 {
2021-05-06T04:43:53.973582857Z 
2021-05-06T04:43:53.973586057Z }
2021-05-06T04:43:53.974010759Z [1620276233.974][DEBUG]: DevTools WebSocket Command: Runtime.evaluate (id=13) 09A1EC37252C834DE48AB90DBD2F7AC7 {
2021-05-06T04:43:53.974021759Z    "awaitPromise": true,
2021-05-06T04:43:53.974025659Z    "expression": "(function() { // Copyright (c) 2012 The Chromium Authors. All rights reserved.\n// Use of this source code is governed by a BSD-style license that can be\n// found in the LICENSE file.\n\n/**\n * Enum f...",
2021-05-06T04:43:53.974030059Z    "returnByValue": true
2021-05-06T04:43:53.974033559Z }
2021-05-06T04:43:53.981616698Z [1620276233.982][DEBUG]: DevTools WebSocket Response: Runtime.evaluate (id=13) 09A1EC37252C834DE48AB90DBD2F7AC7 {
2021-05-06T04:43:53.981631798Z    "result": {
2021-05-06T04:43:53.981635898Z       "type": "object",
2021-05-06T04:43:53.981660998Z       "value": {
2021-05-06T04:43:53.981666098Z          "status": 0,
2021-05-06T04:43:53.981679198Z          "value": 1
2021-05-06T04:43:53.981683098Z       }
2021-05-06T04:43:53.981686398Z    }
2021-05-06T04:43:53.981689598Z }
2021-05-06T04:43:53.981716599Z [1620276233.982][INFO]: [83ba5a963480cb03bd36e3fbb29061aa] RESPONSE InitSession {
2021-05-06T04:43:53.981721699Z    "capabilities": {
2021-05-06T04:43:53.981725199Z       "acceptInsecureCerts": false,
2021-05-06T04:43:53.981728699Z       "browserName": "chrome",
2021-05-06T04:43:53.981732299Z       "browserVersion": "88.0.4324.96",
2021-05-06T04:43:53.981735799Z       "chrome": {
2021-05-06T04:43:53.981739299Z          "chromedriverVersion": "88.0.4324.27 (6347fe8bf1e48bd0c54d07dc55ca011cf40861c9-refs/branch-heads/4324@{#450})",
2021-05-06T04:43:53.981742999Z          "userDataDir": "/tmp/.com.google.Chrome.LoIICQ"
2021-05-06T04:43:53.981746599Z       },
2021-05-06T04:43:53.981749899Z       "goog:chromeOptions": {
2021-05-06T04:43:53.981762599Z          "debuggerAddress": "localhost:34219"
2021-05-06T04:43:53.981768499Z       },
2021-05-06T04:43:53.981771899Z       "networkConnectionEnabled": false,
2021-05-06T04:43:53.981775299Z       "pageLoadStrategy": "normal",
2021-05-06T04:43:53.981787299Z       "platformName": "linux",
2021-05-06T04:43:53.981790699Z       "proxy": {
2021-05-06T04:43:53.981793999Z 
2021-05-06T04:43:53.981797299Z       },
2021-05-06T04:43:53.981800499Z       "setWindowRect": true,
2021-05-06T04:43:53.981803899Z       "strictFileInteractability": false,
2021-05-06T04:43:53.981807299Z       "timeouts": {
2021-05-06T04:43:53.981810799Z          "implicit": 0,
2021-05-06T04:43:53.981814199Z          "pageLoad": 300000,
2021-05-06T04:43:53.981817599Z          "script": 30000
2021-05-06T04:43:53.981820999Z       },
2021-05-06T04:43:53.981824299Z       "unhandledPromptBehavior": "dismiss and notify",
2021-05-06T04:43:53.981827799Z       "webauthn:extension:largeBlob": true,
2021-05-06T04:43:53.981831299Z       "webauthn:virtualAuthenticators": true
2021-05-06T04:43:53.981834799Z    },
2021-05-06T04:43:53.981838099Z    "sessionId": "83ba5a963480cb03bd36e3fbb29061aa"
2021-05-06T04:43:53.981841599Z }
2021-05-06T04:43:53.992054052Z [1620276233.990][INFO]: [83ba5a963480cb03bd36e3fbb29061aa] COMMAND SetTimeouts {
2021-05-06T04:43:53.992068452Z    "implicit": 30000
2021-05-06T04:43:53.992072652Z }
2021-05-06T04:43:53.992076152Z [1620276233.990][INFO]: [83ba5a963480cb03bd36e3fbb29061aa] RESPONSE SetTimeouts
2021-05-06T04:43:54.010417447Z [1620276234.010][INFO]: [83ba5a963480cb03bd36e3fbb29061aa] COMMAND Navigate {
2021-05-06T04:43:54.010434847Z    "url": "https://www.selenium.dev/downloads/"
2021-05-06T04:43:54.010756148Z }
2021-05-06T04:43:54.010767148Z [1620276234.010][INFO]: Waiting for pending navigations...
2021-05-06T04:43:54.010770848Z [1620276234.010][DEBUG]: DevTools WebSocket Command: Runtime.evaluate (id=14) 09A1EC37252C834DE48AB90DBD2F7AC7 {
2021-05-06T04:43:54.010774049Z    "expression": "1"
2021-05-06T04:43:54.010777249Z }
2021-05-06T04:43:54.011310651Z [1620276234.011][DEBUG]: DevTools WebSocket Response: Runtime.evaluate (id=14) 09A1EC37252C834DE48AB90DBD2F7AC7 {
2021-05-06T04:43:54.011320351Z    "result": {
2021-05-06T04:43:54.011323651Z       "description": "1",
2021-05-06T04:43:54.011326751Z       "type": "number",
2021-05-06T04:43:54.011330251Z       "value": 1
2021-05-06T04:43:54.011333551Z    }
2021-05-06T04:43:54.011336451Z }
2021-05-06T04:43:54.011349651Z [1620276234.011][INFO]: Done waiting for pending navigations. Status: ok
2021-05-06T04:43:54.011353152Z [1620276234.011][DEBUG]: DevTools WebSocket Command: Page.navigate (id=15) 09A1EC37252C834DE48AB90DBD2F7AC7 {
2021-05-06T04:43:54.011356152Z    "url": "https://www.selenium.dev/downloads/"
2021-05-06T04:43:54.011359352Z }
2021-05-06T04:43:54.238204722Z [1620276234.238][DEBUG]: DevTools WebSocket Response: Page.navigate (id=15) 09A1EC37252C834DE48AB90DBD2F7AC7 {
2021-05-06T04:43:54.238263722Z    "frameId": "09A1EC37252C834DE48AB90DBD2F7AC7",
2021-05-06T04:43:54.238268122Z    "loaderId": "B8833735CC61605CECF897238ACAF96F"
2021-05-06T04:43:54.238271922Z }
2021-05-06T04:43:54.238392423Z [1620276234.238][DEBUG]: DevTools WebSocket Command: Runtime.evaluate (id=16) 09A1EC37252C834DE48AB90DBD2F7AC7 {
2021-05-06T04:43:54.238400823Z    "expression": "document.URL"
2021-05-06T04:43:54.238404323Z }
2021-05-06T04:43:54.238873125Z [1620276234.239][DEBUG]: DevTools WebSocket Event: Runtime.executionContextsCleared 09A1EC37252C834DE48AB90DBD2F7AC7 {
2021-05-06T04:43:54.238884425Z 
2021-05-06T04:43:54.238887525Z }
2021-05-06T04:43:54.240496934Z [1620276234.240][DEBUG]: DevTools WebSocket Event: Page.frameStartedLoading 09A1EC37252C834DE48AB90DBD2F7AC7 {
2021-05-06T04:43:54.240536534Z    "frameId": "09A1EC37252C834DE48AB90DBD2F7AC7"
2021-05-06T04:43:54.240540834Z }
2021-05-06T04:43:54.256685417Z [1620276234.257][DEBUG]: DevTools WebSocket Event: Runtime.executionContextsCleared 09A1EC37252C834DE48AB90DBD2F7AC7 {
2021-05-06T04:43:54.256749918Z 
2021-05-06T04:43:54.256757618Z }
2021-05-06T04:43:54.257102619Z [1620276234.257][DEBUG]: DevTools WebSocket Event: Page.frameNavigated 09A1EC37252C834DE48AB90DBD2F7AC7 {
2021-05-06T04:43:54.257113620Z    "frame": {
2021-05-06T04:43:54.257117320Z       "adFrameType": "none",
2021-05-06T04:43:54.257121020Z       "crossOriginIsolatedContextType": "NotIsolated",
2021-05-06T04:43:54.257124620Z       "domainAndRegistry": "selenium.dev",
2021-05-06T04:43:54.257128020Z       "gatedAPIFeatures": [ "SharedArrayBuffers", "SharedArrayBuffersTransferAllowed" ],
2021-05-06T04:43:54.257131520Z       "id": "09A1EC37252C834DE48AB90DBD2F7AC7",
2021-05-06T04:43:54.257134920Z       "loaderId": "B8833735CC61605CECF897238ACAF96F",
2021-05-06T04:43:54.257148420Z       "mimeType": "text/html",
2021-05-06T04:43:54.257151720Z       "secureContextType": "Secure",
2021-05-06T04:43:54.257154920Z       "securityOrigin": "https://www.selenium.dev",
2021-05-06T04:43:54.257158420Z       "url": "https://www.selenium.dev/downloads/"
2021-05-06T04:43:54.257161820Z    }
2021-05-06T04:43:54.257165920Z }
2021-05-06T04:43:54.257372921Z [1620276234.257][DEBUG]: DevTools WebSocket Event: DOM.documentUpdated 09A1EC37252C834DE48AB90DBD2F7AC7 {
2021-05-06T04:43:54.257392521Z 
2021-05-06T04:43:54.257396121Z }
2021-05-06T04:43:54.257492821Z [1620276234.257][DEBUG]: DevTools WebSocket Command: DOM.getDocument (id=17) 09A1EC37252C834DE48AB90DBD2F7AC7 {
2021-05-06T04:43:54.257501222Z 
2021-05-06T04:43:54.257504222Z }
2021-05-06T04:43:54.257915624Z [1620276234.258][DEBUG]: DevTools WebSocket Event: Runtime.executionContextCreated 09A1EC37252C834DE48AB90DBD2F7AC7 {
2021-05-06T04:43:54.257926124Z    "context": {
2021-05-06T04:43:54.257929424Z       "auxData": {
2021-05-06T04:43:54.257932524Z          "frameId": "09A1EC37252C834DE48AB90DBD2F7AC7",
2021-05-06T04:43:54.257935824Z          "isDefault": true,
2021-05-06T04:43:54.257939124Z          "type": "default"
2021-05-06T04:43:54.257942224Z       },
2021-05-06T04:43:54.257945324Z       "id": 1,
2021-05-06T04:43:54.257998524Z       "name": "",
2021-05-06T04:43:54.258002224Z       "origin": "https://www.selenium.dev"
2021-05-06T04:43:54.258005424Z    }
2021-05-06T04:43:54.258008424Z }
2021-05-06T04:43:54.275037512Z [1620276234.275][DEBUG]: DevTools WebSocket Response: Runtime.evaluate (id=16) 09A1EC37252C834DE48AB90DBD2F7AC7 {
2021-05-06T04:43:54.275082112Z    "result": {
2021-05-06T04:43:54.275086912Z       "type": "string",
2021-05-06T04:43:54.275090312Z       "value": "https://www.selenium.dev/downloads/"
2021-05-06T04:43:54.275093612Z    }
2021-05-06T04:43:54.275096512Z }
2021-05-06T04:43:54.275213813Z [1620276234.275][INFO]: Waiting for pending navigations...
2021-05-06T04:43:54.275318013Z [1620276234.275][DEBUG]: DevTools WebSocket Command: Runtime.evaluate (id=18) 09A1EC37252C834DE48AB90DBD2F7AC7 {
2021-05-06T04:43:54.275326313Z    "expression": "1"
2021-05-06T04:43:54.275329714Z }
2021-05-06T04:43:54.276390319Z [1620276234.276][DEBUG]: DevTools WebSocket Response: DOM.getDocument (id=17) 09A1EC37252C834DE48AB90DBD2F7AC7 {
2021-05-06T04:43:54.276402919Z    "root": {
2021-05-06T04:43:54.276407019Z       "backendNodeId": 1,
2021-05-06T04:43:54.276410619Z       "baseURL": "https://www.selenium.dev/downloads/",
2021-05-06T04:43:54.276414319Z       "childNodeCount": 0,
2021-05-06T04:43:54.276417819Z       "children": [  ],
2021-05-06T04:43:54.276421219Z       "documentURL": "https://www.selenium.dev/downloads/",
2021-05-06T04:43:54.276436419Z       "localName": "",
2021-05-06T04:43:54.276440219Z       "nodeId": 1,
2021-05-06T04:43:54.276443519Z       "nodeName": "#document",
2021-05-06T04:43:54.276446919Z       "nodeType": 9,
2021-05-06T04:43:54.276461619Z       "nodeValue": "",
2021-05-06T04:43:54.276465719Z       "xmlVersion": ""
2021-05-06T04:43:54.276469119Z    }
2021-05-06T04:43:54.276472319Z }
2021-05-06T04:43:54.277023122Z [1620276234.277][DEBUG]: DevTools WebSocket Response: Runtime.evaluate (id=18) 09A1EC37252C834DE48AB90DBD2F7AC7 {
2021-05-06T04:43:54.277034822Z    "result": {
2021-05-06T04:43:54.277038522Z       "description": "1",
2021-05-06T04:43:54.277042022Z       "type": "number",
2021-05-06T04:43:54.277045622Z       "value": 1
2021-05-06T04:43:54.277049122Z    }
2021-05-06T04:43:54.277052322Z }
2021-05-06T04:43:54.309181588Z [1620276234.309][DEBUG]: DevTools WebSocket Event: DOM.childNodeInserted 09A1EC37252C834DE48AB90DBD2F7AC7 {
2021-05-06T04:43:54.309202188Z    "node": {
2021-05-06T04:43:54.309206088Z       "backendNodeId": 2,
2021-05-06T04:43:54.309209388Z       "localName": "",
2021-05-06T04:43:54.309212588Z       "nodeId": 2,
2021-05-06T04:43:54.309215788Z       "nodeName": "html",
2021-05-06T04:43:54.309218888Z       "nodeType": 10,
2021-05-06T04:43:54.309221988Z       "nodeValue": "",
2021-05-06T04:43:54.309224988Z       "publicId": "",
2021-05-06T04:43:54.309227988Z       "systemId": ""
2021-05-06T04:43:54.309230988Z    },
2021-05-06T04:43:54.309233888Z    "parentNodeId": 1,
2021-05-06T04:43:54.309236888Z    "previousNodeId": 0
2021-05-06T04:43:54.309239988Z }
2021-05-06T04:43:54.309361189Z [1620276234.309][DEBUG]: DevTools WebSocket Command: Runtime.evaluate (id=19) 09A1EC37252C834DE48AB90DBD2F7AC7 {
2021-05-06T04:43:54.309370589Z    "expression": "1"
2021-05-06T04:43:54.309373789Z }
2021-05-06T04:43:54.309953992Z [1620276234.310][DEBUG]: DevTools WebSocket Event: DOM.childNodeInserted 09A1EC37252C834DE48AB90DBD2F7AC7 {
2021-05-06T04:43:54.309964392Z    "node": {
2021-05-06T04:43:54.309967692Z       "attributes": [  ],
2021-05-06T04:43:54.309970792Z       "backendNodeId": 3,
2021-05-06T04:43:54.309973792Z       "childNodeCount": 0,
2021-05-06T04:43:54.309976892Z       "frameId": "09A1EC37252C834DE48AB90DBD2F7AC7",
2021-05-06T04:43:54.309980192Z       "localName": "html",
2021-05-06T04:43:54.309986292Z       "nodeId": 3,
2021-05-06T04:43:54.309989292Z       "nodeName": "HTML",
2021-05-06T04:43:54.310001692Z       "nodeType": 1,
2021-05-06T04:43:54.310005392Z       "nodeValue": ""
2021-05-06T04:43:54.310008492Z    },
2021-05-06T04:43:54.310011492Z    "parentNodeId": 1,
2021-05-06T04:43:54.310023893Z    "previousNodeId": 2
2021-05-06T04:43:54.310027193Z }
2021-05-06T04:43:54.310335694Z [1620276234.310][DEBUG]: DevTools WebSocket Event: DOM.childNodeCountUpdated 09A1EC37252C834DE48AB90DBD2F7AC7 {
2021-05-06T04:43:54.310345594Z    "childNodeCount": 1,
2021-05-06T04:43:54.310348894Z    "nodeId": 3
2021-05-06T04:43:54.310351994Z }
2021-05-06T04:43:54.310741696Z [1620276234.311][DEBUG]: DevTools WebSocket Event: DOM.childNodeCountUpdated 09A1EC37252C834DE48AB90DBD2F7AC7 {
2021-05-06T04:43:54.310752796Z    "childNodeCount": 2,
2021-05-06T04:43:54.310756096Z    "nodeId": 3
2021-05-06T04:43:54.310759296Z }
2021-05-06T04:43:54.363657669Z [1620276234.364][DEBUG]: DevTools WebSocket Event: Page.frameResized 09A1EC37252C834DE48AB90DBD2F7AC7 {
2021-05-06T04:43:54.363689369Z 
2021-05-06T04:43:54.363693869Z }
2021-05-06T04:43:54.363930471Z [1620276234.364][DEBUG]: DevTools WebSocket Response: Runtime.evaluate (id=19) 09A1EC37252C834DE48AB90DBD2F7AC7 {
2021-05-06T04:43:54.363942171Z    "result": {
2021-05-06T04:43:54.363946071Z       "description": "1",
2021-05-06T04:43:54.363949871Z       "type": "number",
2021-05-06T04:43:54.363953571Z       "value": 1
2021-05-06T04:43:54.363956971Z    }
2021-05-06T04:43:54.363960571Z }
2021-05-06T04:43:54.492388333Z [1620276234.492][DEBUG]: DevTools WebSocket Event: DOM.documentUpdated 09A1EC37252C834DE48AB90DBD2F7AC7 {
2021-05-06T04:43:54.492415834Z 
2021-05-06T04:43:54.492420034Z }
2021-05-06T04:43:54.492569434Z [1620276234.492][DEBUG]: DevTools WebSocket Command: DOM.getDocument (id=20) 09A1EC37252C834DE48AB90DBD2F7AC7 {
2021-05-06T04:43:54.492579534Z 
2021-05-06T04:43:54.492582934Z }
2021-05-06T04:43:54.492869936Z [1620276234.493][DEBUG]: DevTools WebSocket Event: Page.domContentEventFired 09A1EC37252C834DE48AB90DBD2F7AC7 {
2021-05-06T04:43:54.492885236Z    "timestamp": 177.518849
2021-05-06T04:43:54.492889836Z }
2021-05-06T04:43:54.492935336Z [1620276234.493][DEBUG]: DevTools WebSocket Command: Runtime.evaluate (id=21) 09A1EC37252C834DE48AB90DBD2F7AC7 {
2021-05-06T04:43:54.492942136Z    "expression": "1"
2021-05-06T04:43:54.492945936Z }
2021-05-06T04:43:54.506505106Z [1620276234.506][DEBUG]: DevTools WebSocket Response: DOM.getDocument (id=20) 09A1EC37252C834DE48AB90DBD2F7AC7 {
2021-05-06T04:43:54.506530306Z    "root": {
2021-05-06T04:43:54.506534306Z       "backendNodeId": 1,
2021-05-06T04:43:54.506537506Z       "baseURL": "https://www.selenium.dev/downloads/",
2021-05-06T04:43:54.506540706Z       "childNodeCount": 2,
2021-05-06T04:43:54.506553107Z       "children": [ {
2021-05-06T04:43:54.506556407Z          "backendNodeId": 2,
2021-05-06T04:43:54.506576707Z          "localName": "",
2021-05-06T04:43:54.506579807Z          "nodeId": 5,
2021-05-06T04:43:54.506582607Z          "nodeName": "html",
2021-05-06T04:43:54.506585707Z          "nodeType": 10,
2021-05-06T04:43:54.506588507Z          "nodeValue": "",
2021-05-06T04:43:54.506591507Z          "parentId": 4,
2021-05-06T04:43:54.506594307Z          "publicId": "",
2021-05-06T04:43:54.506613007Z          "systemId": ""
2021-05-06T04:43:54.506615907Z       }, {
2021-05-06T04:43:54.506618707Z          "attributes": [  ],
2021-05-06T04:43:54.506621407Z          "backendNodeId": 3,
2021-05-06T04:43:54.506624207Z          "childNodeCount": 2,
2021-05-06T04:43:54.506626907Z          "children": [ {
2021-05-06T04:43:54.506629807Z             "attributes": [  ],
2021-05-06T04:43:54.506632607Z             "backendNodeId": 16,
2021-05-06T04:43:54.506635307Z             "childNodeCount": 4,
2021-05-06T04:43:54.506638107Z             "localName": "head",
2021-05-06T04:43:54.506641307Z             "nodeId": 7,
2021-05-06T04:43:54.506644007Z             "nodeName": "HEAD",
2021-05-06T04:43:54.506646807Z             "nodeType": 1,
2021-05-06T04:43:54.506649607Z             "nodeValue": "",
2021-05-06T04:43:54.506652407Z             "parentId": 6
2021-05-06T04:43:54.506655207Z          }, {
2021-05-06T04:43:54.506657907Z             "attributes": [  ],
2021-05-06T04:43:54.506660607Z             "backendNodeId": 11,
2021-05-06T04:43:54.506663407Z             "childNodeCount": 32,
2021-05-06T04:43:54.506666207Z             "localName": "body",
2021-05-06T04:43:54.506668907Z             "nodeId": 8,
2021-05-06T04:43:54.506671607Z             "nodeName": "BODY",
2021-05-06T04:43:54.506674507Z             "nodeType": 1,
2021-05-06T04:43:54.506677207Z             "nodeValue": "",
2021-05-06T04:43:54.506680007Z             "parentId": 6
2021-05-06T04:43:54.506682807Z          } ],
2021-05-06T04:43:54.506701307Z          "frameId": "09A1EC37252C834DE48AB90DBD2F7AC7",
2021-05-06T04:43:54.506706207Z          "localName": "html",
2021-05-06T04:43:54.506709107Z          "nodeId": 6,
2021-05-06T04:43:54.506711807Z          "nodeName": "HTML",
2021-05-06T04:43:54.506714607Z          "nodeType": 1,
2021-05-06T04:43:54.506717307Z          "nodeValue": "",
2021-05-06T04:43:54.506724007Z          "parentId": 4
2021-05-06T04:43:54.506726807Z       } ],
2021-05-06T04:43:54.506729507Z       "documentURL": "https://www.selenium.dev/downloads/",
2021-05-06T04:43:54.506732407Z       "localName": "",
2021-05-06T04:43:54.506735207Z       "nodeId": 4,
2021-05-06T04:43:54.506737907Z       "nodeName": "#document",
2021-05-06T04:43:54.506740707Z       "nodeType": 9,
2021-05-06T04:43:54.506743407Z       "nodeValue": "",
2021-05-06T04:43:54.506746208Z       "xmlVersion": ""
2021-05-06T04:43:54.506749008Z    }
2021-05-06T04:43:54.506751708Z }
2021-05-06T04:43:54.506877408Z [1620276234.507][DEBUG]: DevTools WebSocket Response: Runtime.evaluate (id=21) 09A1EC37252C834DE48AB90DBD2F7AC7 {
2021-05-06T04:43:54.506891708Z    "result": {
2021-05-06T04:43:54.506896008Z       "description": "1",
2021-05-06T04:43:54.506899608Z       "type": "number",
2021-05-06T04:43:54.506903208Z       "value": 1
2021-05-06T04:43:54.506906708Z    }
2021-05-06T04:43:54.506909908Z }
2021-05-06T04:43:54.515342152Z [1620276234.515][DEBUG]: DevTools WebSocket Event: DOM.childNodeCountUpdated 09A1EC37252C834DE48AB90DBD2F7AC7 {
2021-05-06T04:43:54.515355052Z    "childNodeCount": 5,
2021-05-06T04:43:54.515359252Z    "nodeId": 7
2021-05-06T04:43:54.515362852Z }
2021-05-06T04:43:54.515422752Z [1620276234.515][DEBUG]: DevTools WebSocket Event: DOM.childNodeCountUpdated 09A1EC37252C834DE48AB90DBD2F7AC7 {
2021-05-06T04:43:54.515435552Z    "childNodeCount": 6,
2021-05-06T04:43:54.515439352Z    "nodeId": 7
2021-05-06T04:43:54.515442552Z }
2021-05-06T04:43:54.515562453Z [1620276234.515][DEBUG]: DevTools WebSocket Command: Runtime.evaluate (id=22) 09A1EC37252C834DE48AB90DBD2F7AC7 {
2021-05-06T04:43:54.515571653Z    "expression": "1"
2021-05-06T04:43:54.515575453Z }
2021-05-06T04:43:54.516158456Z [1620276234.516][DEBUG]: DevTools WebSocket Event: DOM.childNodeCountUpdated 09A1EC37252C834DE48AB90DBD2F7AC7 {
2021-05-06T04:43:54.516169656Z    "childNodeCount": 7,
2021-05-06T04:43:54.516173456Z    "nodeId": 7
2021-05-06T04:43:54.516176956Z }
2021-05-06T04:43:54.601054394Z [1620276234.601][DEBUG]: DevTools WebSocket Event: Page.frameResized 09A1EC37252C834DE48AB90DBD2F7AC7 {
2021-05-06T04:43:54.601081194Z 
2021-05-06T04:43:54.601084894Z }
2021-05-06T04:43:54.601218595Z [1620276234.601][DEBUG]: DevTools WebSocket Response: Runtime.evaluate (id=22) 09A1EC37252C834DE48AB90DBD2F7AC7 {
2021-05-06T04:43:54.601227795Z    "result": {
2021-05-06T04:43:54.601230995Z       "description": "1",
2021-05-06T04:43:54.601245895Z       "type": "number",
2021-05-06T04:43:54.601249195Z       "value": 1
2021-05-06T04:43:54.601252095Z    }
2021-05-06T04:43:54.601254895Z }
2021-05-06T04:43:54.730122660Z [1620276234.730][DEBUG]: DevTools WebSocket Event: DOM.childNodeCountUpdated 09A1EC37252C834DE48AB90DBD2F7AC7 {
2021-05-06T04:43:54.730143160Z    "childNodeCount": 8,
2021-05-06T04:43:54.730146960Z    "nodeId": 7
2021-05-06T04:43:54.730150260Z }
2021-05-06T04:43:54.730254861Z [1620276234.730][DEBUG]: DevTools WebSocket Command: Runtime.evaluate (id=23) 09A1EC37252C834DE48AB90DBD2F7AC7 {
2021-05-06T04:43:54.730263661Z    "expression": "1"
2021-05-06T04:43:54.730267061Z }
2021-05-06T04:43:54.730908064Z [1620276234.731][DEBUG]: DevTools WebSocket Event: DOM.childNodeCountUpdated 09A1EC37252C834DE48AB90DBD2F7AC7 {
2021-05-06T04:43:54.730918464Z    "childNodeCount": 9,
2021-05-06T04:43:54.730921964Z    "nodeId": 7
2021-05-06T04:43:54.730925264Z }
2021-05-06T04:43:54.731236466Z [1620276234.731][DEBUG]: DevTools WebSocket Event: DOM.childNodeCountUpdated 09A1EC37252C834DE48AB90DBD2F7AC7 {
2021-05-06T04:43:54.731246666Z    "childNodeCount": 10,
2021-05-06T04:43:54.731250066Z    "nodeId": 7
2021-05-06T04:43:54.731253466Z }
2021-05-06T04:43:54.732165571Z [1620276234.732][DEBUG]: DevTools WebSocket Event: DOM.childNodeCountUpdated 09A1EC37252C834DE48AB90DBD2F7AC7 {
2021-05-06T04:43:54.732175571Z    "childNodeCount": 33,
2021-05-06T04:43:54.732178871Z    "nodeId": 8
2021-05-06T04:43:54.732199371Z }
2021-05-06T04:43:54.751503870Z [1620276234.751][DEBUG]: DevTools WebSocket Response: Runtime.evaluate (id=23) 09A1EC37252C834DE48AB90DBD2F7AC7 {
2021-05-06T04:43:54.751523070Z    "result": {
2021-05-06T04:43:54.751527270Z       "description": "1",
2021-05-06T04:43:54.751530770Z       "type": "number",
2021-05-06T04:43:54.751534370Z       "value": 1
2021-05-06T04:43:54.751537571Z    }
2021-05-06T04:43:54.751540871Z }
2021-05-06T04:43:54.761919924Z [1620276234.762][DEBUG]: DevTools WebSocket Event: Page.loadEventFired 09A1EC37252C834DE48AB90DBD2F7AC7 {
2021-05-06T04:43:54.761935924Z    "timestamp": 177.787136
2021-05-06T04:43:54.761940024Z }
2021-05-06T04:43:54.762060025Z [1620276234.762][DEBUG]: DevTools WebSocket Command: Runtime.evaluate (id=24) 09A1EC37252C834DE48AB90DBD2F7AC7 {
2021-05-06T04:43:54.762069425Z    "awaitPromise": false,
2021-05-06T04:43:54.762072925Z    "expression": "document.readyState",
2021-05-06T04:43:54.762076425Z    "returnByValue": true
2021-05-06T04:43:54.762079825Z }
2021-05-06T04:43:54.762669828Z [1620276234.763][DEBUG]: DevTools WebSocket Event: Page.frameStoppedLoading 09A1EC37252C834DE48AB90DBD2F7AC7 {
2021-05-06T04:43:54.762704528Z    "frameId": "09A1EC37252C834DE48AB90DBD2F7AC7"
2021-05-06T04:43:54.762710328Z }
2021-05-06T04:43:54.763453132Z [1620276234.763][DEBUG]: DevTools WebSocket Response: Runtime.evaluate (id=24) 09A1EC37252C834DE48AB90DBD2F7AC7 {
2021-05-06T04:43:54.763481432Z    "result": {
2021-05-06T04:43:54.763485132Z       "type": "string",
2021-05-06T04:43:54.763488632Z       "value": "complete"
2021-05-06T04:43:54.763492032Z    }
2021-05-06T04:43:54.763495132Z }
2021-05-06T04:43:54.763609533Z [1620276234.764][DEBUG]: DevTools WebSocket Command: Runtime.evaluate (id=25) 09A1EC37252C834DE48AB90DBD2F7AC7 {
2021-05-06T04:43:54.763617833Z    "expression": "1"
2021-05-06T04:43:54.763621133Z }
2021-05-06T04:43:54.764384537Z [1620276234.764][DEBUG]: DevTools WebSocket Response: Runtime.evaluate (id=25) 09A1EC37252C834DE48AB90DBD2F7AC7 {
2021-05-06T04:43:54.764394937Z    "result": {
2021-05-06T04:43:54.764398337Z       "description": "1",
2021-05-06T04:43:54.764401637Z       "type": "number",
2021-05-06T04:43:54.764404937Z       "value": 1
2021-05-06T04:43:54.764408237Z    }
2021-05-06T04:43:54.764411237Z }
2021-05-06T04:43:54.764510837Z [1620276234.764][INFO]: Done waiting for pending navigations. Status: ok
2021-05-06T04:43:54.764576038Z [1620276234.765][INFO]: [83ba5a963480cb03bd36e3fbb29061aa] RESPONSE Navigate
2021-05-06T04:43:54.769091861Z [1620276234.769][INFO]: [83ba5a963480cb03bd36e3fbb29061aa] COMMAND Screenshot {
2021-05-06T04:43:54.769105061Z 
2021-05-06T04:43:54.769108661Z }
2021-05-06T04:43:54.769265362Z [1620276234.769][INFO]: Waiting for pending navigations...
2021-05-06T04:43:54.769399263Z [1620276234.769][DEBUG]: DevTools WebSocket Command: Runtime.evaluate (id=26) 09A1EC37252C834DE48AB90DBD2F7AC7 {
2021-05-06T04:43:54.769407563Z    "expression": "1"
2021-05-06T04:43:54.769411063Z }
2021-05-06T04:43:54.772936181Z [1620276234.773][DEBUG]: DevTools WebSocket Response: Runtime.evaluate (id=26) 09A1EC37252C834DE48AB90DBD2F7AC7 {
2021-05-06T04:43:54.772949281Z    "result": {
2021-05-06T04:43:54.772953281Z       "description": "1",
2021-05-06T04:43:54.772956681Z       "type": "number",
2021-05-06T04:43:54.772960281Z       "value": 1
2021-05-06T04:43:54.772963481Z    }
2021-05-06T04:43:54.772966481Z }
2021-05-06T04:43:54.773058982Z [1620276234.773][INFO]: Done waiting for pending navigations. Status: ok
2021-05-06T04:43:54.773154382Z [1620276234.773][DEBUG]: DevTools HTTP Request: http://localhost:34219/json/activate/09A1EC37252C834DE48AB90DBD2F7AC7
2021-05-06T04:43:54.777340404Z [1620276234.777][DEBUG]: DevTools HTTP Response: Target activated
2021-05-06T04:43:54.777535005Z [1620276234.777][DEBUG]: DevTools WebSocket Command: Page.captureScreenshot (id=27) 09A1EC37252C834DE48AB90DBD2F7AC7 {
2021-05-06T04:43:54.777545905Z 
2021-05-06T04:43:54.777549305Z }
2021-05-06T04:43:55.141631883Z [1620276235.142][DEBUG]: DevTools WebSocket Response: Page.captureScreenshot (id=27) 09A1EC37252C834DE48AB90DBD2F7AC7 {
2021-05-06T04:43:55.141661583Z    "data": "iVBORw0KGgoAAAANSUhEUgAAA6kAAAOjCAYAAABZRELVAAAAAXNSR0IArs4c6QAAIABJREFUeJzs3Xd0XPWd///Xnd6kUS+WrGZb7r1hg8H0lgApEBKSzabtbsou37Dlm81udpN8N9/dJGez55tfsptdSGGTQBJCaEsxNhiDARtsI/cqy3JXsbpGmnp/f8geJM2ou..."
2021-05-06T04:43:55.141666083Z }
2021-05-06T04:43:55.142006785Z [1620276235.142][INFO]: Waiting for pending navigations...
2021-05-06T04:43:55.142130186Z [1620276235.142][DEBUG]: DevTools WebSocket Command: Runtime.evaluate (id=28) 09A1EC37252C834DE48AB90DBD2F7AC7 {
2021-05-06T04:43:55.142138786Z    "expression": "1"
2021-05-06T04:43:55.142142186Z }
2021-05-06T04:43:55.143958195Z [1620276235.144][DEBUG]: DevTools WebSocket Response: Runtime.evaluate (id=28) 09A1EC37252C834DE48AB90DBD2F7AC7 {
2021-05-06T04:43:55.143971495Z    "result": {
2021-05-06T04:43:55.143975295Z       "description": "1",
2021-05-06T04:43:55.143978595Z       "type": "number",
2021-05-06T04:43:55.143983495Z       "value": 1
2021-05-06T04:43:55.143986695Z    }
2021-05-06T04:43:55.143989695Z }
2021-05-06T04:43:55.144087896Z [1620276235.144][INFO]: Done waiting for pending navigations. Status: ok
2021-05-06T04:43:55.144523898Z [1620276235.144][INFO]: [83ba5a963480cb03bd36e3fbb29061aa] RESPONSE Screenshot "iVBORw0KGgoAAAANSUhEUgAAA6kAAAOjCAYAAABZRELVAAAAAXNSR0IArs4c6QAAIABJREFUeJzs3Xd0XPWd///Xnd6kUS+WrGZb7r1hg8H0lgApEBKSzabtbsou37Dlm81udpN8N9/dJGez55tfsptdSGGTQBJCaEsxNhiDARtsI/cqy3JXsbpGmnp/f8geJM2ou..."
2021-05-06T04:43:55.187126018Z [1620276235.187][INFO]: [83ba5a963480cb03bd36e3fbb29061aa] COMMAND FindElement {
2021-05-06T04:43:55.187148118Z    "using": "css selector",
2021-05-06T04:43:55.187152518Z    "value": "a[href*=\"IEDriverServer_Win32_3\"]"
2021-05-06T04:43:55.187156418Z }
2021-05-06T04:43:55.187159518Z [1620276235.187][INFO]: Waiting for pending navigations...
2021-05-06T04:43:55.187176618Z [1620276235.187][DEBUG]: DevTools WebSocket Command: Runtime.evaluate (id=29) 09A1EC37252C834DE48AB90DBD2F7AC7 {
2021-05-06T04:43:55.187181418Z    "expression": "1"
2021-05-06T04:43:55.187185018Z }
2021-05-06T04:43:55.194577756Z [1620276235.191][DEBUG]: DevTools WebSocket Response: Runtime.evaluate (id=29) 09A1EC37252C834DE48AB90DBD2F7AC7 {
2021-05-06T04:43:55.194595856Z    "result": {
2021-05-06T04:43:55.194600057Z       "description": "1",
2021-05-06T04:43:55.194603657Z       "type": "number",
2021-05-06T04:43:55.194618457Z       "value": 1
2021-05-06T04:43:55.194622157Z    }
2021-05-06T04:43:55.194625157Z }
2021-05-06T04:43:55.194628257Z [1620276235.191][INFO]: Done waiting for pending navigations. Status: ok
2021-05-06T04:43:55.194631557Z [1620276235.194][DEBUG]: DevTools WebSocket Command: Runtime.evaluate (id=30) 09A1EC37252C834DE48AB90DBD2F7AC7 {
2021-05-06T04:43:55.194634857Z    "awaitPromise": true,
2021-05-06T04:43:55.194638157Z    "expression": "(function() { // Copyright (c) 2012 The Chromium Authors. All rights reserved.\n// Use of this source code is governed by a BSD-style license that can be\n// found in the LICENSE file.\n\n/**\n * Enum f...",
2021-05-06T04:43:55.194642257Z    "returnByValue": true
2021-05-06T04:43:55.194645457Z }
2021-05-06T04:43:55.222537001Z [1620276235.222][DEBUG]: DevTools WebSocket Response: Runtime.evaluate (id=30) 09A1EC37252C834DE48AB90DBD2F7AC7 {
2021-05-06T04:43:55.222563901Z    "result": {
2021-05-06T04:43:55.222568301Z       "type": "object",
2021-05-06T04:43:55.222571901Z       "value": {
2021-05-06T04:43:55.222575101Z          "status": 0,
2021-05-06T04:43:55.222578401Z          "value": {
2021-05-06T04:43:55.222581601Z             "element-6066-11e4-a52e-4f735466cecf": "e900b164-0143-48e2-a338-0864be2b9bae"
2021-05-06T04:43:55.222585401Z          }
2021-05-06T04:43:55.222588501Z       }
2021-05-06T04:43:55.222591501Z    }
2021-05-06T04:43:55.222594501Z }
2021-05-06T04:43:55.222763002Z [1620276235.223][INFO]: Waiting for pending navigations...
2021-05-06T04:43:55.222836502Z [1620276235.223][DEBUG]: DevTools WebSocket Command: Runtime.evaluate (id=31) 09A1EC37252C834DE48AB90DBD2F7AC7 {
2021-05-06T04:43:55.222843702Z    "expression": "1"
2021-05-06T04:43:55.222847102Z }
2021-05-06T04:43:55.223490506Z [1620276235.223][DEBUG]: DevTools WebSocket Response: Runtime.evaluate (id=31) 09A1EC37252C834DE48AB90DBD2F7AC7 {
2021-05-06T04:43:55.223501206Z    "result": {
2021-05-06T04:43:55.223504606Z       "description": "1",
2021-05-06T04:43:55.223508106Z       "type": "number",
2021-05-06T04:43:55.223511506Z       "value": 1
2021-05-06T04:43:55.223515006Z    }
2021-05-06T04:43:55.223518206Z }
2021-05-06T04:43:55.223596306Z [1620276235.224][INFO]: Done waiting for pending navigations. Status: ok
2021-05-06T04:43:55.223661806Z [1620276235.224][INFO]: [83ba5a963480cb03bd36e3fbb29061aa] RESPONSE FindElement {
2021-05-06T04:43:55.223668806Z    "element-6066-11e4-a52e-4f735466cecf": "e900b164-0143-48e2-a338-0864be2b9bae"
2021-05-06T04:43:55.223672607Z }
2021-05-06T04:43:55.229495137Z [1620276235.229][INFO]: [83ba5a963480cb03bd36e3fbb29061aa] COMMAND ClickElement {
2021-05-06T04:43:55.229519237Z    "id": "e900b164-0143-48e2-a338-0864be2b9bae"
2021-05-06T04:43:55.229523537Z }
2021-05-06T04:43:55.230011439Z [1620276235.230][INFO]: Waiting for pending navigations...
2021-05-06T04:43:55.230021639Z [1620276235.230][DEBUG]: DevTools WebSocket Command: Runtime.evaluate (id=32) 09A1EC37252C834DE48AB90DBD2F7AC7 {
2021-05-06T04:43:55.230025239Z    "expression": "1"
2021-05-06T04:43:55.230028639Z }
2021-05-06T04:43:55.232129650Z [1620276235.232][DEBUG]: DevTools WebSocket Response: Runtime.evaluate (id=32) 09A1EC37252C834DE48AB90DBD2F7AC7 {
2021-05-06T04:43:55.232142950Z    "result": {
2021-05-06T04:43:55.232146750Z       "description": "1",
2021-05-06T04:43:55.232150250Z       "type": "number",
2021-05-06T04:43:55.232153650Z       "value": 1
2021-05-06T04:43:55.232156950Z    }
2021-05-06T04:43:55.232159950Z }
2021-05-06T04:43:55.232163050Z [1620276235.232][INFO]: Done waiting for pending navigations. Status: ok
2021-05-06T04:43:55.232166350Z [1620276235.232][DEBUG]: DevTools WebSocket Command: Runtime.evaluate (id=33) 09A1EC37252C834DE48AB90DBD2F7AC7 {
2021-05-06T04:43:55.232169650Z    "awaitPromise": true,
2021-05-06T04:43:55.232172950Z    "expression": "(function() { // Copyright (c) 2012 The Chromium Authors. All rights reserved.\n// Use of this source code is governed by a BSD-style license that can be\n// found in the LICENSE file.\n\n/**\n * Enum f...",
2021-05-06T04:43:55.232177050Z    "returnByValue": true
2021-05-06T04:43:55.232180250Z }
2021-05-06T04:43:55.234450062Z [1620276235.234][DEBUG]: DevTools WebSocket Response: Runtime.evaluate (id=33) 09A1EC37252C834DE48AB90DBD2F7AC7 {
2021-05-06T04:43:55.234462762Z    "result": {
2021-05-06T04:43:55.234466462Z       "type": "object",
2021-05-06T04:43:55.234469962Z       "value": {
2021-05-06T04:43:55.234472962Z          "status": 0,
2021-05-06T04:43:55.234476062Z          "value": "a"
2021-05-06T04:43:55.234479562Z       }
2021-05-06T04:43:55.234482662Z    }
2021-05-06T04:43:55.234485562Z }
2021-05-06T04:43:55.235388167Z [1620276235.235][DEBUG]: DevTools WebSocket Command: Runtime.evaluate (id=34) 09A1EC37252C834DE48AB90DBD2F7AC7 {
2021-05-06T04:43:55.235400467Z    "awaitPromise": true,
2021-05-06T04:43:55.235404167Z    "expression": "(function() { // Copyright (c) 2012 The Chromium Authors. All rights reserved.\n// Use of this source code is governed by a BSD-style license that can be\n// found in the LICENSE file.\n\n/**\n * Enum f...",
2021-05-06T04:43:55.235408167Z    "returnByValue": true
2021-05-06T04:43:55.235411367Z }
2021-05-06T04:43:55.237354377Z [1620276235.237][DEBUG]: DevTools WebSocket Response: Runtime.evaluate (id=34) 09A1EC37252C834DE48AB90DBD2F7AC7 {
2021-05-06T04:43:55.237366877Z    "result": {
2021-05-06T04:43:55.237380177Z       "type": "object",
2021-05-06T04:43:55.237384177Z       "value": {
2021-05-06T04:43:55.237387377Z          "status": 0,
2021-05-06T04:43:55.237406377Z          "value": "a"
2021-05-06T04:43:55.237409777Z       }
2021-05-06T04:43:55.237412777Z    }
2021-05-06T04:43:55.237415777Z }
2021-05-06T04:43:55.239510488Z [1620276235.239][DEBUG]: DevTools WebSocket Command: Runtime.evaluate (id=35) 09A1EC37252C834DE48AB90DBD2F7AC7 {
2021-05-06T04:43:55.239522588Z    "awaitPromise": true,
2021-05-06T04:43:55.239526188Z    "expression": "(function() { // Copyright (c) 2012 The Chromium Authors. All rights reserved.\n// Use of this source code is governed by a BSD-style license that can be\n// found in the LICENSE file.\n\n/**\n * Enum f...",
2021-05-06T04:43:55.239529988Z    "returnByValue": true
2021-05-06T04:43:55.239533088Z }
2021-05-06T04:43:55.246719525Z [1620276235.247][DEBUG]: DevTools WebSocket Response: Runtime.evaluate (id=35) 09A1EC37252C834DE48AB90DBD2F7AC7 {
2021-05-06T04:43:55.246734725Z    "result": {
2021-05-06T04:43:55.246738626Z       "type": "object",
2021-05-06T04:43:55.246741926Z       "value": {
2021-05-06T04:43:55.246745026Z          "status": 0,
2021-05-06T04:43:55.246765726Z          "value": true
2021-05-06T04:43:55.246769026Z       }
2021-05-06T04:43:55.246772026Z    }
2021-05-06T04:43:55.246775026Z }
2021-05-06T04:43:55.247540430Z [1620276235.247][DEBUG]: DevTools WebSocket Command: Runtime.evaluate (id=36) 09A1EC37252C834DE48AB90DBD2F7AC7 {
2021-05-06T04:43:55.247551630Z    "awaitPromise": true,
2021-05-06T04:43:55.247555230Z    "expression": "(function() { // Copyright (c) 2012 The Chromium Authors. All rights reserved.\n// Use of this source code is governed by a BSD-style license that can be\n// found in the LICENSE file.\n\n/**\n * Enum f...",
2021-05-06T04:43:55.247559330Z    "returnByValue": true
2021-05-06T04:43:55.247562730Z }
2021-05-06T04:43:55.249966142Z [1620276235.250][DEBUG]: DevTools WebSocket Response: Runtime.evaluate (id=36) 09A1EC37252C834DE48AB90DBD2F7AC7 {
2021-05-06T04:43:55.249978442Z    "result": {
2021-05-06T04:43:55.249982442Z       "type": "object",
2021-05-06T04:43:55.249985942Z       "value": {
2021-05-06T04:43:55.249989142Z          "status": 0,
2021-05-06T04:43:55.249992442Z          "value": {
2021-05-06T04:43:55.249995742Z             "height": 17,
2021-05-06T04:43:55.249999042Z             "left": 0,
2021-05-06T04:43:55.250002242Z             "top": 0,
2021-05-06T04:43:55.250005442Z             "width": 127.390625
2021-05-06T04:43:55.250008842Z          }
2021-05-06T04:43:55.250021442Z       }
2021-05-06T04:43:55.250024742Z    }
2021-05-06T04:43:55.250027842Z }
2021-05-06T04:43:55.251487550Z [1620276235.251][DEBUG]: DevTools WebSocket Command: Runtime.evaluate (id=37) 09A1EC37252C834DE48AB90DBD2F7AC7 {
2021-05-06T04:43:55.251498950Z    "awaitPromise": true,
2021-05-06T04:43:55.251502750Z    "expression": "(function() { // Copyright (c) 2012 The Chromium Authors. All rights reserved.\n// Use of this source code is governed by a BSD-style license that can be\n// found in the LICENSE file.\n\n/**\n * Enum f...",
2021-05-06T04:43:55.251506850Z    "returnByValue": true
2021-05-06T04:43:55.251510150Z }
2021-05-06T04:43:55.256900378Z [1620276235.257][DEBUG]: DevTools WebSocket Response: Runtime.evaluate (id=37) 09A1EC37252C834DE48AB90DBD2F7AC7 {
2021-05-06T04:43:55.256912678Z    "result": {
2021-05-06T04:43:55.256916278Z       "type": "object",
2021-05-06T04:43:55.256919478Z       "value": {
2021-05-06T04:43:55.256922378Z          "status": 0,
2021-05-06T04:43:55.256925378Z          "value": {
2021-05-06T04:43:55.256928378Z             "ceil": {
2021-05-06T04:43:55.256931278Z 
2021-05-06T04:43:55.256934178Z             },
2021-05-06T04:43:55.256936978Z             "clone": {
2021-05-06T04:43:55.256939978Z 
2021-05-06T04:43:55.256942778Z             },
2021-05-06T04:43:55.256945578Z             "floor": {
2021-05-06T04:43:55.256948378Z 
2021-05-06T04:43:55.256951278Z             },
2021-05-06T04:43:55.256954078Z             "round": {
2021-05-06T04:43:55.256956878Z 
2021-05-06T04:43:55.256959678Z             },
2021-05-06T04:43:55.256962478Z             "scale": {
2021-05-06T04:43:55.256965278Z 
2021-05-06T04:43:55.256968078Z             },
2021-05-06T04:43:55.256970778Z             "translate": {
2021-05-06T04:43:55.256973778Z 
2021-05-06T04:43:55.256976578Z             },
2021-05-06T04:43:55.256979478Z             "x": 481.5,
2021-05-06T04:43:55.256982378Z             "y": 787.03125
2021-05-06T04:43:55.256985378Z          }
2021-05-06T04:43:55.256988178Z       }
2021-05-06T04:43:55.256991078Z    }
2021-05-06T04:43:55.256993878Z }
2021-05-06T04:43:55.258415886Z [1620276235.258][DEBUG]: DevTools WebSocket Command: Runtime.evaluate (id=38) 09A1EC37252C834DE48AB90DBD2F7AC7 {
2021-05-06T04:43:55.258427686Z    "awaitPromise": true,
2021-05-06T04:43:55.258431486Z    "expression": "(function() { // Copyright (c) 2012 The Chromium Authors. All rights reserved.\n// Use of this source code is governed by a BSD-style license that can be\n// found in the LICENSE file.\n\n/**\n * Enum f...",
2021-05-06T04:43:55.258443586Z    "returnByValue": true
2021-05-06T04:43:55.258447686Z }
2021-05-06T04:43:55.263168810Z [1620276235.263][DEBUG]: DevTools WebSocket Response: Runtime.evaluate (id=38) 09A1EC37252C834DE48AB90DBD2F7AC7 {
2021-05-06T04:43:55.263182010Z    "result": {
2021-05-06T04:43:55.263185910Z       "type": "object",
2021-05-06T04:43:55.263189410Z       "value": {
2021-05-06T04:43:55.263192610Z          "status": 0,
2021-05-06T04:43:55.263195910Z          "value": {
2021-05-06T04:43:55.263199110Z             "clickable": true
2021-05-06T04:43:55.263202410Z          }
2021-05-06T04:43:55.263205510Z       }
2021-05-06T04:43:55.263208610Z    }
2021-05-06T04:43:55.263211611Z }
2021-05-06T04:43:55.263381511Z [1620276235.263][DEBUG]: DevTools WebSocket Command: Input.dispatchMouseEvent (id=39) 09A1EC37252C834DE48AB90DBD2F7AC7 {
2021-05-06T04:43:55.263390411Z    "button": "none",
2021-05-06T04:43:55.263393811Z    "buttons": 0,
2021-05-06T04:43:55.263396911Z    "clickCount": 0,
2021-05-06T04:43:55.263399911Z    "force": 0.0,
2021-05-06T04:43:55.263403011Z    "modifiers": 0,
2021-05-06T04:43:55.263406012Z    "pointerType": "mouse",
2021-05-06T04:43:55.263409112Z    "tangentialPressure": 0.0,
2021-05-06T04:43:55.263412212Z    "tiltX": 0,
2021-05-06T04:43:55.263416512Z    "tiltY": 0,
2021-05-06T04:43:55.263419612Z    "twist": 0,
2021-05-06T04:43:55.263422512Z    "type": "mouseMoved",
2021-05-06T04:43:55.263425612Z    "x": 544,
2021-05-06T04:43:55.263428812Z    "y": 795
2021-05-06T04:43:55.263431812Z }
2021-05-06T04:43:55.263956414Z [1620276235.264][DEBUG]: DevTools WebSocket Command: Input.dispatchMouseEvent (id=40) 09A1EC37252C834DE48AB90DBD2F7AC7 {
2021-05-06T04:43:55.263967014Z    "button": "left",
2021-05-06T04:43:55.263970514Z    "buttons": 0,
2021-05-06T04:43:55.263973614Z    "clickCount": 1,
2021-05-06T04:43:55.263976614Z    "force": 0.0,
2021-05-06T04:43:55.263979514Z    "modifiers": 0,
2021-05-06T04:43:55.263982614Z    "pointerType": "mouse",
2021-05-06T04:43:55.263985715Z    "tangentialPressure": 0.0,
2021-05-06T04:43:55.263988815Z    "tiltX": 0,
2021-05-06T04:43:55.263991915Z    "tiltY": 0,
2021-05-06T04:43:55.263994915Z    "twist": 0,
2021-05-06T04:43:55.263997815Z    "type": "mousePressed",
2021-05-06T04:43:55.264001115Z    "x": 544,
2021-05-06T04:43:55.264012515Z    "y": 795
2021-05-06T04:43:55.264015915Z }
2021-05-06T04:43:55.264209916Z [1620276235.264][DEBUG]: DevTools WebSocket Command: Input.dispatchMouseEvent (id=41) 09A1EC37252C834DE48AB90DBD2F7AC7 {
2021-05-06T04:43:55.264219716Z    "button": "left",
2021-05-06T04:43:55.264223116Z    "buttons": 1,
2021-05-06T04:43:55.264226016Z    "clickCount": 1,
2021-05-06T04:43:55.264229116Z    "force": 0.0,
2021-05-06T04:43:55.264232016Z    "modifiers": 0,
2021-05-06T04:43:55.264235116Z    "pointerType": "mouse",
2021-05-06T04:43:55.264238216Z    "tangentialPressure": 0.0,
2021-05-06T04:43:55.264241216Z    "tiltX": 0,
2021-05-06T04:43:55.264244116Z    "tiltY": 0,
2021-05-06T04:43:55.264247216Z    "twist": 0,
2021-05-06T04:43:55.264250116Z    "type": "mouseReleased",
2021-05-06T04:43:55.264253216Z    "x": 544,
2021-05-06T04:43:55.264256116Z    "y": 795
2021-05-06T04:43:55.264259216Z }
2021-05-06T04:43:55.268971240Z [1620276235.269][DEBUG]: DevTools WebSocket Response: Input.dispatchMouseEvent (id=39) 09A1EC37252C834DE48AB90DBD2F7AC7 {
2021-05-06T04:43:55.268984040Z 
2021-05-06T04:43:55.268987440Z }
2021-05-06T04:43:55.270970751Z [1620276235.271][DEBUG]: DevTools WebSocket Response: Input.dispatchMouseEvent (id=40) 09A1EC37252C834DE48AB90DBD2F7AC7 {
2021-05-06T04:43:55.270983051Z 
2021-05-06T04:43:55.270986351Z }
2021-05-06T04:43:55.272091856Z [1620276235.272][DEBUG]: DevTools WebSocket Event: Page.frameScheduledNavigation 09A1EC37252C834DE48AB90DBD2F7AC7 {
2021-05-06T04:43:55.272103556Z    "delay": 0,
2021-05-06T04:43:55.272107456Z    "frameId": "09A1EC37252C834DE48AB90DBD2F7AC7",
2021-05-06T04:43:55.272110956Z    "reason": "anchorClick",
2021-05-06T04:43:55.272114256Z    "url": "https://selenium-release.storage.googleapis.com/3.150/IEDriverServer_Win32_3.150.1.zip"
2021-05-06T04:43:55.272117756Z }
2021-05-06T04:43:55.272560659Z [1620276235.272][DEBUG]: DevTools WebSocket Event: Page.frameRequestedNavigation 09A1EC37252C834DE48AB90DBD2F7AC7 {
2021-05-06T04:43:55.272571059Z    "disposition": "currentTab",
2021-05-06T04:43:55.272574459Z    "frameId": "09A1EC37252C834DE48AB90DBD2F7AC7",
2021-05-06T04:43:55.272577759Z    "reason": "anchorClick",
2021-05-06T04:43:55.272580959Z    "url": "https://selenium-release.storage.googleapis.com/3.150/IEDriverServer_Win32_3.150.1.zip"
2021-05-06T04:43:55.272584259Z }
2021-05-06T04:43:55.273495164Z [1620276235.273][DEBUG]: DevTools WebSocket Event: Page.frameStartedLoading 09A1EC37252C834DE48AB90DBD2F7AC7 {
2021-05-06T04:43:55.273507164Z    "frameId": "09A1EC37252C834DE48AB90DBD2F7AC7"
2021-05-06T04:43:55.273520064Z }
2021-05-06T04:43:55.306177232Z [1620276235.306][DEBUG]: DevTools WebSocket Event: Page.frameClearedScheduledNavigation 09A1EC37252C834DE48AB90DBD2F7AC7 {
2021-05-06T04:43:55.306213832Z    "frameId": "09A1EC37252C834DE48AB90DBD2F7AC7"
2021-05-06T04:43:55.306218132Z }
2021-05-06T04:43:55.306340233Z [1620276235.306][DEBUG]: DevTools WebSocket Response: Input.dispatchMouseEvent (id=41) 09A1EC37252C834DE48AB90DBD2F7AC7 {
2021-05-06T04:43:55.306348833Z 
2021-05-06T04:43:55.306352133Z }
2021-05-06T04:43:55.306474834Z [1620276235.306][INFO]: Waiting for pending navigations...
2021-05-06T04:43:55.306548434Z [1620276235.307][DEBUG]: DevTools WebSocket Command: Runtime.evaluate (id=42) 09A1EC37252C834DE48AB90DBD2F7AC7 {
2021-05-06T04:43:55.306556234Z    "expression": "1"
2021-05-06T04:43:55.306559634Z }
2021-05-06T04:43:55.477374515Z [1620276235.477][DEBUG]: DevTools WebSocket Response: Runtime.evaluate (id=42) 09A1EC37252C834DE48AB90DBD2F7AC7 {
2021-05-06T04:43:55.477396016Z    "result": {
2021-05-06T04:43:55.477400316Z       "description": "1",
2021-05-06T04:43:55.477404216Z       "type": "number",
2021-05-06T04:43:55.477408016Z       "value": 1
2021-05-06T04:43:55.477411716Z    }
2021-05-06T04:43:55.477415016Z }
2021-05-06T04:43:55.477554016Z [1620276235.477][DEBUG]: DevTools WebSocket Event: Page.frameStoppedLoading 09A1EC37252C834DE48AB90DBD2F7AC7 {
2021-05-06T04:43:55.477563416Z    "frameId": "09A1EC37252C834DE48AB90DBD2F7AC7"
2021-05-06T04:43:55.477567416Z }
2021-05-06T04:43:55.477661117Z [1620276235.478][DEBUG]: DevTools WebSocket Command: Runtime.evaluate (id=43) 09A1EC37252C834DE48AB90DBD2F7AC7 {
2021-05-06T04:43:55.477669517Z    "expression": "1"
2021-05-06T04:43:55.477673417Z }
2021-05-06T04:43:55.480837433Z [1620276235.481][DEBUG]: DevTools WebSocket Response: Runtime.evaluate (id=43) 09A1EC37252C834DE48AB90DBD2F7AC7 {
2021-05-06T04:43:55.480851333Z    "result": {
2021-05-06T04:43:55.480855433Z       "description": "1",
2021-05-06T04:43:55.480859333Z       "type": "number",
2021-05-06T04:43:55.480863233Z       "value": 1
2021-05-06T04:43:55.480866834Z    }
2021-05-06T04:43:55.480870234Z }
2021-05-06T04:43:55.480970734Z [1620276235.481][INFO]: Done waiting for pending navigations. Status: ok
2021-05-06T04:43:55.481053334Z [1620276235.481][INFO]: [83ba5a963480cb03bd36e3fbb29061aa] RESPONSE ClickElement
2021-05-06T04:43:55.607199885Z Gtk-Message: 04:43:55.606: GtkDialog mapped without a transient parent. This is discouraged.
2021-05-06T04:43:55.661856267Z 
2021-05-06T04:43:55.661882867Z (google-chrome:78): dconf-WARNING **: 04:43:55.661: failed to commit changes to dconf: Address element ?/dev/null? does not contain a colon (:)
2021-05-06T04:43:55.670557112Z 
2021-05-06T04:43:55.670573412Z (google-chrome:78): dconf-WARNING **: 04:43:55.670: failed to commit changes to dconf: Address element ?/dev/null? does not contain a colon (:)
2021-05-06T04:43:55.673174126Z 
2021-05-06T04:43:55.673186326Z (google-chrome:78): dconf-WARNING **: 04:43:55.673: failed to commit changes to dconf: Address element ?/dev/null? does not contain a colon (:)
2021-05-06T04:43:55.690892817Z 
2021-05-06T04:43:55.690910017Z (google-chrome:78): dconf-WARNING **: 04:43:55.690: failed to commit changes to dconf: Address element ?/dev/null? does not contain a colon (:)
2021-05-06T04:43:55.715559144Z 
2021-05-06T04:43:55.715584945Z (google-chrome:78): dconf-WARNING **: 04:43:55.712: failed to commit changes to dconf: Address element ?/dev/null? does not contain a colon (:)
2021-05-06T04:43:55.723464785Z 
2021-05-06T04:43:55.723486885Z (google-chrome:78): dconf-WARNING **: 04:43:55.723: failed to commit changes to dconf: Address element ?/dev/null? does not contain a colon (:)
2021-05-06T04:43:55.749368219Z 
2021-05-06T04:43:55.749392319Z (google-chrome:78): dconf-WARNING **: 04:43:55.749: failed to commit changes to dconf: Address element ?/dev/null? does not contain a colon (:)
2021-05-06T04:43:55.760362876Z 
2021-05-06T04:43:55.760426876Z (google-chrome:78): dconf-WARNING **: 04:43:55.760: failed to commit changes to dconf: Address element ?/dev/null? does not contain a colon (:)
2021-05-06T04:43:55.776186857Z 
2021-05-06T04:43:55.776201757Z (google-chrome:78): dconf-WARNING **: 04:43:55.776: failed to commit changes to dconf: Address element ?/dev/null? does not contain a colon (:)
2021-05-06T04:43:55.790215930Z 
2021-05-06T04:43:55.790243630Z (google-chrome:78): dconf-WARNING **: 04:43:55.789: failed to commit changes to dconf: Address element ?/dev/null? does not contain a colon (:)
2021-05-06T04:43:55.806922516Z 
2021-05-06T04:43:55.806945416Z (google-chrome:78): dconf-WARNING **: 04:43:55.806: failed to commit changes to dconf: Address element ?/dev/null? does not contain a colon (:)
2021-05-06T04:43:55.823496701Z 
2021-05-06T04:43:55.823516301Z (google-chrome:78): dconf-WARNING **: 04:43:55.823: failed to commit changes to dconf: Address element ?/dev/null? does not contain a colon (:)
2021-05-06T04:43:55.840219988Z 
2021-05-06T04:43:55.840319988Z (google-chrome:78): dconf-WARNING **: 04:43:55.840: failed to commit changes to dconf: Address element ?/dev/null? does not contain a colon (:)
2021-05-06T04:43:55.855798868Z 
2021-05-06T04:43:55.855812168Z (google-chrome:78): dconf-WARNING **: 04:43:55.855: failed to commit changes to dconf: Address element ?/dev/null? does not contain a colon (:)
2021-05-06T04:43:55.871918251Z 
2021-05-06T04:43:55.871933851Z (google-chrome:78): dconf-WARNING **: 04:43:55.871: failed to commit changes to dconf: Address element ?/dev/null? does not contain a colon (:)
2021-05-06T04:43:55.889442242Z 
2021-05-06T04:43:55.889493442Z (google-chrome:78): dconf-WARNING **: 04:43:55.889: failed to commit changes to dconf: Address element ?/dev/null? does not contain a colon (:)
2021-05-06T04:43:55.905740626Z 
2021-05-06T04:43:55.905755326Z (google-chrome:78): dconf-WARNING **: 04:43:55.905: failed to commit changes to dconf: Address element ?/dev/null? does not contain a colon (:)
2021-05-06T04:44:00.203921946Z 
2021-05-06T04:44:00.203951946Z (google-chrome:78): dconf-WARNING **: 04:44:00.203: failed to commit changes to dconf: Address element ?/dev/null? does not contain a colon (:)
2021-05-06T04:44:00.490230643Z [1620276240.490][INFO]: [83ba5a963480cb03bd36e3fbb29061aa] COMMAND Quit {
2021-05-06T04:44:00.490245943Z 
2021-05-06T04:44:00.490249743Z }
2021-05-06T04:44:00.546908440Z [1620276240.543][INFO]: [83ba5a963480cb03bd36e3fbb29061aa] RESPONSE Quit
2021-05-06T04:44:00.546932040Z [1620276240.543][DEBUG]: Log type 'driver' lost 0 entries on destruction
2021-05-06T04:44:00.546936240Z [1620276240.543][DEBUG]: Log type 'browser' lost 0 entries on destruction
