2021-05-06T05:03:47.295740712Z E: [pulseaudio] client-conf-x11.c: xcb_connection_has_error() returned true
2021-05-06T05:03:47.390549153Z 2021/05/06 05:03:47 [INIT] [Listening on :7070]
2021-05-06T05:03:47.396954376Z xcb_connection_has_error() returned true
2021-05-06T05:03:47.399683186Z 21
2021-05-06T05:03:47.405188905Z Waiting X server...
2021-05-06T05:03:47.533261565Z Waiting X server...
2021-05-06T05:03:47.533287765Z Logging to: /dev/null
2021-05-06T05:03:47.649184981Z Waiting X server...
2021-05-06T05:03:47.783934865Z Starting ChromeDriver 88.0.4324.27 (6347fe8bf1e48bd0c54d07dc55ca011cf40861c9-refs/branch-heads/4324@{#450}) on port 4444
2021-05-06T05:03:47.783970665Z All remote connections are allowed. Use an allowlist instead!
2021-05-06T05:03:47.783975865Z Please see https://chromedriver.chromium.org/security-considerations for suggestions on keeping ChromeDriver safe.
2021-05-06T05:03:47.786580574Z ChromeDriver was started successfully.
2021-05-06T05:03:47.788735382Z 
2021-05-06T05:03:47.788746482Z  --- x11vnc loop: 1 ---
2021-05-06T05:03:47.788750582Z 
2021-05-06T05:03:47.921652659Z [1620277427.922][INFO]: [9ef2e174315ca2736887cb1631243d30] COMMAND InitSession {
2021-05-06T05:03:47.921669459Z    "capabilities": {
2021-05-06T05:03:47.921674059Z       "firstMatch": [ {
2021-05-06T05:03:47.921678059Z          "browserName": "chrome",
2021-05-06T05:03:47.921681859Z          "goog:chromeOptions": {
2021-05-06T05:03:47.921685659Z             "args": [  ],
2021-05-06T05:03:47.921698859Z             "extensions": [  ],
2021-05-06T05:03:47.921738959Z             "prefs": {
2021-05-06T05:03:47.921744059Z                "download.default_directory": "/home/selenium/Downloads",
2021-05-06T05:03:47.921748059Z                "download.prompt_for_download": true,
2021-05-06T05:03:47.921751859Z                "profile.default_content_settings.popups": 0
2021-05-06T05:03:47.921755659Z             }
2021-05-06T05:03:47.921759259Z          }
2021-05-06T05:03:47.921762859Z       } ]
2021-05-06T05:03:47.921766359Z    },
2021-05-06T05:03:47.921769959Z    "desiredCapabilities": {
2021-05-06T05:03:47.921773559Z       "browserName": "chrome",
2021-05-06T05:03:47.921777159Z       "enableLog": true,
2021-05-06T05:03:47.921780659Z       "enableVNC": true,
2021-05-06T05:03:47.921784259Z       "enableVideo": true,
2021-05-06T05:03:47.921787659Z       "goog:chromeOptions": {
2021-05-06T05:03:47.921791159Z          "args": [  ],
2021-05-06T05:03:47.921794759Z          "extensions": [  ],
2021-05-06T05:03:47.921798359Z          "prefs": {
2021-05-06T05:03:47.921812659Z             "download.default_directory": "/home/selenium/Downloads",
2021-05-06T05:03:47.921816659Z             "download.prompt_for_download": true,
2021-05-06T05:03:47.921820360Z             "profile.default_content_settings.popups": 0
2021-05-06T05:03:47.921839660Z          }
2021-05-06T05:03:47.921842660Z       },
2021-05-06T05:03:47.921845660Z       "videoName": "2yrFywMd6V.mp4"
2021-05-06T05:03:47.921864660Z    }
2021-05-06T05:03:47.921867460Z }
2021-05-06T05:03:47.922007860Z [1620277427.922][INFO]: Populating Preferences file: {
2021-05-06T05:03:47.922015660Z    "alternate_error_pages": {
2021-05-06T05:03:47.922018760Z       "enabled": false
2021-05-06T05:03:47.922021660Z    },
2021-05-06T05:03:47.922024460Z    "autofill": {
2021-05-06T05:03:47.922027360Z       "enabled": false
2021-05-06T05:03:47.922030160Z    },
2021-05-06T05:03:47.922032960Z    "browser": {
2021-05-06T05:03:47.922035760Z       "check_default_browser": false
2021-05-06T05:03:47.922038960Z    },
2021-05-06T05:03:47.922041760Z    "distribution": {
2021-05-06T05:03:47.922044760Z       "import_bookmarks": false,
2021-05-06T05:03:47.922047760Z       "import_history": false,
2021-05-06T05:03:47.922050660Z       "import_search_engine": false,
2021-05-06T05:03:47.922053560Z       "make_chrome_default_for_user": false,
2021-05-06T05:03:47.922056660Z       "skip_first_run_ui": true
2021-05-06T05:03:47.922067060Z    },
2021-05-06T05:03:47.922070260Z    "dns_prefetching": {
2021-05-06T05:03:47.922073360Z       "enabled": false
2021-05-06T05:03:47.922076360Z    },
2021-05-06T05:03:47.922079160Z    "download": {
2021-05-06T05:03:47.922082060Z       "default_directory": "/home/selenium/Downloads",
2021-05-06T05:03:47.922085060Z       "prompt_for_download": true
2021-05-06T05:03:47.922088360Z    },
2021-05-06T05:03:47.922091160Z    "profile": {
2021-05-06T05:03:47.922093960Z       "content_settings": {
2021-05-06T05:03:47.922096861Z          "pattern_pairs": {
2021-05-06T05:03:47.922099861Z             "https://*,*": {
2021-05-06T05:03:47.922102861Z                "media-stream": {
2021-05-06T05:03:47.922105761Z                   "audio": "Default",
2021-05-06T05:03:47.922108861Z                   "video": "Default"
2021-05-06T05:03:47.922112161Z                }
2021-05-06T05:03:47.922114961Z             }
2021-05-06T05:03:47.922117761Z          }
2021-05-06T05:03:47.922120561Z       },
2021-05-06T05:03:47.922128661Z       "default_content_setting_values": {
2021-05-06T05:03:47.922131761Z          "geolocation": 1
2021-05-06T05:03:47.922134761Z       },
2021-05-06T05:03:47.922137561Z       "default_content_settings": {
2021-05-06T05:03:47.922140561Z          "geolocation": 1,
2021-05-06T05:03:47.922143461Z          "mouselock": 1,
2021-05-06T05:03:47.922146261Z          "notifications": 1,
2021-05-06T05:03:47.922149161Z          "popups": 0,
2021-05-06T05:03:47.922152161Z          "ppapi-broker": 1
2021-05-06T05:03:47.922154961Z       },
2021-05-06T05:03:47.922157761Z       "password_manager_enabled": false
2021-05-06T05:03:47.922160661Z    },
2021-05-06T05:03:47.922163561Z    "safebrowsing": {
2021-05-06T05:03:47.922166361Z       "enabled": false
2021-05-06T05:03:47.922169261Z    },
2021-05-06T05:03:47.922171961Z    "search": {
2021-05-06T05:03:47.922174961Z       "suggest_enabled": false
2021-05-06T05:03:47.922177861Z    },
2021-05-06T05:03:47.922180561Z    "translate": {
2021-05-06T05:03:47.922183461Z       "enabled": false
2021-05-06T05:03:47.922186461Z    }
2021-05-06T05:03:47.922189261Z }
2021-05-06T05:03:47.922231761Z [1620277427.922][INFO]: Populating Local State file: {
2021-05-06T05:03:47.922236961Z    "background_mode": {
2021-05-06T05:03:47.922240061Z       "enabled": false
2021-05-06T05:03:47.922242861Z    },
2021-05-06T05:03:47.922245761Z    "ssl": {
2021-05-06T05:03:47.922248561Z       "rev_checking": {
2021-05-06T05:03:47.922251561Z          "enabled": false
2021-05-06T05:03:47.922254461Z       }
2021-05-06T05:03:47.922257261Z    }
2021-05-06T05:03:47.922260061Z }
2021-05-06T05:03:47.922263061Z [1620277427.922][INFO]: Launching chrome: /usr/bin/google-chrome --disable-background-networking --disable-client-side-phishing-detection --disable-default-apps --disable-hang-monitor --disable-popup-blocking --disable-prompt-on-repost --disable-sync --enable-automation --enable-blink-features=ShadowDOMV0 --enable-logging --log-level=0 --no-first-run --no-service-autorun --password-store=basic --remote-debugging-port=0 --test-type=webdriver --use-mock-keychain --user-data-dir=/tmp/.com.google.Chrome.IpES20 data:,
2021-05-06T05:03:48.283785859Z [80:106:0506/050348.283597:ERROR:bus.cc(393)] Failed to connect to the bus: Failed to connect to socket /var/run/dbus/system_bus_socket: No such file or directory
2021-05-06T05:03:48.289934481Z  --- x11vnc loop: waiting for: 117
2021-05-06T05:03:48.289975581Z 
2021-05-06T05:03:48.321800695Z [80:121:0506/050348.321663:ERROR:bus.cc(393)] Failed to connect to the bus: Address does not contain a colon
2021-05-06T05:03:48.321848495Z [80:121:0506/050348.321735:ERROR:bus.cc(393)] Failed to connect to the bus: Address does not contain a colon
2021-05-06T05:03:48.339926660Z 
2021-05-06T05:03:48.339943760Z DevTools listening on ws://127.0.0.1:37267/devtools/browser/b0d97cb0-fdc3-43b5-a4c2-99e9b3e71adb
2021-05-06T05:03:48.370571170Z [80:121:0506/050348.370428:ERROR:bus.cc(393)] Failed to connect to the bus: Address does not contain a colon
2021-05-06T05:03:48.370893071Z [80:121:0506/050348.370801:ERROR:bus.cc(393)] Failed to connect to the bus: Address does not contain a colon
2021-05-06T05:03:48.374903486Z [1620277428.375][DEBUG]: DevTools HTTP Request: http://localhost:37267/json/version
2021-05-06T05:03:48.413712425Z PORT=5900
2021-05-06T05:03:48.468227521Z [1620277428.468][DEBUG]: DevTools HTTP Response: {
2021-05-06T05:03:48.468250521Z    "Browser": "Chrome/88.0.4324.96",
2021-05-06T05:03:48.468255321Z    "Protocol-Version": "1.3",
2021-05-06T05:03:48.468259021Z    "User-Agent": "Mozilla/5.0 (X11; Linux x86_64) AppleWebKit/537.36 (KHTML, like Gecko) Chrome/88.0.4324.96 Safari/537.36",
2021-05-06T05:03:48.468262921Z    "V8-Version": "8.8.278.14",
2021-05-06T05:03:48.468266221Z    "WebKit-Version": "537.36 (@68dba2d8a0b149a1d3afac56fa74648032bcf46b)",
2021-05-06T05:03:48.468269621Z    "webSocketDebuggerUrl": "ws://localhost:37267/devtools/browser/b0d97cb0-fdc3-43b5-a4c2-99e9b3e71adb"
2021-05-06T05:03:48.468273221Z }
2021-05-06T05:03:48.468276221Z 
2021-05-06T05:03:48.468477521Z [1620277428.468][DEBUG]: DevTools HTTP Request: http://localhost:37267/json/list
2021-05-06T05:03:48.481957070Z [1620277428.482][DEBUG]: DevTools HTTP Response: [ {
2021-05-06T05:03:48.481971870Z    "description": "",
2021-05-06T05:03:48.481975970Z    "devtoolsFrontendUrl": "/devtools/inspector.html?ws=localhost:37267/devtools/page/B5D3EDFBF22D3251A2AB4085303DA88E",
2021-05-06T05:03:48.481979670Z    "id": "B5D3EDFBF22D3251A2AB4085303DA88E",
2021-05-06T05:03:48.481983070Z    "title": "",
2021-05-06T05:03:48.481986270Z    "type": "page",
2021-05-06T05:03:48.481989370Z    "url": "data:,",
2021-05-06T05:03:48.481992870Z    "webSocketDebuggerUrl": "ws://localhost:37267/devtools/page/B5D3EDFBF22D3251A2AB4085303DA88E"
2021-05-06T05:03:48.481996270Z } ]
2021-05-06T05:03:48.481999270Z 
2021-05-06T05:03:48.482185471Z [1620277428.482][DEBUG]: DevTools HTTP Request: http://localhost:37267/json/list
2021-05-06T05:03:48.487374389Z [80:165:0506/050348.487297:ERROR:bus.cc(393)] Failed to connect to the bus: Failed to connect to socket /var/run/dbus/system_bus_socket: No such file or directory
2021-05-06T05:03:48.487471890Z [80:165:0506/050348.487353:ERROR:bus.cc(393)] Failed to connect to the bus: Failed to connect to socket /var/run/dbus/system_bus_socket: No such file or directory
2021-05-06T05:03:48.488257692Z [80:165:0506/050348.487731:ERROR:bus.cc(393)] Failed to connect to the bus: Failed to connect to socket /var/run/dbus/system_bus_socket: No such file or directory
2021-05-06T05:03:48.488276393Z [80:165:0506/050348.487786:ERROR:bus.cc(393)] Failed to connect to the bus: Failed to connect to socket /var/run/dbus/system_bus_socket: No such file or directory
2021-05-06T05:03:48.488280693Z [80:165:0506/050348.487819:ERROR:bus.cc(393)] Failed to connect to the bus: Failed to connect to socket /var/run/dbus/system_bus_socket: No such file or directory
2021-05-06T05:03:48.488544493Z [1620277428.488][DEBUG]: DevTools HTTP Response: [ {
2021-05-06T05:03:48.488555794Z    "description": "",
2021-05-06T05:03:48.488559494Z    "devtoolsFrontendUrl": "/devtools/inspector.html?ws=localhost:37267/devtools/page/B5D3EDFBF22D3251A2AB4085303DA88E",
2021-05-06T05:03:48.488562894Z    "id": "B5D3EDFBF22D3251A2AB4085303DA88E",
2021-05-06T05:03:48.488584194Z    "title": "",
2021-05-06T05:03:48.488587294Z    "type": "page",
2021-05-06T05:03:48.488590394Z    "url": "data:,",
2021-05-06T05:03:48.488593594Z    "webSocketDebuggerUrl": "ws://localhost:37267/devtools/page/B5D3EDFBF22D3251A2AB4085303DA88E"
2021-05-06T05:03:48.488596894Z } ]
2021-05-06T05:03:48.488599794Z 
2021-05-06T05:03:48.489301096Z [1620277428.489][INFO]: resolved localhost to ["127.0.0.1","172.17.0.3","::1"]
2021-05-06T05:03:48.493789812Z [1620277428.494][DEBUG]: DevTools WebSocket Command: Page.addScriptToEvaluateOnNewDocument (id=1) B5D3EDFBF22D3251A2AB4085303DA88E {
2021-05-06T05:03:48.493802012Z    "source": "(function () {window.cdc_adoQpoasnfa76pfcZLmcfl_Array = window.Array;window.cdc_adoQpoasnfa76pfcZLmcfl_Promise = window.Promise;window.cdc_adoQpoasnfa76pfcZLmcfl_Symbol = window.Symbol;}) ();"
2021-05-06T05:03:48.493806412Z }
2021-05-06T05:03:48.494051413Z [1620277428.494][DEBUG]: DevTools WebSocket Command: Runtime.evaluate (id=2) B5D3EDFBF22D3251A2AB4085303DA88E {
2021-05-06T05:03:48.494061313Z    "expression": "(function () {window.cdc_adoQpoasnfa76pfcZLmcfl_Array = window.Array;window.cdc_adoQpoasnfa76pfcZLmcfl_Promise = window.Promise;window.cdc_adoQpoasnfa76pfcZLmcfl_Symbol = window.Symbol;}) ();"
2021-05-06T05:03:48.494065513Z }
2021-05-06T05:03:48.494257214Z [1620277428.494][DEBUG]: DevTools WebSocket Command: Log.enable (id=3) B5D3EDFBF22D3251A2AB4085303DA88E {
2021-05-06T05:03:48.494267014Z 
2021-05-06T05:03:48.494270314Z }
2021-05-06T05:03:48.494496515Z [1620277428.494][DEBUG]: DevTools WebSocket Command: DOM.getDocument (id=4) B5D3EDFBF22D3251A2AB4085303DA88E {
2021-05-06T05:03:48.494506415Z 
2021-05-06T05:03:48.494509815Z }
2021-05-06T05:03:48.494700116Z [1620277428.495][DEBUG]: DevTools WebSocket Command: Target.setAutoAttach (id=5) B5D3EDFBF22D3251A2AB4085303DA88E {
2021-05-06T05:03:48.494709516Z    "autoAttach": true,
2021-05-06T05:03:48.494712916Z    "flatten": true,
2021-05-06T05:03:48.494716016Z    "waitForDebuggerOnStart": false
2021-05-06T05:03:48.494727616Z }
2021-05-06T05:03:48.494938916Z [1620277428.495][DEBUG]: DevTools WebSocket Command: Page.enable (id=6) B5D3EDFBF22D3251A2AB4085303DA88E {
2021-05-06T05:03:48.494948516Z 
2021-05-06T05:03:48.494951516Z }
2021-05-06T05:03:48.495137817Z [1620277428.495][DEBUG]: DevTools WebSocket Command: Page.enable (id=7) B5D3EDFBF22D3251A2AB4085303DA88E {
2021-05-06T05:03:48.495146817Z 
2021-05-06T05:03:48.495149917Z }
2021-05-06T05:03:48.535336161Z [116:116:0506/050348.535121:ERROR:sandbox_linux.cc(374)] InitializeSandbox() called with multiple threads in process gpu-process.
2021-05-06T05:03:48.557963243Z [1620277428.558][DEBUG]: DevTools WebSocket Response: Page.addScriptToEvaluateOnNewDocument (id=1) B5D3EDFBF22D3251A2AB4085303DA88E {
2021-05-06T05:03:48.557983843Z    "identifier": "1"
2021-05-06T05:03:48.557987943Z }
2021-05-06T05:03:48.558153343Z [1620277428.558][DEBUG]: DevTools WebSocket Response: Runtime.evaluate (id=2) B5D3EDFBF22D3251A2AB4085303DA88E {
2021-05-06T05:03:48.558165943Z    "result": {
2021-05-06T05:03:48.558169943Z       "type": "undefined"
2021-05-06T05:03:48.558173143Z    }
2021-05-06T05:03:48.558176043Z }
2021-05-06T05:03:48.558615445Z [1620277428.559][DEBUG]: DevTools WebSocket Response: Log.enable (id=3) B5D3EDFBF22D3251A2AB4085303DA88E {
2021-05-06T05:03:48.558625745Z 
2021-05-06T05:03:48.558628945Z }
2021-05-06T05:03:48.558817146Z [1620277428.559][DEBUG]: DevTools WebSocket Response: DOM.getDocument (id=4) B5D3EDFBF22D3251A2AB4085303DA88E {
2021-05-06T05:03:48.558866146Z    "root": {
2021-05-06T05:03:48.558872546Z       "backendNodeId": 2,
2021-05-06T05:03:48.558876246Z       "baseURL": "data:,",
2021-05-06T05:03:48.558879446Z       "childNodeCount": 0,
2021-05-06T05:03:48.558882446Z       "children": [  ],
2021-05-06T05:03:48.558885546Z       "documentURL": "data:,",
2021-05-06T05:03:48.558888846Z       "localName": "",
2021-05-06T05:03:48.558891946Z       "nodeId": 1,
2021-05-06T05:03:48.558895046Z       "nodeName": "#document",
2021-05-06T05:03:48.558899946Z       "nodeType": 9,
2021-05-06T05:03:48.558902946Z       "nodeValue": "",
2021-05-06T05:03:48.558915246Z       "xmlVersion": ""
2021-05-06T05:03:48.558919246Z    }
2021-05-06T05:03:48.558922146Z }
2021-05-06T05:03:48.559190847Z [1620277428.559][DEBUG]: DevTools WebSocket Response: Target.setAutoAttach (id=5) B5D3EDFBF22D3251A2AB4085303DA88E {
2021-05-06T05:03:48.559200047Z 
2021-05-06T05:03:48.559203047Z }
2021-05-06T05:03:48.559297047Z [1620277428.559][DEBUG]: DevTools WebSocket Response: Page.enable (id=6) B5D3EDFBF22D3251A2AB4085303DA88E {
2021-05-06T05:03:48.559313347Z 
2021-05-06T05:03:48.559316647Z }
2021-05-06T05:03:48.559732749Z [1620277428.560][DEBUG]: DevTools WebSocket Response: Page.enable (id=7) B5D3EDFBF22D3251A2AB4085303DA88E {
2021-05-06T05:03:48.559742049Z 
2021-05-06T05:03:48.559745049Z }
2021-05-06T05:03:48.559819149Z [1620277428.560][DEBUG]: DevTools WebSocket Command: Runtime.enable (id=8) B5D3EDFBF22D3251A2AB4085303DA88E {
2021-05-06T05:03:48.559824849Z 
2021-05-06T05:03:48.559827849Z }
2021-05-06T05:03:48.564327665Z [1620277428.564][DEBUG]: DevTools WebSocket Event: DOM.childNodeInserted B5D3EDFBF22D3251A2AB4085303DA88E {
2021-05-06T05:03:48.564339666Z    "node": {
2021-05-06T05:03:48.564343166Z       "attributes": [  ],
2021-05-06T05:03:48.564346166Z       "backendNodeId": 3,
2021-05-06T05:03:48.564349066Z       "childNodeCount": 0,
2021-05-06T05:03:48.564351866Z       "frameId": "B5D3EDFBF22D3251A2AB4085303DA88E",
2021-05-06T05:03:48.564354866Z       "localName": "html",
2021-05-06T05:03:48.564357866Z       "nodeId": 2,
2021-05-06T05:03:48.564360566Z       "nodeName": "HTML",
2021-05-06T05:03:48.564363466Z       "nodeType": 1,
2021-05-06T05:03:48.564366266Z       "nodeValue": ""
2021-05-06T05:03:48.564369066Z    },
2021-05-06T05:03:48.564371766Z    "parentNodeId": 1,
2021-05-06T05:03:48.564374666Z    "previousNodeId": 0
2021-05-06T05:03:48.564377566Z }
2021-05-06T05:03:48.564573566Z [1620277428.565][DEBUG]: DevTools WebSocket Event: DOM.childNodeCountUpdated B5D3EDFBF22D3251A2AB4085303DA88E {
2021-05-06T05:03:48.564580466Z    "childNodeCount": 1,
2021-05-06T05:03:48.564583366Z    "nodeId": 2
2021-05-06T05:03:48.564586266Z }
2021-05-06T05:03:48.564867067Z [1620277428.565][DEBUG]: DevTools WebSocket Event: DOM.childNodeCountUpdated B5D3EDFBF22D3251A2AB4085303DA88E {
2021-05-06T05:03:48.564875367Z    "childNodeCount": 2,
2021-05-06T05:03:48.564878667Z    "nodeId": 2
2021-05-06T05:03:48.564881667Z }
2021-05-06T05:03:48.565469470Z [1620277428.565][DEBUG]: DevTools WebSocket Event: Page.loadEventFired B5D3EDFBF22D3251A2AB4085303DA88E {
2021-05-06T05:03:48.565476570Z    "timestamp": 288.261059
2021-05-06T05:03:48.565480170Z }
2021-05-06T05:03:48.565482870Z [1620277428.565][DEBUG]: DevTools WebSocket Command: Runtime.evaluate (id=9) B5D3EDFBF22D3251A2AB4085303DA88E {
2021-05-06T05:03:48.565485970Z    "awaitPromise": false,
2021-05-06T05:03:48.565488870Z    "expression": "document.readyState",
2021-05-06T05:03:48.565491870Z    "returnByValue": true
2021-05-06T05:03:48.565494770Z }
2021-05-06T05:03:48.565534770Z [1620277428.565][DEBUG]: DevTools WebSocket Event: Page.frameStoppedLoading B5D3EDFBF22D3251A2AB4085303DA88E {
2021-05-06T05:03:48.565540870Z    "frameId": "B5D3EDFBF22D3251A2AB4085303DA88E"
2021-05-06T05:03:48.565544070Z }
2021-05-06T05:03:48.566096972Z [1620277428.566][DEBUG]: DevTools WebSocket Event: DOM.documentUpdated B5D3EDFBF22D3251A2AB4085303DA88E {
2021-05-06T05:03:48.566105072Z 
2021-05-06T05:03:48.566107972Z }
2021-05-06T05:03:48.566140872Z [1620277428.566][DEBUG]: DevTools WebSocket Command: DOM.getDocument (id=10) B5D3EDFBF22D3251A2AB4085303DA88E {
2021-05-06T05:03:48.566146172Z 
2021-05-06T05:03:48.566148872Z }
2021-05-06T05:03:48.566482273Z [1620277428.566][DEBUG]: DevTools WebSocket Event: Page.domContentEventFired B5D3EDFBF22D3251A2AB4085303DA88E {
2021-05-06T05:03:48.566489173Z    "timestamp": 288.26454
2021-05-06T05:03:48.566492373Z }
2021-05-06T05:03:48.566978675Z [1620277428.567][DEBUG]: DevTools WebSocket Event: Runtime.executionContextCreated B5D3EDFBF22D3251A2AB4085303DA88E {
2021-05-06T05:03:48.566988775Z    "context": {
2021-05-06T05:03:48.566992075Z       "auxData": {
2021-05-06T05:03:48.566995175Z          "frameId": "B5D3EDFBF22D3251A2AB4085303DA88E",
2021-05-06T05:03:48.566998475Z          "isDefault": true,
2021-05-06T05:03:48.567001675Z          "type": "default"
2021-05-06T05:03:48.567005275Z       },
2021-05-06T05:03:48.567008375Z       "id": 1,
2021-05-06T05:03:48.567011475Z       "name": "",
2021-05-06T05:03:48.567014675Z       "origin": "://"
2021-05-06T05:03:48.567017975Z    }
2021-05-06T05:03:48.567020975Z }
2021-05-06T05:03:48.567248476Z [1620277428.567][DEBUG]: DevTools WebSocket Response: Runtime.enable (id=8) B5D3EDFBF22D3251A2AB4085303DA88E {
2021-05-06T05:03:48.567257076Z 
2021-05-06T05:03:48.567260276Z }
2021-05-06T05:03:48.567648377Z [1620277428.568][DEBUG]: DevTools WebSocket Response: Runtime.evaluate (id=9) B5D3EDFBF22D3251A2AB4085303DA88E {
2021-05-06T05:03:48.567657477Z    "result": {
2021-05-06T05:03:48.567660977Z       "type": "string",
2021-05-06T05:03:48.567663977Z       "value": "complete"
2021-05-06T05:03:48.567666977Z    }
2021-05-06T05:03:48.567669777Z }
2021-05-06T05:03:48.567672677Z [1620277428.568][DEBUG]: DevTools WebSocket Command: Page.enable (id=11) B5D3EDFBF22D3251A2AB4085303DA88E {
2021-05-06T05:03:48.567675778Z 
2021-05-06T05:03:48.567678578Z }
2021-05-06T05:03:48.571714792Z [1620277428.572][DEBUG]: DevTools WebSocket Response: DOM.getDocument (id=10) B5D3EDFBF22D3251A2AB4085303DA88E {
2021-05-06T05:03:48.571726792Z    "root": {
2021-05-06T05:03:48.571755792Z       "backendNodeId": 2,
2021-05-06T05:03:48.571776692Z       "baseURL": "data:,",
2021-05-06T05:03:48.571780092Z       "childNodeCount": 1,
2021-05-06T05:03:48.571783092Z       "children": [ {
2021-05-06T05:03:48.571786392Z          "attributes": [  ],
2021-05-06T05:03:48.571789492Z          "backendNodeId": 3,
2021-05-06T05:03:48.571792592Z          "childNodeCount": 2,
2021-05-06T05:03:48.571795492Z          "children": [ {
2021-05-06T05:03:48.571798592Z             "attributes": [  ],
2021-05-06T05:03:48.571801692Z             "backendNodeId": 4,
2021-05-06T05:03:48.571804792Z             "childNodeCount": 0,
2021-05-06T05:03:48.571807692Z             "localName": "head",
2021-05-06T05:03:48.571810792Z             "nodeId": 5,
2021-05-06T05:03:48.571813792Z             "nodeName": "HEAD",
2021-05-06T05:03:48.571848892Z             "nodeType": 1,
2021-05-06T05:03:48.571852792Z             "nodeValue": "",
2021-05-06T05:03:48.571856093Z             "parentId": 4
2021-05-06T05:03:48.571859193Z          }, {
2021-05-06T05:03:48.571862293Z             "attributes": [  ],
2021-05-06T05:03:48.571865393Z             "backendNodeId": 5,
2021-05-06T05:03:48.571868593Z             "childNodeCount": 0,
2021-05-06T05:03:48.571871793Z             "localName": "body",
2021-05-06T05:03:48.571874993Z             "nodeId": 6,
2021-05-06T05:03:48.571877993Z             "nodeName": "BODY",
2021-05-06T05:03:48.571881293Z             "nodeType": 1,
2021-05-06T05:03:48.571884293Z             "nodeValue": "",
2021-05-06T05:03:48.571887493Z             "parentId": 4
2021-05-06T05:03:48.571890593Z          } ],
2021-05-06T05:03:48.571893693Z          "frameId": "B5D3EDFBF22D3251A2AB4085303DA88E",
2021-05-06T05:03:48.571896993Z          "localName": "html",
2021-05-06T05:03:48.571900093Z          "nodeId": 4,
2021-05-06T05:03:48.571903193Z          "nodeName": "HTML",
2021-05-06T05:03:48.571906293Z          "nodeType": 1,
2021-05-06T05:03:48.571909393Z          "nodeValue": "",
2021-05-06T05:03:48.571912493Z          "parentId": 3
2021-05-06T05:03:48.571915593Z       } ],
2021-05-06T05:03:48.571918593Z       "documentURL": "data:,",
2021-05-06T05:03:48.571921693Z       "localName": "",
2021-05-06T05:03:48.571924793Z       "nodeId": 3,
2021-05-06T05:03:48.571927893Z       "nodeName": "#document",
2021-05-06T05:03:48.571930993Z       "nodeType": 9,
2021-05-06T05:03:48.571952493Z       "nodeValue": "",
2021-05-06T05:03:48.571956093Z       "xmlVersion": ""
2021-05-06T05:03:48.571959293Z    }
2021-05-06T05:03:48.571962293Z }
2021-05-06T05:03:48.572417795Z [1620277428.572][DEBUG]: DevTools WebSocket Response: Page.enable (id=11) B5D3EDFBF22D3251A2AB4085303DA88E {
2021-05-06T05:03:48.572444095Z 
2021-05-06T05:03:48.572448595Z }
2021-05-06T05:03:48.572554695Z [1620277428.572][DEBUG]: DevTools WebSocket Command: Runtime.enable (id=12) B5D3EDFBF22D3251A2AB4085303DA88E {
2021-05-06T05:03:48.572564295Z 
2021-05-06T05:03:48.572567095Z }
2021-05-06T05:03:48.574125201Z [1620277428.574][DEBUG]: DevTools WebSocket Response: Runtime.enable (id=12) B5D3EDFBF22D3251A2AB4085303DA88E {
2021-05-06T05:03:48.574151101Z 
2021-05-06T05:03:48.574155201Z }
2021-05-06T05:03:48.574713203Z [1620277428.575][DEBUG]: DevTools WebSocket Command: Runtime.evaluate (id=13) B5D3EDFBF22D3251A2AB4085303DA88E {
2021-05-06T05:03:48.574723803Z    "awaitPromise": true,
2021-05-06T05:03:48.574727303Z    "expression": "(function() { // Copyright (c) 2012 The Chromium Authors. All rights reserved.\n// Use of this source code is governed by a BSD-style license that can be\n// found in the LICENSE file.\n\n/**\n * Enum f...",
2021-05-06T05:03:48.574731103Z    "returnByValue": true
2021-05-06T05:03:48.574734003Z }
2021-05-06T05:03:48.580128722Z [1620277428.580][DEBUG]: DevTools WebSocket Response: Runtime.evaluate (id=13) B5D3EDFBF22D3251A2AB4085303DA88E {
2021-05-06T05:03:48.580143122Z    "result": {
2021-05-06T05:03:48.580147422Z       "type": "object",
2021-05-06T05:03:48.580151122Z       "value": {
2021-05-06T05:03:48.580154722Z          "status": 0,
2021-05-06T05:03:48.580158222Z          "value": 1
2021-05-06T05:03:48.580161722Z       }
2021-05-06T05:03:48.580165122Z    }
2021-05-06T05:03:48.580185022Z }
2021-05-06T05:03:48.580280723Z [1620277428.580][INFO]: [9ef2e174315ca2736887cb1631243d30] RESPONSE InitSession {
2021-05-06T05:03:48.580291323Z    "capabilities": {
2021-05-06T05:03:48.580294723Z       "acceptInsecureCerts": false,
2021-05-06T05:03:48.580297823Z       "browserName": "chrome",
2021-05-06T05:03:48.580300823Z       "browserVersion": "88.0.4324.96",
2021-05-06T05:03:48.580303823Z       "chrome": {
2021-05-06T05:03:48.580306823Z          "chromedriverVersion": "88.0.4324.27 (6347fe8bf1e48bd0c54d07dc55ca011cf40861c9-refs/branch-heads/4324@{#450})",
2021-05-06T05:03:48.580309923Z          "userDataDir": "/tmp/.com.google.Chrome.IpES20"
2021-05-06T05:03:48.580312923Z       },
2021-05-06T05:03:48.580315623Z       "goog:chromeOptions": {
2021-05-06T05:03:48.580325823Z          "debuggerAddress": "localhost:37267"
2021-05-06T05:03:48.580329123Z       },
2021-05-06T05:03:48.580331723Z       "networkConnectionEnabled": false,
2021-05-06T05:03:48.580334823Z       "pageLoadStrategy": "normal",
2021-05-06T05:03:48.580337723Z       "platformName": "linux",
2021-05-06T05:03:48.580340523Z       "proxy": {
2021-05-06T05:03:48.580343423Z 
2021-05-06T05:03:48.580346123Z       },
2021-05-06T05:03:48.580348723Z       "setWindowRect": true,
2021-05-06T05:03:48.580351823Z       "strictFileInteractability": false,
2021-05-06T05:03:48.580354623Z       "timeouts": {
2021-05-06T05:03:48.580358123Z          "implicit": 0,
2021-05-06T05:03:48.580360923Z          "pageLoad": 300000,
2021-05-06T05:03:48.580363823Z          "script": 30000
2021-05-06T05:03:48.580366623Z       },
2021-05-06T05:03:48.580369323Z       "unhandledPromptBehavior": "dismiss and notify",
2021-05-06T05:03:48.580372223Z       "webauthn:extension:largeBlob": true,
2021-05-06T05:03:48.580375123Z       "webauthn:virtualAuthenticators": true
2021-05-06T05:03:48.580377923Z    },
2021-05-06T05:03:48.580380723Z    "sessionId": "9ef2e174315ca2736887cb1631243d30"
2021-05-06T05:03:48.580383623Z }
2021-05-06T05:03:48.596203380Z [1620277428.596][INFO]: [9ef2e174315ca2736887cb1631243d30] COMMAND SetTimeouts {
2021-05-06T05:03:48.596223280Z    "implicit": 30000
2021-05-06T05:03:48.596226880Z }
2021-05-06T05:03:48.596229880Z [1620277428.596][INFO]: [9ef2e174315ca2736887cb1631243d30] RESPONSE SetTimeouts
2021-05-06T05:03:48.620211866Z [1620277428.620][INFO]: [9ef2e174315ca2736887cb1631243d30] COMMAND Navigate {
2021-05-06T05:03:48.620252566Z    "url": "https://www.selenium.dev/downloads/"
2021-05-06T05:03:48.620257166Z }
2021-05-06T05:03:48.620260266Z [1620277428.620][INFO]: Waiting for pending navigations...
2021-05-06T05:03:48.620263466Z [1620277428.620][DEBUG]: DevTools WebSocket Command: Runtime.evaluate (id=14) B5D3EDFBF22D3251A2AB4085303DA88E {
2021-05-06T05:03:48.620266766Z    "expression": "1"
2021-05-06T05:03:48.620269866Z }
2021-05-06T05:03:48.641588743Z [1620277428.641][DEBUG]: DevTools WebSocket Response: Runtime.evaluate (id=14) B5D3EDFBF22D3251A2AB4085303DA88E {
2021-05-06T05:03:48.641640143Z    "result": {
2021-05-06T05:03:48.641645343Z       "description": "1",
2021-05-06T05:03:48.641649243Z       "type": "number",
2021-05-06T05:03:48.641653243Z       "value": 1
2021-05-06T05:03:48.641656743Z    }
2021-05-06T05:03:48.641660143Z }
2021-05-06T05:03:48.641778743Z [1620277428.642][INFO]: Done waiting for pending navigations. Status: ok
2021-05-06T05:03:48.641896444Z [1620277428.642][DEBUG]: DevTools WebSocket Command: Page.navigate (id=15) B5D3EDFBF22D3251A2AB4085303DA88E {
2021-05-06T05:03:48.641905344Z    "url": "https://www.selenium.dev/downloads/"
2021-05-06T05:03:48.641909344Z }
2021-05-06T05:03:48.974294137Z [1620277428.974][DEBUG]: DevTools WebSocket Response: Page.navigate (id=15) B5D3EDFBF22D3251A2AB4085303DA88E {
2021-05-06T05:03:48.974334837Z    "frameId": "B5D3EDFBF22D3251A2AB4085303DA88E",
2021-05-06T05:03:48.974340237Z    "loaderId": "76C80520B52E2E3B7F7DAFBF6DA02CF8"
2021-05-06T05:03:48.974343937Z }
2021-05-06T05:03:48.974469537Z [1620277428.974][DEBUG]: DevTools WebSocket Command: Runtime.evaluate (id=16) B5D3EDFBF22D3251A2AB4085303DA88E {
2021-05-06T05:03:48.974525838Z    "expression": "document.URL"
2021-05-06T05:03:48.974529938Z }
2021-05-06T05:03:48.981625063Z [1620277428.982][DEBUG]: DevTools WebSocket Event: Runtime.executionContextsCleared B5D3EDFBF22D3251A2AB4085303DA88E {
2021-05-06T05:03:48.981638363Z 
2021-05-06T05:03:48.981642063Z }
2021-05-06T05:03:48.982147165Z [1620277428.982][DEBUG]: DevTools WebSocket Event: Page.frameStartedLoading B5D3EDFBF22D3251A2AB4085303DA88E {
2021-05-06T05:03:48.982158465Z    "frameId": "B5D3EDFBF22D3251A2AB4085303DA88E"
2021-05-06T05:03:48.982162465Z }
2021-05-06T05:03:48.997162419Z [1620277428.997][DEBUG]: DevTools WebSocket Event: Runtime.executionContextsCleared B5D3EDFBF22D3251A2AB4085303DA88E {
2021-05-06T05:03:48.997190719Z 
2021-05-06T05:03:48.997196719Z }
2021-05-06T05:03:48.997359720Z [1620277428.997][DEBUG]: DevTools WebSocket Event: Page.frameNavigated B5D3EDFBF22D3251A2AB4085303DA88E {
2021-05-06T05:03:48.997370220Z    "frame": {
2021-05-06T05:03:48.997374020Z       "adFrameType": "none",
2021-05-06T05:03:48.997377720Z       "crossOriginIsolatedContextType": "NotIsolated",
2021-05-06T05:03:48.997381520Z       "domainAndRegistry": "selenium.dev",
2021-05-06T05:03:48.997385220Z       "gatedAPIFeatures": [ "SharedArrayBuffers", "SharedArrayBuffersTransferAllowed" ],
2021-05-06T05:03:48.997389120Z       "id": "B5D3EDFBF22D3251A2AB4085303DA88E",
2021-05-06T05:03:48.997392620Z       "loaderId": "76C80520B52E2E3B7F7DAFBF6DA02CF8",
2021-05-06T05:03:48.997406420Z       "mimeType": "text/html",
2021-05-06T05:03:48.997410320Z       "secureContextType": "Secure",
2021-05-06T05:03:48.997413820Z       "securityOrigin": "https://www.selenium.dev",
2021-05-06T05:03:48.997417420Z       "url": "https://www.selenium.dev/downloads/"
2021-05-06T05:03:48.997421120Z    }
2021-05-06T05:03:48.997424420Z }
2021-05-06T05:03:48.997558920Z [1620277428.997][DEBUG]: DevTools WebSocket Event: DOM.documentUpdated B5D3EDFBF22D3251A2AB4085303DA88E {
2021-05-06T05:03:48.997578720Z 
2021-05-06T05:03:48.997582620Z }
2021-05-06T05:03:48.997720621Z [1620277428.998][DEBUG]: DevTools WebSocket Command: DOM.getDocument (id=17) B5D3EDFBF22D3251A2AB4085303DA88E {
2021-05-06T05:03:48.997730421Z 
2021-05-06T05:03:48.997733921Z }
2021-05-06T05:03:48.998219223Z [1620277428.998][DEBUG]: DevTools WebSocket Event: Runtime.executionContextCreated B5D3EDFBF22D3251A2AB4085303DA88E {
2021-05-06T05:03:48.998231723Z    "context": {
2021-05-06T05:03:48.998235723Z       "auxData": {
2021-05-06T05:03:48.998238723Z          "frameId": "B5D3EDFBF22D3251A2AB4085303DA88E",
2021-05-06T05:03:48.998241923Z          "isDefault": true,
2021-05-06T05:03:48.998244923Z          "type": "default"
2021-05-06T05:03:48.998248023Z       },
2021-05-06T05:03:48.998250923Z       "id": 1,
2021-05-06T05:03:48.998253723Z       "name": "",
2021-05-06T05:03:48.998256723Z       "origin": "https://www.selenium.dev"
2021-05-06T05:03:48.998259923Z    }
2021-05-06T05:03:48.998262623Z }
2021-05-06T05:03:49.012323473Z [1620277429.012][DEBUG]: DevTools WebSocket Response: Runtime.evaluate (id=16) B5D3EDFBF22D3251A2AB4085303DA88E {
2021-05-06T05:03:49.012344773Z    "result": {
2021-05-06T05:03:49.012350573Z       "type": "string",
2021-05-06T05:03:49.012353773Z       "value": "https://www.selenium.dev/downloads/"
2021-05-06T05:03:49.012357173Z    }
2021-05-06T05:03:49.012359973Z }
2021-05-06T05:03:49.017153691Z [1620277429.017][INFO]: Waiting for pending navigations...
2021-05-06T05:03:49.018030494Z [1620277429.018][DEBUG]: DevTools WebSocket Command: Runtime.evaluate (id=18) B5D3EDFBF22D3251A2AB4085303DA88E {
2021-05-06T05:03:49.018041594Z    "expression": "1"
2021-05-06T05:03:49.018045394Z }
2021-05-06T05:03:49.045638893Z [1620277429.045][DEBUG]: DevTools WebSocket Response: DOM.getDocument (id=17) B5D3EDFBF22D3251A2AB4085303DA88E {
2021-05-06T05:03:49.045658493Z    "root": {
2021-05-06T05:03:49.045662393Z       "backendNodeId": 1,
2021-05-06T05:03:49.045665693Z       "baseURL": "https://www.selenium.dev/downloads/",
2021-05-06T05:03:49.045669193Z       "childNodeCount": 2,
2021-05-06T05:03:49.045672193Z       "children": [ {
2021-05-06T05:03:49.045675293Z          "backendNodeId": 2,
2021-05-06T05:03:49.045678293Z          "localName": "",
2021-05-06T05:03:49.045681493Z          "nodeId": 2,
2021-05-06T05:03:49.045684393Z          "nodeName": "html",
2021-05-06T05:03:49.045687493Z          "nodeType": 10,
2021-05-06T05:03:49.045699993Z          "nodeValue": "",
2021-05-06T05:03:49.045703493Z          "parentId": 1,
2021-05-06T05:03:49.045706393Z          "publicId": "",
2021-05-06T05:03:49.045709693Z          "systemId": ""
2021-05-06T05:03:49.045712693Z       }, {
2021-05-06T05:03:49.045715593Z          "attributes": [  ],
2021-05-06T05:03:49.045718593Z          "backendNodeId": 3,
2021-05-06T05:03:49.045721593Z          "childNodeCount": 2,
2021-05-06T05:03:49.045724493Z          "children": [ {
2021-05-06T05:03:49.045727593Z             "attributes": [  ],
2021-05-06T05:03:49.045730593Z             "backendNodeId": 4,
2021-05-06T05:03:49.045733593Z             "childNodeCount": 4,
2021-05-06T05:03:49.045736493Z             "localName": "head",
2021-05-06T05:03:49.045739693Z             "nodeId": 4,
2021-05-06T05:03:49.045742693Z             "nodeName": "HEAD",
2021-05-06T05:03:49.045745793Z             "nodeType": 1,
2021-05-06T05:03:49.045748693Z             "nodeValue": "",
2021-05-06T05:03:49.045751693Z             "parentId": 3
2021-05-06T05:03:49.045754693Z          }, {
2021-05-06T05:03:49.045757593Z             "attributes": [  ],
2021-05-06T05:03:49.045760593Z             "backendNodeId": 5,
2021-05-06T05:03:49.045763493Z             "childNodeCount": 1,
2021-05-06T05:03:49.045766493Z             "localName": "body",
2021-05-06T05:03:49.045769493Z             "nodeId": 5,
2021-05-06T05:03:49.045772393Z             "nodeName": "BODY",
2021-05-06T05:03:49.045775393Z             "nodeType": 1,
2021-05-06T05:03:49.045778293Z             "nodeValue": "",
2021-05-06T05:03:49.045781293Z             "parentId": 3
2021-05-06T05:03:49.045784193Z          } ],
2021-05-06T05:03:49.045787093Z          "frameId": "B5D3EDFBF22D3251A2AB4085303DA88E",
2021-05-06T05:03:49.045790193Z          "localName": "html",
2021-05-06T05:03:49.045793293Z          "nodeId": 3,
2021-05-06T05:03:49.045796193Z          "nodeName": "HTML",
2021-05-06T05:03:49.045799193Z          "nodeType": 1,
2021-05-06T05:03:49.045802094Z          "nodeValue": "",
2021-05-06T05:03:49.045805094Z          "parentId": 1
2021-05-06T05:03:49.045807994Z       } ],
2021-05-06T05:03:49.045813594Z       "documentURL": "https://www.selenium.dev/downloads/",
2021-05-06T05:03:49.045816794Z       "localName": "",
2021-05-06T05:03:49.045819694Z       "nodeId": 1,
2021-05-06T05:03:49.045822594Z       "nodeName": "#document",
2021-05-06T05:03:49.045828694Z       "nodeType": 9,
2021-05-06T05:03:49.045831894Z       "nodeValue": "",
2021-05-06T05:03:49.045834894Z       "xmlVersion": ""
2021-05-06T05:03:49.045837894Z    }
2021-05-06T05:03:49.045840694Z }
2021-05-06T05:03:49.046091295Z [1620277429.046][DEBUG]: DevTools WebSocket Response: Runtime.evaluate (id=18) B5D3EDFBF22D3251A2AB4085303DA88E {
2021-05-06T05:03:49.046105595Z    "result": {
2021-05-06T05:03:49.046109995Z       "description": "1",
2021-05-06T05:03:49.046113795Z       "type": "number",
2021-05-06T05:03:49.046117495Z       "value": 1
2021-05-06T05:03:49.046120895Z    }
2021-05-06T05:03:49.046135395Z }
2021-05-06T05:03:49.106264711Z [1620277429.106][DEBUG]: DevTools WebSocket Event: DOM.childNodeCountUpdated B5D3EDFBF22D3251A2AB4085303DA88E {
2021-05-06T05:03:49.106289211Z    "childNodeCount": 2,
2021-05-06T05:03:49.106293511Z    "nodeId": 5
2021-05-06T05:03:49.106323411Z }
2021-05-06T05:03:49.106404911Z [1620277429.106][DEBUG]: DevTools WebSocket Command: Runtime.evaluate (id=19) B5D3EDFBF22D3251A2AB4085303DA88E {
2021-05-06T05:03:49.106411811Z    "expression": "1"
2021-05-06T05:03:49.106415211Z }
2021-05-06T05:03:49.114160339Z [1620277429.114][DEBUG]: DevTools WebSocket Event: DOM.childNodeCountUpdated B5D3EDFBF22D3251A2AB4085303DA88E {
2021-05-06T05:03:49.114174839Z    "childNodeCount": 3,
2021-05-06T05:03:49.114179539Z    "nodeId": 5
2021-05-06T05:03:49.114182939Z }
2021-05-06T05:03:49.123262072Z [1620277429.123][DEBUG]: DevTools WebSocket Response: Runtime.evaluate (id=19) B5D3EDFBF22D3251A2AB4085303DA88E {
2021-05-06T05:03:49.123291172Z    "result": {
2021-05-06T05:03:49.123296372Z       "description": "1",
2021-05-06T05:03:49.123300572Z       "type": "number",
2021-05-06T05:03:49.123304172Z       "value": 1
2021-05-06T05:03:49.123307672Z    }
2021-05-06T05:03:49.123310872Z }
2021-05-06T05:03:49.130963299Z [1620277429.131][DEBUG]: DevTools WebSocket Event: DOM.childNodeCountUpdated B5D3EDFBF22D3251A2AB4085303DA88E {
2021-05-06T05:03:49.130978899Z    "childNodeCount": 4,
2021-05-06T05:03:49.130982999Z    "nodeId": 5
2021-05-06T05:03:49.130986299Z }
2021-05-06T05:03:49.131104000Z [1620277429.131][DEBUG]: DevTools WebSocket Event: DOM.childNodeCountUpdated B5D3EDFBF22D3251A2AB4085303DA88E {
2021-05-06T05:03:49.131112900Z    "childNodeCount": 5,
2021-05-06T05:03:49.131116400Z    "nodeId": 5
2021-05-06T05:03:49.131119600Z }
2021-05-06T05:03:49.131224800Z [1620277429.131][DEBUG]: DevTools WebSocket Command: Runtime.evaluate (id=20) B5D3EDFBF22D3251A2AB4085303DA88E {
2021-05-06T05:03:49.131242600Z    "expression": "1"
2021-05-06T05:03:49.131278300Z }
2021-05-06T05:03:49.133032507Z [1620277429.133][DEBUG]: DevTools WebSocket Response: Runtime.evaluate (id=20) B5D3EDFBF22D3251A2AB4085303DA88E {
2021-05-06T05:03:49.133044007Z    "result": {
2021-05-06T05:03:49.133047407Z       "description": "1",
2021-05-06T05:03:49.133050407Z       "type": "number",
2021-05-06T05:03:49.133053507Z       "value": 1
2021-05-06T05:03:49.133056407Z    }
2021-05-06T05:03:49.133059407Z }
2021-05-06T05:03:49.160215904Z [1620277429.160][DEBUG]: DevTools WebSocket Event: DOM.childNodeCountUpdated B5D3EDFBF22D3251A2AB4085303DA88E {
2021-05-06T05:03:49.160233604Z    "childNodeCount": 6,
2021-05-06T05:03:49.160258504Z    "nodeId": 5
2021-05-06T05:03:49.160261804Z }
2021-05-06T05:03:49.160370605Z [1620277429.160][DEBUG]: DevTools WebSocket Event: DOM.childNodeCountUpdated B5D3EDFBF22D3251A2AB4085303DA88E {
2021-05-06T05:03:49.160379505Z    "childNodeCount": 7,
2021-05-06T05:03:49.160382705Z    "nodeId": 5
2021-05-06T05:03:49.160385705Z }
2021-05-06T05:03:49.160498105Z [1620277429.160][DEBUG]: DevTools WebSocket Event: DOM.childNodeCountUpdated B5D3EDFBF22D3251A2AB4085303DA88E {
2021-05-06T05:03:49.160506305Z    "childNodeCount": 8,
2021-05-06T05:03:49.160509505Z    "nodeId": 5
2021-05-06T05:03:49.160512505Z }
2021-05-06T05:03:49.160605706Z [1620277429.161][DEBUG]: DevTools WebSocket Event: DOM.childNodeCountUpdated B5D3EDFBF22D3251A2AB4085303DA88E {
2021-05-06T05:03:49.160613806Z    "childNodeCount": 9,
2021-05-06T05:03:49.160617106Z    "nodeId": 5
2021-05-06T05:03:49.160620006Z }
2021-05-06T05:03:49.160712706Z [1620277429.161][DEBUG]: DevTools WebSocket Event: DOM.childNodeCountUpdated B5D3EDFBF22D3251A2AB4085303DA88E {
2021-05-06T05:03:49.160720806Z    "childNodeCount": 10,
2021-05-06T05:03:49.160723906Z    "nodeId": 5
2021-05-06T05:03:49.160726906Z }
2021-05-06T05:03:49.160830206Z [1620277429.161][DEBUG]: DevTools WebSocket Event: DOM.childNodeCountUpdated B5D3EDFBF22D3251A2AB4085303DA88E {
2021-05-06T05:03:49.160839706Z    "childNodeCount": 11,
2021-05-06T05:03:49.160842906Z    "nodeId": 5
2021-05-06T05:03:49.160845906Z }
2021-05-06T05:03:49.160931107Z [1620277429.161][DEBUG]: DevTools WebSocket Event: DOM.childNodeCountUpdated B5D3EDFBF22D3251A2AB4085303DA88E {
2021-05-06T05:03:49.160939207Z    "childNodeCount": 12,
2021-05-06T05:03:49.160942207Z    "nodeId": 5
2021-05-06T05:03:49.160945207Z }
2021-05-06T05:03:49.161037507Z [1620277429.161][DEBUG]: DevTools WebSocket Event: DOM.childNodeCountUpdated B5D3EDFBF22D3251A2AB4085303DA88E {
2021-05-06T05:03:49.161054807Z    "childNodeCount": 13,
2021-05-06T05:03:49.161058407Z    "nodeId": 5
2021-05-06T05:03:49.161061207Z }
2021-05-06T05:03:49.161157208Z [1620277429.161][DEBUG]: DevTools WebSocket Event: DOM.childNodeCountUpdated B5D3EDFBF22D3251A2AB4085303DA88E {
2021-05-06T05:03:49.161165208Z    "childNodeCount": 14,
2021-05-06T05:03:49.161168308Z    "nodeId": 5
2021-05-06T05:03:49.161171108Z }
2021-05-06T05:03:49.161633709Z [1620277429.161][DEBUG]: DevTools WebSocket Event: DOM.childNodeCountUpdated B5D3EDFBF22D3251A2AB4085303DA88E {
2021-05-06T05:03:49.161643809Z    "childNodeCount": 15,
2021-05-06T05:03:49.161647009Z    "nodeId": 5
2021-05-06T05:03:49.161649809Z }
2021-05-06T05:03:49.161749610Z [1620277429.162][DEBUG]: DevTools WebSocket Event: DOM.childNodeCountUpdated B5D3EDFBF22D3251A2AB4085303DA88E {
2021-05-06T05:03:49.161757710Z    "childNodeCount": 16,
2021-05-06T05:03:49.161760610Z    "nodeId": 5
2021-05-06T05:03:49.161763310Z }
2021-05-06T05:03:49.161869310Z [1620277429.162][DEBUG]: DevTools WebSocket Event: DOM.childNodeCountUpdated B5D3EDFBF22D3251A2AB4085303DA88E {
2021-05-06T05:03:49.161877610Z    "childNodeCount": 17,
2021-05-06T05:03:49.161880610Z    "nodeId": 5
2021-05-06T05:03:49.161883410Z }
2021-05-06T05:03:49.161975410Z [1620277429.162][DEBUG]: DevTools WebSocket Event: DOM.childNodeCountUpdated B5D3EDFBF22D3251A2AB4085303DA88E {
2021-05-06T05:03:49.161983410Z    "childNodeCount": 18,
2021-05-06T05:03:49.161986210Z    "nodeId": 5
2021-05-06T05:03:49.161989011Z }
2021-05-06T05:03:49.162081211Z [1620277429.162][DEBUG]: DevTools WebSocket Event: DOM.childNodeCountUpdated B5D3EDFBF22D3251A2AB4085303DA88E {
2021-05-06T05:03:49.162089311Z    "childNodeCount": 19,
2021-05-06T05:03:49.162092311Z    "nodeId": 5
2021-05-06T05:03:49.162095011Z }
2021-05-06T05:03:49.162359612Z [1620277429.162][DEBUG]: DevTools WebSocket Event: DOM.childNodeCountUpdated B5D3EDFBF22D3251A2AB4085303DA88E {
2021-05-06T05:03:49.162369112Z    "childNodeCount": 20,
2021-05-06T05:03:49.162371912Z    "nodeId": 5
2021-05-06T05:03:49.162374712Z }
2021-05-06T05:03:49.163348815Z [1620277429.163][DEBUG]: DevTools WebSocket Event: DOM.childNodeCountUpdated B5D3EDFBF22D3251A2AB4085303DA88E {
2021-05-06T05:03:49.163360415Z    "childNodeCount": 21,
2021-05-06T05:03:49.163364115Z    "nodeId": 5
2021-05-06T05:03:49.163367515Z }
2021-05-06T05:03:49.163502016Z [1620277429.163][DEBUG]: DevTools WebSocket Event: DOM.childNodeCountUpdated B5D3EDFBF22D3251A2AB4085303DA88E {
2021-05-06T05:03:49.163511216Z    "childNodeCount": 22,
2021-05-06T05:03:49.163524316Z    "nodeId": 5
2021-05-06T05:03:49.163528116Z }
2021-05-06T05:03:49.163972718Z [1620277429.164][DEBUG]: DevTools WebSocket Event: DOM.childNodeCountUpdated B5D3EDFBF22D3251A2AB4085303DA88E {
2021-05-06T05:03:49.163984118Z    "childNodeCount": 23,
2021-05-06T05:03:49.163987718Z    "nodeId": 5
2021-05-06T05:03:49.163991318Z }
2021-05-06T05:03:49.164198218Z [1620277429.164][DEBUG]: DevTools WebSocket Event: DOM.childNodeCountUpdated B5D3EDFBF22D3251A2AB4085303DA88E {
2021-05-06T05:03:49.164220319Z    "childNodeCount": 24,
2021-05-06T05:03:49.164223719Z    "nodeId": 5
2021-05-06T05:03:49.164236119Z }
2021-05-06T05:03:49.164358919Z [1620277429.164][DEBUG]: DevTools WebSocket Event: DOM.childNodeCountUpdated B5D3EDFBF22D3251A2AB4085303DA88E {
2021-05-06T05:03:49.164368019Z    "childNodeCount": 25,
2021-05-06T05:03:49.164371419Z    "nodeId": 5
2021-05-06T05:03:49.164374719Z }
2021-05-06T05:03:49.164737120Z [1620277429.165][DEBUG]: DevTools WebSocket Event: DOM.childNodeCountUpdated B5D3EDFBF22D3251A2AB4085303DA88E {
2021-05-06T05:03:49.164746620Z    "childNodeCount": 26,
2021-05-06T05:03:49.164749720Z    "nodeId": 5
2021-05-06T05:03:49.164752520Z }
2021-05-06T05:03:49.164874621Z [1620277429.165][DEBUG]: DevTools WebSocket Event: DOM.childNodeCountUpdated B5D3EDFBF22D3251A2AB4085303DA88E {
2021-05-06T05:03:49.164883721Z    "childNodeCount": 27,
2021-05-06T05:03:49.164886621Z    "nodeId": 5
2021-05-06T05:03:49.164889421Z }
2021-05-06T05:03:49.164980421Z [1620277429.165][DEBUG]: DevTools WebSocket Event: DOM.childNodeCountUpdated B5D3EDFBF22D3251A2AB4085303DA88E {
2021-05-06T05:03:49.164988221Z    "childNodeCount": 28,
2021-05-06T05:03:49.164991121Z    "nodeId": 5
2021-05-06T05:03:49.164993921Z }
2021-05-06T05:03:49.165081922Z [1620277429.165][DEBUG]: DevTools WebSocket Event: DOM.childNodeCountUpdated B5D3EDFBF22D3251A2AB4085303DA88E {
2021-05-06T05:03:49.165089922Z    "childNodeCount": 29,
2021-05-06T05:03:49.165092822Z    "nodeId": 5
2021-05-06T05:03:49.165095722Z }
2021-05-06T05:03:49.165183922Z [1620277429.165][DEBUG]: DevTools WebSocket Command: Runtime.evaluate (id=21) B5D3EDFBF22D3251A2AB4085303DA88E {
2021-05-06T05:03:49.165192122Z    "expression": "1"
2021-05-06T05:03:49.165195222Z }
2021-05-06T05:03:49.197964340Z [1620277429.198][DEBUG]: DevTools WebSocket Event: DOM.childNodeCountUpdated B5D3EDFBF22D3251A2AB4085303DA88E {
2021-05-06T05:03:49.197993740Z    "childNodeCount": 30,
2021-05-06T05:03:49.197998540Z    "nodeId": 5
2021-05-06T05:03:49.198001840Z }
2021-05-06T05:03:49.198261841Z [1620277429.198][DEBUG]: DevTools WebSocket Event: DOM.childNodeCountUpdated B5D3EDFBF22D3251A2AB4085303DA88E {
2021-05-06T05:03:49.198282241Z    "childNodeCount": 31,
2021-05-06T05:03:49.198286241Z    "nodeId": 5
2021-05-06T05:03:49.198289441Z }
2021-05-06T05:03:49.198541842Z [1620277429.198][DEBUG]: DevTools WebSocket Response: Runtime.evaluate (id=21) B5D3EDFBF22D3251A2AB4085303DA88E {
2021-05-06T05:03:49.198551442Z    "result": {
2021-05-06T05:03:49.198554542Z       "description": "1",
2021-05-06T05:03:49.198557642Z       "type": "number",
2021-05-06T05:03:49.198560642Z       "value": 1
2021-05-06T05:03:49.198563642Z    }
2021-05-06T05:03:49.198566342Z }
2021-05-06T05:03:49.220974622Z [1620277429.221][DEBUG]: DevTools WebSocket Event: DOM.childNodeCountUpdated B5D3EDFBF22D3251A2AB4085303DA88E {
2021-05-06T05:03:49.221004522Z    "childNodeCount": 32,
2021-05-06T05:03:49.221009822Z    "nodeId": 5
2021-05-06T05:03:49.221013622Z }
2021-05-06T05:03:49.221194123Z [1620277429.221][DEBUG]: DevTools WebSocket Command: Runtime.evaluate (id=22) B5D3EDFBF22D3251A2AB4085303DA88E {
2021-05-06T05:03:49.221204723Z    "expression": "1"
2021-05-06T05:03:49.221208523Z }
2021-05-06T05:03:49.221500724Z [1620277429.221][DEBUG]: DevTools WebSocket Event: DOM.documentUpdated B5D3EDFBF22D3251A2AB4085303DA88E {
2021-05-06T05:03:49.221527824Z 
2021-05-06T05:03:49.221530924Z }
2021-05-06T05:03:49.221669025Z [1620277429.222][DEBUG]: DevTools WebSocket Command: DOM.getDocument (id=23) B5D3EDFBF22D3251A2AB4085303DA88E {
2021-05-06T05:03:49.221692225Z 
2021-05-06T05:03:49.221695225Z }
2021-05-06T05:03:49.221933226Z [1620277429.222][DEBUG]: DevTools WebSocket Event: Page.domContentEventFired B5D3EDFBF22D3251A2AB4085303DA88E {
2021-05-06T05:03:49.221942126Z    "timestamp": 288.918856
2021-05-06T05:03:49.221952526Z }
2021-05-06T05:03:49.314521458Z [1620277429.314][DEBUG]: DevTools WebSocket Event: Page.frameResized B5D3EDFBF22D3251A2AB4085303DA88E {
2021-05-06T05:03:49.314559858Z 
2021-05-06T05:03:49.314564858Z }
2021-05-06T05:03:49.315848663Z [1620277429.316][DEBUG]: DevTools WebSocket Response: Runtime.evaluate (id=22) B5D3EDFBF22D3251A2AB4085303DA88E {
2021-05-06T05:03:49.315858963Z    "result": {
2021-05-06T05:03:49.315862563Z       "description": "1",
2021-05-06T05:03:49.315865363Z       "type": "number",
2021-05-06T05:03:49.315868363Z       "value": 1
2021-05-06T05:03:49.315871063Z    }
2021-05-06T05:03:49.315873663Z }
2021-05-06T05:03:49.316262564Z [1620277429.316][DEBUG]: DevTools WebSocket Response: DOM.getDocument (id=23) B5D3EDFBF22D3251A2AB4085303DA88E {
2021-05-06T05:03:49.316272164Z    "root": {
2021-05-06T05:03:49.316283164Z       "backendNodeId": 1,
2021-05-06T05:03:49.316286064Z       "baseURL": "https://www.selenium.dev/downloads/",
2021-05-06T05:03:49.316289064Z       "childNodeCount": 2,
2021-05-06T05:03:49.316291564Z       "children": [ {
2021-05-06T05:03:49.316294264Z          "backendNodeId": 2,
2021-05-06T05:03:49.316296864Z          "localName": "",
2021-05-06T05:03:49.316299664Z          "nodeId": 7,
2021-05-06T05:03:49.316312664Z          "nodeName": "html",
2021-05-06T05:03:49.316315564Z          "nodeType": 10,
2021-05-06T05:03:49.316318064Z          "nodeValue": "",
2021-05-06T05:03:49.316320764Z          "parentId": 6,
2021-05-06T05:03:49.316340664Z          "publicId": "",
2021-05-06T05:03:49.316343564Z          "systemId": ""
2021-05-06T05:03:49.316346364Z       }, {
2021-05-06T05:03:49.316365865Z          "attributes": [  ],
2021-05-06T05:03:49.316368865Z          "backendNodeId": 3,
2021-05-06T05:03:49.316371765Z          "childNodeCount": 2,
2021-05-06T05:03:49.316374665Z          "children": [ {
2021-05-06T05:03:49.316377565Z             "attributes": [  ],
2021-05-06T05:03:49.316380465Z             "backendNodeId": 4,
2021-05-06T05:03:49.316383465Z             "childNodeCount": 4,
2021-05-06T05:03:49.316386265Z             "localName": "head",
2021-05-06T05:03:49.316389265Z             "nodeId": 9,
2021-05-06T05:03:49.316392165Z             "nodeName": "HEAD",
2021-05-06T05:03:49.316395065Z             "nodeType": 1,
2021-05-06T05:03:49.316397965Z             "nodeValue": "",
2021-05-06T05:03:49.316400965Z             "parentId": 8
2021-05-06T05:03:49.316403865Z          }, {
2021-05-06T05:03:49.316406665Z             "attributes": [  ],
2021-05-06T05:03:49.316409565Z             "backendNodeId": 5,
2021-05-06T05:03:49.316412565Z             "childNodeCount": 32,
2021-05-06T05:03:49.316415465Z             "localName": "body",
2021-05-06T05:03:49.316418365Z             "nodeId": 10,
2021-05-06T05:03:49.316421765Z             "nodeName": "BODY",
2021-05-06T05:03:49.316424865Z             "nodeType": 1,
2021-05-06T05:03:49.316427665Z             "nodeValue": "",
2021-05-06T05:03:49.316430665Z             "parentId": 8
2021-05-06T05:03:49.316433465Z          } ],
2021-05-06T05:03:49.316436365Z          "frameId": "B5D3EDFBF22D3251A2AB4085303DA88E",
2021-05-06T05:03:49.316439365Z          "localName": "html",
2021-05-06T05:03:49.316446665Z          "nodeId": 8,
2021-05-06T05:03:49.316449665Z          "nodeName": "HTML",
2021-05-06T05:03:49.316452565Z          "nodeType": 1,
2021-05-06T05:03:49.316455365Z          "nodeValue": "",
2021-05-06T05:03:49.316458365Z          "parentId": 6
2021-05-06T05:03:49.316461165Z       } ],
2021-05-06T05:03:49.316463865Z       "documentURL": "https://www.selenium.dev/downloads/",
2021-05-06T05:03:49.316466865Z       "localName": "",
2021-05-06T05:03:49.316469765Z       "nodeId": 6,
2021-05-06T05:03:49.316472565Z       "nodeName": "#document",
2021-05-06T05:03:49.316475565Z       "nodeType": 9,
2021-05-06T05:03:49.316478365Z       "nodeValue": "",
2021-05-06T05:03:49.316481365Z       "xmlVersion": ""
2021-05-06T05:03:49.316484265Z    }
2021-05-06T05:03:49.316486965Z }
2021-05-06T05:03:49.316626566Z [1620277429.317][DEBUG]: DevTools WebSocket Command: Runtime.evaluate (id=24) B5D3EDFBF22D3251A2AB4085303DA88E {
2021-05-06T05:03:49.316635766Z    "expression": "1"
2021-05-06T05:03:49.316638966Z }
2021-05-06T05:03:49.333254725Z [1620277429.333][DEBUG]: DevTools WebSocket Event: DOM.childNodeCountUpdated B5D3EDFBF22D3251A2AB4085303DA88E {
2021-05-06T05:03:49.333272525Z    "childNodeCount": 5,
2021-05-06T05:03:49.333288625Z    "nodeId": 9
2021-05-06T05:03:49.333292525Z }
2021-05-06T05:03:49.333552426Z [1620277429.333][DEBUG]: DevTools WebSocket Event: DOM.childNodeCountUpdated B5D3EDFBF22D3251A2AB4085303DA88E {
2021-05-06T05:03:49.333564226Z    "childNodeCount": 6,
2021-05-06T05:03:49.333568126Z    "nodeId": 9
2021-05-06T05:03:49.333571526Z }
2021-05-06T05:03:49.333741927Z [1620277429.334][DEBUG]: DevTools WebSocket Event: DOM.childNodeCountUpdated B5D3EDFBF22D3251A2AB4085303DA88E {
2021-05-06T05:03:49.333751627Z    "childNodeCount": 7,
2021-05-06T05:03:49.333755327Z    "nodeId": 9
2021-05-06T05:03:49.333758727Z }
2021-05-06T05:03:49.334050928Z [1620277429.334][DEBUG]: DevTools WebSocket Response: Runtime.evaluate (id=24) B5D3EDFBF22D3251A2AB4085303DA88E {
2021-05-06T05:03:49.334061728Z    "result": {
2021-05-06T05:03:49.334065628Z       "description": "1",
2021-05-06T05:03:49.334069428Z       "type": "number",
2021-05-06T05:03:49.334073528Z       "value": 1
2021-05-06T05:03:49.334077028Z    }
2021-05-06T05:03:49.334080328Z }
2021-05-06T05:03:49.479506350Z [1620277429.479][DEBUG]: DevTools WebSocket Event: DOM.childNodeCountUpdated B5D3EDFBF22D3251A2AB4085303DA88E {
2021-05-06T05:03:49.479543150Z    "childNodeCount": 8,
2021-05-06T05:03:49.479555750Z    "nodeId": 9
2021-05-06T05:03:49.479559350Z }
2021-05-06T05:03:49.479677051Z [1620277429.480][DEBUG]: DevTools WebSocket Event: DOM.childNodeCountUpdated B5D3EDFBF22D3251A2AB4085303DA88E {
2021-05-06T05:03:49.479685951Z    "childNodeCount": 9,
2021-05-06T05:03:49.479689051Z    "nodeId": 9
2021-05-06T05:03:49.479691851Z }
2021-05-06T05:03:49.479858251Z [1620277429.480][DEBUG]: DevTools WebSocket Event: DOM.childNodeCountUpdated B5D3EDFBF22D3251A2AB4085303DA88E {
2021-05-06T05:03:49.479867051Z    "childNodeCount": 10,
2021-05-06T05:03:49.479870351Z    "nodeId": 9
2021-05-06T05:03:49.479873451Z }
2021-05-06T05:03:49.479972152Z [1620277429.480][DEBUG]: DevTools WebSocket Event: DOM.childNodeCountUpdated B5D3EDFBF22D3251A2AB4085303DA88E {
2021-05-06T05:03:49.479980552Z    "childNodeCount": 33,
2021-05-06T05:03:49.479983952Z    "nodeId": 10
2021-05-06T05:03:49.479987052Z }
2021-05-06T05:03:49.480090052Z [1620277429.480][DEBUG]: DevTools WebSocket Command: Runtime.evaluate (id=25) B5D3EDFBF22D3251A2AB4085303DA88E {
2021-05-06T05:03:49.480098652Z    "expression": "1"
2021-05-06T05:03:49.480102152Z }
2021-05-06T05:03:49.498271117Z [1620277429.498][DEBUG]: DevTools WebSocket Response: Runtime.evaluate (id=25) B5D3EDFBF22D3251A2AB4085303DA88E {
2021-05-06T05:03:49.498305718Z    "result": {
2021-05-06T05:03:49.498310618Z       "description": "1",
2021-05-06T05:03:49.498314018Z       "type": "number",
2021-05-06T05:03:49.498317418Z       "value": 1
2021-05-06T05:03:49.498320518Z    }
2021-05-06T05:03:49.498323518Z }
2021-05-06T05:03:49.530000431Z [1620277429.530][DEBUG]: DevTools WebSocket Event: Page.loadEventFired B5D3EDFBF22D3251A2AB4085303DA88E {
2021-05-06T05:03:49.530032131Z    "timestamp": 289.225879
2021-05-06T05:03:49.530036331Z }
2021-05-06T05:03:49.530167032Z [1620277429.530][DEBUG]: DevTools WebSocket Command: Runtime.evaluate (id=26) B5D3EDFBF22D3251A2AB4085303DA88E {
2021-05-06T05:03:49.530175632Z    "awaitPromise": false,
2021-05-06T05:03:49.530179132Z    "expression": "document.readyState",
2021-05-06T05:03:49.530182332Z    "returnByValue": true
2021-05-06T05:03:49.530185132Z }
2021-05-06T05:03:49.530379433Z [1620277429.530][DEBUG]: DevTools WebSocket Event: Page.frameStoppedLoading B5D3EDFBF22D3251A2AB4085303DA88E {
2021-05-06T05:03:49.530388733Z    "frameId": "B5D3EDFBF22D3251A2AB4085303DA88E"
2021-05-06T05:03:49.530392533Z }
2021-05-06T05:03:49.532787941Z [1620277429.533][DEBUG]: DevTools WebSocket Response: Runtime.evaluate (id=26) B5D3EDFBF22D3251A2AB4085303DA88E {
2021-05-06T05:03:49.532799441Z    "result": {
2021-05-06T05:03:49.532803041Z       "type": "string",
2021-05-06T05:03:49.532815641Z       "value": "complete"
2021-05-06T05:03:49.532842642Z    }
2021-05-06T05:03:49.532863242Z }
2021-05-06T05:03:49.533010542Z [1620277429.533][DEBUG]: DevTools WebSocket Command: Runtime.evaluate (id=27) B5D3EDFBF22D3251A2AB4085303DA88E {
2021-05-06T05:03:49.533019642Z    "expression": "1"
2021-05-06T05:03:49.533023242Z }
2021-05-06T05:03:49.533896445Z [1620277429.534][DEBUG]: DevTools WebSocket Response: Runtime.evaluate (id=27) B5D3EDFBF22D3251A2AB4085303DA88E {
2021-05-06T05:03:49.533907445Z    "result": {
2021-05-06T05:03:49.533910845Z       "description": "1",
2021-05-06T05:03:49.533913845Z       "type": "number",
2021-05-06T05:03:49.533916945Z       "value": 1
2021-05-06T05:03:49.533919745Z    }
2021-05-06T05:03:49.533922545Z }
2021-05-06T05:03:49.534019246Z [1620277429.534][INFO]: Done waiting for pending navigations. Status: ok
2021-05-06T05:03:49.534152946Z [1620277429.534][INFO]: [9ef2e174315ca2736887cb1631243d30] RESPONSE Navigate
2021-05-06T05:03:49.538769663Z [1620277429.539][INFO]: [9ef2e174315ca2736887cb1631243d30] COMMAND Screenshot {
2021-05-06T05:03:49.538810563Z 
2021-05-06T05:03:49.538814863Z }
2021-05-06T05:03:49.538975564Z [1620277429.539][INFO]: Waiting for pending navigations...
2021-05-06T05:03:49.539080464Z [1620277429.539][DEBUG]: DevTools WebSocket Command: Runtime.evaluate (id=28) B5D3EDFBF22D3251A2AB4085303DA88E {
2021-05-06T05:03:49.539104964Z    "expression": "1"
2021-05-06T05:03:49.539108264Z }
2021-05-06T05:03:49.539642366Z [1620277429.540][DEBUG]: DevTools WebSocket Response: Runtime.evaluate (id=28) B5D3EDFBF22D3251A2AB4085303DA88E {
2021-05-06T05:03:49.539652466Z    "result": {
2021-05-06T05:03:49.539655566Z       "description": "1",
2021-05-06T05:03:49.539658666Z       "type": "number",
2021-05-06T05:03:49.539661666Z       "value": 1
2021-05-06T05:03:49.539664466Z    }
2021-05-06T05:03:49.539667466Z }
2021-05-06T05:03:49.539770666Z [1620277429.540][INFO]: Done waiting for pending navigations. Status: ok
2021-05-06T05:03:49.539870067Z [1620277429.540][DEBUG]: DevTools HTTP Request: http://localhost:37267/json/activate/B5D3EDFBF22D3251A2AB4085303DA88E
2021-05-06T05:03:49.541894374Z [1620277429.542][DEBUG]: DevTools HTTP Response: Target activated
2021-05-06T05:03:49.542011474Z [1620277429.542][DEBUG]: DevTools WebSocket Command: Page.captureScreenshot (id=29) B5D3EDFBF22D3251A2AB4085303DA88E {
2021-05-06T05:03:49.542021174Z 
2021-05-06T05:03:49.542024674Z }
2021-05-06T05:03:49.827670800Z [1620277429.828][DEBUG]: DevTools WebSocket Response: Page.captureScreenshot (id=29) B5D3EDFBF22D3251A2AB4085303DA88E {
2021-05-06T05:03:49.827711800Z    "data": "iVBORw0KGgoAAAANSUhEUgAAA6kAAAOjCAYAAABZRELVAAAAAXNSR0IArs4c6QAAIABJREFUeJzs3Xd0XPWd///Xnd6kUS+WrGZb7r1hg8H0lgApEBKSzabtbsou37Dlm81udpN8N9/dJGez55tfsptdSGGTQBJCaEsxNhiDARtsI/cqy3JXsbpGmnp/f8geJM2ou..."
2021-05-06T05:03:49.827716700Z }
2021-05-06T05:03:49.827916001Z [1620277429.828][INFO]: Waiting for pending navigations...
2021-05-06T05:03:49.827977301Z [1620277429.828][DEBUG]: DevTools WebSocket Command: Runtime.evaluate (id=30) B5D3EDFBF22D3251A2AB4085303DA88E {
2021-05-06T05:03:49.827983001Z    "expression": "1"
2021-05-06T05:03:49.827986501Z }
2021-05-06T05:03:49.828666003Z [1620277429.829][DEBUG]: DevTools WebSocket Response: Runtime.evaluate (id=30) B5D3EDFBF22D3251A2AB4085303DA88E {
2021-05-06T05:03:49.828679203Z    "result": {
2021-05-06T05:03:49.828683303Z       "description": "1",
2021-05-06T05:03:49.828696703Z       "type": "number",
2021-05-06T05:03:49.828700903Z       "value": 1
2021-05-06T05:03:49.828704103Z    }
2021-05-06T05:03:49.828707103Z }
2021-05-06T05:03:49.828710103Z [1620277429.829][INFO]: Done waiting for pending navigations. Status: ok
2021-05-06T05:03:49.828848104Z [1620277429.829][INFO]: [9ef2e174315ca2736887cb1631243d30] RESPONSE Screenshot "iVBORw0KGgoAAAANSUhEUgAAA6kAAAOjCAYAAABZRELVAAAAAXNSR0IArs4c6QAAIABJREFUeJzs3Xd0XPWd///Xnd6kUS+WrGZb7r1hg8H0lgApEBKSzabtbsou37Dlm81udpN8N9/dJGez55tfsptdSGGTQBJCaEsxNhiDARtsI/cqy3JXsbpGmnp/f8geJM2ou..."
2021-05-06T05:03:49.870273853Z [1620277429.870][INFO]: [9ef2e174315ca2736887cb1631243d30] COMMAND FindElement {
2021-05-06T05:03:49.870295253Z    "using": "css selector",
2021-05-06T05:03:49.870299753Z    "value": "a[href*=\"IEDriverServer_Win32_3\"]"
2021-05-06T05:03:49.870303753Z }
2021-05-06T05:03:49.870306853Z [1620277429.870][INFO]: Waiting for pending navigations...
2021-05-06T05:03:49.870310253Z [1620277429.870][DEBUG]: DevTools WebSocket Command: Runtime.evaluate (id=31) B5D3EDFBF22D3251A2AB4085303DA88E {
2021-05-06T05:03:49.870313553Z    "expression": "1"
2021-05-06T05:03:49.870319153Z }
2021-05-06T05:03:49.872872562Z [1620277429.871][DEBUG]: DevTools WebSocket Response: Runtime.evaluate (id=31) B5D3EDFBF22D3251A2AB4085303DA88E {
2021-05-06T05:03:49.872887262Z    "result": {
2021-05-06T05:03:49.872891062Z       "description": "1",
2021-05-06T05:03:49.872894662Z       "type": "number",
2021-05-06T05:03:49.872898162Z       "value": 1
2021-05-06T05:03:49.872901262Z    }
2021-05-06T05:03:49.872904462Z }
2021-05-06T05:03:49.872907662Z [1620277429.871][INFO]: Done waiting for pending navigations. Status: ok
2021-05-06T05:03:49.872912562Z [1620277429.873][DEBUG]: DevTools WebSocket Command: Runtime.evaluate (id=32) B5D3EDFBF22D3251A2AB4085303DA88E {
2021-05-06T05:03:49.872915862Z    "awaitPromise": true,
2021-05-06T05:03:49.872937662Z    "expression": "(function() { // Copyright (c) 2012 The Chromium Authors. All rights reserved.\n// Use of this source code is governed by a BSD-style license that can be\n// found in the LICENSE file.\n\n/**\n * Enum f...",
2021-05-06T05:03:49.872943162Z    "returnByValue": true
2021-05-06T05:03:49.872946362Z }
2021-05-06T05:03:49.884192503Z [1620277429.884][DEBUG]: DevTools WebSocket Response: Runtime.evaluate (id=32) B5D3EDFBF22D3251A2AB4085303DA88E {
2021-05-06T05:03:49.884208503Z    "result": {
2021-05-06T05:03:49.884212403Z       "type": "object",
2021-05-06T05:03:49.884215603Z       "value": {
2021-05-06T05:03:49.884218703Z          "status": 0,
2021-05-06T05:03:49.884221903Z          "value": {
2021-05-06T05:03:49.884225503Z             "element-6066-11e4-a52e-4f735466cecf": "0b9e6906-7af9-404c-8205-614f7fb2e65e"
2021-05-06T05:03:49.884228903Z          }
2021-05-06T05:03:49.884232003Z       }
2021-05-06T05:03:49.884234903Z    }
2021-05-06T05:03:49.884237903Z }
2021-05-06T05:03:49.884339003Z [1620277429.884][INFO]: Waiting for pending navigations...
2021-05-06T05:03:49.884346303Z [1620277429.884][DEBUG]: DevTools WebSocket Command: Runtime.evaluate (id=33) B5D3EDFBF22D3251A2AB4085303DA88E {
2021-05-06T05:03:49.884349603Z    "expression": "1"
2021-05-06T05:03:49.884352903Z }
2021-05-06T05:03:49.885299906Z [1620277429.885][DEBUG]: DevTools WebSocket Response: Runtime.evaluate (id=33) B5D3EDFBF22D3251A2AB4085303DA88E {
2021-05-06T05:03:49.885312307Z    "result": {
2021-05-06T05:03:49.885316007Z       "description": "1",
2021-05-06T05:03:49.885319507Z       "type": "number",
2021-05-06T05:03:49.885322907Z       "value": 1
2021-05-06T05:03:49.885326107Z    }
2021-05-06T05:03:49.885329107Z }
2021-05-06T05:03:49.885332207Z [1620277429.885][INFO]: Done waiting for pending navigations. Status: ok
2021-05-06T05:03:49.885335207Z [1620277429.885][INFO]: [9ef2e174315ca2736887cb1631243d30] RESPONSE FindElement {
2021-05-06T05:03:49.885338807Z    "element-6066-11e4-a52e-4f735466cecf": "0b9e6906-7af9-404c-8205-614f7fb2e65e"
2021-05-06T05:03:49.885342207Z }
2021-05-06T05:03:49.890445125Z [1620277429.890][INFO]: [9ef2e174315ca2736887cb1631243d30] COMMAND ClickElement {
2021-05-06T05:03:49.890458625Z    "id": "0b9e6906-7af9-404c-8205-614f7fb2e65e"
2021-05-06T05:03:49.890462625Z }
2021-05-06T05:03:49.890465725Z [1620277429.890][INFO]: Waiting for pending navigations...
2021-05-06T05:03:49.890468825Z [1620277429.890][DEBUG]: DevTools WebSocket Command: Runtime.evaluate (id=34) B5D3EDFBF22D3251A2AB4085303DA88E {
2021-05-06T05:03:49.890472125Z    "expression": "1"
2021-05-06T05:03:49.890485725Z }
2021-05-06T05:03:49.891072827Z [1620277429.891][DEBUG]: DevTools WebSocket Response: Runtime.evaluate (id=34) B5D3EDFBF22D3251A2AB4085303DA88E {
2021-05-06T05:03:49.891084427Z    "result": {
2021-05-06T05:03:49.891088227Z       "description": "1",
2021-05-06T05:03:49.891091627Z       "type": "number",
2021-05-06T05:03:49.891094827Z       "value": 1
2021-05-06T05:03:49.891098027Z    }
2021-05-06T05:03:49.891100927Z }
2021-05-06T05:03:49.891104027Z [1620277429.891][INFO]: Done waiting for pending navigations. Status: ok
2021-05-06T05:03:49.891472429Z [1620277429.891][DEBUG]: DevTools WebSocket Command: Runtime.evaluate (id=35) B5D3EDFBF22D3251A2AB4085303DA88E {
2021-05-06T05:03:49.891483029Z    "awaitPromise": true,
2021-05-06T05:03:49.891486629Z    "expression": "(function() { // Copyright (c) 2012 The Chromium Authors. All rights reserved.\n// Use of this source code is governed by a BSD-style license that can be\n// found in the LICENSE file.\n\n/**\n * Enum f...",
2021-05-06T05:03:49.891490629Z    "returnByValue": true
2021-05-06T05:03:49.891493829Z }
2021-05-06T05:03:49.896904348Z [1620277429.893][DEBUG]: DevTools WebSocket Response: Runtime.evaluate (id=35) B5D3EDFBF22D3251A2AB4085303DA88E {
2021-05-06T05:03:49.896921248Z    "result": {
2021-05-06T05:03:49.896925548Z       "type": "object",
2021-05-06T05:03:49.896929248Z       "value": {
2021-05-06T05:03:49.896932648Z          "status": 0,
2021-05-06T05:03:49.896936148Z          "value": "a"
2021-05-06T05:03:49.896939748Z       }
2021-05-06T05:03:49.896943148Z    }
2021-05-06T05:03:49.896946348Z }
2021-05-06T05:03:49.896949748Z [1620277429.893][DEBUG]: DevTools WebSocket Command: Runtime.evaluate (id=36) B5D3EDFBF22D3251A2AB4085303DA88E {
2021-05-06T05:03:49.896953248Z    "awaitPromise": true,
2021-05-06T05:03:49.896956948Z    "expression": "(function() { // Copyright (c) 2012 The Chromium Authors. All rights reserved.\n// Use of this source code is governed by a BSD-style license that can be\n// found in the LICENSE file.\n\n/**\n * Enum f...",
2021-05-06T05:03:49.896961248Z    "returnByValue": true
2021-05-06T05:03:49.896964748Z }
2021-05-06T05:03:49.896968048Z [1620277429.894][DEBUG]: DevTools WebSocket Response: Runtime.evaluate (id=36) B5D3EDFBF22D3251A2AB4085303DA88E {
2021-05-06T05:03:49.896971548Z    "result": {
2021-05-06T05:03:49.896974748Z       "type": "object",
2021-05-06T05:03:49.896978148Z       "value": {
2021-05-06T05:03:49.896981448Z          "status": 0,
2021-05-06T05:03:49.896984848Z          "value": "a"
2021-05-06T05:03:49.896988248Z       }
2021-05-06T05:03:49.896991448Z    }
2021-05-06T05:03:49.897004148Z }
2021-05-06T05:03:49.897007849Z [1620277429.896][DEBUG]: DevTools WebSocket Command: Runtime.evaluate (id=37) B5D3EDFBF22D3251A2AB4085303DA88E {
2021-05-06T05:03:49.897011349Z    "awaitPromise": true,
2021-05-06T05:03:49.897014849Z    "expression": "(function() { // Copyright (c) 2012 The Chromium Authors. All rights reserved.\n// Use of this source code is governed by a BSD-style license that can be\n// found in the LICENSE file.\n\n/**\n * Enum f...",
2021-05-06T05:03:49.897018949Z    "returnByValue": true
2021-05-06T05:03:49.897022349Z }
2021-05-06T05:03:49.903353971Z [1620277429.903][DEBUG]: DevTools WebSocket Response: Runtime.evaluate (id=37) B5D3EDFBF22D3251A2AB4085303DA88E {
2021-05-06T05:03:49.903368671Z    "result": {
2021-05-06T05:03:49.903372671Z       "type": "object",
2021-05-06T05:03:49.903376071Z       "value": {
2021-05-06T05:03:49.903379171Z          "status": 0,
2021-05-06T05:03:49.903382471Z          "value": true
2021-05-06T05:03:49.903385571Z       }
2021-05-06T05:03:49.903388571Z    }
2021-05-06T05:03:49.903391571Z }
2021-05-06T05:03:49.903973574Z [1620277429.904][DEBUG]: DevTools WebSocket Command: Runtime.evaluate (id=38) B5D3EDFBF22D3251A2AB4085303DA88E {
2021-05-06T05:03:49.903985374Z    "awaitPromise": true,
2021-05-06T05:03:49.903989374Z    "expression": "(function() { // Copyright (c) 2012 The Chromium Authors. All rights reserved.\n// Use of this source code is governed by a BSD-style license that can be\n// found in the LICENSE file.\n\n/**\n * Enum f...",
2021-05-06T05:03:49.903993874Z    "returnByValue": true
2021-05-06T05:03:49.903997274Z }
2021-05-06T05:03:49.906311782Z [1620277429.906][DEBUG]: DevTools WebSocket Response: Runtime.evaluate (id=38) B5D3EDFBF22D3251A2AB4085303DA88E {
2021-05-06T05:03:49.906324782Z    "result": {
2021-05-06T05:03:49.906328682Z       "type": "object",
2021-05-06T05:03:49.906332182Z       "value": {
2021-05-06T05:03:49.906335382Z          "status": 0,
2021-05-06T05:03:49.906338582Z          "value": {
2021-05-06T05:03:49.906341682Z             "height": 17,
2021-05-06T05:03:49.906344782Z             "left": 0,
2021-05-06T05:03:49.906347982Z             "top": 0,
2021-05-06T05:03:49.906351082Z             "width": 127.390625
2021-05-06T05:03:49.906354282Z          }
2021-05-06T05:03:49.906357282Z       }
2021-05-06T05:03:49.906360382Z    }
2021-05-06T05:03:49.906363482Z }
2021-05-06T05:03:49.907818887Z [1620277429.908][DEBUG]: DevTools WebSocket Command: Runtime.evaluate (id=39) B5D3EDFBF22D3251A2AB4085303DA88E {
2021-05-06T05:03:49.907830587Z    "awaitPromise": true,
2021-05-06T05:03:49.907834287Z    "expression": "(function() { // Copyright (c) 2012 The Chromium Authors. All rights reserved.\n// Use of this source code is governed by a BSD-style license that can be\n// found in the LICENSE file.\n\n/**\n * Enum f...",
2021-05-06T05:03:49.907846887Z    "returnByValue": true
2021-05-06T05:03:49.907850487Z }
2021-05-06T05:03:49.913457508Z [1620277429.913][DEBUG]: DevTools WebSocket Response: Runtime.evaluate (id=39) B5D3EDFBF22D3251A2AB4085303DA88E {
2021-05-06T05:03:49.913471408Z    "result": {
2021-05-06T05:03:49.913475508Z       "type": "object",
2021-05-06T05:03:49.913479508Z       "value": {
2021-05-06T05:03:49.913483008Z          "status": 0,
2021-05-06T05:03:49.913486308Z          "value": {
2021-05-06T05:03:49.913489508Z             "ceil": {
2021-05-06T05:03:49.913492908Z 
2021-05-06T05:03:49.913496208Z             },
2021-05-06T05:03:49.913499408Z             "clone": {
2021-05-06T05:03:49.913502708Z 
2021-05-06T05:03:49.913505808Z             },
2021-05-06T05:03:49.913509008Z             "floor": {
2021-05-06T05:03:49.913512208Z 
2021-05-06T05:03:49.913515208Z             },
2021-05-06T05:03:49.913518308Z             "round": {
2021-05-06T05:03:49.913521608Z 
2021-05-06T05:03:49.913524608Z             },
2021-05-06T05:03:49.913527708Z             "scale": {
2021-05-06T05:03:49.913531208Z 
2021-05-06T05:03:49.913534308Z             },
2021-05-06T05:03:49.913537408Z             "translate": {
2021-05-06T05:03:49.913540508Z 
2021-05-06T05:03:49.913543608Z             },
2021-05-06T05:03:49.913546708Z             "x": 481.5,
2021-05-06T05:03:49.913550008Z             "y": 787.03125
2021-05-06T05:03:49.913553208Z          }
2021-05-06T05:03:49.913556308Z       }
2021-05-06T05:03:49.913559408Z    }
2021-05-06T05:03:49.913562508Z }
2021-05-06T05:03:49.914717412Z [1620277429.915][DEBUG]: DevTools WebSocket Command: Runtime.evaluate (id=40) B5D3EDFBF22D3251A2AB4085303DA88E {
2021-05-06T05:03:49.914729012Z    "awaitPromise": true,
2021-05-06T05:03:49.914732812Z    "expression": "(function() { // Copyright (c) 2012 The Chromium Authors. All rights reserved.\n// Use of this source code is governed by a BSD-style license that can be\n// found in the LICENSE file.\n\n/**\n * Enum f...",
2021-05-06T05:03:49.914736912Z    "returnByValue": true
2021-05-06T05:03:49.914740012Z }
2021-05-06T05:03:49.945328722Z [1620277429.945][DEBUG]: DevTools WebSocket Response: Runtime.evaluate (id=40) B5D3EDFBF22D3251A2AB4085303DA88E {
2021-05-06T05:03:49.945354622Z    "result": {
2021-05-06T05:03:49.945370622Z       "type": "object",
2021-05-06T05:03:49.945374322Z       "value": {
2021-05-06T05:03:49.945377322Z          "status": 0,
2021-05-06T05:03:49.945380322Z          "value": {
2021-05-06T05:03:49.945383322Z             "clickable": true
2021-05-06T05:03:49.945386422Z          }
2021-05-06T05:03:49.945389322Z       }
2021-05-06T05:03:49.945392122Z    }
2021-05-06T05:03:49.945395022Z }
2021-05-06T05:03:49.945455322Z [1620277429.945][DEBUG]: DevTools WebSocket Command: Input.dispatchMouseEvent (id=41) B5D3EDFBF22D3251A2AB4085303DA88E {
2021-05-06T05:03:49.945461722Z    "button": "none",
2021-05-06T05:03:49.945464922Z    "buttons": 0,
2021-05-06T05:03:49.945467822Z    "clickCount": 0,
2021-05-06T05:03:49.945470822Z    "force": 0.0,
2021-05-06T05:03:49.945473822Z    "modifiers": 0,
2021-05-06T05:03:49.945476822Z    "pointerType": "mouse",
2021-05-06T05:03:49.945489423Z    "tangentialPressure": 0.0,
2021-05-06T05:03:49.945493423Z    "tiltX": 0,
2021-05-06T05:03:49.945496323Z    "tiltY": 0,
2021-05-06T05:03:49.945499323Z    "twist": 0,
2021-05-06T05:03:49.945502123Z    "type": "mouseMoved",
2021-05-06T05:03:49.945505223Z    "x": 544,
2021-05-06T05:03:49.945508123Z    "y": 795
2021-05-06T05:03:49.945511023Z }
2021-05-06T05:03:49.945971924Z [1620277429.946][DEBUG]: DevTools WebSocket Command: Input.dispatchMouseEvent (id=42) B5D3EDFBF22D3251A2AB4085303DA88E {
2021-05-06T05:03:49.945982224Z    "button": "left",
2021-05-06T05:03:49.945985624Z    "buttons": 0,
2021-05-06T05:03:49.946004924Z    "clickCount": 1,
2021-05-06T05:03:49.946007924Z    "force": 0.0,
2021-05-06T05:03:49.946010924Z    "modifiers": 0,
2021-05-06T05:03:49.946013824Z    "pointerType": "mouse",
2021-05-06T05:03:49.946017024Z    "tangentialPressure": 0.0,
2021-05-06T05:03:49.946020124Z    "tiltX": 0,
2021-05-06T05:03:49.946023024Z    "tiltY": 0,
2021-05-06T05:03:49.946025924Z    "twist": 0,
2021-05-06T05:03:49.946029024Z    "type": "mousePressed",
2021-05-06T05:03:49.946032124Z    "x": 544,
2021-05-06T05:03:49.946035124Z    "y": 795
2021-05-06T05:03:49.946038224Z }
2021-05-06T05:03:49.946178025Z [1620277429.946][DEBUG]: DevTools WebSocket Command: Input.dispatchMouseEvent (id=43) B5D3EDFBF22D3251A2AB4085303DA88E {
2021-05-06T05:03:49.946187125Z    "button": "left",
2021-05-06T05:03:49.946190625Z    "buttons": 1,
2021-05-06T05:03:49.946200125Z    "clickCount": 1,
2021-05-06T05:03:49.946203725Z    "force": 0.0,
2021-05-06T05:03:49.946207425Z    "modifiers": 0,
2021-05-06T05:03:49.946210525Z    "pointerType": "mouse",
2021-05-06T05:03:49.946213625Z    "tangentialPressure": 0.0,
2021-05-06T05:03:49.946216625Z    "tiltX": 0,
2021-05-06T05:03:49.946219625Z    "tiltY": 0,
2021-05-06T05:03:49.946222525Z    "twist": 0,
2021-05-06T05:03:49.946225625Z    "type": "mouseReleased",
2021-05-06T05:03:49.946228725Z    "x": 544,
2021-05-06T05:03:49.946231725Z    "y": 795
2021-05-06T05:03:49.946234725Z }
2021-05-06T05:03:49.949167936Z [1620277429.949][DEBUG]: DevTools WebSocket Response: Input.dispatchMouseEvent (id=41) B5D3EDFBF22D3251A2AB4085303DA88E {
2021-05-06T05:03:49.949181036Z 
2021-05-06T05:03:49.949184636Z }
2021-05-06T05:03:49.950741841Z [1620277429.951][DEBUG]: DevTools WebSocket Response: Input.dispatchMouseEvent (id=42) B5D3EDFBF22D3251A2AB4085303DA88E {
2021-05-06T05:03:49.950753841Z 
2021-05-06T05:03:49.950757541Z }
2021-05-06T05:03:49.951816345Z [1620277429.952][DEBUG]: DevTools WebSocket Event: Page.frameScheduledNavigation B5D3EDFBF22D3251A2AB4085303DA88E {
2021-05-06T05:03:49.951827745Z    "delay": 0,
2021-05-06T05:03:49.951831445Z    "frameId": "B5D3EDFBF22D3251A2AB4085303DA88E",
2021-05-06T05:03:49.951834845Z    "reason": "anchorClick",
2021-05-06T05:03:49.951838145Z    "url": "https://selenium-release.storage.googleapis.com/3.150/IEDriverServer_Win32_3.150.1.zip"
2021-05-06T05:03:49.951841545Z }
2021-05-06T05:03:49.952319747Z [1620277429.952][DEBUG]: DevTools WebSocket Event: Page.frameRequestedNavigation B5D3EDFBF22D3251A2AB4085303DA88E {
2021-05-06T05:03:49.952329547Z    "disposition": "currentTab",
2021-05-06T05:03:49.952333147Z    "frameId": "B5D3EDFBF22D3251A2AB4085303DA88E",
2021-05-06T05:03:49.952336447Z    "reason": "anchorClick",
2021-05-06T05:03:49.952339547Z    "url": "https://selenium-release.storage.googleapis.com/3.150/IEDriverServer_Win32_3.150.1.zip"
2021-05-06T05:03:49.952342647Z }
2021-05-06T05:03:49.953299751Z [1620277429.953][DEBUG]: DevTools WebSocket Event: Page.frameStartedLoading B5D3EDFBF22D3251A2AB4085303DA88E {
2021-05-06T05:03:49.953311851Z    "frameId": "B5D3EDFBF22D3251A2AB4085303DA88E"
2021-05-06T05:03:49.953315651Z }
2021-05-06T05:03:49.964092089Z [1620277429.964][DEBUG]: DevTools WebSocket Event: Page.frameClearedScheduledNavigation B5D3EDFBF22D3251A2AB4085303DA88E {
2021-05-06T05:03:49.964107389Z    "frameId": "B5D3EDFBF22D3251A2AB4085303DA88E"
2021-05-06T05:03:49.964111789Z }
2021-05-06T05:03:49.964456791Z [1620277429.964][DEBUG]: DevTools WebSocket Response: Input.dispatchMouseEvent (id=43) B5D3EDFBF22D3251A2AB4085303DA88E {
2021-05-06T05:03:49.964476391Z 
2021-05-06T05:03:49.964480391Z }
2021-05-06T05:03:49.964483791Z [1620277429.964][INFO]: Waiting for pending navigations...
2021-05-06T05:03:49.964487191Z [1620277429.964][DEBUG]: DevTools WebSocket Command: Runtime.evaluate (id=44) B5D3EDFBF22D3251A2AB4085303DA88E {
2021-05-06T05:03:49.964490791Z    "expression": "1"
2021-05-06T05:03:49.964504291Z }
2021-05-06T05:03:50.125115467Z [1620277430.125][DEBUG]: DevTools WebSocket Response: Runtime.evaluate (id=44) B5D3EDFBF22D3251A2AB4085303DA88E {
2021-05-06T05:03:50.125151067Z    "result": {
2021-05-06T05:03:50.125155567Z       "description": "1",
2021-05-06T05:03:50.125159367Z       "type": "number",
2021-05-06T05:03:50.125163067Z       "value": 1
2021-05-06T05:03:50.125166567Z    }
2021-05-06T05:03:50.125169867Z }
2021-05-06T05:03:50.128856281Z [1620277430.129][DEBUG]: DevTools WebSocket Event: Page.frameStoppedLoading B5D3EDFBF22D3251A2AB4085303DA88E {
2021-05-06T05:03:50.128871581Z    "frameId": "B5D3EDFBF22D3251A2AB4085303DA88E"
2021-05-06T05:03:50.128876081Z }
2021-05-06T05:03:50.129005481Z [1620277430.129][DEBUG]: DevTools WebSocket Command: Runtime.evaluate (id=45) B5D3EDFBF22D3251A2AB4085303DA88E {
2021-05-06T05:03:50.129014781Z    "expression": "1"
2021-05-06T05:03:50.129018581Z }
2021-05-06T05:03:50.129864784Z [1620277430.130][DEBUG]: DevTools WebSocket Response: Runtime.evaluate (id=45) B5D3EDFBF22D3251A2AB4085303DA88E {
2021-05-06T05:03:50.129874784Z    "result": {
2021-05-06T05:03:50.129878184Z       "description": "1",
2021-05-06T05:03:50.129881284Z       "type": "number",
2021-05-06T05:03:50.129884484Z       "value": 1
2021-05-06T05:03:50.129887584Z    }
2021-05-06T05:03:50.129890484Z }
2021-05-06T05:03:50.130037185Z [1620277430.130][INFO]: Done waiting for pending navigations. Status: ok
2021-05-06T05:03:50.130139885Z [1620277430.130][INFO]: [9ef2e174315ca2736887cb1631243d30] RESPONSE ClickElement
2021-05-06T05:03:50.271528493Z Gtk-Message: 05:03:50.271: GtkDialog mapped without a transient parent. This is discouraged.
2021-05-06T05:03:50.325779987Z 
2021-05-06T05:03:50.325807187Z (google-chrome:80): dconf-WARNING **: 05:03:50.325: failed to commit changes to dconf: Address element ?/dev/null? does not contain a colon (:)
2021-05-06T05:03:50.352294183Z 
2021-05-06T05:03:50.352332583Z (google-chrome:80): dconf-WARNING **: 05:03:50.350: failed to commit changes to dconf: Address element ?/dev/null? does not contain a colon (:)
2021-05-06T05:03:50.367975539Z 
2021-05-06T05:03:50.367998239Z (google-chrome:80): dconf-WARNING **: 05:03:50.367: failed to commit changes to dconf: Address element ?/dev/null? does not contain a colon (:)
2021-05-06T05:03:50.380744585Z 
2021-05-06T05:03:50.380761085Z (google-chrome:80): dconf-WARNING **: 05:03:50.380: failed to commit changes to dconf: Address element ?/dev/null? does not contain a colon (:)
2021-05-06T05:03:50.397505745Z 
2021-05-06T05:03:50.397530445Z (google-chrome:80): dconf-WARNING **: 05:03:50.397: failed to commit changes to dconf: Address element ?/dev/null? does not contain a colon (:)
2021-05-06T05:03:50.410415491Z 
2021-05-06T05:03:50.410433291Z (google-chrome:80): dconf-WARNING **: 05:03:50.410: failed to commit changes to dconf: Address element ?/dev/null? does not contain a colon (:)
2021-05-06T05:03:50.426933050Z 
2021-05-06T05:03:50.426994751Z (google-chrome:80): dconf-WARNING **: 05:03:50.426: failed to commit changes to dconf: Address element ?/dev/null? does not contain a colon (:)
2021-05-06T05:03:50.443019108Z 
2021-05-06T05:03:50.443036508Z (google-chrome:80): dconf-WARNING **: 05:03:50.442: failed to commit changes to dconf: Address element ?/dev/null? does not contain a colon (:)
2021-05-06T05:03:50.459776868Z 
2021-05-06T05:03:50.459790368Z (google-chrome:80): dconf-WARNING **: 05:03:50.459: failed to commit changes to dconf: Address element ?/dev/null? does not contain a colon (:)
2021-05-06T05:03:50.476686029Z 
2021-05-06T05:03:50.476698229Z (google-chrome:80): dconf-WARNING **: 05:03:50.476: failed to commit changes to dconf: Address element ?/dev/null? does not contain a colon (:)
2021-05-06T05:03:50.492987787Z 
2021-05-06T05:03:50.493001788Z (google-chrome:80): dconf-WARNING **: 05:03:50.492: failed to commit changes to dconf: Address element ?/dev/null? does not contain a colon (:)
2021-05-06T05:03:50.515461468Z 
2021-05-06T05:03:50.515487868Z (google-chrome:80): dconf-WARNING **: 05:03:50.515: failed to commit changes to dconf: Address element ?/dev/null? does not contain a colon (:)
2021-05-06T05:03:50.526167307Z 
2021-05-06T05:03:50.526181707Z (google-chrome:80): dconf-WARNING **: 05:03:50.526: failed to commit changes to dconf: Address element ?/dev/null? does not contain a colon (:)
2021-05-06T05:03:50.541634462Z 
2021-05-06T05:03:50.541647062Z (google-chrome:80): dconf-WARNING **: 05:03:50.541: failed to commit changes to dconf: Address element ?/dev/null? does not contain a colon (:)
2021-05-06T05:03:50.559029125Z 
2021-05-06T05:03:50.559047625Z (google-chrome:80): dconf-WARNING **: 05:03:50.558: failed to commit changes to dconf: Address element ?/dev/null? does not contain a colon (:)
2021-05-06T05:03:50.575133582Z 
2021-05-06T05:03:50.575147582Z (google-chrome:80): dconf-WARNING **: 05:03:50.574: failed to commit changes to dconf: Address element ?/dev/null? does not contain a colon (:)
2021-05-06T05:03:54.534466512Z 
2021-05-06T05:03:54.534496212Z (google-chrome:80): dconf-WARNING **: 05:03:54.534: failed to commit changes to dconf: Address element ?/dev/null? does not contain a colon (:)
2021-05-06T05:03:55.139872533Z [1620277435.140][INFO]: [9ef2e174315ca2736887cb1631243d30] COMMAND Quit {
2021-05-06T05:03:55.139898433Z 
2021-05-06T05:03:55.139902333Z }
2021-05-06T05:03:55.191183346Z [1620277435.191][INFO]: [9ef2e174315ca2736887cb1631243d30] RESPONSE Quit
2021-05-06T05:03:55.191208847Z [1620277435.191][DEBUG]: Log type 'driver' lost 0 entries on destruction
2021-05-06T05:03:55.191213147Z [1620277435.191][DEBUG]: Log type 'browser' lost 0 entries on destruction
