2021-05-07T10:55:19.971829815Z E: [pulseaudio] client-conf-x11.c: xcb_connection_has_error() returned true
2021-05-07T10:55:20.035013301Z 2021/05/07 10:55:20 [INIT] [Listening on :7070]
2021-05-07T10:55:20.073937386Z xcb_connection_has_error() returned true
2021-05-07T10:55:20.082433666Z 21
2021-05-07T10:55:20.106570063Z Waiting X server...
2021-05-07T10:55:20.222428963Z Logging to: /dev/null
2021-05-07T10:55:20.222454663Z Waiting X server...
2021-05-07T10:55:20.320703180Z Waiting X server...
2021-05-07T10:55:20.430925688Z 
2021-05-07T10:55:20.430949488Z  --- x11vnc loop: 1 ---
2021-05-07T10:55:20.430953789Z 
2021-05-07T10:55:20.431477406Z Starting ChromeDriver 88.0.4324.27 (6347fe8bf1e48bd0c54d07dc55ca011cf40861c9-refs/branch-heads/4324@{#450}) on port 4444
2021-05-07T10:55:20.431490806Z All remote connections are allowed. Use an allowlist instead!
2021-05-07T10:55:20.431495006Z Please see https://chromedriver.chromium.org/security-considerations for suggestions on keeping ChromeDriver safe.
2021-05-07T10:55:20.432732747Z ChromeDriver was started successfully.
2021-05-07T10:55:20.464267779Z [1620384920.464][INFO]: [65747a85ab4d9a98f1fdd1ac5b948b30] COMMAND InitSession {
2021-05-07T10:55:20.464285480Z    "capabilities": {
2021-05-07T10:55:20.464290280Z       "firstMatch": [ {
2021-05-07T10:55:20.464294180Z          "browserName": "chrome",
2021-05-07T10:55:20.464298080Z          "goog:chromeOptions": {
2021-05-07T10:55:20.464301780Z             "args": [  ],
2021-05-07T10:55:20.464305580Z             "extensions": [  ],
2021-05-07T10:55:20.464309180Z             "prefs": {
2021-05-07T10:55:20.464312681Z                "download.default_directory": "/home/selenium/Downloads",
2021-05-07T10:55:20.464553888Z                "download.prompt_for_download": true,
2021-05-07T10:55:20.464568489Z                "profile.default_content_settings.popups": 0
2021-05-07T10:55:20.464572489Z             }
2021-05-07T10:55:20.464575889Z          }
2021-05-07T10:55:20.464579189Z       } ]
2021-05-07T10:55:20.464582689Z    },
2021-05-07T10:55:20.464586190Z    "desiredCapabilities": {
2021-05-07T10:55:20.464589890Z       "browserName": "chrome",
2021-05-07T10:55:20.464593590Z       "enableLog": true,
2021-05-07T10:55:20.464597090Z       "enableVNC": true,
2021-05-07T10:55:20.464600590Z       "enableVideo": true,
2021-05-07T10:55:20.464603990Z       "goog:chromeOptions": {
2021-05-07T10:55:20.464607490Z          "args": [  ],
2021-05-07T10:55:20.464610990Z          "extensions": [  ],
2021-05-07T10:55:20.464614590Z          "prefs": {
2021-05-07T10:55:20.464632891Z             "download.default_directory": "/home/selenium/Downloads",
2021-05-07T10:55:20.464636791Z             "download.prompt_for_download": true,
2021-05-07T10:55:20.464639891Z             "profile.default_content_settings.popups": 0
2021-05-07T10:55:20.464643191Z          }
2021-05-07T10:55:20.464646692Z       },
2021-05-07T10:55:20.464649792Z       "videoName": "qUD3TY4J8J.mp4"
2021-05-07T10:55:20.464653092Z    }
2021-05-07T10:55:20.464656092Z }
2021-05-07T10:55:20.465166109Z [1620384920.465][INFO]: Populating Preferences file: {
2021-05-07T10:55:20.465178209Z    "alternate_error_pages": {
2021-05-07T10:55:20.465181809Z       "enabled": false
2021-05-07T10:55:20.465185009Z    },
2021-05-07T10:55:20.465188109Z    "autofill": {
2021-05-07T10:55:20.465191209Z       "enabled": false
2021-05-07T10:55:20.465194309Z    },
2021-05-07T10:55:20.465197310Z    "browser": {
2021-05-07T10:55:20.465200510Z       "check_default_browser": false
2021-05-07T10:55:20.465203710Z    },
2021-05-07T10:55:20.465206710Z    "distribution": {
2021-05-07T10:55:20.465209910Z       "import_bookmarks": false,
2021-05-07T10:55:20.465213010Z       "import_history": false,
2021-05-07T10:55:20.465216110Z       "import_search_engine": false,
2021-05-07T10:55:20.465219310Z       "make_chrome_default_for_user": false,
2021-05-07T10:55:20.465222510Z       "skip_first_run_ui": true
2021-05-07T10:55:20.465238711Z    },
2021-05-07T10:55:20.465241611Z    "dns_prefetching": {
2021-05-07T10:55:20.465244611Z       "enabled": false
2021-05-07T10:55:20.465247511Z    },
2021-05-07T10:55:20.465250411Z    "download": {
2021-05-07T10:55:20.465253311Z       "default_directory": "/home/selenium/Downloads",
2021-05-07T10:55:20.465256511Z       "prompt_for_download": true
2021-05-07T10:55:20.465259512Z    },
2021-05-07T10:55:20.465262312Z    "profile": {
2021-05-07T10:55:20.465265212Z       "content_settings": {
2021-05-07T10:55:20.465268212Z          "pattern_pairs": {
2021-05-07T10:55:20.465271212Z             "https://*,*": {
2021-05-07T10:55:20.465274212Z                "media-stream": {
2021-05-07T10:55:20.465277212Z                   "audio": "Default",
2021-05-07T10:55:20.465280412Z                   "video": "Default"
2021-05-07T10:55:20.465283512Z                }
2021-05-07T10:55:20.465286412Z             }
2021-05-07T10:55:20.465289313Z          }
2021-05-07T10:55:20.465292113Z       },
2021-05-07T10:55:20.465302613Z       "default_content_setting_values": {
2021-05-07T10:55:20.465305913Z          "geolocation": 1
2021-05-07T10:55:20.465308913Z       },
2021-05-07T10:55:20.465311813Z       "default_content_settings": {
2021-05-07T10:55:20.465315213Z          "geolocation": 1,
2021-05-07T10:55:20.465318214Z          "mouselock": 1,
2021-05-07T10:55:20.465321214Z          "notifications": 1,
2021-05-07T10:55:20.465324214Z          "popups": 0,
2021-05-07T10:55:20.465327114Z          "ppapi-broker": 1
2021-05-07T10:55:20.465330114Z       },
2021-05-07T10:55:20.465333114Z       "password_manager_enabled": false
2021-05-07T10:55:20.465336114Z    },
2021-05-07T10:55:20.465339014Z    "safebrowsing": {
2021-05-07T10:55:20.465341914Z       "enabled": false
2021-05-07T10:55:20.465344914Z    },
2021-05-07T10:55:20.465347714Z    "search": {
2021-05-07T10:55:20.465350615Z       "suggest_enabled": false
2021-05-07T10:55:20.465353615Z    },
2021-05-07T10:55:20.465356415Z    "translate": {
2021-05-07T10:55:20.465371815Z       "enabled": false
2021-05-07T10:55:20.465375015Z    }
2021-05-07T10:55:20.465377815Z }
2021-05-07T10:55:20.465576922Z [1620384920.466][INFO]: Populating Local State file: {
2021-05-07T10:55:20.465586722Z    "background_mode": {
2021-05-07T10:55:20.465589722Z       "enabled": false
2021-05-07T10:55:20.465592622Z    },
2021-05-07T10:55:20.465595423Z    "ssl": {
2021-05-07T10:55:20.465598223Z       "rev_checking": {
2021-05-07T10:55:20.465601123Z          "enabled": false
2021-05-07T10:55:20.465604123Z       }
2021-05-07T10:55:20.465606823Z    }
2021-05-07T10:55:20.465609623Z }
2021-05-07T10:55:20.465873332Z [1620384920.466][INFO]: Launching chrome: /usr/bin/google-chrome --disable-background-networking --disable-client-side-phishing-detection --disable-default-apps --disable-hang-monitor --disable-popup-blocking --disable-prompt-on-repost --disable-sync --enable-automation --enable-blink-features=ShadowDOMV0 --enable-logging --log-level=0 --no-first-run --no-service-autorun --password-store=basic --remote-debugging-port=0 --test-type=webdriver --use-mock-keychain --user-data-dir=/tmp/.com.google.Chrome.SlwO4L data:,
2021-05-07T10:55:20.768262930Z [79:107:0507/105520.768072:ERROR:bus.cc(393)] Failed to connect to the bus: Failed to connect to socket /var/run/dbus/system_bus_socket: No such file or directory
2021-05-07T10:55:20.798690026Z [79:119:0507/105520.798543:ERROR:bus.cc(393)] Failed to connect to the bus: Address does not contain a colon
2021-05-07T10:55:20.798785529Z [79:119:0507/105520.798604:ERROR:bus.cc(393)] Failed to connect to the bus: Address does not contain a colon
2021-05-07T10:55:20.822171695Z 
2021-05-07T10:55:20.822190796Z DevTools listening on ws://127.0.0.1:36663/devtools/browser/09802cc3-1588-4c16-a174-568c510fc309
2021-05-07T10:55:20.849281982Z [79:119:0507/105520.845762:ERROR:bus.cc(393)] Failed to connect to the bus: Address does not contain a colon
2021-05-07T10:55:20.849304583Z [79:119:0507/105520.845832:ERROR:bus.cc(393)] Failed to connect to the bus: Address does not contain a colon
2021-05-07T10:55:20.868376208Z [1620384920.868][DEBUG]: DevTools HTTP Request: http://localhost:36663/json/version
2021-05-07T10:55:20.900286952Z [1620384920.900][DEBUG]: DevTools HTTP Response: {
2021-05-07T10:55:20.900311453Z    "Browser": "Chrome/88.0.4324.96",
2021-05-07T10:55:20.900315553Z    "Protocol-Version": "1.3",
2021-05-07T10:55:20.900318853Z    "User-Agent": "Mozilla/5.0 (X11; Linux x86_64) AppleWebKit/537.36 (KHTML, like Gecko) Chrome/88.0.4324.96 Safari/537.36",
2021-05-07T10:55:20.900322353Z    "V8-Version": "8.8.278.14",
2021-05-07T10:55:20.900325553Z    "WebKit-Version": "537.36 (@68dba2d8a0b149a1d3afac56fa74648032bcf46b)",
2021-05-07T10:55:20.900328853Z    "webSocketDebuggerUrl": "ws://localhost:36663/devtools/browser/09802cc3-1588-4c16-a174-568c510fc309"
2021-05-07T10:55:20.900332154Z }
2021-05-07T10:55:20.900334954Z 
2021-05-07T10:55:20.900400556Z [1620384920.900][DEBUG]: DevTools HTTP Request: http://localhost:36663/json/list
2021-05-07T10:55:20.931946788Z  --- x11vnc loop: waiting for: 167
2021-05-07T10:55:20.931971089Z 
2021-05-07T10:55:20.943680573Z [79:158:0507/105520.943557:ERROR:bus.cc(393)] Failed to connect to the bus: Failed to connect to socket /var/run/dbus/system_bus_socket: No such file or directory
2021-05-07T10:55:20.944797809Z [79:158:0507/105520.944316:ERROR:bus.cc(393)] Failed to connect to the bus: Failed to connect to socket /var/run/dbus/system_bus_socket: No such file or directory
2021-05-07T10:55:20.944821910Z [79:158:0507/105520.944383:ERROR:bus.cc(393)] Failed to connect to the bus: Failed to connect to socket /var/run/dbus/system_bus_socket: No such file or directory
2021-05-07T10:55:20.944825710Z [79:158:0507/105520.944495:ERROR:bus.cc(393)] Failed to connect to the bus: Failed to connect to socket /var/run/dbus/system_bus_socket: No such file or directory
2021-05-07T10:55:20.944831710Z [79:158:0507/105520.944546:ERROR:bus.cc(393)] Failed to connect to the bus: Failed to connect to socket /var/run/dbus/system_bus_socket: No such file or directory
2021-05-07T10:55:20.945166421Z [1620384920.945][DEBUG]: DevTools HTTP Response: [ {
2021-05-07T10:55:20.945176822Z    "description": "",
2021-05-07T10:55:20.945180322Z    "devtoolsFrontendUrl": "/devtools/inspector.html?ws=localhost:36663/devtools/page/929358ED517CB3BABDF78AF18271CEB1",
2021-05-07T10:55:20.945183822Z    "id": "929358ED517CB3BABDF78AF18271CEB1",
2021-05-07T10:55:20.945187022Z    "title": "",
2021-05-07T10:55:20.945190122Z    "type": "page",
2021-05-07T10:55:20.945202422Z    "url": "data:,",
2021-05-07T10:55:20.945205823Z    "webSocketDebuggerUrl": "ws://localhost:36663/devtools/page/929358ED517CB3BABDF78AF18271CEB1"
2021-05-07T10:55:20.945209023Z } ]
2021-05-07T10:55:20.945211923Z 
2021-05-07T10:55:20.945251724Z [1620384920.945][DEBUG]: DevTools HTTP Request: http://localhost:36663/json/list
2021-05-07T10:55:20.947805808Z [1620384920.948][DEBUG]: DevTools HTTP Response: [ {
2021-05-07T10:55:20.947818108Z    "description": "",
2021-05-07T10:55:20.947821708Z    "devtoolsFrontendUrl": "/devtools/inspector.html?ws=localhost:36663/devtools/page/929358ED517CB3BABDF78AF18271CEB1",
2021-05-07T10:55:20.947824908Z    "id": "929358ED517CB3BABDF78AF18271CEB1",
2021-05-07T10:55:20.947827808Z    "title": "",
2021-05-07T10:55:20.947830608Z    "type": "page",
2021-05-07T10:55:20.947833409Z    "url": "data:,",
2021-05-07T10:55:20.947836309Z    "webSocketDebuggerUrl": "ws://localhost:36663/devtools/page/929358ED517CB3BABDF78AF18271CEB1"
2021-05-07T10:55:20.947839309Z } ]
2021-05-07T10:55:20.947841909Z 
2021-05-07T10:55:20.948363126Z [1620384920.948][INFO]: resolved localhost to ["127.0.0.1","172.17.0.3","::1"]
2021-05-07T10:55:20.952566363Z [1620384920.952][DEBUG]: DevTools WebSocket Command: Page.addScriptToEvaluateOnNewDocument (id=1) 929358ED517CB3BABDF78AF18271CEB1 {
2021-05-07T10:55:20.952579464Z    "source": "(function () {window.cdc_adoQpoasnfa76pfcZLmcfl_Array = window.Array;window.cdc_adoQpoasnfa76pfcZLmcfl_Promise = window.Promise;window.cdc_adoQpoasnfa76pfcZLmcfl_Symbol = window.Symbol;}) ();"
2021-05-07T10:55:20.952583564Z }
2021-05-07T10:55:20.952655666Z [1620384920.953][DEBUG]: DevTools WebSocket Command: Runtime.evaluate (id=2) 929358ED517CB3BABDF78AF18271CEB1 {
2021-05-07T10:55:20.952664367Z    "expression": "(function () {window.cdc_adoQpoasnfa76pfcZLmcfl_Array = window.Array;window.cdc_adoQpoasnfa76pfcZLmcfl_Promise = window.Promise;window.cdc_adoQpoasnfa76pfcZLmcfl_Symbol = window.Symbol;}) ();"
2021-05-07T10:55:20.952679467Z }
2021-05-07T10:55:20.952740569Z [1620384920.953][DEBUG]: DevTools WebSocket Command: Log.enable (id=3) 929358ED517CB3BABDF78AF18271CEB1 {
2021-05-07T10:55:20.952748669Z 
2021-05-07T10:55:20.952751670Z }
2021-05-07T10:55:20.952818572Z [1620384920.953][DEBUG]: DevTools WebSocket Command: DOM.getDocument (id=4) 929358ED517CB3BABDF78AF18271CEB1 {
2021-05-07T10:55:20.952826372Z 
2021-05-07T10:55:20.952829472Z }
2021-05-07T10:55:20.952916975Z [1620384920.953][DEBUG]: DevTools WebSocket Command: Target.setAutoAttach (id=5) 929358ED517CB3BABDF78AF18271CEB1 {
2021-05-07T10:55:20.952926475Z    "autoAttach": true,
2021-05-07T10:55:20.952929575Z    "flatten": true,
2021-05-07T10:55:20.952932575Z    "waitForDebuggerOnStart": false
2021-05-07T10:55:20.952935476Z }
2021-05-07T10:55:20.952978777Z [1620384920.953][DEBUG]: DevTools WebSocket Command: Page.enable (id=6) 929358ED517CB3BABDF78AF18271CEB1 {
2021-05-07T10:55:20.952984977Z 
2021-05-07T10:55:20.952987877Z }
2021-05-07T10:55:20.953079680Z [1620384920.953][DEBUG]: DevTools WebSocket Command: Page.enable (id=7) 929358ED517CB3BABDF78AF18271CEB1 {
2021-05-07T10:55:20.953088681Z 
2021-05-07T10:55:20.953091781Z }
2021-05-07T10:55:21.016574459Z [118:118:0507/105521.014548:ERROR:sandbox_linux.cc(374)] InitializeSandbox() called with multiple threads in process gpu-process.
2021-05-07T10:55:21.040216033Z PORT=5900
2021-05-07T10:55:21.050122057Z [1620384921.050][DEBUG]: DevTools WebSocket Response: Page.addScriptToEvaluateOnNewDocument (id=1) 929358ED517CB3BABDF78AF18271CEB1 {
2021-05-07T10:55:21.050138257Z    "identifier": "1"
2021-05-07T10:55:21.050142258Z }
2021-05-07T10:55:21.050259161Z [1620384921.050][DEBUG]: DevTools WebSocket Response: Runtime.evaluate (id=2) 929358ED517CB3BABDF78AF18271CEB1 {
2021-05-07T10:55:21.050269362Z    "result": {
2021-05-07T10:55:21.050272762Z       "type": "undefined"
2021-05-07T10:55:21.050276062Z    }
2021-05-07T10:55:21.050278962Z }
2021-05-07T10:55:21.050378665Z [1620384921.050][DEBUG]: DevTools WebSocket Response: Log.enable (id=3) 929358ED517CB3BABDF78AF18271CEB1 {
2021-05-07T10:55:21.050388866Z 
2021-05-07T10:55:21.050391966Z }
2021-05-07T10:55:21.050531770Z [1620384921.050][DEBUG]: DevTools WebSocket Response: DOM.getDocument (id=4) 929358ED517CB3BABDF78AF18271CEB1 {
2021-05-07T10:55:21.050541671Z    "root": {
2021-05-07T10:55:21.050544871Z       "backendNodeId": 2,
2021-05-07T10:55:21.050548071Z       "baseURL": "data:,",
2021-05-07T10:55:21.050551171Z       "childNodeCount": 0,
2021-05-07T10:55:21.050554171Z       "children": [  ],
2021-05-07T10:55:21.050557071Z       "documentURL": "data:,",
2021-05-07T10:55:21.050560271Z       "localName": "",
2021-05-07T10:55:21.050563271Z       "nodeId": 1,
2021-05-07T10:55:21.050566271Z       "nodeName": "#document",
2021-05-07T10:55:21.050569272Z       "nodeType": 9,
2021-05-07T10:55:21.050572172Z       "nodeValue": "",
2021-05-07T10:55:21.050575172Z       "xmlVersion": ""
2021-05-07T10:55:21.050578072Z    }
2021-05-07T10:55:21.050580872Z }
2021-05-07T10:55:21.050698676Z [1620384921.051][DEBUG]: DevTools WebSocket Response: Target.setAutoAttach (id=5) 929358ED517CB3BABDF78AF18271CEB1 {
2021-05-07T10:55:21.050708176Z 
2021-05-07T10:55:21.050711376Z }
2021-05-07T10:55:21.050790379Z [1620384921.051][DEBUG]: DevTools WebSocket Response: Page.enable (id=6) 929358ED517CB3BABDF78AF18271CEB1 {
2021-05-07T10:55:21.050820380Z 
2021-05-07T10:55:21.050824980Z }
2021-05-07T10:55:21.050920583Z [1620384921.051][DEBUG]: DevTools WebSocket Response: Page.enable (id=7) 929358ED517CB3BABDF78AF18271CEB1 {
2021-05-07T10:55:21.050929983Z 
2021-05-07T10:55:21.050933183Z }
2021-05-07T10:55:21.051063188Z [1620384921.051][DEBUG]: DevTools WebSocket Command: Runtime.enable (id=8) 929358ED517CB3BABDF78AF18271CEB1 {
2021-05-07T10:55:21.051072388Z 
2021-05-07T10:55:21.051075188Z }
2021-05-07T10:55:21.056418063Z [1620384921.056][DEBUG]: DevTools WebSocket Event: DOM.childNodeInserted 929358ED517CB3BABDF78AF18271CEB1 {
2021-05-07T10:55:21.056432964Z    "node": {
2021-05-07T10:55:21.056437064Z       "attributes": [  ],
2021-05-07T10:55:21.056484665Z       "backendNodeId": 3,
2021-05-07T10:55:21.056498666Z       "childNodeCount": 0,
2021-05-07T10:55:21.056503066Z       "frameId": "929358ED517CB3BABDF78AF18271CEB1",
2021-05-07T10:55:21.056506666Z       "localName": "html",
2021-05-07T10:55:21.056510066Z       "nodeId": 2,
2021-05-07T10:55:21.056513366Z       "nodeName": "HTML",
2021-05-07T10:55:21.056516766Z       "nodeType": 1,
2021-05-07T10:55:21.056519866Z       "nodeValue": ""
2021-05-07T10:55:21.056523066Z    },
2021-05-07T10:55:21.056526267Z    "parentNodeId": 1,
2021-05-07T10:55:21.056529467Z    "previousNodeId": 0
2021-05-07T10:55:21.056532567Z }
2021-05-07T10:55:21.056677072Z [1620384921.057][DEBUG]: DevTools WebSocket Event: DOM.childNodeCountUpdated 929358ED517CB3BABDF78AF18271CEB1 {
2021-05-07T10:55:21.056688172Z    "childNodeCount": 1,
2021-05-07T10:55:21.056691472Z    "nodeId": 2
2021-05-07T10:55:21.056694572Z }
2021-05-07T10:55:21.056800476Z [1620384921.057][DEBUG]: DevTools WebSocket Event: DOM.childNodeCountUpdated 929358ED517CB3BABDF78AF18271CEB1 {
2021-05-07T10:55:21.056810476Z    "childNodeCount": 2,
2021-05-07T10:55:21.056813776Z    "nodeId": 2
2021-05-07T10:55:21.056816876Z }
2021-05-07T10:55:21.056923980Z [1620384921.057][DEBUG]: DevTools WebSocket Event: Page.loadEventFired 929358ED517CB3BABDF78AF18271CEB1 {
2021-05-07T10:55:21.056934080Z    "timestamp": 140.880736
2021-05-07T10:55:21.056937480Z }
2021-05-07T10:55:21.057060484Z [1620384921.057][DEBUG]: DevTools WebSocket Command: Runtime.evaluate (id=9) 929358ED517CB3BABDF78AF18271CEB1 {
2021-05-07T10:55:21.057074685Z    "awaitPromise": false,
2021-05-07T10:55:21.057078885Z    "expression": "document.readyState",
2021-05-07T10:55:21.057082485Z    "returnByValue": true
2021-05-07T10:55:21.057095385Z }
2021-05-07T10:55:21.057172688Z [1620384921.057][DEBUG]: DevTools WebSocket Event: Page.frameStoppedLoading 929358ED517CB3BABDF78AF18271CEB1 {
2021-05-07T10:55:21.057198289Z    "frameId": "929358ED517CB3BABDF78AF18271CEB1"
2021-05-07T10:55:21.057202989Z }
2021-05-07T10:55:21.057531599Z [1620384921.057][DEBUG]: DevTools WebSocket Event: DOM.documentUpdated 929358ED517CB3BABDF78AF18271CEB1 {
2021-05-07T10:55:21.057543400Z 
2021-05-07T10:55:21.057546800Z }
2021-05-07T10:55:21.057651403Z [1620384921.058][DEBUG]: DevTools WebSocket Command: DOM.getDocument (id=10) 929358ED517CB3BABDF78AF18271CEB1 {
2021-05-07T10:55:21.057661604Z 
2021-05-07T10:55:21.057664704Z }
2021-05-07T10:55:21.057837409Z [1620384921.058][DEBUG]: DevTools WebSocket Event: Page.domContentEventFired 929358ED517CB3BABDF78AF18271CEB1 {
2021-05-07T10:55:21.057848010Z    "timestamp": 140.88173
2021-05-07T10:55:21.057851610Z }
2021-05-07T10:55:21.057994015Z [1620384921.058][DEBUG]: DevTools WebSocket Event: Runtime.executionContextCreated 929358ED517CB3BABDF78AF18271CEB1 {
2021-05-07T10:55:21.058016015Z    "context": {
2021-05-07T10:55:21.058019715Z       "auxData": {
2021-05-07T10:55:21.058022916Z          "frameId": "929358ED517CB3BABDF78AF18271CEB1",
2021-05-07T10:55:21.058026416Z          "isDefault": true,
2021-05-07T10:55:21.058029516Z          "type": "default"
2021-05-07T10:55:21.058032716Z       },
2021-05-07T10:55:21.058035816Z       "id": 1,
2021-05-07T10:55:21.058038816Z       "name": "",
2021-05-07T10:55:21.058042016Z       "origin": "://"
2021-05-07T10:55:21.058045216Z    }
2021-05-07T10:55:21.058048216Z }
2021-05-07T10:55:21.058153120Z [1620384921.058][DEBUG]: DevTools WebSocket Response: Runtime.enable (id=8) 929358ED517CB3BABDF78AF18271CEB1 {
2021-05-07T10:55:21.058163320Z 
2021-05-07T10:55:21.058166620Z }
2021-05-07T10:55:21.060105684Z [1620384921.060][DEBUG]: DevTools WebSocket Response: Runtime.evaluate (id=9) 929358ED517CB3BABDF78AF18271CEB1 {
2021-05-07T10:55:21.060120284Z    "result": {
2021-05-07T10:55:21.060124084Z       "type": "string",
2021-05-07T10:55:21.060127684Z       "value": "complete"
2021-05-07T10:55:21.060131085Z    }
2021-05-07T10:55:21.060134185Z }
2021-05-07T10:55:21.060271989Z [1620384921.060][DEBUG]: DevTools WebSocket Command: Page.enable (id=11) 929358ED517CB3BABDF78AF18271CEB1 {
2021-05-07T10:55:21.060282090Z 
2021-05-07T10:55:21.060285390Z }
2021-05-07T10:55:21.065365256Z [1620384921.065][DEBUG]: DevTools WebSocket Response: DOM.getDocument (id=10) 929358ED517CB3BABDF78AF18271CEB1 {
2021-05-07T10:55:21.065380156Z    "root": {
2021-05-07T10:55:21.065393757Z       "backendNodeId": 2,
2021-05-07T10:55:21.065397557Z       "baseURL": "data:,",
2021-05-07T10:55:21.065400857Z       "childNodeCount": 1,
2021-05-07T10:55:21.065404057Z       "children": [ {
2021-05-07T10:55:21.065407657Z          "attributes": [  ],
2021-05-07T10:55:21.065410957Z          "backendNodeId": 3,
2021-05-07T10:55:21.065414058Z          "childNodeCount": 2,
2021-05-07T10:55:21.065417258Z          "children": [ {
2021-05-07T10:55:21.065420358Z             "attributes": [  ],
2021-05-07T10:55:21.065423558Z             "backendNodeId": 4,
2021-05-07T10:55:21.065426658Z             "childNodeCount": 0,
2021-05-07T10:55:21.065429758Z             "localName": "head",
2021-05-07T10:55:21.065432958Z             "nodeId": 5,
2021-05-07T10:55:21.065436158Z             "nodeName": "HEAD",
2021-05-07T10:55:21.065439258Z             "nodeType": 1,
2021-05-07T10:55:21.065442458Z             "nodeValue": "",
2021-05-07T10:55:21.065445659Z             "parentId": 4
2021-05-07T10:55:21.065448859Z          }, {
2021-05-07T10:55:21.065451959Z             "attributes": [  ],
2021-05-07T10:55:21.065455159Z             "backendNodeId": 5,
2021-05-07T10:55:21.065458259Z             "childNodeCount": 0,
2021-05-07T10:55:21.065461259Z             "localName": "body",
2021-05-07T10:55:21.065464359Z             "nodeId": 6,
2021-05-07T10:55:21.065467459Z             "nodeName": "BODY",
2021-05-07T10:55:21.065470559Z             "nodeType": 1,
2021-05-07T10:55:21.065473559Z             "nodeValue": "",
2021-05-07T10:55:21.065476660Z             "parentId": 4
2021-05-07T10:55:21.065479860Z          } ],
2021-05-07T10:55:21.065482860Z          "frameId": "929358ED517CB3BABDF78AF18271CEB1",
2021-05-07T10:55:21.065486160Z          "localName": "html",
2021-05-07T10:55:21.065489360Z          "nodeId": 4,
2021-05-07T10:55:21.065492460Z          "nodeName": "HTML",
2021-05-07T10:55:21.065495660Z          "nodeType": 1,
2021-05-07T10:55:21.065498760Z          "nodeValue": "",
2021-05-07T10:55:21.065501860Z          "parentId": 3
2021-05-07T10:55:21.065504960Z       } ],
2021-05-07T10:55:21.065508061Z       "documentURL": "data:,",
2021-05-07T10:55:21.065542662Z       "localName": "",
2021-05-07T10:55:21.065548262Z       "nodeId": 3,
2021-05-07T10:55:21.065551462Z       "nodeName": "#document",
2021-05-07T10:55:21.065557362Z       "nodeType": 9,
2021-05-07T10:55:21.065566062Z       "nodeValue": "",
2021-05-07T10:55:21.065569663Z       "xmlVersion": ""
2021-05-07T10:55:21.065572963Z    }
2021-05-07T10:55:21.065575963Z }
2021-05-07T10:55:21.068451457Z [1620384921.068][DEBUG]: DevTools WebSocket Response: Page.enable (id=11) 929358ED517CB3BABDF78AF18271CEB1 {
2021-05-07T10:55:21.068466357Z 
2021-05-07T10:55:21.068470158Z }
2021-05-07T10:55:21.068588361Z [1620384921.069][DEBUG]: DevTools WebSocket Command: Runtime.enable (id=12) 929358ED517CB3BABDF78AF18271CEB1 {
2021-05-07T10:55:21.068598662Z 
2021-05-07T10:55:21.068601962Z }
2021-05-07T10:55:21.088207704Z [1620384921.088][DEBUG]: DevTools WebSocket Response: Runtime.enable (id=12) 929358ED517CB3BABDF78AF18271CEB1 {
2021-05-07T10:55:21.088231304Z 
2021-05-07T10:55:21.088235105Z }
2021-05-07T10:55:21.088860625Z [1620384921.089][DEBUG]: DevTools WebSocket Command: Runtime.evaluate (id=13) 929358ED517CB3BABDF78AF18271CEB1 {
2021-05-07T10:55:21.088877426Z    "awaitPromise": true,
2021-05-07T10:55:21.088881826Z    "expression": "(function() { // Copyright (c) 2012 The Chromium Authors. All rights reserved.\n// Use of this source code is governed by a BSD-style license that can be\n// found in the LICENSE file.\n\n/**\n * Enum f...",
2021-05-07T10:55:21.088886126Z    "returnByValue": true
2021-05-07T10:55:21.088889426Z }
2021-05-07T10:55:21.094414207Z [1620384921.094][DEBUG]: DevTools WebSocket Response: Runtime.evaluate (id=13) 929358ED517CB3BABDF78AF18271CEB1 {
2021-05-07T10:55:21.094430707Z    "result": {
2021-05-07T10:55:21.094434407Z       "type": "object",
2021-05-07T10:55:21.094437908Z       "value": {
2021-05-07T10:55:21.094440908Z          "status": 0,
2021-05-07T10:55:21.094444008Z          "value": 1
2021-05-07T10:55:21.094447008Z       }
2021-05-07T10:55:21.094449908Z    }
2021-05-07T10:55:21.094452708Z }
2021-05-07T10:55:21.094642414Z [1620384921.095][INFO]: [65747a85ab4d9a98f1fdd1ac5b948b30] RESPONSE InitSession {
2021-05-07T10:55:21.094652515Z    "capabilities": {
2021-05-07T10:55:21.094655815Z       "acceptInsecureCerts": false,
2021-05-07T10:55:21.094658915Z       "browserName": "chrome",
2021-05-07T10:55:21.094662115Z       "browserVersion": "88.0.4324.96",
2021-05-07T10:55:21.094665315Z       "chrome": {
2021-05-07T10:55:21.094668415Z          "chromedriverVersion": "88.0.4324.27 (6347fe8bf1e48bd0c54d07dc55ca011cf40861c9-refs/branch-heads/4324@{#450})",
2021-05-07T10:55:21.094671815Z          "userDataDir": "/tmp/.com.google.Chrome.SlwO4L"
2021-05-07T10:55:21.094675115Z       },
2021-05-07T10:55:21.094677915Z       "goog:chromeOptions": {
2021-05-07T10:55:21.094693316Z          "debuggerAddress": "localhost:36663"
2021-05-07T10:55:21.094696816Z       },
2021-05-07T10:55:21.094699616Z       "networkConnectionEnabled": false,
2021-05-07T10:55:21.094702616Z       "pageLoadStrategy": "normal",
2021-05-07T10:55:21.094705516Z       "platformName": "linux",
2021-05-07T10:55:21.094708516Z       "proxy": {
2021-05-07T10:55:21.094711417Z 
2021-05-07T10:55:21.094714217Z       },
2021-05-07T10:55:21.094717017Z       "setWindowRect": true,
2021-05-07T10:55:21.094719917Z       "strictFileInteractability": false,
2021-05-07T10:55:21.094722917Z       "timeouts": {
2021-05-07T10:55:21.094725717Z          "implicit": 0,
2021-05-07T10:55:21.094729217Z          "pageLoad": 300000,
2021-05-07T10:55:21.094732117Z          "script": 30000
2021-05-07T10:55:21.094735017Z       },
2021-05-07T10:55:21.094737817Z       "unhandledPromptBehavior": "dismiss and notify",
2021-05-07T10:55:21.094740818Z       "webauthn:extension:largeBlob": true,
2021-05-07T10:55:21.094743718Z       "webauthn:virtualAuthenticators": true
2021-05-07T10:55:21.094746718Z    },
2021-05-07T10:55:21.094749518Z    "sessionId": "65747a85ab4d9a98f1fdd1ac5b948b30"
2021-05-07T10:55:21.094752618Z }
2021-05-07T10:55:21.104880549Z [1620384921.104][INFO]: [65747a85ab4d9a98f1fdd1ac5b948b30] COMMAND SetTimeouts {
2021-05-07T10:55:21.104896050Z    "implicit": 30000
2021-05-07T10:55:21.104900250Z }
2021-05-07T10:55:21.104903250Z [1620384921.104][INFO]: [65747a85ab4d9a98f1fdd1ac5b948b30] RESPONSE SetTimeouts
2021-05-07T10:55:21.117784572Z [1620384921.114][INFO]: [65747a85ab4d9a98f1fdd1ac5b948b30] COMMAND Navigate {
2021-05-07T10:55:21.117815173Z    "url": "https://www.selenium.dev/downloads/"
2021-05-07T10:55:21.117819673Z }
2021-05-07T10:55:21.117823273Z [1620384921.114][INFO]: Waiting for pending navigations...
2021-05-07T10:55:21.117826573Z [1620384921.114][DEBUG]: DevTools WebSocket Command: Runtime.evaluate (id=14) 929358ED517CB3BABDF78AF18271CEB1 {
2021-05-07T10:55:21.117830373Z    "expression": "1"
2021-05-07T10:55:21.117833673Z }
2021-05-07T10:55:21.117837174Z [1620384921.115][DEBUG]: DevTools WebSocket Response: Runtime.evaluate (id=14) 929358ED517CB3BABDF78AF18271CEB1 {
2021-05-07T10:55:21.117840674Z    "result": {
2021-05-07T10:55:21.117843874Z       "description": "1",
2021-05-07T10:55:21.117847274Z       "type": "number",
2021-05-07T10:55:21.117850474Z       "value": 1
2021-05-07T10:55:21.117853574Z    }
2021-05-07T10:55:21.117856574Z }
2021-05-07T10:55:21.117871775Z [1620384921.115][INFO]: Done waiting for pending navigations. Status: ok
2021-05-07T10:55:21.117875475Z [1620384921.115][DEBUG]: DevTools WebSocket Command: Page.navigate (id=15) 929358ED517CB3BABDF78AF18271CEB1 {
2021-05-07T10:55:21.117878775Z    "url": "https://www.selenium.dev/downloads/"
2021-05-07T10:55:21.117882075Z }
2021-05-07T10:55:21.440009320Z [1620384921.440][DEBUG]: DevTools WebSocket Response: Page.navigate (id=15) 929358ED517CB3BABDF78AF18271CEB1 {
2021-05-07T10:55:21.440033221Z    "frameId": "929358ED517CB3BABDF78AF18271CEB1",
2021-05-07T10:55:21.440038021Z    "loaderId": "DF44A098F6C2439FB583AA08F9196664"
2021-05-07T10:55:21.440041621Z }
2021-05-07T10:55:21.440120123Z [1620384921.440][DEBUG]: DevTools WebSocket Command: Runtime.evaluate (id=16) 929358ED517CB3BABDF78AF18271CEB1 {
2021-05-07T10:55:21.440139524Z    "expression": "document.URL"
2021-05-07T10:55:21.440144324Z }
2021-05-07T10:55:21.442930915Z [1620384921.443][DEBUG]: DevTools WebSocket Event: Runtime.executionContextsCleared 929358ED517CB3BABDF78AF18271CEB1 {
2021-05-07T10:55:21.442943916Z 
2021-05-07T10:55:21.442947516Z }
2021-05-07T10:55:21.444168756Z [1620384921.444][DEBUG]: DevTools WebSocket Event: Page.frameStartedLoading 929358ED517CB3BABDF78AF18271CEB1 {
2021-05-07T10:55:21.444179756Z    "frameId": "929358ED517CB3BABDF78AF18271CEB1"
2021-05-07T10:55:21.444183556Z }
2021-05-07T10:55:21.460250982Z [1620384921.460][DEBUG]: DevTools WebSocket Event: Runtime.executionContextsCleared 929358ED517CB3BABDF78AF18271CEB1 {
2021-05-07T10:55:21.460278483Z 
2021-05-07T10:55:21.460282883Z }
2021-05-07T10:55:21.460449289Z [1620384921.460][DEBUG]: DevTools WebSocket Event: Page.frameNavigated 929358ED517CB3BABDF78AF18271CEB1 {
2021-05-07T10:55:21.460459889Z    "frame": {
2021-05-07T10:55:21.460463189Z       "adFrameType": "none",
2021-05-07T10:55:21.460466489Z       "crossOriginIsolatedContextType": "NotIsolated",
2021-05-07T10:55:21.460469790Z       "domainAndRegistry": "selenium.dev",
2021-05-07T10:55:21.460473090Z       "gatedAPIFeatures": [ "SharedArrayBuffers", "SharedArrayBuffersTransferAllowed" ],
2021-05-07T10:55:21.460476490Z       "id": "929358ED517CB3BABDF78AF18271CEB1",
2021-05-07T10:55:21.460479690Z       "loaderId": "DF44A098F6C2439FB583AA08F9196664",
2021-05-07T10:55:21.460482790Z       "mimeType": "text/html",
2021-05-07T10:55:21.460494890Z       "secureContextType": "Secure",
2021-05-07T10:55:21.460498691Z       "securityOrigin": "https://www.selenium.dev",
2021-05-07T10:55:21.460501991Z       "url": "https://www.selenium.dev/downloads/"
2021-05-07T10:55:21.460505091Z    }
2021-05-07T10:55:21.460508091Z }
2021-05-07T10:55:21.460634095Z [1620384921.461][DEBUG]: DevTools WebSocket Event: DOM.documentUpdated 929358ED517CB3BABDF78AF18271CEB1 {
2021-05-07T10:55:21.460652996Z 
2021-05-07T10:55:21.460656396Z }
2021-05-07T10:55:21.460766999Z [1620384921.461][DEBUG]: DevTools WebSocket Command: DOM.getDocument (id=17) 929358ED517CB3BABDF78AF18271CEB1 {
2021-05-07T10:55:21.460776900Z 
2021-05-07T10:55:21.460779900Z }
2021-05-07T10:55:21.461036508Z [1620384921.461][DEBUG]: DevTools WebSocket Event: Runtime.executionContextCreated 929358ED517CB3BABDF78AF18271CEB1 {
2021-05-07T10:55:21.461060109Z    "context": {
2021-05-07T10:55:21.461063609Z       "auxData": {
2021-05-07T10:55:21.461066609Z          "frameId": "929358ED517CB3BABDF78AF18271CEB1",
2021-05-07T10:55:21.461084410Z          "isDefault": true,
2021-05-07T10:55:21.461088710Z          "type": "default"
2021-05-07T10:55:21.461091810Z       },
2021-05-07T10:55:21.461095110Z       "id": 1,
2021-05-07T10:55:21.461097910Z       "name": "",
2021-05-07T10:55:21.461100910Z       "origin": "https://www.selenium.dev"
2021-05-07T10:55:21.461104110Z    }
2021-05-07T10:55:21.461106910Z }
2021-05-07T10:55:21.472441081Z [1620384921.472][DEBUG]: DevTools WebSocket Response: Runtime.evaluate (id=16) 929358ED517CB3BABDF78AF18271CEB1 {
2021-05-07T10:55:21.472460082Z    "result": {
2021-05-07T10:55:21.472464682Z       "type": "string",
2021-05-07T10:55:21.472468082Z       "value": "https://www.selenium.dev/downloads/"
2021-05-07T10:55:21.472471782Z    }
2021-05-07T10:55:21.472474683Z }
2021-05-07T10:55:21.472636688Z [1620384921.473][INFO]: Waiting for pending navigations...
2021-05-07T10:55:21.472760992Z [1620384921.473][DEBUG]: DevTools WebSocket Command: Runtime.evaluate (id=18) 929358ED517CB3BABDF78AF18271CEB1 {
2021-05-07T10:55:21.472770792Z    "expression": "1"
2021-05-07T10:55:21.472779793Z }
2021-05-07T10:55:21.477802657Z [1620384921.478][DEBUG]: DevTools WebSocket Response: DOM.getDocument (id=17) 929358ED517CB3BABDF78AF18271CEB1 {
2021-05-07T10:55:21.477816857Z    "root": {
2021-05-07T10:55:21.477820958Z       "backendNodeId": 1,
2021-05-07T10:55:21.477824758Z       "baseURL": "https://www.selenium.dev/downloads/",
2021-05-07T10:55:21.477828358Z       "childNodeCount": 0,
2021-05-07T10:55:21.477831558Z       "children": [  ],
2021-05-07T10:55:21.477834858Z       "documentURL": "https://www.selenium.dev/downloads/",
2021-05-07T10:55:21.477838158Z       "localName": "",
2021-05-07T10:55:21.477841458Z       "nodeId": 1,
2021-05-07T10:55:21.477844458Z       "nodeName": "#document",
2021-05-07T10:55:21.477847658Z       "nodeType": 9,
2021-05-07T10:55:21.477863459Z       "nodeValue": "",
2021-05-07T10:55:21.477867259Z       "xmlVersion": ""
2021-05-07T10:55:21.477870459Z    }
2021-05-07T10:55:21.477873559Z }
2021-05-07T10:55:21.479037897Z [1620384921.479][DEBUG]: DevTools WebSocket Response: Runtime.evaluate (id=18) 929358ED517CB3BABDF78AF18271CEB1 {
2021-05-07T10:55:21.479050398Z    "result": {
2021-05-07T10:55:21.479053998Z       "description": "1",
2021-05-07T10:55:21.479057398Z       "type": "number",
2021-05-07T10:55:21.479060698Z       "value": 1
2021-05-07T10:55:21.479063898Z    }
2021-05-07T10:55:21.479066998Z }
2021-05-07T10:55:21.521600191Z [1620384921.521][DEBUG]: DevTools WebSocket Event: DOM.childNodeInserted 929358ED517CB3BABDF78AF18271CEB1 {
2021-05-07T10:55:21.521630592Z    "node": {
2021-05-07T10:55:21.521634492Z       "backendNodeId": 2,
2021-05-07T10:55:21.521637792Z       "localName": "",
2021-05-07T10:55:21.521645192Z       "nodeId": 2,
2021-05-07T10:55:21.521648292Z       "nodeName": "html",
2021-05-07T10:55:21.521651492Z       "nodeType": 10,
2021-05-07T10:55:21.521654392Z       "nodeValue": "",
2021-05-07T10:55:21.521657493Z       "publicId": "",
2021-05-07T10:55:21.521660493Z       "systemId": ""
2021-05-07T10:55:21.521663593Z    },
2021-05-07T10:55:21.521666493Z    "parentNodeId": 1,
2021-05-07T10:55:21.521669393Z    "previousNodeId": 0
2021-05-07T10:55:21.521672393Z }
2021-05-07T10:55:21.521792397Z [1620384921.522][DEBUG]: DevTools WebSocket Command: Runtime.evaluate (id=19) 929358ED517CB3BABDF78AF18271CEB1 {
2021-05-07T10:55:21.521801997Z    "expression": "1"
2021-05-07T10:55:21.521807897Z }
2021-05-07T10:55:21.522899133Z [1620384921.523][DEBUG]: DevTools WebSocket Event: DOM.childNodeInserted 929358ED517CB3BABDF78AF18271CEB1 {
2021-05-07T10:55:21.522912434Z    "node": {
2021-05-07T10:55:21.522915934Z       "attributes": [  ],
2021-05-07T10:55:21.522919234Z       "backendNodeId": 3,
2021-05-07T10:55:21.522922434Z       "childNodeCount": 0,
2021-05-07T10:55:21.522925734Z       "frameId": "929358ED517CB3BABDF78AF18271CEB1",
2021-05-07T10:55:21.522929134Z       "localName": "html",
2021-05-07T10:55:21.522943835Z       "nodeId": 3,
2021-05-07T10:55:21.522948235Z       "nodeName": "HTML",
2021-05-07T10:55:21.522951535Z       "nodeType": 1,
2021-05-07T10:55:21.522954635Z       "nodeValue": ""
2021-05-07T10:55:21.522957835Z    },
2021-05-07T10:55:21.522960835Z    "parentNodeId": 1,
2021-05-07T10:55:21.522974036Z    "previousNodeId": 2
2021-05-07T10:55:21.522977536Z }
2021-05-07T10:55:21.523245545Z [1620384921.523][DEBUG]: DevTools WebSocket Event: DOM.childNodeCountUpdated 929358ED517CB3BABDF78AF18271CEB1 {
2021-05-07T10:55:21.523256245Z    "childNodeCount": 1,
2021-05-07T10:55:21.523259445Z    "nodeId": 3
2021-05-07T10:55:21.523262445Z }
2021-05-07T10:55:21.523602256Z [1620384921.524][DEBUG]: DevTools WebSocket Event: DOM.childNodeCountUpdated 929358ED517CB3BABDF78AF18271CEB1 {
2021-05-07T10:55:21.523612957Z    "childNodeCount": 2,
2021-05-07T10:55:21.523616157Z    "nodeId": 3
2021-05-07T10:55:21.523619457Z }
2021-05-07T10:55:21.559465430Z [1620384921.559][DEBUG]: DevTools WebSocket Response: Runtime.evaluate (id=19) 929358ED517CB3BABDF78AF18271CEB1 {
2021-05-07T10:55:21.559486931Z    "result": {
2021-05-07T10:55:21.559490831Z       "description": "1",
2021-05-07T10:55:21.559494331Z       "type": "number",
2021-05-07T10:55:21.559497731Z       "value": 1
2021-05-07T10:55:21.559500831Z    }
2021-05-07T10:55:21.559503931Z }
2021-05-07T10:55:21.613853711Z [1620384921.614][DEBUG]: DevTools WebSocket Event: DOM.documentUpdated 929358ED517CB3BABDF78AF18271CEB1 {
2021-05-07T10:55:21.613887912Z 
2021-05-07T10:55:21.613893012Z }
2021-05-07T10:55:21.614036217Z [1620384921.614][DEBUG]: DevTools WebSocket Command: DOM.getDocument (id=20) 929358ED517CB3BABDF78AF18271CEB1 {
2021-05-07T10:55:21.614047117Z 
2021-05-07T10:55:21.614050417Z }
2021-05-07T10:55:21.614302225Z [1620384921.614][DEBUG]: DevTools WebSocket Command: Runtime.evaluate (id=21) 929358ED517CB3BABDF78AF18271CEB1 {
2021-05-07T10:55:21.614313026Z    "expression": "1"
2021-05-07T10:55:21.614316626Z }
2021-05-07T10:55:21.615265557Z [1620384921.615][DEBUG]: DevTools WebSocket Event: Page.domContentEventFired 929358ED517CB3BABDF78AF18271CEB1 {
2021-05-07T10:55:21.615276657Z    "timestamp": 141.44173
2021-05-07T10:55:21.615288858Z }
2021-05-07T10:55:21.626939939Z [1620384921.627][DEBUG]: DevTools WebSocket Response: DOM.getDocument (id=20) 929358ED517CB3BABDF78AF18271CEB1 {
2021-05-07T10:55:21.626955839Z    "root": {
2021-05-07T10:55:21.626959740Z       "backendNodeId": 1,
2021-05-07T10:55:21.626963640Z       "baseURL": "https://www.selenium.dev/downloads/",
2021-05-07T10:55:21.626967240Z       "childNodeCount": 2,
2021-05-07T10:55:21.626980440Z       "children": [ {
2021-05-07T10:55:21.626985440Z          "backendNodeId": 2,
2021-05-07T10:55:21.626988841Z          "localName": "",
2021-05-07T10:55:21.626992141Z          "nodeId": 5,
2021-05-07T10:55:21.627006341Z          "nodeName": "html",
2021-05-07T10:55:21.627010041Z          "nodeType": 10,
2021-05-07T10:55:21.627013141Z          "nodeValue": "",
2021-05-07T10:55:21.627016341Z          "parentId": 4,
2021-05-07T10:55:21.627019442Z          "publicId": "",
2021-05-07T10:55:21.627022642Z          "systemId": ""
2021-05-07T10:55:21.627025842Z       }, {
2021-05-07T10:55:21.627028942Z          "attributes": [  ],
2021-05-07T10:55:21.627032142Z          "backendNodeId": 3,
2021-05-07T10:55:21.627035242Z          "childNodeCount": 2,
2021-05-07T10:55:21.627038342Z          "children": [ {
2021-05-07T10:55:21.627041442Z             "attributes": [  ],
2021-05-07T10:55:21.627044742Z             "backendNodeId": 11,
2021-05-07T10:55:21.627047842Z             "childNodeCount": 4,
2021-05-07T10:55:21.627051043Z             "localName": "head",
2021-05-07T10:55:21.627054543Z             "nodeId": 7,
2021-05-07T10:55:21.627057743Z             "nodeName": "HEAD",
2021-05-07T10:55:21.627060943Z             "nodeType": 1,
2021-05-07T10:55:21.627064043Z             "nodeValue": "",
2021-05-07T10:55:21.627067143Z             "parentId": 6
2021-05-07T10:55:21.627070243Z          }, {
2021-05-07T10:55:21.627073343Z             "attributes": [  ],
2021-05-07T10:55:21.627076443Z             "backendNodeId": 12,
2021-05-07T10:55:21.627079544Z             "childNodeCount": 32,
2021-05-07T10:55:21.627082844Z             "localName": "body",
2021-05-07T10:55:21.627086044Z             "nodeId": 8,
2021-05-07T10:55:21.627089244Z             "nodeName": "BODY",
2021-05-07T10:55:21.627092344Z             "nodeType": 1,
2021-05-07T10:55:21.627095444Z             "nodeValue": "",
2021-05-07T10:55:21.627098644Z             "parentId": 6
2021-05-07T10:55:21.627101644Z          } ],
2021-05-07T10:55:21.627104744Z          "frameId": "929358ED517CB3BABDF78AF18271CEB1",
2021-05-07T10:55:21.627107944Z          "localName": "html",
2021-05-07T10:55:21.627111145Z          "nodeId": 6,
2021-05-07T10:55:21.627114145Z          "nodeName": "HTML",
2021-05-07T10:55:21.627117245Z          "nodeType": 1,
2021-05-07T10:55:21.627120345Z          "nodeValue": "",
2021-05-07T10:55:21.627123445Z          "parentId": 4
2021-05-07T10:55:21.627126445Z       } ],
2021-05-07T10:55:21.627129545Z       "documentURL": "https://www.selenium.dev/downloads/",
2021-05-07T10:55:21.627132745Z       "localName": "",
2021-05-07T10:55:21.627138245Z       "nodeId": 4,
2021-05-07T10:55:21.627141446Z       "nodeName": "#document",
2021-05-07T10:55:21.627144546Z       "nodeType": 9,
2021-05-07T10:55:21.627147546Z       "nodeValue": "",
2021-05-07T10:55:21.627153246Z       "xmlVersion": ""
2021-05-07T10:55:21.627156446Z    }
2021-05-07T10:55:21.627159446Z }
2021-05-07T10:55:21.628292383Z [1620384921.628][DEBUG]: DevTools WebSocket Response: Runtime.evaluate (id=21) 929358ED517CB3BABDF78AF18271CEB1 {
2021-05-07T10:55:21.628304684Z    "result": {
2021-05-07T10:55:21.628308384Z       "description": "1",
2021-05-07T10:55:21.628311684Z       "type": "number",
2021-05-07T10:55:21.628314984Z       "value": 1
2021-05-07T10:55:21.628318184Z    }
2021-05-07T10:55:21.628321184Z }
2021-05-07T10:55:21.664806478Z [1620384921.665][DEBUG]: DevTools WebSocket Event: DOM.childNodeCountUpdated 929358ED517CB3BABDF78AF18271CEB1 {
2021-05-07T10:55:21.664829379Z    "childNodeCount": 5,
2021-05-07T10:55:21.664833579Z    "nodeId": 7
2021-05-07T10:55:21.664836979Z }
2021-05-07T10:55:21.665010185Z [1620384921.665][DEBUG]: DevTools WebSocket Event: DOM.childNodeCountUpdated 929358ED517CB3BABDF78AF18271CEB1 {
2021-05-07T10:55:21.665021586Z    "childNodeCount": 6,
2021-05-07T10:55:21.665025686Z    "nodeId": 7
2021-05-07T10:55:21.665028986Z }
2021-05-07T10:55:21.665186291Z [1620384921.665][DEBUG]: DevTools WebSocket Event: DOM.childNodeCountUpdated 929358ED517CB3BABDF78AF18271CEB1 {
2021-05-07T10:55:21.665197291Z    "childNodeCount": 7,
2021-05-07T10:55:21.665200791Z    "nodeId": 7
2021-05-07T10:55:21.665203992Z }
2021-05-07T10:55:21.665317495Z [1620384921.665][DEBUG]: DevTools WebSocket Command: Runtime.evaluate (id=22) 929358ED517CB3BABDF78AF18271CEB1 {
2021-05-07T10:55:21.665327096Z    "expression": "1"
2021-05-07T10:55:21.665330696Z }
2021-05-07T10:55:21.669581635Z [1620384921.669][DEBUG]: DevTools WebSocket Response: Runtime.evaluate (id=22) 929358ED517CB3BABDF78AF18271CEB1 {
2021-05-07T10:55:21.669595335Z    "result": {
2021-05-07T10:55:21.669599135Z       "description": "1",
2021-05-07T10:55:21.669602635Z       "type": "number",
2021-05-07T10:55:21.669615036Z       "value": 1
2021-05-07T10:55:21.669619636Z    }
2021-05-07T10:55:21.669622736Z }
2021-05-07T10:55:21.833814011Z [1620384921.834][DEBUG]: DevTools WebSocket Event: DOM.childNodeCountUpdated 929358ED517CB3BABDF78AF18271CEB1 {
2021-05-07T10:55:21.833847112Z    "childNodeCount": 8,
2021-05-07T10:55:21.833851712Z    "nodeId": 7
2021-05-07T10:55:21.833865113Z }
2021-05-07T10:55:21.833989117Z [1620384921.834][DEBUG]: DevTools WebSocket Command: Runtime.evaluate (id=23) 929358ED517CB3BABDF78AF18271CEB1 {
2021-05-07T10:55:21.834000117Z    "expression": "1"
2021-05-07T10:55:21.834003617Z }
2021-05-07T10:55:21.834281726Z [1620384921.834][DEBUG]: DevTools WebSocket Event: DOM.childNodeCountUpdated 929358ED517CB3BABDF78AF18271CEB1 {
2021-05-07T10:55:21.834370129Z    "childNodeCount": 9,
2021-05-07T10:55:21.834374529Z    "nodeId": 7
2021-05-07T10:55:21.834377629Z }
2021-05-07T10:55:21.834495033Z [1620384921.834][DEBUG]: DevTools WebSocket Event: DOM.childNodeCountUpdated 929358ED517CB3BABDF78AF18271CEB1 {
2021-05-07T10:55:21.834505134Z    "childNodeCount": 10,
2021-05-07T10:55:21.834508534Z    "nodeId": 7
2021-05-07T10:55:21.834511634Z }
2021-05-07T10:55:21.834774542Z [1620384921.835][DEBUG]: DevTools WebSocket Event: DOM.childNodeCountUpdated 929358ED517CB3BABDF78AF18271CEB1 {
2021-05-07T10:55:21.834806343Z    "childNodeCount": 33,
2021-05-07T10:55:21.834809944Z    "nodeId": 8
2021-05-07T10:55:21.834812844Z }
2021-05-07T10:55:21.858654224Z [1620384921.859][DEBUG]: DevTools WebSocket Event: Page.frameResized 929358ED517CB3BABDF78AF18271CEB1 {
2021-05-07T10:55:21.858684325Z 
2021-05-07T10:55:21.858688425Z }
2021-05-07T10:55:21.858691925Z [1620384921.859][DEBUG]: DevTools WebSocket Response: Runtime.evaluate (id=23) 929358ED517CB3BABDF78AF18271CEB1 {
2021-05-07T10:55:21.858695425Z    "result": {
2021-05-07T10:55:21.858698826Z       "description": "1",
2021-05-07T10:55:21.858702226Z       "type": "number",
2021-05-07T10:55:21.858705626Z       "value": 1
2021-05-07T10:55:21.858708926Z    }
2021-05-07T10:55:21.858712026Z }
2021-05-07T10:55:21.891329094Z [1620384921.891][DEBUG]: DevTools WebSocket Event: Page.loadEventFired 929358ED517CB3BABDF78AF18271CEB1 {
2021-05-07T10:55:21.891359195Z    "timestamp": 141.713548
2021-05-07T10:55:21.891363495Z }
2021-05-07T10:55:21.891366895Z [1620384921.891][DEBUG]: DevTools WebSocket Command: Runtime.evaluate (id=24) 929358ED517CB3BABDF78AF18271CEB1 {
2021-05-07T10:55:21.891370495Z    "awaitPromise": false,
2021-05-07T10:55:21.891373795Z    "expression": "document.readyState",
2021-05-07T10:55:21.891377295Z    "returnByValue": true
2021-05-07T10:55:21.891380695Z }
2021-05-07T10:55:21.891790509Z [1620384921.892][DEBUG]: DevTools WebSocket Event: Page.frameStoppedLoading 929358ED517CB3BABDF78AF18271CEB1 {
2021-05-07T10:55:21.891802409Z    "frameId": "929358ED517CB3BABDF78AF18271CEB1"
2021-05-07T10:55:21.891806209Z }
2021-05-07T10:55:21.892584335Z [1620384921.893][DEBUG]: DevTools WebSocket Response: Runtime.evaluate (id=24) 929358ED517CB3BABDF78AF18271CEB1 {
2021-05-07T10:55:21.892596335Z    "result": {
2021-05-07T10:55:21.892599835Z       "type": "string",
2021-05-07T10:55:21.892603135Z       "value": "complete"
2021-05-07T10:55:21.892606435Z    }
2021-05-07T10:55:21.892609936Z }
2021-05-07T10:55:21.892625236Z [1620384921.893][DEBUG]: DevTools WebSocket Command: Runtime.evaluate (id=25) 929358ED517CB3BABDF78AF18271CEB1 {
2021-05-07T10:55:21.892629736Z    "expression": "1"
2021-05-07T10:55:21.892633036Z }
2021-05-07T10:55:21.893673270Z [1620384921.894][DEBUG]: DevTools WebSocket Response: Runtime.evaluate (id=25) 929358ED517CB3BABDF78AF18271CEB1 {
2021-05-07T10:55:21.893686771Z    "result": {
2021-05-07T10:55:21.893690771Z       "description": "1",
2021-05-07T10:55:21.893694171Z       "type": "number",
2021-05-07T10:55:21.893697571Z       "value": 1
2021-05-07T10:55:21.893700771Z    }
2021-05-07T10:55:21.893703771Z }
2021-05-07T10:55:21.893719172Z [1620384921.894][INFO]: Done waiting for pending navigations. Status: ok
2021-05-07T10:55:21.893723772Z [1620384921.894][INFO]: [65747a85ab4d9a98f1fdd1ac5b948b30] RESPONSE Navigate
2021-05-07T10:55:21.900705401Z [1620384921.900][INFO]: [65747a85ab4d9a98f1fdd1ac5b948b30] COMMAND Screenshot {
2021-05-07T10:55:21.900720401Z 
2021-05-07T10:55:21.900723901Z }
2021-05-07T10:55:21.900727001Z [1620384921.900][INFO]: Waiting for pending navigations...
2021-05-07T10:55:21.900730301Z [1620384921.900][DEBUG]: DevTools WebSocket Command: Runtime.evaluate (id=26) 929358ED517CB3BABDF78AF18271CEB1 {
2021-05-07T10:55:21.900733702Z    "expression": "1"
2021-05-07T10:55:21.900737002Z }
2021-05-07T10:55:21.907015507Z [1620384921.907][DEBUG]: DevTools WebSocket Response: Runtime.evaluate (id=26) 929358ED517CB3BABDF78AF18271CEB1 {
2021-05-07T10:55:21.907032008Z    "result": {
2021-05-07T10:55:21.907035908Z       "description": "1",
2021-05-07T10:55:21.907039408Z       "type": "number",
2021-05-07T10:55:21.907043008Z       "value": 1
2021-05-07T10:55:21.907046308Z    }
2021-05-07T10:55:21.907049408Z }
2021-05-07T10:55:21.907062409Z [1620384921.907][INFO]: Done waiting for pending navigations. Status: ok
2021-05-07T10:55:21.907177712Z [1620384921.907][DEBUG]: DevTools HTTP Request: http://localhost:36663/json/activate/929358ED517CB3BABDF78AF18271CEB1
2021-05-07T10:55:21.909608992Z [1620384921.910][DEBUG]: DevTools HTTP Response: Target activated
2021-05-07T10:55:21.909743996Z [1620384921.910][DEBUG]: DevTools WebSocket Command: Page.captureScreenshot (id=27) 929358ED517CB3BABDF78AF18271CEB1 {
2021-05-07T10:55:21.909765897Z 
2021-05-07T10:55:21.909769897Z }
2021-05-07T10:55:22.241474156Z [1620384922.241][DEBUG]: DevTools WebSocket Response: Page.captureScreenshot (id=27) 929358ED517CB3BABDF78AF18271CEB1 {
2021-05-07T10:55:22.241504457Z    "data": "iVBORw0KGgoAAAANSUhEUgAAA6kAAAOjCAYAAABZRELVAAAAAXNSR0IArs4c6QAAIABJREFUeJzs3Xd0XPWd///Xnd6kUS+WrGZb7r1hg8H0lgApEBKSzabtbsou37Dlm81udpN8N9/dJGez55tfsptdSGGTQBJCaEsxNhiDARtsI/cqy3JXsbpGmnp/f8geJM2ou..."
2021-05-07T10:55:22.241508757Z }
2021-05-07T10:55:22.241914370Z [1620384922.242][INFO]: Waiting for pending navigations...
2021-05-07T10:55:22.241999173Z [1620384922.242][DEBUG]: DevTools WebSocket Command: Runtime.evaluate (id=28) 929358ED517CB3BABDF78AF18271CEB1 {
2021-05-07T10:55:22.242018573Z    "expression": "1"
2021-05-07T10:55:22.242021974Z }
2021-05-07T10:55:22.243996238Z [1620384922.244][DEBUG]: DevTools WebSocket Response: Runtime.evaluate (id=28) 929358ED517CB3BABDF78AF18271CEB1 {
2021-05-07T10:55:22.244007639Z    "result": {
2021-05-07T10:55:22.244010939Z       "description": "1",
2021-05-07T10:55:22.244014339Z       "type": "number",
2021-05-07T10:55:22.244017239Z       "value": 1
2021-05-07T10:55:22.244020039Z    }
2021-05-07T10:55:22.244022839Z }
2021-05-07T10:55:22.244116442Z [1620384922.244][INFO]: Done waiting for pending navigations. Status: ok
2021-05-07T10:55:22.244331549Z [1620384922.244][INFO]: [65747a85ab4d9a98f1fdd1ac5b948b30] RESPONSE Screenshot "iVBORw0KGgoAAAANSUhEUgAAA6kAAAOjCAYAAABZRELVAAAAAXNSR0IArs4c6QAAIABJREFUeJzs3Xd0XPWd///Xnd6kUS+WrGZb7r1hg8H0lgApEBKSzabtbsou37Dlm81udpN8N9/dJGez55tfsptdSGGTQBJCaEsxNhiDARtsI/cqy3JXsbpGmnp/f8geJM2ou..."
2021-05-07T10:55:22.302954568Z [1620384922.303][INFO]: [65747a85ab4d9a98f1fdd1ac5b948b30] COMMAND FindElement {
2021-05-07T10:55:22.302979369Z    "using": "css selector",
2021-05-07T10:55:22.303009270Z    "value": "a[href*=\"IEDriverServer_Win32_3\"]"
2021-05-07T10:55:22.303014370Z }
2021-05-07T10:55:22.303017370Z [1620384922.303][INFO]: Waiting for pending navigations...
2021-05-07T10:55:22.303020670Z [1620384922.303][DEBUG]: DevTools WebSocket Command: Runtime.evaluate (id=29) 929358ED517CB3BABDF78AF18271CEB1 {
2021-05-07T10:55:22.303024170Z    "expression": "1"
2021-05-07T10:55:22.303027271Z }
2021-05-07T10:55:22.306161973Z [1620384922.303][DEBUG]: DevTools WebSocket Response: Runtime.evaluate (id=29) 929358ED517CB3BABDF78AF18271CEB1 {
2021-05-07T10:55:22.306175474Z    "result": {
2021-05-07T10:55:22.306179474Z       "description": "1",
2021-05-07T10:55:22.306182874Z       "type": "number",
2021-05-07T10:55:22.306186274Z       "value": 1
2021-05-07T10:55:22.306189374Z    }
2021-05-07T10:55:22.306192574Z }
2021-05-07T10:55:22.306195674Z [1620384922.303][INFO]: Done waiting for pending navigations. Status: ok
2021-05-07T10:55:22.306209475Z [1620384922.305][DEBUG]: DevTools WebSocket Command: Runtime.evaluate (id=30) 929358ED517CB3BABDF78AF18271CEB1 {
2021-05-07T10:55:22.306213175Z    "awaitPromise": true,
2021-05-07T10:55:22.306229875Z    "expression": "(function() { // Copyright (c) 2012 The Chromium Authors. All rights reserved.\n// Use of this source code is governed by a BSD-style license that can be\n// found in the LICENSE file.\n\n/**\n * Enum f...",
2021-05-07T10:55:22.306235276Z    "returnByValue": true
2021-05-07T10:55:22.306238476Z }
2021-05-07T10:55:22.320834453Z [1620384922.320][DEBUG]: DevTools WebSocket Response: Runtime.evaluate (id=30) 929358ED517CB3BABDF78AF18271CEB1 {
2021-05-07T10:55:22.320852854Z    "result": {
2021-05-07T10:55:22.320856754Z       "type": "object",
2021-05-07T10:55:22.320860254Z       "value": {
2021-05-07T10:55:22.320863354Z          "status": 0,
2021-05-07T10:55:22.320866554Z          "value": {
2021-05-07T10:55:22.320869755Z             "element-6066-11e4-a52e-4f735466cecf": "648ab6db-318b-416e-8fe5-c9ac2f736505"
2021-05-07T10:55:22.320873655Z          }
2021-05-07T10:55:22.320877055Z       }
2021-05-07T10:55:22.320880155Z    }
2021-05-07T10:55:22.320883155Z }
2021-05-07T10:55:22.320886255Z [1620384922.320][INFO]: Waiting for pending navigations...
2021-05-07T10:55:22.320889455Z [1620384922.320][DEBUG]: DevTools WebSocket Command: Runtime.evaluate (id=31) 929358ED517CB3BABDF78AF18271CEB1 {
2021-05-07T10:55:22.320892655Z    "expression": "1"
2021-05-07T10:55:22.320895955Z }
2021-05-07T10:55:22.321923489Z [1620384922.321][DEBUG]: DevTools WebSocket Response: Runtime.evaluate (id=31) 929358ED517CB3BABDF78AF18271CEB1 {
2021-05-07T10:55:22.321937090Z    "result": {
2021-05-07T10:55:22.321940890Z       "description": "1",
2021-05-07T10:55:22.321944390Z       "type": "number",
2021-05-07T10:55:22.321947690Z       "value": 1
2021-05-07T10:55:22.321950790Z    }
2021-05-07T10:55:22.321981591Z }
2021-05-07T10:55:22.321987291Z [1620384922.321][INFO]: Done waiting for pending navigations. Status: ok
2021-05-07T10:55:22.321990491Z [1620384922.321][INFO]: [65747a85ab4d9a98f1fdd1ac5b948b30] RESPONSE FindElement {
2021-05-07T10:55:22.321993891Z    "element-6066-11e4-a52e-4f735466cecf": "648ab6db-318b-416e-8fe5-c9ac2f736505"
2021-05-07T10:55:22.321997491Z }
2021-05-07T10:55:22.330637474Z [1620384922.327][INFO]: [65747a85ab4d9a98f1fdd1ac5b948b30] COMMAND ClickElement {
2021-05-07T10:55:22.330659475Z    "id": "648ab6db-318b-416e-8fe5-c9ac2f736505"
2021-05-07T10:55:22.330663775Z }
2021-05-07T10:55:22.330666875Z [1620384922.327][INFO]: Waiting for pending navigations...
2021-05-07T10:55:22.330683176Z [1620384922.327][DEBUG]: DevTools WebSocket Command: Runtime.evaluate (id=32) 929358ED517CB3BABDF78AF18271CEB1 {
2021-05-07T10:55:22.330695676Z    "expression": "1"
2021-05-07T10:55:22.330699476Z }
2021-05-07T10:55:22.330702376Z [1620384922.328][DEBUG]: DevTools WebSocket Response: Runtime.evaluate (id=32) 929358ED517CB3BABDF78AF18271CEB1 {
2021-05-07T10:55:22.330705577Z    "result": {
2021-05-07T10:55:22.330708577Z       "description": "1",
2021-05-07T10:55:22.330711677Z       "type": "number",
2021-05-07T10:55:22.330838681Z       "value": 1
2021-05-07T10:55:22.330844981Z    }
2021-05-07T10:55:22.330848081Z }
2021-05-07T10:55:22.330899183Z [1620384922.328][INFO]: Done waiting for pending navigations. Status: ok
2021-05-07T10:55:22.330905283Z [1620384922.328][DEBUG]: DevTools WebSocket Command: Runtime.evaluate (id=33) 929358ED517CB3BABDF78AF18271CEB1 {
2021-05-07T10:55:22.330908483Z    "awaitPromise": true,
2021-05-07T10:55:22.330911883Z    "expression": "(function() { // Copyright (c) 2012 The Chromium Authors. All rights reserved.\n// Use of this source code is governed by a BSD-style license that can be\n// found in the LICENSE file.\n\n/**\n * Enum f...",
2021-05-07T10:55:22.330915883Z    "returnByValue": true
2021-05-07T10:55:22.330919084Z }
2021-05-07T10:55:22.345057646Z [1620384922.339][DEBUG]: DevTools WebSocket Response: Runtime.evaluate (id=33) 929358ED517CB3BABDF78AF18271CEB1 {
2021-05-07T10:55:22.345081547Z    "result": {
2021-05-07T10:55:22.345085647Z       "type": "object",
2021-05-07T10:55:22.345089147Z       "value": {
2021-05-07T10:55:22.345117748Z          "status": 0,
2021-05-07T10:55:22.345123649Z          "value": "a"
2021-05-07T10:55:22.345127049Z       }
2021-05-07T10:55:22.345130149Z    }
2021-05-07T10:55:22.345133149Z }
2021-05-07T10:55:22.345136349Z [1620384922.339][DEBUG]: DevTools WebSocket Command: Runtime.evaluate (id=34) 929358ED517CB3BABDF78AF18271CEB1 {
2021-05-07T10:55:22.345139949Z    "awaitPromise": true,
2021-05-07T10:55:22.345143249Z    "expression": "(function() { // Copyright (c) 2012 The Chromium Authors. All rights reserved.\n// Use of this source code is governed by a BSD-style license that can be\n// found in the LICENSE file.\n\n/**\n * Enum f...",
2021-05-07T10:55:22.345147249Z    "returnByValue": true
2021-05-07T10:55:22.345150349Z }
2021-05-07T10:55:22.345153449Z [1620384922.340][DEBUG]: DevTools WebSocket Response: Runtime.evaluate (id=34) 929358ED517CB3BABDF78AF18271CEB1 {
2021-05-07T10:55:22.345156650Z    "result": {
2021-05-07T10:55:22.345159850Z       "type": "object",
2021-05-07T10:55:22.345163050Z       "value": {
2021-05-07T10:55:22.345166150Z          "status": 0,
2021-05-07T10:55:22.345194251Z          "value": "a"
2021-05-07T10:55:22.345199251Z       }
2021-05-07T10:55:22.345202251Z    }
2021-05-07T10:55:22.345205251Z }
2021-05-07T10:55:22.345208251Z [1620384922.342][DEBUG]: DevTools WebSocket Command: Runtime.evaluate (id=35) 929358ED517CB3BABDF78AF18271CEB1 {
2021-05-07T10:55:22.345211451Z    "awaitPromise": true,
2021-05-07T10:55:22.345214651Z    "expression": "(function() { // Copyright (c) 2012 The Chromium Authors. All rights reserved.\n// Use of this source code is governed by a BSD-style license that can be\n// found in the LICENSE file.\n\n/**\n * Enum f...",
2021-05-07T10:55:22.345218552Z    "returnByValue": true
2021-05-07T10:55:22.345221752Z }
2021-05-07T10:55:22.357044539Z [1620384922.352][DEBUG]: DevTools WebSocket Response: Runtime.evaluate (id=35) 929358ED517CB3BABDF78AF18271CEB1 {
2021-05-07T10:55:22.357065539Z    "result": {
2021-05-07T10:55:22.357069840Z       "type": "object",
2021-05-07T10:55:22.357073340Z       "value": {
2021-05-07T10:55:22.357076440Z          "status": 0,
2021-05-07T10:55:22.357079540Z          "value": true
2021-05-07T10:55:22.357082640Z       }
2021-05-07T10:55:22.357085640Z    }
2021-05-07T10:55:22.357088540Z }
2021-05-07T10:55:22.357091540Z [1620384922.352][DEBUG]: DevTools WebSocket Command: Runtime.evaluate (id=36) 929358ED517CB3BABDF78AF18271CEB1 {
2021-05-07T10:55:22.357094740Z    "awaitPromise": true,
2021-05-07T10:55:22.357097840Z    "expression": "(function() { // Copyright (c) 2012 The Chromium Authors. All rights reserved.\n// Use of this source code is governed by a BSD-style license that can be\n// found in the LICENSE file.\n\n/**\n * Enum f...",
2021-05-07T10:55:22.357101641Z    "returnByValue": true
2021-05-07T10:55:22.357104641Z }
2021-05-07T10:55:22.357107641Z [1620384922.355][DEBUG]: DevTools WebSocket Response: Runtime.evaluate (id=36) 929358ED517CB3BABDF78AF18271CEB1 {
2021-05-07T10:55:22.357110741Z    "result": {
2021-05-07T10:55:22.357113741Z       "type": "object",
2021-05-07T10:55:22.357116741Z       "value": {
2021-05-07T10:55:22.357119841Z          "status": 0,
2021-05-07T10:55:22.357122741Z          "value": {
2021-05-07T10:55:22.357125741Z             "height": 17,
2021-05-07T10:55:22.357128742Z             "left": 0,
2021-05-07T10:55:22.357131942Z             "top": 0,
2021-05-07T10:55:22.357134842Z             "width": 127.390625
2021-05-07T10:55:22.357137942Z          }
2021-05-07T10:55:22.357140842Z       }
2021-05-07T10:55:22.357143842Z    }
2021-05-07T10:55:22.357146742Z }
2021-05-07T10:55:22.357149642Z [1620384922.356][DEBUG]: DevTools WebSocket Command: Runtime.evaluate (id=37) 929358ED517CB3BABDF78AF18271CEB1 {
2021-05-07T10:55:22.357163743Z    "awaitPromise": true,
2021-05-07T10:55:22.357167243Z    "expression": "(function() { // Copyright (c) 2012 The Chromium Authors. All rights reserved.\n// Use of this source code is governed by a BSD-style license that can be\n// found in the LICENSE file.\n\n/**\n * Enum f...",
2021-05-07T10:55:22.357171043Z    "returnByValue": true
2021-05-07T10:55:22.357174043Z }
2021-05-07T10:55:22.374722117Z [1620384922.375][DEBUG]: DevTools WebSocket Response: Runtime.evaluate (id=37) 929358ED517CB3BABDF78AF18271CEB1 {
2021-05-07T10:55:22.374751618Z    "result": {
2021-05-07T10:55:22.374773319Z       "type": "object",
2021-05-07T10:55:22.374776919Z       "value": {
2021-05-07T10:55:22.374779919Z          "status": 0,
2021-05-07T10:55:22.374783019Z          "value": {
2021-05-07T10:55:22.374786020Z             "ceil": {
2021-05-07T10:55:22.374789020Z 
2021-05-07T10:55:22.374791920Z             },
2021-05-07T10:55:22.374794820Z             "clone": {
2021-05-07T10:55:22.374797720Z 
2021-05-07T10:55:22.374800520Z             },
2021-05-07T10:55:22.374803420Z             "floor": {
2021-05-07T10:55:22.374806320Z 
2021-05-07T10:55:22.374809020Z             },
2021-05-07T10:55:22.374811820Z             "round": {
2021-05-07T10:55:22.374814620Z 
2021-05-07T10:55:22.374818021Z             },
2021-05-07T10:55:22.374820921Z             "scale": {
2021-05-07T10:55:22.374823721Z 
2021-05-07T10:55:22.374826521Z             },
2021-05-07T10:55:22.374829221Z             "translate": {
2021-05-07T10:55:22.374832121Z 
2021-05-07T10:55:22.374834821Z             },
2021-05-07T10:55:22.374867522Z             "x": 481.5,
2021-05-07T10:55:22.374870922Z             "y": 787.03125
2021-05-07T10:55:22.374873722Z          }
2021-05-07T10:55:22.374876422Z       }
2021-05-07T10:55:22.374879123Z    }
2021-05-07T10:55:22.374881823Z }
2021-05-07T10:55:22.376383572Z [1620384922.376][DEBUG]: DevTools WebSocket Command: Runtime.evaluate (id=38) 929358ED517CB3BABDF78AF18271CEB1 {
2021-05-07T10:55:22.376396072Z    "awaitPromise": true,
2021-05-07T10:55:22.376399472Z    "expression": "(function() { // Copyright (c) 2012 The Chromium Authors. All rights reserved.\n// Use of this source code is governed by a BSD-style license that can be\n// found in the LICENSE file.\n\n/**\n * Enum f...",
2021-05-07T10:55:22.376428573Z    "returnByValue": true
2021-05-07T10:55:22.376431773Z }
2021-05-07T10:55:22.382386568Z [1620384922.382][DEBUG]: DevTools WebSocket Response: Runtime.evaluate (id=38) 929358ED517CB3BABDF78AF18271CEB1 {
2021-05-07T10:55:22.382403069Z    "result": {
2021-05-07T10:55:22.382406569Z       "type": "object",
2021-05-07T10:55:22.382409369Z       "value": {
2021-05-07T10:55:22.382412069Z          "status": 0,
2021-05-07T10:55:22.382414869Z          "value": {
2021-05-07T10:55:22.382417669Z             "clickable": true
2021-05-07T10:55:22.382420469Z          }
2021-05-07T10:55:22.382423170Z       }
2021-05-07T10:55:22.382425970Z    }
2021-05-07T10:55:22.382428570Z }
2021-05-07T10:55:22.382502572Z [1620384922.382][DEBUG]: DevTools WebSocket Command: Input.dispatchMouseEvent (id=39) 929358ED517CB3BABDF78AF18271CEB1 {
2021-05-07T10:55:22.382510472Z    "button": "none",
2021-05-07T10:55:22.382513372Z    "buttons": 0,
2021-05-07T10:55:22.382516173Z    "clickCount": 0,
2021-05-07T10:55:22.382518873Z    "force": 0.0,
2021-05-07T10:55:22.382521473Z    "modifiers": 0,
2021-05-07T10:55:22.382524173Z    "pointerType": "mouse",
2021-05-07T10:55:22.382527073Z    "tangentialPressure": 0.0,
2021-05-07T10:55:22.382529773Z    "tiltX": 0,
2021-05-07T10:55:22.382559674Z    "tiltY": 0,
2021-05-07T10:55:22.382563174Z    "twist": 0,
2021-05-07T10:55:22.382566074Z    "type": "mouseMoved",
2021-05-07T10:55:22.382569174Z    "x": 544,
2021-05-07T10:55:22.382572074Z    "y": 795
2021-05-07T10:55:22.382574974Z }
2021-05-07T10:55:22.382702279Z [1620384922.383][DEBUG]: DevTools WebSocket Command: Input.dispatchMouseEvent (id=40) 929358ED517CB3BABDF78AF18271CEB1 {
2021-05-07T10:55:22.382711779Z    "button": "left",
2021-05-07T10:55:22.382714979Z    "buttons": 0,
2021-05-07T10:55:22.382717879Z    "clickCount": 1,
2021-05-07T10:55:22.382720779Z    "force": 0.0,
2021-05-07T10:55:22.382723579Z    "modifiers": 0,
2021-05-07T10:55:22.382726479Z    "pointerType": "mouse",
2021-05-07T10:55:22.382729380Z    "tangentialPressure": 0.0,
2021-05-07T10:55:22.382741180Z    "tiltX": 0,
2021-05-07T10:55:22.382744480Z    "tiltY": 0,
2021-05-07T10:55:22.382747380Z    "twist": 0,
2021-05-07T10:55:22.382750180Z    "type": "mousePressed",
2021-05-07T10:55:22.382753180Z    "x": 544,
2021-05-07T10:55:22.382756080Z    "y": 795
2021-05-07T10:55:22.382758981Z }
2021-05-07T10:55:22.382869884Z [1620384922.383][DEBUG]: DevTools WebSocket Command: Input.dispatchMouseEvent (id=41) 929358ED517CB3BABDF78AF18271CEB1 {
2021-05-07T10:55:22.382898485Z    "button": "left",
2021-05-07T10:55:22.382910885Z    "buttons": 1,
2021-05-07T10:55:22.382914286Z    "clickCount": 1,
2021-05-07T10:55:22.382916986Z    "force": 0.0,
2021-05-07T10:55:22.382919586Z    "modifiers": 0,
2021-05-07T10:55:22.382922286Z    "pointerType": "mouse",
2021-05-07T10:55:22.382924986Z    "tangentialPressure": 0.0,
2021-05-07T10:55:22.382927686Z    "tiltX": 0,
2021-05-07T10:55:22.382930386Z    "tiltY": 0,
2021-05-07T10:55:22.382933186Z    "twist": 0,
2021-05-07T10:55:22.382935886Z    "type": "mouseReleased",
2021-05-07T10:55:22.382938586Z    "x": 544,
2021-05-07T10:55:22.382941286Z    "y": 795
2021-05-07T10:55:22.382943887Z }
2021-05-07T10:55:22.390156123Z [1620384922.390][DEBUG]: DevTools WebSocket Response: Input.dispatchMouseEvent (id=39) 929358ED517CB3BABDF78AF18271CEB1 {
2021-05-07T10:55:22.390171123Z 
2021-05-07T10:55:22.390186924Z }
2021-05-07T10:55:22.390191124Z [1620384922.390][DEBUG]: DevTools WebSocket Response: Input.dispatchMouseEvent (id=40) 929358ED517CB3BABDF78AF18271CEB1 {
2021-05-07T10:55:22.390194324Z 
2021-05-07T10:55:22.390197124Z }
2021-05-07T10:55:22.390200024Z [1620384922.390][DEBUG]: DevTools WebSocket Event: Page.frameScheduledNavigation 929358ED517CB3BABDF78AF18271CEB1 {
2021-05-07T10:55:22.390203224Z    "delay": 0,
2021-05-07T10:55:22.390206324Z    "frameId": "929358ED517CB3BABDF78AF18271CEB1",
2021-05-07T10:55:22.390211024Z    "reason": "anchorClick",
2021-05-07T10:55:22.390214325Z    "url": "https://selenium-release.storage.googleapis.com/3.150/IEDriverServer_Win32_3.150.1.zip"
2021-05-07T10:55:22.390217525Z }
2021-05-07T10:55:22.390286227Z [1620384922.390][DEBUG]: DevTools WebSocket Event: Page.frameRequestedNavigation 929358ED517CB3BABDF78AF18271CEB1 {
2021-05-07T10:55:22.390293927Z    "disposition": "currentTab",
2021-05-07T10:55:22.390297227Z    "frameId": "929358ED517CB3BABDF78AF18271CEB1",
2021-05-07T10:55:22.390300227Z    "reason": "anchorClick",
2021-05-07T10:55:22.390303227Z    "url": "https://selenium-release.storage.googleapis.com/3.150/IEDriverServer_Win32_3.150.1.zip"
2021-05-07T10:55:22.390306328Z }
2021-05-07T10:55:22.390309128Z [1620384922.390][DEBUG]: DevTools WebSocket Event: Page.frameStartedLoading 929358ED517CB3BABDF78AF18271CEB1 {
2021-05-07T10:55:22.390312128Z    "frameId": "929358ED517CB3BABDF78AF18271CEB1"
2021-05-07T10:55:22.390315228Z }
2021-05-07T10:55:22.410179978Z [1620384922.410][DEBUG]: DevTools WebSocket Response: Input.dispatchMouseEvent (id=41) 929358ED517CB3BABDF78AF18271CEB1 {
2021-05-07T10:55:22.410205479Z 
2021-05-07T10:55:22.410220579Z }
2021-05-07T10:55:22.410223880Z [1620384922.410][INFO]: Waiting for pending navigations...
2021-05-07T10:55:22.410226880Z [1620384922.410][DEBUG]: DevTools WebSocket Event: Page.frameClearedScheduledNavigation 929358ED517CB3BABDF78AF18271CEB1 {
2021-05-07T10:55:22.410229780Z    "frameId": "929358ED517CB3BABDF78AF18271CEB1"
2021-05-07T10:55:22.410232680Z }
2021-05-07T10:55:22.410235380Z [1620384922.410][DEBUG]: DevTools WebSocket Command: Runtime.evaluate (id=42) 929358ED517CB3BABDF78AF18271CEB1 {
2021-05-07T10:55:22.410238280Z    "expression": "1"
2021-05-07T10:55:22.410241080Z }
2021-05-07T10:55:22.460105612Z [1620384922.460][DEBUG]: DevTools WebSocket Response: Runtime.evaluate (id=42) 929358ED517CB3BABDF78AF18271CEB1 {
2021-05-07T10:55:22.460130013Z    "result": {
2021-05-07T10:55:22.460133913Z       "description": "1",
2021-05-07T10:55:22.460137213Z       "type": "number",
2021-05-07T10:55:22.460140414Z       "value": 1
2021-05-07T10:55:22.460143414Z    }
2021-05-07T10:55:22.460146514Z }
2021-05-07T10:55:22.460793935Z [1620384922.461][DEBUG]: DevTools WebSocket Event: Page.frameStoppedLoading 929358ED517CB3BABDF78AF18271CEB1 {
2021-05-07T10:55:22.460809035Z    "frameId": "929358ED517CB3BABDF78AF18271CEB1"
2021-05-07T10:55:22.460813336Z }
2021-05-07T10:55:22.460960540Z [1620384922.461][DEBUG]: DevTools WebSocket Command: Runtime.evaluate (id=43) 929358ED517CB3BABDF78AF18271CEB1 {
2021-05-07T10:55:22.460971241Z    "expression": "1"
2021-05-07T10:55:22.460974741Z }
2021-05-07T10:55:22.462568693Z [1620384922.462][DEBUG]: DevTools WebSocket Response: Runtime.evaluate (id=43) 929358ED517CB3BABDF78AF18271CEB1 {
2021-05-07T10:55:22.462581493Z    "result": {
2021-05-07T10:55:22.462585294Z       "description": "1",
2021-05-07T10:55:22.462588594Z       "type": "number",
2021-05-07T10:55:22.462591994Z       "value": 1
2021-05-07T10:55:22.462595094Z    }
2021-05-07T10:55:22.462598094Z }
2021-05-07T10:55:22.462814201Z [1620384922.463][INFO]: Done waiting for pending navigations. Status: ok
2021-05-07T10:55:22.462921505Z [1620384922.463][INFO]: [65747a85ab4d9a98f1fdd1ac5b948b30] RESPONSE ClickElement
2021-05-07T10:55:22.612449799Z Gtk-Message: 10:55:22.612: GtkDialog mapped without a transient parent. This is discouraged.
2021-05-07T10:55:22.682918106Z 
2021-05-07T10:55:22.682948907Z (google-chrome:79): dconf-WARNING **: 10:55:22.682: failed to commit changes to dconf: Address element ?/dev/null? does not contain a colon (:)
2021-05-07T10:55:22.698812126Z 
2021-05-07T10:55:22.698839827Z (google-chrome:79): dconf-WARNING **: 10:55:22.698: failed to commit changes to dconf: Address element ?/dev/null? does not contain a colon (:)
2021-05-07T10:55:22.710952524Z 
2021-05-07T10:55:22.710969124Z (google-chrome:79): dconf-WARNING **: 10:55:22.710: failed to commit changes to dconf: Address element ?/dev/null? does not contain a colon (:)
2021-05-07T10:55:22.726481932Z 
2021-05-07T10:55:22.726505433Z (google-chrome:79): dconf-WARNING **: 10:55:22.726: failed to commit changes to dconf: Address element ?/dev/null? does not contain a colon (:)
2021-05-07T10:55:22.751038136Z 
2021-05-07T10:55:22.751068037Z (google-chrome:79): dconf-WARNING **: 10:55:22.747: failed to commit changes to dconf: Address element ?/dev/null? does not contain a colon (:)
2021-05-07T10:55:22.762466810Z 
2021-05-07T10:55:22.762490411Z (google-chrome:79): dconf-WARNING **: 10:55:22.760: failed to commit changes to dconf: Address element ?/dev/null? does not contain a colon (:)
2021-05-07T10:55:22.777283695Z 
2021-05-07T10:55:22.777310296Z (google-chrome:79): dconf-WARNING **: 10:55:22.777: failed to commit changes to dconf: Address element ?/dev/null? does not contain a colon (:)
2021-05-07T10:55:22.793446324Z 
2021-05-07T10:55:22.793460525Z (google-chrome:79): dconf-WARNING **: 10:55:22.793: failed to commit changes to dconf: Address element ?/dev/null? does not contain a colon (:)
2021-05-07T10:55:22.809177039Z 
2021-05-07T10:55:22.809193340Z (google-chrome:79): dconf-WARNING **: 10:55:22.809: failed to commit changes to dconf: Address element ?/dev/null? does not contain a colon (:)
2021-05-07T10:55:22.831022954Z 
2021-05-07T10:55:22.831058155Z (google-chrome:79): dconf-WARNING **: 10:55:22.830: failed to commit changes to dconf: Address element ?/dev/null? does not contain a colon (:)
2021-05-07T10:55:22.842943545Z 
2021-05-07T10:55:22.842967545Z (google-chrome:79): dconf-WARNING **: 10:55:22.842: failed to commit changes to dconf: Address element ?/dev/null? does not contain a colon (:)
2021-05-07T10:55:22.859440185Z 
2021-05-07T10:55:22.859458485Z (google-chrome:79): dconf-WARNING **: 10:55:22.859: failed to commit changes to dconf: Address element ?/dev/null? does not contain a colon (:)
2021-05-07T10:55:22.874783887Z 
2021-05-07T10:55:22.874797287Z (google-chrome:79): dconf-WARNING **: 10:55:22.874: failed to commit changes to dconf: Address element ?/dev/null? does not contain a colon (:)
2021-05-07T10:55:22.891938848Z 
2021-05-07T10:55:22.891951749Z (google-chrome:79): dconf-WARNING **: 10:55:22.891: failed to commit changes to dconf: Address element ?/dev/null? does not contain a colon (:)
2021-05-07T10:55:22.907907071Z 
2021-05-07T10:55:22.907923872Z (google-chrome:79): dconf-WARNING **: 10:55:22.907: failed to commit changes to dconf: Address element ?/dev/null? does not contain a colon (:)
2021-05-07T10:55:22.925298440Z 
2021-05-07T10:55:22.925326941Z (google-chrome:79): dconf-WARNING **: 10:55:22.925: failed to commit changes to dconf: Address element ?/dev/null? does not contain a colon (:)
2021-05-07T10:55:26.403488198Z 
2021-05-07T10:55:26.403539700Z (google-chrome:79): dconf-WARNING **: 10:55:26.403: failed to commit changes to dconf: Address element ?/dev/null? does not contain a colon (:)
2021-05-07T10:55:27.479161210Z [1620384927.479][INFO]: [65747a85ab4d9a98f1fdd1ac5b948b30] COMMAND Quit {
2021-05-07T10:55:27.479176311Z 
2021-05-07T10:55:27.479179711Z }
2021-05-07T10:55:27.529123446Z [1620384927.529][INFO]: [65747a85ab4d9a98f1fdd1ac5b948b30] RESPONSE Quit
2021-05-07T10:55:27.529170547Z [1620384927.529][DEBUG]: Log type 'driver' lost 0 entries on destruction
2021-05-07T10:55:27.529177647Z [1620384927.529][DEBUG]: Log type 'browser' lost 0 entries on destruction
